[08:15] 1 post(s) due
  Processing: [f09bdb85] linkedin - batch-101-105.md
  Telegram not configured (set TELEGRAM_BOT_TOKEN and TELEGRAM_CHAT_ID)
    Done. Telegram: skipped
[09:15] 1 post(s) due
  Processing: [3486636c] twitter - batch-216.md
  Telegram not configured (set TELEGRAM_BOT_TOKEN and TELEGRAM_CHAT_ID)
    Done. Telegram: skipped
[10:15] 1 post(s) due
  Processing: [fbe3cf3f] instagram - post-01.md
  Caption copied to clipboard (1160 chars)
  Image prompt saved: /Users/kalani/behique/bios/publisher/logs/prompt-fbe3cf3f.txt
  Opening Instagram web for manual posting...
  Telegram not configured (set TELEGRAM_BOT_TOKEN and TELEGRAM_CHAT_ID)
    Done. Telegram: skipped
[15:15] 1 post(s) due
  Processing: [ce4dddcf] twitter - batch-217.md
  Telegram not configured (set TELEGRAM_BOT_TOKEN and TELEGRAM_CHAT_ID)
    Done. Telegram: skipped
[16:15] 1 post(s) due
  Processing: [845f5325] instagram - post-02.md
  Caption copied to clipboard (1230 chars)
  Image prompt saved: /Users/kalani/behique/bios/publisher/logs/prompt-845f5325.txt
  Opening Instagram web for manual posting...
  Telegram not configured (set TELEGRAM_BOT_TOKEN and TELEGRAM_CHAT_ID)
    Done. Telegram: skipped
[08:15] 1 post(s) due
  Processing: [bd03601d] linkedin - batch-106-110.md
  Telegram not configured (set TELEGRAM_BOT_TOKEN and TELEGRAM_CHAT_ID)
    Done. Telegram: skipped
[09:15] 1 post(s) due
  Processing: [d7e52a56] twitter - batch-218.md
  Telegram not configured (set TELEGRAM_BOT_TOKEN and TELEGRAM_CHAT_ID)
    Done. Telegram: skipped
[10:15] 1 post(s) due
  Processing: [f1eef9d8] instagram - post-03.md
  Caption copied to clipboard (1163 chars)
  Image prompt saved: /Users/kalani/behique/bios/publisher/logs/prompt-f1eef9d8.txt
  Opening Instagram web for manual posting...
  Telegram not configured (set TELEGRAM_BOT_TOKEN and TELEGRAM_CHAT_ID)
    Done. Telegram: skipped
[16:15] 1 post(s) due
  Processing: [55fbd580] instagram - post-04.md
  Caption copied to clipboard (1216 chars)
  Image prompt saved: /Users/kalani/behique/bios/publisher/logs/prompt-55fbd580.txt
  Opening Instagram web for manual posting...
  Telegram not configured (set TELEGRAM_BOT_TOKEN and TELEGRAM_CHAT_ID)
    Done. Telegram: skipped
[10:15] 1 post(s) due
  Processing: [768cc541] instagram - post-05.md
  Caption copied to clipboard (1221 chars)
  Image prompt saved: /Users/kalani/behique/bios/publisher/logs/prompt-768cc541.txt
  Opening Instagram web for manual posting...
  Telegram not configured (set TELEGRAM_BOT_TOKEN and TELEGRAM_CHAT_ID)
    Done. Telegram: skipped
