2026-03-15 19:33:32,922 [INFO] core.database: Database schema initialized
2026-03-15 19:33:32,923 [WARNING] core.utils: Proxy file not found: C:\Users\kalan\Downloads\Webshare 10 proxies.txt -- running without proxies
2026-03-15 19:40:33,448 [INFO] core.database: Database schema initialized
2026-03-15 19:40:33,448 [WARNING] core.utils: Proxy file not found: C:\Users\kalan\Downloads\Webshare 10 proxies.txt -- running without proxies
2026-03-15 19:40:33,449 [INFO] pipeline.discovery: Running discovery: amazon
2026-03-15 19:40:33,567 [WARNING] scrapers.amazon_best_sellers: playwright-stealth not installed, running without stealth
2026-03-15 19:40:35,389 [INFO] scrapers.amazon_best_sellers: Scraping Amazon Best Sellers: electronics
2026-03-15 19:40:42,023 [INFO] scrapers.amazon_best_sellers:   Found 0 products in electronics
2026-03-15 19:40:44,306 [INFO] scrapers.amazon_best_sellers: Scraping Amazon Best Sellers: home-garden
2026-03-15 19:40:49,152 [INFO] scrapers.amazon_best_sellers:   Found 0 products in home-garden
2026-03-15 19:40:54,096 [INFO] scrapers.amazon_best_sellers: Scraping Amazon Best Sellers: toys-and-games
2026-03-15 19:40:59,979 [INFO] scrapers.amazon_best_sellers:   Found 0 products in toys-and-games
2026-03-15 19:41:02,315 [INFO] scrapers.amazon_best_sellers: Scraping Amazon Best Sellers: tools
2026-03-15 19:41:08,158 [INFO] scrapers.amazon_best_sellers:   Found 0 products in tools
2026-03-15 19:41:12,167 [INFO] scrapers.amazon_best_sellers: Scraping Amazon Best Sellers: sports-outdoors
2026-03-15 19:41:17,935 [INFO] scrapers.amazon_best_sellers:   Found 0 products in sports-outdoors
2026-03-15 19:41:22,353 [INFO] scrapers.amazon_best_sellers: Scraping Amazon Best Sellers: kitchen
2026-03-15 19:41:26,999 [INFO] scrapers.amazon_best_sellers:   Found 0 products in kitchen
2026-03-15 19:41:31,736 [INFO] scrapers.amazon_best_sellers: Scraping Amazon Best Sellers: beauty
2026-03-15 19:41:36,831 [INFO] scrapers.amazon_best_sellers:   Found 0 products in beauty
2026-03-15 19:41:41,125 [INFO] scrapers.amazon_best_sellers: Scraping Amazon Best Sellers: pet-supplies
2026-03-15 19:41:46,033 [INFO] scrapers.amazon_best_sellers:   Found 0 products in pet-supplies
2026-03-15 19:41:50,039 [INFO] scrapers.amazon_best_sellers: Total Amazon products: 0
2026-03-15 19:41:50,040 [INFO] pipeline.discovery:   amazon: 0 found, 0 stored
2026-03-15 19:41:50,040 [INFO] pipeline.discovery: Discovery complete. 0 products in database.
2026-03-15 19:42:11,357 [INFO] core.database: Database schema initialized
2026-03-15 19:42:11,357 [WARNING] core.utils: Proxy file not found: C:\Users\kalan\Downloads\Webshare 10 proxies.txt -- running without proxies
2026-03-15 19:42:11,357 [INFO] pipeline.discovery: Running discovery: amazon
2026-03-15 19:42:11,699 [WARNING] scrapers.amazon_best_sellers: playwright-stealth not installed, running without stealth
2026-03-15 19:42:12,831 [INFO] scrapers.amazon_best_sellers: Scraping Amazon Best Sellers: electronics
2026-03-15 19:42:17,211 [INFO] scrapers.amazon_best_sellers:   Found 0 products in electronics
2026-03-15 19:42:21,221 [INFO] scrapers.amazon_best_sellers: Scraping Amazon Best Sellers: home-garden
2026-03-15 19:42:25,823 [INFO] scrapers.amazon_best_sellers:   Found 0 products in home-garden
2026-03-15 19:42:27,897 [INFO] scrapers.amazon_best_sellers: Scraping Amazon Best Sellers: toys-and-games
2026-03-15 19:42:33,520 [INFO] scrapers.amazon_best_sellers:   Found 0 products in toys-and-games
2026-03-15 19:42:37,476 [INFO] scrapers.amazon_best_sellers: Scraping Amazon Best Sellers: tools
2026-03-15 19:42:42,561 [INFO] scrapers.amazon_best_sellers:   Found 0 products in tools
2026-03-15 19:42:46,292 [INFO] scrapers.amazon_best_sellers: Scraping Amazon Best Sellers: sports-outdoors
2026-03-15 19:42:51,993 [INFO] scrapers.amazon_best_sellers:   Found 0 products in sports-outdoors
2026-03-15 19:42:56,805 [INFO] scrapers.amazon_best_sellers: Scraping Amazon Best Sellers: kitchen
2026-03-15 19:43:00,710 [INFO] scrapers.amazon_best_sellers:   Found 0 products in kitchen
2026-03-15 19:43:02,862 [INFO] scrapers.amazon_best_sellers: Scraping Amazon Best Sellers: beauty
2026-03-15 19:43:08,595 [INFO] scrapers.amazon_best_sellers:   Found 0 products in beauty
2026-03-15 19:43:12,019 [INFO] scrapers.amazon_best_sellers: Scraping Amazon Best Sellers: pet-supplies
2026-03-15 19:43:16,777 [INFO] scrapers.amazon_best_sellers:   Found 0 products in pet-supplies
2026-03-15 19:43:21,301 [INFO] scrapers.amazon_best_sellers: Total Amazon products: 0
2026-03-15 19:43:21,301 [INFO] scrapers.amazon_best_sellers: Playwright returned 0 products — falling back to Google Shopping...
2026-03-15 19:43:24,554 [INFO] scrapers.amazon_best_sellers: Google Shopping: best sellers electronics 2026 -> 0 results
2026-03-15 19:43:33,315 [INFO] scrapers.amazon_best_sellers: Google Shopping: trending home products 2026 -> 0 results
2026-03-15 19:43:42,288 [INFO] scrapers.amazon_best_sellers: Google Shopping: popular kitchen gadgets -> 0 results
2026-03-15 19:43:51,429 [INFO] scrapers.amazon_best_sellers: Google Shopping: best selling fitness equipment -> 0 results
2026-03-15 19:44:00,789 [INFO] scrapers.amazon_best_sellers: Google Shopping: trending beauty products -> 0 results
2026-03-15 19:44:09,264 [INFO] scrapers.amazon_best_sellers: Google Shopping: popular pet products -> 0 results
2026-03-15 19:44:12,630 [INFO] pipeline.discovery:   amazon: 0 found, 0 stored
2026-03-15 19:44:12,630 [INFO] pipeline.discovery: Discovery complete. 0 products in database.
2026-03-15 19:45:15,756 [INFO] core.database: Database schema initialized
2026-03-15 19:45:15,757 [INFO] pipeline.scoring: Scoring 61 products...
2026-03-15 19:45:16,754 [INFO] pipeline.scoring: Scoring complete. 61 products scored.
2026-03-15 19:45:21,183 [INFO] core.database: Database schema initialized
2026-03-15 19:45:21,185 [INFO] pipeline.reporting: CSV: output\products_2026-03-15.csv
2026-03-15 19:45:21,187 [INFO] pipeline.reporting: JSON: output\products_2026-03-15.json
2026-03-15 19:45:21,188 [INFO] pipeline.reporting: Report: output\top25_report_2026-03-15.txt
2026-03-15 19:45:21,188 [INFO] pipeline.reporting: Top product: accessories for air fryer (score: 40.90)
