2026-03-19 03:00:05,923 [WARNING] Proxy file not found: C:\Users\kalan/Downloads/Webshare 10 proxies.txt
2026-03-19 03:00:05,923 [WARNING] Running without proxies (higher ban risk)
2026-03-19 03:00:05,936 [INFO] Google Trends Product Research v2
2026-03-19 03:00:05,936 [INFO] Date: 2026-03-19 03:00 | Market: US | Timeframes: ['now 7-d', 'today 1-m', 'today 3-m']
2026-03-19 03:00:05,936 [INFO] Scanning 90 keywords across 8 categories
2026-03-19 03:00:05,936 [INFO] Workers: 5 | Batch size: 5
2026-03-19 03:00:05,936 [INFO] Active proxies: 0/0
2026-03-19 03:00:05,936 [INFO] --------------------------------------------------
2026-03-19 03:00:13,574 [INFO]   OK LED strip lights -- 6 queries, trend: stable
2026-03-19 03:00:13,574 [INFO] [1/90] LED strip lights done
2026-03-19 03:00:20,363 [INFO]   OK smart watch -- 13 queries, trend: stable
2026-03-19 03:00:20,363 [INFO] [2/90] smart watch done
2026-03-19 03:00:21,827 [INFO]   OK wireless earbuds -- 13 queries, trend: emerging
2026-03-19 03:00:21,828 [INFO] [3/90] wireless earbuds done
2026-03-19 03:00:24,152 [INFO]   OK ring light -- 8 queries, trend: stable
2026-03-19 03:00:24,153 [INFO] [4/90] ring light done
2026-03-19 03:00:24,207 [INFO]   OK portable charger -- 13 queries, trend: stable
2026-03-19 03:00:24,612 [INFO]   OK phone stand -- 10 queries, trend: stable
2026-03-19 03:00:25,708 [INFO] [5/90] portable charger done
2026-03-19 03:00:27,515 [INFO]   OK laptop stand -- 13 queries, trend: stable
2026-03-19 03:00:28,135 [INFO] [6/90] phone stand done
2026-03-19 03:00:29,482 [INFO] [7/90] laptop stand done
2026-03-19 03:00:29,875 [INFO]   OK bluetooth speaker -- 13 queries, trend: stable
2026-03-19 03:00:30,044 [INFO]   OK USB hub -- 6 queries, trend: stable
2026-03-19 03:00:31,747 [INFO] [8/90] bluetooth speaker done
2026-03-19 03:00:33,092 [INFO] [9/90] USB hub done
2026-03-19 03:00:33,179 [WARNING]   Rate limited on screen protector. Backoff 19s (attempt 1)
2026-03-19 03:00:35,603 [INFO]   OK webcam -- 13 queries, trend: stable
2026-03-19 03:00:35,603 [INFO] [10/90] webcam done
2026-03-19 03:00:37,152 [INFO]   OK phone case -- 13 queries, trend: stable
2026-03-19 03:00:37,599 [INFO] [11/90] phone case done
2026-03-19 03:00:37,800 [WARNING]   Rate limited on cable organizer. Backoff 22s (attempt 1)
2026-03-19 03:00:39,602 [WARNING]   Rate limited on air purifier. Backoff 22s (attempt 1)
2026-03-19 03:00:40,401 [INFO]   OK power bank -- 13 queries, trend: stable
2026-03-19 03:00:40,403 [INFO] [12/90] power bank done
2026-03-19 03:00:40,425 [INFO]   OK wireless mouse -- 11 queries, trend: stable
2026-03-19 03:00:42,212 [INFO] [13/90] wireless mouse done
2026-03-19 03:00:42,784 [WARNING]   Rate limited on humidifier. Backoff 16s (attempt 1)
2026-03-19 03:00:42,785 [WARNING]   Rate limited on storage organizer. Backoff 18s (attempt 1)
2026-03-19 03:00:54,852 [WARNING]   Rate limited on screen protector. Backoff 40s (attempt 2)
2026-03-19 03:01:02,167 [WARNING]   Rate limited on humidifier. Backoff 35s (attempt 2)
2026-03-19 03:01:02,392 [WARNING]   Rate limited on cable organizer. Backoff 39s (attempt 2)
2026-03-19 03:01:03,459 [WARNING]   Rate limited on air purifier. Backoff 33s (attempt 2)
2026-03-19 03:01:03,792 [WARNING]   Rate limited on storage organizer. Backoff 30s (attempt 2)
2026-03-19 03:01:40,823 [WARNING]   Rate limited on air purifier. Backoff 64s (attempt 3)
2026-03-19 03:01:51,920 [INFO]   OK screen protector -- 13 queries, trend: stable
2026-03-19 03:01:51,921 [INFO] [14/90] screen protector done
2026-03-19 03:01:53,051 [INFO]   OK storage organizer -- 7 queries, trend: emerging
2026-03-19 03:01:53,426 [INFO] [15/90] storage organizer done
2026-03-19 03:01:57,565 [INFO]   OK humidifier -- 13 queries, trend: stable
2026-03-19 03:01:57,567 [INFO] [16/90] humidifier done
2026-03-19 03:01:58,707 [INFO]   OK desk lamp -- 13 queries, trend: stable
2026-03-19 03:01:59,501 [INFO] [17/90] desk lamp done
2026-03-19 03:02:00,861 [INFO]   OK cable organizer -- 8 queries, trend: emerging
2026-03-19 03:02:01,235 [INFO] [18/90] cable organizer done
2026-03-19 03:02:07,369 [INFO]   OK candle holder -- 13 queries, trend: stable
2026-03-19 03:02:07,370 [INFO] [19/90] candle holder done
2026-03-19 03:02:11,800 [INFO]   OK shower curtain -- 13 queries, trend: emerging
2026-03-19 03:02:11,800 [INFO] [20/90] shower curtain done
2026-03-19 03:02:16,743 [INFO]   OK wall art -- 13 queries, trend: emerging
2026-03-19 03:02:16,743 [INFO] [21/90] wall art done
2026-03-19 03:02:17,652 [INFO]   OK throw pillow -- 13 queries, trend: emerging
2026-03-19 03:02:18,922 [INFO] [22/90] throw pillow done
2026-03-19 03:02:19,140 [WARNING]   Rate limited on cable management. Backoff 22s (attempt 1)
2026-03-19 03:02:21,278 [WARNING]   Rate limited on drawer organizer. Backoff 17s (attempt 1)
2026-03-19 03:02:23,019 [INFO]   OK bookshelf decor -- 4 queries, trend: emerging
2026-03-19 03:02:23,021 [INFO] [23/90] bookshelf decor done
2026-03-19 03:02:25,217 [WARNING]   Rate limited on aromatherapy diffuser. Backoff 15s (attempt 1)
2026-03-19 03:02:28,995 [INFO]   OK plant pots -- 12 queries, trend: emerging
2026-03-19 03:02:28,997 [INFO] [24/90] plant pots done
2026-03-19 03:02:31,453 [WARNING]   Rate limited on LED mirror. Backoff 18s (attempt 1)
2026-03-19 03:02:40,658 [WARNING]   Rate limited on drawer organizer. Backoff 32s (attempt 2)
2026-03-19 03:02:42,742 [WARNING]   Rate limited on aromatherapy diffuser. Backoff 32s (attempt 2)
2026-03-19 03:02:43,004 [WARNING]   Rate limited on cable management. Backoff 31s (attempt 2)
2026-03-19 03:02:47,001 [WARNING]   Rate limited on air purifier. Backoff 129s (attempt 4)
2026-03-19 03:02:51,562 [WARNING]   Rate limited on LED mirror. Backoff 39s (attempt 2)
2026-03-19 03:03:14,588 [WARNING]   Rate limited on drawer organizer. Backoff 61s (attempt 3)
2026-03-19 03:03:16,622 [WARNING]   Rate limited on cable management. Backoff 60s (attempt 3)
2026-03-19 03:03:17,592 [WARNING]   Rate limited on aromatherapy diffuser. Backoff 61s (attempt 3)
2026-03-19 03:03:33,019 [WARNING]   Rate limited on LED mirror. Backoff 68s (attempt 3)
2026-03-19 03:04:17,531 [WARNING]   Rate limited on drawer organizer. Backoff 124s (attempt 4)
2026-03-19 03:04:18,946 [WARNING]   Rate limited on cable management. Backoff 120s (attempt 4)
2026-03-19 03:04:21,029 [WARNING]   Rate limited on aromatherapy diffuser. Backoff 126s (attempt 4)
2026-03-19 03:04:43,151 [WARNING]   Rate limited on LED mirror. Backoff 120s (attempt 4)
2026-03-19 03:04:56,953 [INFO] [25/90] air purifier done
2026-03-19 03:04:59,231 [WARNING]   Rate limited on floating shelf. Backoff 16s (attempt 1)
2026-03-19 03:05:17,330 [WARNING]   Rate limited on floating shelf. Backoff 31s (attempt 2)
2026-03-19 03:05:50,407 [WARNING]   Rate limited on floating shelf. Backoff 68s (attempt 3)
2026-03-19 03:06:19,970 [INFO] [26/90] cable management done
2026-03-19 03:06:22,145 [WARNING]   Rate limited on air fryer accessories. Backoff 17s (attempt 1)
2026-03-19 03:06:22,266 [INFO] [27/90] drawer organizer done
2026-03-19 03:06:24,493 [WARNING]   Rate limited on coffee accessories. Backoff 22s (attempt 1)
2026-03-19 03:06:28,190 [INFO] [28/90] aromatherapy diffuser done
2026-03-19 03:06:30,405 [WARNING]   Rate limited on reusable bags. Backoff 19s (attempt 1)
2026-03-19 03:06:41,563 [WARNING]   Rate limited on air fryer accessories. Backoff 33s (attempt 2)
2026-03-19 03:06:43,996 [INFO] [29/90] LED mirror done
2026-03-19 03:06:46,293 [WARNING]   Rate limited on food container. Backoff 23s (attempt 1)
2026-03-19 03:06:48,361 [WARNING]   Rate limited on coffee accessories. Backoff 36s (attempt 2)
2026-03-19 03:06:51,876 [WARNING]   Rate limited on reusable bags. Backoff 34s (attempt 2)
2026-03-19 03:07:00,567 [WARNING]   Rate limited on floating shelf. Backoff 125s (attempt 4)
2026-03-19 03:07:10,996 [WARNING]   Rate limited on food container. Backoff 39s (attempt 2)
2026-03-19 03:07:16,314 [WARNING]   Rate limited on air fryer accessories. Backoff 63s (attempt 3)
2026-03-19 03:07:26,322 [WARNING]   Rate limited on coffee accessories. Backoff 64s (attempt 3)
2026-03-19 03:07:27,545 [WARNING]   Rate limited on reusable bags. Backoff 65s (attempt 3)
2026-03-19 03:07:52,579 [WARNING]   Rate limited on food container. Backoff 67s (attempt 3)
2026-03-19 03:08:21,525 [WARNING]   Rate limited on air fryer accessories. Backoff 126s (attempt 4)
2026-03-19 03:08:32,213 [WARNING]   Rate limited on coffee accessories. Backoff 129s (attempt 4)
2026-03-19 03:08:34,598 [WARNING]   Rate limited on reusable bags. Backoff 127s (attempt 4)
2026-03-19 03:09:01,533 [WARNING]   Rate limited on food container. Backoff 127s (attempt 4)
2026-03-19 03:09:06,015 [INFO] [30/90] floating shelf done
2026-03-19 03:09:08,144 [WARNING]   Rate limited on water bottle. Backoff 16s (attempt 1)
2026-03-19 03:09:26,493 [WARNING]   Rate limited on water bottle. Backoff 38s (attempt 2)
2026-03-19 03:10:07,139 [WARNING]   Rate limited on water bottle. Backoff 64s (attempt 3)
2026-03-19 03:10:28,486 [INFO] [31/90] air fryer accessories done
2026-03-19 03:10:30,761 [WARNING]   Rate limited on lunch box. Backoff 17s (attempt 1)
2026-03-19 03:10:41,526 [INFO] [32/90] coffee accessories done
2026-03-19 03:10:42,680 [INFO] [33/90] reusable bags done
2026-03-19 03:10:43,889 [WARNING]   Rate limited on kitchen gadgets. Backoff 15s (attempt 1)
2026-03-19 03:10:44,528 [WARNING]   Rate limited on silicone baking. Backoff 18s (attempt 1)
2026-03-19 03:10:50,413 [WARNING]   Rate limited on lunch box. Backoff 33s (attempt 2)
2026-03-19 03:11:01,620 [WARNING]   Rate limited on kitchen gadgets. Backoff 32s (attempt 2)
2026-03-19 03:11:04,303 [WARNING]   Rate limited on silicone baking. Backoff 33s (attempt 2)
2026-03-19 03:11:09,478 [INFO] [34/90] food container done
2026-03-19 03:11:11,821 [WARNING]   Rate limited on spice organizer. Backoff 19s (attempt 1)
2026-03-19 03:11:13,594 [WARNING]   Rate limited on water bottle. Backoff 122s (attempt 4)
2026-03-19 03:11:25,411 [WARNING]   Rate limited on lunch box. Backoff 69s (attempt 3)
2026-03-19 03:11:32,979 [WARNING]   Rate limited on spice organizer. Backoff 37s (attempt 2)
2026-03-19 03:11:36,229 [WARNING]   Rate limited on kitchen gadgets. Backoff 68s (attempt 3)
2026-03-19 03:11:39,450 [WARNING]   Rate limited on silicone baking. Backoff 62s (attempt 3)
2026-03-19 03:12:12,498 [WARNING]   Rate limited on spice organizer. Backoff 66s (attempt 3)
2026-03-19 03:12:36,971 [WARNING]   Rate limited on lunch box. Backoff 129s (attempt 4)
2026-03-19 03:12:43,493 [WARNING]   Rate limited on silicone baking. Backoff 127s (attempt 4)
2026-03-19 03:12:46,125 [WARNING]   Rate limited on kitchen gadgets. Backoff 127s (attempt 4)
2026-03-19 03:13:16,303 [INFO] [35/90] water bottle done
2026-03-19 03:13:18,630 [WARNING]   Rate limited on knife set. Backoff 18s (attempt 1)
2026-03-19 03:13:20,614 [WARNING]   Rate limited on spice organizer. Backoff 128s (attempt 4)
2026-03-19 03:13:38,627 [WARNING]   Rate limited on knife set. Backoff 33s (attempt 2)
2026-03-19 03:14:13,635 [WARNING]   Rate limited on knife set. Backoff 67s (attempt 3)
2026-03-19 03:14:46,249 [INFO] [36/90] lunch box done
2026-03-19 03:14:48,571 [WARNING]   Rate limited on face roller. Backoff 15s (attempt 1)
2026-03-19 03:14:50,815 [INFO] [37/90] silicone baking done
2026-03-19 03:14:53,178 [WARNING]   Rate limited on hair accessories. Backoff 24s (attempt 1)
2026-03-19 03:14:54,269 [INFO] [38/90] kitchen gadgets done
2026-03-19 03:14:56,348 [WARNING]   Rate limited on skincare tools. Backoff 24s (attempt 1)
2026-03-19 03:15:06,209 [WARNING]   Rate limited on face roller. Backoff 37s (attempt 2)
2026-03-19 03:15:19,475 [WARNING]   Rate limited on hair accessories. Backoff 40s (attempt 2)
2026-03-19 03:15:23,018 [WARNING]   Rate limited on knife set. Backoff 129s (attempt 4)
2026-03-19 03:15:23,026 [WARNING]   Rate limited on skincare tools. Backoff 32s (attempt 2)
2026-03-19 03:15:29,473 [INFO] [39/90] spice organizer done
2026-03-19 03:15:31,892 [WARNING]   Rate limited on makeup organizer. Backoff 20s (attempt 1)
2026-03-19 03:15:45,782 [WARNING]   Rate limited on face roller. Backoff 62s (attempt 3)
2026-03-19 03:15:54,310 [WARNING]   Rate limited on makeup organizer. Backoff 36s (attempt 2)
2026-03-19 03:15:57,558 [WARNING]   Rate limited on skincare tools. Backoff 65s (attempt 3)
2026-03-19 03:16:01,295 [WARNING]   Rate limited on hair accessories. Backoff 66s (attempt 3)
2026-03-19 03:16:32,577 [WARNING]   Rate limited on makeup organizer. Backoff 70s (attempt 3)
2026-03-19 03:16:49,983 [WARNING]   Rate limited on face roller. Backoff 124s (attempt 4)
2026-03-19 03:17:05,244 [WARNING]   Rate limited on skincare tools. Backoff 122s (attempt 4)
2026-03-19 03:17:09,630 [WARNING]   Rate limited on hair accessories. Backoff 122s (attempt 4)
2026-03-19 03:17:33,001 [INFO] [40/90] knife set done
2026-03-19 03:17:35,195 [WARNING]   Rate limited on LED face mask. Backoff 18s (attempt 1)
2026-03-19 03:17:44,636 [WARNING]   Rate limited on makeup organizer. Backoff 125s (attempt 4)
2026-03-19 03:17:55,576 [WARNING]   Rate limited on LED face mask. Backoff 37s (attempt 2)
2026-03-19 03:18:35,286 [WARNING]   Rate limited on LED face mask. Backoff 67s (attempt 3)
2026-03-19 03:18:54,347 [INFO] [41/90] face roller done
2026-03-19 03:18:56,461 [WARNING]   Rate limited on hair dryer brush. Backoff 15s (attempt 1)
2026-03-19 03:19:08,344 [INFO] [42/90] skincare tools done
2026-03-19 03:19:10,596 [WARNING]   Rate limited on nail art kit. Backoff 17s (attempt 1)
2026-03-19 03:19:12,509 [INFO] [43/90] hair accessories done
2026-03-19 03:19:13,925 [WARNING]   Rate limited on hair dryer brush. Backoff 30s (attempt 2)
2026-03-19 03:19:14,807 [WARNING]   Rate limited on teeth whitening. Backoff 18s (attempt 1)
2026-03-19 03:19:29,617 [WARNING]   Rate limited on nail art kit. Backoff 37s (attempt 2)
2026-03-19 03:19:35,630 [WARNING]   Rate limited on teeth whitening. Backoff 35s (attempt 2)
2026-03-19 03:19:44,858 [WARNING]   Rate limited on LED face mask. Backoff 122s (attempt 4)
2026-03-19 03:19:46,275 [WARNING]   Rate limited on hair dryer brush. Backoff 68s (attempt 3)
2026-03-19 03:19:50,606 [INFO] [44/90] makeup organizer done
2026-03-19 03:19:52,863 [WARNING]   Rate limited on scalp massager. Backoff 22s (attempt 1)
2026-03-19 03:20:08,779 [WARNING]   Rate limited on nail art kit. Backoff 65s (attempt 3)
2026-03-19 03:20:12,468 [WARNING]   Rate limited on teeth whitening. Backoff 62s (attempt 3)
2026-03-19 03:20:16,861 [WARNING]   Rate limited on scalp massager. Backoff 35s (attempt 2)
2026-03-19 03:20:53,745 [WARNING]   Rate limited on scalp massager. Backoff 63s (attempt 3)
2026-03-19 03:20:56,478 [WARNING]   Rate limited on hair dryer brush. Backoff 123s (attempt 4)
2026-03-19 03:21:16,213 [WARNING]   Rate limited on nail art kit. Backoff 122s (attempt 4)
2026-03-19 03:21:16,908 [WARNING]   Rate limited on teeth whitening. Backoff 123s (attempt 4)
2026-03-19 03:21:47,907 [INFO] [45/90] LED face mask done
2026-03-19 03:21:50,213 [WARNING]   Rate limited on gua sha. Backoff 15s (attempt 1)
2026-03-19 03:21:59,005 [WARNING]   Rate limited on scalp massager. Backoff 127s (attempt 4)
2026-03-19 03:22:07,899 [WARNING]   Rate limited on gua sha. Backoff 38s (attempt 2)
2026-03-19 03:22:47,734 [WARNING]   Rate limited on gua sha. Backoff 66s (attempt 3)
2026-03-19 03:22:59,920 [INFO] [46/90] hair dryer brush done
2026-03-19 03:23:02,333 [WARNING]   Rate limited on resistance bands. Backoff 16s (attempt 1)
2026-03-19 03:23:18,914 [INFO] [47/90] nail art kit done
2026-03-19 03:23:20,446 [WARNING]   Rate limited on resistance bands. Backoff 40s (attempt 2)
2026-03-19 03:23:20,522 [INFO] [48/90] teeth whitening done
2026-03-19 03:23:21,346 [WARNING]   Rate limited on yoga mat. Backoff 23s (attempt 1)
2026-03-19 03:23:22,499 [WARNING]   Rate limited on jump rope. Backoff 23s (attempt 1)
2026-03-19 03:23:46,470 [WARNING]   Rate limited on yoga mat. Backoff 40s (attempt 2)
2026-03-19 03:23:47,231 [WARNING]   Rate limited on jump rope. Backoff 35s (attempt 2)
2026-03-19 03:23:56,233 [WARNING]   Rate limited on gua sha. Backoff 123s (attempt 4)
2026-03-19 03:24:02,342 [WARNING]   Rate limited on resistance bands. Backoff 64s (attempt 3)
2026-03-19 03:24:06,414 [INFO] [49/90] scalp massager done
2026-03-19 03:24:08,698 [WARNING]   Rate limited on foam roller. Backoff 23s (attempt 1)
2026-03-19 03:24:24,696 [WARNING]   Rate limited on jump rope. Backoff 70s (attempt 3)
2026-03-19 03:24:28,552 [WARNING]   Rate limited on yoga mat. Backoff 68s (attempt 3)
2026-03-19 03:24:33,481 [WARNING]   Rate limited on foam roller. Backoff 39s (attempt 2)
2026-03-19 03:25:08,715 [WARNING]   Rate limited on resistance bands. Backoff 126s (attempt 4)
2026-03-19 03:25:15,091 [WARNING]   Rate limited on foam roller. Backoff 63s (attempt 3)
2026-03-19 03:25:36,530 [WARNING]   Rate limited on jump rope. Backoff 124s (attempt 4)
2026-03-19 03:25:38,734 [WARNING]   Rate limited on yoga mat. Backoff 121s (attempt 4)
2026-03-19 03:25:59,959 [INFO] [50/90] gua sha done
2026-03-19 03:26:02,101 [WARNING]   Rate limited on fitness tracker. Backoff 21s (attempt 1)
2026-03-19 03:26:20,459 [WARNING]   Rate limited on foam roller. Backoff 120s (attempt 4)
2026-03-19 03:26:25,179 [WARNING]   Rate limited on fitness tracker. Backoff 38s (attempt 2)
2026-03-19 03:27:05,176 [WARNING]   Rate limited on fitness tracker. Backoff 63s (attempt 3)
2026-03-19 03:27:15,735 [INFO] [51/90] resistance bands done
2026-03-19 03:27:18,121 [WARNING]   Rate limited on gym bag. Backoff 21s (attempt 1)
2026-03-19 03:27:40,175 [INFO] [52/90] yoga mat done
2026-03-19 03:27:41,561 [WARNING]   Rate limited on gym bag. Backoff 38s (attempt 2)
2026-03-19 03:27:41,815 [INFO] [53/90] jump rope done
2026-03-19 03:27:42,474 [WARNING]   Rate limited on massage gun. Backoff 21s (attempt 1)
2026-03-19 03:27:43,410 [WARNING]   Rate limited on pull up bar. Backoff 18s (attempt 1)
2026-03-19 03:28:03,993 [WARNING]   Rate limited on pull up bar. Backoff 34s (attempt 2)
2026-03-19 03:28:05,635 [WARNING]   Rate limited on massage gun. Backoff 33s (attempt 2)
2026-03-19 03:28:10,678 [WARNING]   Rate limited on fitness tracker. Backoff 127s (attempt 4)
2026-03-19 03:28:21,379 [INFO] [54/90] foam roller done
2026-03-19 03:28:22,096 [WARNING]   Rate limited on gym bag. Backoff 61s (attempt 3)
2026-03-19 03:28:23,714 [WARNING]   Rate limited on adjustable dumbbells. Backoff 22s (attempt 1)
2026-03-19 03:28:40,511 [WARNING]   Rate limited on pull up bar. Backoff 61s (attempt 3)
2026-03-19 03:28:40,607 [WARNING]   Rate limited on massage gun. Backoff 70s (attempt 3)
2026-03-19 03:28:48,027 [WARNING]   Rate limited on adjustable dumbbells. Backoff 31s (attempt 2)
2026-03-19 03:29:21,694 [WARNING]   Rate limited on adjustable dumbbells. Backoff 69s (attempt 3)
2026-03-19 03:29:25,640 [WARNING]   Rate limited on gym bag. Backoff 122s (attempt 4)
2026-03-19 03:29:43,881 [WARNING]   Rate limited on pull up bar. Backoff 126s (attempt 4)
2026-03-19 03:29:52,539 [WARNING]   Rate limited on massage gun. Backoff 120s (attempt 4)
2026-03-19 03:30:18,012 [INFO] [55/90] fitness tracker done
2026-03-19 03:30:20,136 [WARNING]   Rate limited on workout gloves. Backoff 20s (attempt 1)
2026-03-19 03:30:32,614 [WARNING]   Rate limited on adjustable dumbbells. Backoff 130s (attempt 4)
2026-03-19 03:30:42,451 [WARNING]   Rate limited on workout gloves. Backoff 39s (attempt 2)
2026-03-19 03:31:24,256 [WARNING]   Rate limited on workout gloves. Backoff 63s (attempt 3)
2026-03-19 03:31:28,439 [INFO] [56/90] gym bag done
2026-03-19 03:31:30,606 [WARNING]   Rate limited on fidget toys. Backoff 15s (attempt 1)
2026-03-19 03:31:48,546 [WARNING]   Rate limited on fidget toys. Backoff 34s (attempt 2)
2026-03-19 03:31:50,990 [INFO] [57/90] pull up bar done
2026-03-19 03:31:53,262 [WARNING]   Rate limited on dog harness. Backoff 17s (attempt 1)
2026-03-19 03:31:53,710 [INFO] [58/90] massage gun done
2026-03-19 03:31:56,118 [WARNING]   Rate limited on cat toys. Backoff 20s (attempt 1)
2026-03-19 03:32:12,157 [WARNING]   Rate limited on dog harness. Backoff 36s (attempt 2)
2026-03-19 03:32:18,474 [WARNING]   Rate limited on cat toys. Backoff 30s (attempt 2)
2026-03-19 03:32:24,817 [WARNING]   Rate limited on fidget toys. Backoff 64s (attempt 3)
2026-03-19 03:32:29,784 [WARNING]   Rate limited on workout gloves. Backoff 122s (attempt 4)
2026-03-19 03:32:43,196 [INFO] [59/90] adjustable dumbbells done
2026-03-19 03:32:45,357 [WARNING]   Rate limited on baby monitor. Backoff 23s (attempt 1)
2026-03-19 03:32:50,208 [WARNING]   Rate limited on dog harness. Backoff 68s (attempt 3)
2026-03-19 03:32:51,282 [WARNING]   Rate limited on cat toys. Backoff 67s (attempt 3)
2026-03-19 03:33:10,303 [WARNING]   Rate limited on baby monitor. Backoff 40s (attempt 2)
2026-03-19 03:33:31,383 [WARNING]   Rate limited on fidget toys. Backoff 128s (attempt 4)
2026-03-19 03:33:52,239 [WARNING]   Rate limited on baby monitor. Backoff 70s (attempt 3)
2026-03-19 03:34:00,069 [WARNING]   Rate limited on cat toys. Backoff 124s (attempt 4)
2026-03-19 03:34:00,691 [WARNING]   Rate limited on dog harness. Backoff 130s (attempt 4)
2026-03-19 03:34:32,600 [INFO] [60/90] workout gloves done
2026-03-19 03:34:34,910 [WARNING]   Rate limited on kids tablet case. Backoff 18s (attempt 1)
2026-03-19 03:34:55,380 [WARNING]   Rate limited on kids tablet case. Backoff 34s (attempt 2)
2026-03-19 03:35:04,227 [WARNING]   Rate limited on baby monitor. Backoff 129s (attempt 4)
2026-03-19 03:35:31,612 [WARNING]   Rate limited on kids tablet case. Backoff 66s (attempt 3)
2026-03-19 03:35:40,276 [INFO] [61/90] fidget toys done
2026-03-19 03:35:42,476 [WARNING]   Rate limited on pet camera. Backoff 18s (attempt 1)
2026-03-19 03:36:02,990 [WARNING]   Rate limited on pet camera. Backoff 31s (attempt 2)
2026-03-19 03:36:05,193 [INFO] [62/90] cat toys done
2026-03-19 03:36:07,396 [WARNING]   Rate limited on dog bed. Backoff 21s (attempt 1)
2026-03-19 03:36:11,041 [INFO] [63/90] dog harness done
2026-03-19 03:36:13,197 [WARNING]   Rate limited on pet grooming. Backoff 21s (attempt 1)
2026-03-19 03:36:31,009 [WARNING]   Rate limited on dog bed. Backoff 31s (attempt 2)
2026-03-19 03:36:35,772 [WARNING]   Rate limited on pet camera. Backoff 68s (attempt 3)
2026-03-19 03:36:36,297 [WARNING]   Rate limited on pet grooming. Backoff 34s (attempt 2)
2026-03-19 03:36:40,211 [WARNING]   Rate limited on kids tablet case. Backoff 124s (attempt 4)
2026-03-19 03:37:04,155 [WARNING]   Rate limited on dog bed. Backoff 61s (attempt 3)
2026-03-19 03:37:12,127 [WARNING]   Rate limited on pet grooming. Backoff 67s (attempt 3)
2026-03-19 03:37:13,942 [INFO] [64/90] baby monitor done
2026-03-19 03:37:16,231 [WARNING]   Rate limited on baby carrier. Backoff 19s (attempt 1)
2026-03-19 03:37:37,077 [WARNING]   Rate limited on baby carrier. Backoff 31s (attempt 2)
2026-03-19 03:37:45,608 [WARNING]   Rate limited on pet camera. Backoff 121s (attempt 4)
2026-03-19 03:38:07,299 [WARNING]   Rate limited on dog bed. Backoff 121s (attempt 4)
2026-03-19 03:38:10,641 [WARNING]   Rate limited on baby carrier. Backoff 67s (attempt 3)
2026-03-19 03:38:20,896 [WARNING]   Rate limited on pet grooming. Backoff 121s (attempt 4)
2026-03-19 03:38:44,982 [INFO] [65/90] kids tablet case done
2026-03-19 03:38:47,162 [WARNING]   Rate limited on educational toys. Backoff 19s (attempt 1)
2026-03-19 03:39:08,118 [WARNING]   Rate limited on educational toys. Backoff 36s (attempt 2)
2026-03-19 03:39:19,298 [WARNING]   Rate limited on baby carrier. Backoff 127s (attempt 4)
2026-03-19 03:39:46,151 [WARNING]   Rate limited on educational toys. Backoff 62s (attempt 3)
2026-03-19 03:39:47,575 [INFO] [66/90] pet camera done
2026-03-19 03:39:49,945 [WARNING]   Rate limited on crossbody bag. Backoff 18s (attempt 1)
2026-03-19 03:40:08,711 [INFO] [67/90] dog bed done
2026-03-19 03:40:10,112 [WARNING]   Rate limited on crossbody bag. Backoff 32s (attempt 2)
2026-03-19 03:40:10,926 [WARNING]   Rate limited on sunglasses. Backoff 20s (attempt 1)
2026-03-19 03:40:22,283 [INFO] [68/90] pet grooming done
2026-03-19 03:40:24,336 [WARNING]   Rate limited on minimalist wallet. Backoff 22s (attempt 1)
2026-03-19 03:40:33,382 [WARNING]   Rate limited on sunglasses. Backoff 39s (attempt 2)
2026-03-19 03:40:44,187 [WARNING]   Rate limited on crossbody bag. Backoff 64s (attempt 3)
2026-03-19 03:40:48,704 [WARNING]   Rate limited on minimalist wallet. Backoff 35s (attempt 2)
2026-03-19 03:40:50,010 [WARNING]   Rate limited on educational toys. Backoff 126s (attempt 4)
2026-03-19 03:41:14,570 [WARNING]   Rate limited on sunglasses. Backoff 67s (attempt 3)
2026-03-19 03:41:26,283 [WARNING]   Rate limited on minimalist wallet. Backoff 65s (attempt 3)
2026-03-19 03:41:26,685 [INFO] [69/90] baby carrier done
2026-03-19 03:41:28,732 [WARNING]   Rate limited on tote bag. Backoff 25s (attempt 1)
2026-03-19 03:41:50,152 [WARNING]   Rate limited on crossbody bag. Backoff 124s (attempt 4)
2026-03-19 03:41:55,881 [WARNING]   Rate limited on tote bag. Backoff 35s (attempt 2)
2026-03-19 03:42:23,469 [WARNING]   Rate limited on sunglasses. Backoff 129s (attempt 4)
2026-03-19 03:42:32,927 [WARNING]   Rate limited on tote bag. Backoff 62s (attempt 3)
2026-03-19 03:42:33,047 [WARNING]   Rate limited on minimalist wallet. Backoff 128s (attempt 4)
2026-03-19 03:42:56,644 [INFO] [70/90] educational toys done
2026-03-19 03:42:58,729 [WARNING]   Rate limited on baseball cap. Backoff 22s (attempt 1)
2026-03-19 03:43:22,948 [WARNING]   Rate limited on baseball cap. Backoff 39s (attempt 2)
2026-03-19 03:43:37,167 [WARNING]   Rate limited on tote bag. Backoff 129s (attempt 4)
2026-03-19 03:43:54,801 [INFO] [71/90] crossbody bag done
2026-03-19 03:43:57,174 [WARNING]   Rate limited on sneaker cleaning. Backoff 21s (attempt 1)
2026-03-19 03:44:03,718 [WARNING]   Rate limited on baseball cap. Backoff 65s (attempt 3)
2026-03-19 03:44:20,944 [WARNING]   Rate limited on sneaker cleaning. Backoff 35s (attempt 2)
2026-03-19 03:44:33,094 [INFO] [72/90] sunglasses done
2026-03-19 03:44:35,285 [WARNING]   Rate limited on belt bag. Backoff 18s (attempt 1)
2026-03-19 03:44:42,050 [INFO] [73/90] minimalist wallet done
2026-03-19 03:44:44,301 [WARNING]   Rate limited on watch band. Backoff 18s (attempt 1)
2026-03-19 03:44:55,446 [WARNING]   Rate limited on belt bag. Backoff 39s (attempt 2)
2026-03-19 03:44:57,683 [WARNING]   Rate limited on sneaker cleaning. Backoff 69s (attempt 3)
2026-03-19 03:45:04,351 [WARNING]   Rate limited on watch band. Backoff 35s (attempt 2)
2026-03-19 03:45:10,367 [WARNING]   Rate limited on baseball cap. Backoff 127s (attempt 4)
2026-03-19 03:45:36,382 [WARNING]   Rate limited on belt bag. Backoff 69s (attempt 3)
2026-03-19 03:45:41,447 [WARNING]   Rate limited on watch band. Backoff 61s (attempt 3)
2026-03-19 03:45:47,085 [INFO] [74/90] tote bag done
2026-03-19 03:45:49,102 [WARNING]   Rate limited on jewelry organizer. Backoff 23s (attempt 1)
2026-03-19 03:46:08,818 [WARNING]   Rate limited on sneaker cleaning. Backoff 121s (attempt 4)
2026-03-19 03:46:14,831 [WARNING]   Rate limited on jewelry organizer. Backoff 34s (attempt 2)
2026-03-19 03:46:45,423 [WARNING]   Rate limited on watch band. Backoff 120s (attempt 4)
2026-03-19 03:46:48,074 [WARNING]   Rate limited on belt bag. Backoff 123s (attempt 4)
2026-03-19 03:46:51,306 [WARNING]   Rate limited on jewelry organizer. Backoff 63s (attempt 3)
2026-03-19 03:47:17,648 [INFO] [75/90] baseball cap done
2026-03-19 03:47:19,924 [WARNING]   Rate limited on scarf. Backoff 24s (attempt 1)
2026-03-19 03:47:45,973 [WARNING]   Rate limited on scarf. Backoff 31s (attempt 2)
2026-03-19 03:47:56,871 [WARNING]   Rate limited on jewelry organizer. Backoff 129s (attempt 4)
2026-03-19 03:48:10,581 [INFO] [76/90] sneaker cleaning done
2026-03-19 03:48:12,634 [WARNING]   Rate limited on stanley cup accessories. Backoff 18s (attempt 1)
2026-03-19 03:48:18,771 [WARNING]   Rate limited on scarf. Backoff 64s (attempt 3)
2026-03-19 03:48:32,790 [WARNING]   Rate limited on stanley cup accessories. Backoff 31s (attempt 2)
2026-03-19 03:48:46,210 [INFO] [77/90] watch band done
2026-03-19 03:48:48,670 [WARNING]   Rate limited on viral tiktok product. Backoff 17s (attempt 1)
2026-03-19 03:48:51,373 [INFO] [78/90] belt bag done
2026-03-19 03:48:53,846 [WARNING]   Rate limited on trending gadget 2026. Backoff 15s (attempt 1)
2026-03-19 03:49:05,549 [WARNING]   Rate limited on stanley cup accessories. Backoff 63s (attempt 3)
2026-03-19 03:49:07,485 [WARNING]   Rate limited on viral tiktok product. Backoff 31s (attempt 2)
2026-03-19 03:49:11,525 [WARNING]   Rate limited on trending gadget 2026. Backoff 34s (attempt 2)
2026-03-19 03:49:24,853 [WARNING]   Rate limited on scarf. Backoff 126s (attempt 4)
2026-03-19 03:49:40,352 [WARNING]   Rate limited on viral tiktok product. Backoff 65s (attempt 3)
2026-03-19 03:49:47,662 [WARNING]   Rate limited on trending gadget 2026. Backoff 68s (attempt 3)
2026-03-19 03:50:06,534 [INFO] [79/90] jewelry organizer done
2026-03-19 03:50:08,988 [WARNING]   Rate limited on summer outdoor. Backoff 20s (attempt 1)
2026-03-19 03:50:10,695 [WARNING]   Rate limited on stanley cup accessories. Backoff 128s (attempt 4)
2026-03-19 03:50:30,987 [WARNING]   Rate limited on summer outdoor. Backoff 35s (attempt 2)
2026-03-19 03:50:47,568 [WARNING]   Rate limited on viral tiktok product. Backoff 120s (attempt 4)
2026-03-19 03:50:58,276 [WARNING]   Rate limited on trending gadget 2026. Backoff 128s (attempt 4)
2026-03-19 03:51:08,621 [WARNING]   Rate limited on summer outdoor. Backoff 68s (attempt 3)
2026-03-19 03:51:31,183 [INFO] [80/90] scarf done
2026-03-19 03:51:33,363 [WARNING]   Rate limited on beach accessories. Backoff 23s (attempt 1)
2026-03-19 03:51:58,177 [WARNING]   Rate limited on beach accessories. Backoff 35s (attempt 2)
2026-03-19 03:52:18,465 [WARNING]   Rate limited on summer outdoor. Backoff 127s (attempt 4)
2026-03-19 03:52:19,104 [INFO] [81/90] stanley cup accessories done
2026-03-19 03:52:21,286 [WARNING]   Rate limited on camping gear. Backoff 18s (attempt 1)
2026-03-19 03:52:34,999 [WARNING]   Rate limited on beach accessories. Backoff 63s (attempt 3)
2026-03-19 03:52:42,047 [WARNING]   Rate limited on camping gear. Backoff 40s (attempt 2)
2026-03-19 03:52:48,313 [INFO] [82/90] viral tiktok product done
2026-03-19 03:52:50,469 [WARNING]   Rate limited on graduation gift. Backoff 24s (attempt 1)
2026-03-19 03:53:07,028 [INFO] [83/90] trending gadget 2026 done
2026-03-19 03:53:09,246 [WARNING]   Rate limited on back to school supplies. Backoff 25s (attempt 1)
2026-03-19 03:53:16,393 [WARNING]   Rate limited on graduation gift. Backoff 38s (attempt 2)
2026-03-19 03:53:23,954 [WARNING]   Rate limited on camping gear. Backoff 60s (attempt 3)
2026-03-19 03:53:36,106 [WARNING]   Rate limited on back to school supplies. Backoff 31s (attempt 2)
2026-03-19 03:53:40,712 [WARNING]   Rate limited on beach accessories. Backoff 121s (attempt 4)
2026-03-19 03:53:56,733 [WARNING]   Rate limited on graduation gift. Backoff 68s (attempt 3)
2026-03-19 03:54:09,737 [WARNING]   Rate limited on back to school supplies. Backoff 66s (attempt 3)
2026-03-19 03:54:26,130 [INFO] [84/90] summer outdoor done
2026-03-19 03:54:26,667 [WARNING]   Rate limited on camping gear. Backoff 130s (attempt 4)
2026-03-19 03:54:28,438 [WARNING]   Rate limited on halloween costume. Backoff 22s (attempt 1)
2026-03-19 03:54:53,077 [WARNING]   Rate limited on halloween costume. Backoff 33s (attempt 2)
2026-03-19 03:55:07,066 [WARNING]   Rate limited on graduation gift. Backoff 126s (attempt 4)
2026-03-19 03:55:18,127 [WARNING]   Rate limited on back to school supplies. Backoff 129s (attempt 4)
2026-03-19 03:55:28,749 [WARNING]   Rate limited on halloween costume. Backoff 63s (attempt 3)
2026-03-19 03:55:42,098 [INFO] [85/90] beach accessories done
2026-03-19 03:55:44,451 [WARNING]   Rate limited on christmas gift ideas. Backoff 21s (attempt 1)
2026-03-19 03:56:07,396 [WARNING]   Rate limited on christmas gift ideas. Backoff 40s (attempt 2)
2026-03-19 03:56:33,884 [WARNING]   Rate limited on halloween costume. Backoff 128s (attempt 4)
2026-03-19 03:56:37,253 [INFO] [86/90] camping gear done
2026-03-19 03:56:49,733 [WARNING]   Rate limited on christmas gift ideas. Backoff 66s (attempt 3)
2026-03-19 03:57:13,757 [INFO] [87/90] graduation gift done
2026-03-19 03:57:28,175 [INFO] [88/90] back to school supplies done
2026-03-19 03:57:58,300 [WARNING]   Rate limited on christmas gift ideas. Backoff 122s (attempt 4)
2026-03-19 03:58:42,223 [INFO] [89/90] halloween costume done
2026-03-19 04:00:01,251 [INFO] [90/90] christmas gift ideas done
2026-03-19 04:00:03,949 [INFO] ==================================================
2026-03-19 04:00:03,949 [INFO] Done. 267 results collected.
2026-03-19 04:00:03,950 [INFO] CSV:  C:\Users\kalan/behique/output\trending_products_2026-03-19.csv
2026-03-19 04:00:03,951 [INFO] JSON: C:\Users\kalan/behique/output\trending_products_2026-03-19.json
2026-03-19 04:00:03,951 [INFO] Picks: C:\Users\kalan/behique/output\top_picks_2026-03-19.txt
2026-03-19 04:00:03,952 [INFO] 
TOP 10 PRODUCTS:
2026-03-19 04:00:03,952 [INFO] ------------------------------------------------------------
2026-03-19 04:00:03,953 [INFO]   1 gallon plant pots                    score:0.619 vel:1.82 [emerging]
2026-03-19 04:00:03,953 [INFO]   acotar bookshelf decor                 score:0.613 vel:3.01 [emerging]
2026-03-19 04:00:03,954 [INFO]   bookshelf decor ideas                  score:0.613 vel:3.01 [emerging]
2026-03-19 04:00:03,954 [INFO]   office bookshelf decor                 score:0.613 vel:3.01 [emerging]
2026-03-19 04:00:03,955 [INFO]   acotar bookshelf decor                 score:0.613 vel:3.01 [emerging]
2026-03-19 04:00:03,956 [INFO]   can you plant gladiolus in pots        score:0.594 vel:1.82 [emerging]
2026-03-19 04:00:03,956 [INFO]   hobby lobby plant pots                 score:0.594 vel:1.82 [emerging]
2026-03-19 04:00:03,957 [INFO]   dollar tree plant pots                 score:0.594 vel:1.82 [emerging]
2026-03-19 04:00:03,957 [INFO]   when to plant dahlias in pots          score:0.594 vel:1.82 [emerging]
2026-03-19 04:00:03,958 [INFO]   monitor stand for desk                 score:0.587 vel:1.04 [stable]
2026-03-19 04:00:03,958 [WARNING] 
66 keywords failed: air purifier, cable management, drawer organizer, aromatherapy diffuser, LED mirror, floating shelf, air fryer accessories, coffee accessories, reusable bags, food container
2026-03-19 04:00:03,959 [INFO] 
Active proxies remaining: 0/0
