2026-03-21 03:00:06,429 [WARNING] Proxy file not found: C:\Users\kalan/Downloads/Webshare 10 proxies.txt
2026-03-21 03:00:06,429 [WARNING] Running without proxies (higher ban risk)
2026-03-21 03:00:06,444 [INFO] Google Trends Product Research v2
2026-03-21 03:00:06,444 [INFO] Date: 2026-03-21 03:00 | Market: US | Timeframes: ['now 7-d', 'today 1-m', 'today 3-m']
2026-03-21 03:00:06,444 [INFO] Scanning 90 keywords across 8 categories
2026-03-21 03:00:06,444 [INFO] Workers: 5 | Batch size: 5
2026-03-21 03:00:06,445 [INFO] Active proxies: 0/0
2026-03-21 03:00:06,445 [INFO] --------------------------------------------------
2026-03-21 03:00:13,284 [INFO]   OK LED strip lights -- 5 queries, trend: stable
2026-03-21 03:00:13,285 [INFO] [1/90] LED strip lights done
2026-03-21 03:00:14,193 [INFO]   OK wireless earbuds -- 13 queries, trend: emerging
2026-03-21 03:00:14,584 [INFO] [2/90] wireless earbuds done
2026-03-21 03:00:17,845 [INFO]   OK portable charger -- 13 queries, trend: stable
2026-03-21 03:00:17,845 [INFO] [3/90] portable charger done
2026-03-21 03:00:20,114 [INFO]   OK smart watch -- 13 queries, trend: stable
2026-03-21 03:00:20,114 [INFO] [4/90] smart watch done
2026-03-21 03:00:24,651 [INFO]   OK laptop stand -- 13 queries, trend: stable
2026-03-21 03:00:24,652 [INFO] [5/90] laptop stand done
2026-03-21 03:00:25,117 [INFO]   OK phone stand -- 10 queries, trend: stable
2026-03-21 03:00:25,220 [INFO]   OK ring light -- 10 queries, trend: stable
2026-03-21 03:00:26,887 [INFO] [6/90] phone stand done
2026-03-21 03:00:29,213 [INFO] [7/90] ring light done
2026-03-21 03:00:30,596 [INFO]   OK bluetooth speaker -- 13 queries, trend: stable
2026-03-21 03:00:30,792 [INFO] [8/90] bluetooth speaker done
2026-03-21 03:00:31,440 [INFO]   OK wireless mouse -- 13 queries, trend: stable
2026-03-21 03:00:31,764 [INFO]   OK USB hub -- 7 queries, trend: stable
2026-03-21 03:00:32,773 [INFO] [9/90] wireless mouse done
2026-03-21 03:00:34,880 [INFO] [10/90] USB hub done
2026-03-21 03:00:35,091 [INFO]   OK phone case -- 13 queries, trend: stable
2026-03-21 03:00:36,929 [INFO] [11/90] phone case done
2026-03-21 03:00:37,622 [INFO]   OK webcam -- 13 queries, trend: stable
2026-03-21 03:00:39,141 [INFO]   OK power bank -- 13 queries, trend: stable
2026-03-21 03:00:39,356 [INFO] [12/90] webcam done
2026-03-21 03:00:41,518 [INFO]   OK air purifier -- 13 queries, trend: stable
2026-03-21 03:00:42,203 [INFO] [13/90] power bank done
2026-03-21 03:00:43,680 [INFO] [14/90] air purifier done
2026-03-21 03:00:47,206 [INFO]   OK desk lamp -- 11 queries, trend: stable
2026-03-21 03:00:47,207 [INFO] [15/90] desk lamp done
2026-03-21 03:00:48,006 [INFO]   OK screen protector -- 13 queries, trend: stable
2026-03-21 03:00:48,202 [INFO]   OK cable organizer -- 8 queries, trend: emerging
2026-03-21 03:00:49,421 [INFO] [16/90] screen protector done
2026-03-21 03:00:51,812 [INFO] [17/90] cable organizer done
2026-03-21 03:00:54,973 [INFO]   OK humidifier -- 13 queries, trend: stable
2026-03-21 03:00:54,973 [INFO] [18/90] humidifier done
2026-03-21 03:00:56,872 [INFO]   OK candle holder -- 13 queries, trend: stable
2026-03-21 03:00:56,978 [INFO] [19/90] candle holder done
2026-03-21 03:00:57,539 [INFO]   OK storage organizer -- 13 queries, trend: emerging
2026-03-21 03:00:58,263 [INFO] [20/90] storage organizer done
2026-03-21 03:01:05,400 [INFO]   OK shower curtain -- 13 queries, trend: emerging
2026-03-21 03:01:05,400 [INFO] [21/90] shower curtain done
2026-03-21 03:01:07,902 [WARNING]   Rate limited on cable management. Backoff 22s (attempt 1)
2026-03-21 03:01:08,274 [INFO]   OK bookshelf decor -- 4 queries, trend: emerging
2026-03-21 03:01:08,274 [INFO] [22/90] bookshelf decor done
2026-03-21 03:01:10,302 [INFO]   OK wall art -- 13 queries, trend: emerging
2026-03-21 03:01:10,379 [INFO] [23/90] wall art done
2026-03-21 03:01:14,577 [INFO]   OK throw pillow -- 13 queries, trend: emerging
2026-03-21 03:01:14,577 [INFO] [24/90] throw pillow done
2026-03-21 03:01:14,790 [INFO]   OK drawer organizer -- 8 queries, trend: stable
2026-03-21 03:01:16,012 [INFO] [25/90] drawer organizer done
2026-03-21 03:01:16,355 [INFO]   OK plant pots -- 11 queries, trend: emerging
2026-03-21 03:01:16,847 [INFO]   OK aromatherapy diffuser -- 9 queries, trend: emerging
2026-03-21 03:01:18,003 [INFO] [26/90] plant pots done
2026-03-21 03:01:20,768 [INFO] [27/90] aromatherapy diffuser done
2026-03-21 03:01:21,107 [INFO]   OK floating shelf -- 13 queries, trend: stable
2026-03-21 03:01:21,144 [INFO]   OK air fryer accessories -- 13 queries, trend: emerging
2026-03-21 03:01:21,176 [INFO]   OK LED mirror -- 1 queries, trend: stable
2026-03-21 03:01:22,353 [INFO]   OK coffee accessories -- 8 queries, trend: emerging
2026-03-21 03:01:22,924 [INFO] [28/90] floating shelf done
2026-03-21 03:01:23,964 [INFO] [29/90] air fryer accessories done
2026-03-21 03:01:25,421 [INFO] [30/90] LED mirror done
2026-03-21 03:01:26,469 [INFO]   OK reusable bags -- 9 queries, trend: stable
2026-03-21 03:01:27,306 [INFO] [31/90] coffee accessories done
2026-03-21 03:01:27,573 [INFO]   OK food container -- 10 queries, trend: stable
2026-03-21 03:01:27,893 [INFO]   OK water bottle -- 10 queries, trend: stable
2026-03-21 03:01:28,969 [INFO] [32/90] reusable bags done
2026-03-21 03:01:29,461 [INFO]   OK lunch box -- 13 queries, trend: stable
2026-03-21 03:01:30,884 [INFO] [33/90] food container done
2026-03-21 03:01:32,081 [INFO] [34/90] water bottle done
2026-03-21 03:01:34,625 [INFO] [35/90] lunch box done
2026-03-21 03:01:35,464 [INFO]   OK kitchen gadgets -- 13 queries, trend: emerging
2026-03-21 03:01:35,893 [INFO]   OK cable management -- 13 queries, trend: stable
2026-03-21 03:01:36,445 [INFO] [36/90] kitchen gadgets done
2026-03-21 03:01:37,017 [INFO]   OK silicone baking -- 7 queries, trend: emerging
2026-03-21 03:01:39,219 [INFO] [37/90] cable management done
2026-03-21 03:01:40,808 [INFO] [38/90] silicone baking done
2026-03-21 03:01:44,818 [INFO]   OK spice organizer -- 7 queries, trend: seasonal
2026-03-21 03:01:44,818 [INFO] [39/90] spice organizer done
2026-03-21 03:01:46,868 [INFO]   OK knife set -- 13 queries, trend: stable
2026-03-21 03:01:47,668 [INFO] [40/90] knife set done
2026-03-21 03:01:52,085 [INFO]   OK hair accessories -- 13 queries, trend: emerging
2026-03-21 03:01:52,085 [INFO] [41/90] hair accessories done
2026-03-21 03:01:53,528 [INFO]   OK face roller -- 13 queries, trend: stable
2026-03-21 03:01:53,844 [INFO] [42/90] face roller done
2026-03-21 03:01:54,425 [INFO]   OK skincare tools -- 1 queries, trend: stable
2026-03-21 03:01:55,229 [INFO] [43/90] skincare tools done
2026-03-21 03:02:00,788 [INFO]   OK makeup organizer -- 12 queries, trend: emerging
2026-03-21 03:02:00,789 [INFO] [44/90] makeup organizer done
2026-03-21 03:02:03,666 [INFO]   OK LED face mask -- 9 queries, trend: stable
2026-03-21 03:02:03,667 [INFO] [45/90] LED face mask done
2026-03-21 03:02:09,432 [INFO]   OK hair dryer brush -- 11 queries, trend: stable
2026-03-21 03:02:09,432 [INFO] [46/90] hair dryer brush done
2026-03-21 03:02:11,393 [INFO]   OK teeth whitening -- 13 queries, trend: emerging
2026-03-21 03:02:11,547 [INFO]   OK nail art kit -- 4 queries, trend: emerging
2026-03-21 03:02:12,384 [INFO] [47/90] teeth whitening done
2026-03-21 03:02:13,413 [INFO] [48/90] nail art kit done
2026-03-21 03:02:18,145 [INFO]   OK scalp massager -- 13 queries, trend: stable
2026-03-21 03:02:18,147 [INFO] [49/90] scalp massager done
2026-03-21 03:02:21,199 [INFO]   OK gua sha -- 13 queries, trend: stable
2026-03-21 03:02:21,200 [INFO] [50/90] gua sha done
2026-03-21 03:02:27,053 [INFO]   OK resistance bands -- 8 queries, trend: stable
2026-03-21 03:02:27,053 [INFO] [51/90] resistance bands done
2026-03-21 03:02:29,297 [INFO]   OK jump rope -- 13 queries, trend: stable
2026-03-21 03:02:29,298 [INFO] [52/90] jump rope done
2026-03-21 03:02:30,341 [INFO]   OK yoga mat -- 13 queries, trend: stable
2026-03-21 03:02:31,077 [INFO] [53/90] yoga mat done
2026-03-21 03:02:32,757 [WARNING]   Rate limited on massage gun. Backoff 22s (attempt 1)
2026-03-21 03:02:33,046 [WARNING]   Rate limited on pull up bar. Backoff 17s (attempt 1)
2026-03-21 03:02:33,650 [INFO]   OK fitness tracker -- 13 queries, trend: stable
2026-03-21 03:02:33,651 [INFO] [54/90] fitness tracker done
2026-03-21 03:02:33,775 [INFO]   OK foam roller -- 13 queries, trend: stable
2026-03-21 03:02:35,294 [INFO] [55/90] foam roller done
2026-03-21 03:02:36,190 [WARNING]   Rate limited on workout gloves. Backoff 24s (attempt 1)
2026-03-21 03:02:36,450 [WARNING]   Rate limited on adjustable dumbbells. Backoff 22s (attempt 1)
2026-03-21 03:02:38,383 [INFO]   OK gym bag -- 13 queries, trend: stable
2026-03-21 03:02:38,384 [INFO] [56/90] gym bag done
2026-03-21 03:02:40,826 [WARNING]   Rate limited on fidget toys. Backoff 22s (attempt 1)
2026-03-21 03:02:52,139 [WARNING]   Rate limited on pull up bar. Backoff 34s (attempt 2)
2026-03-21 03:02:57,071 [WARNING]   Rate limited on massage gun. Backoff 35s (attempt 2)
2026-03-21 03:03:00,678 [WARNING]   Rate limited on adjustable dumbbells. Backoff 33s (attempt 2)
2026-03-21 03:03:02,240 [WARNING]   Rate limited on workout gloves. Backoff 39s (attempt 2)
2026-03-21 03:03:05,063 [WARNING]   Rate limited on fidget toys. Backoff 40s (attempt 2)
2026-03-21 03:03:28,848 [WARNING]   Rate limited on pull up bar. Backoff 65s (attempt 3)
2026-03-21 03:03:34,428 [WARNING]   Rate limited on massage gun. Backoff 64s (attempt 3)
2026-03-21 03:03:36,347 [WARNING]   Rate limited on adjustable dumbbells. Backoff 65s (attempt 3)
2026-03-21 03:03:43,481 [WARNING]   Rate limited on workout gloves. Backoff 68s (attempt 3)
2026-03-21 03:03:47,394 [WARNING]   Rate limited on fidget toys. Backoff 68s (attempt 3)
2026-03-21 03:04:36,526 [WARNING]   Rate limited on pull up bar. Backoff 127s (attempt 4)
2026-03-21 03:04:40,640 [WARNING]   Rate limited on massage gun. Backoff 129s (attempt 4)
2026-03-21 03:04:43,793 [WARNING]   Rate limited on adjustable dumbbells. Backoff 121s (attempt 4)
2026-03-21 03:04:53,991 [WARNING]   Rate limited on workout gloves. Backoff 120s (attempt 4)
2026-03-21 03:04:57,749 [WARNING]   Rate limited on fidget toys. Backoff 128s (attempt 4)
2026-03-21 03:06:44,419 [INFO] [57/90] pull up bar done
2026-03-21 03:06:46,359 [INFO] [58/90] adjustable dumbbells done
2026-03-21 03:06:46,584 [WARNING]   Rate limited on dog harness. Backoff 17s (attempt 1)
2026-03-21 03:06:47,865 [WARNING]   Rate limited on cat toys. Backoff 22s (attempt 1)
2026-03-21 03:06:50,647 [INFO] [59/90] massage gun done
2026-03-21 03:06:52,879 [WARNING]   Rate limited on baby monitor. Backoff 24s (attempt 1)
2026-03-21 03:06:54,988 [INFO] [60/90] workout gloves done
2026-03-21 03:06:57,250 [WARNING]   Rate limited on kids tablet case. Backoff 21s (attempt 1)
2026-03-21 03:07:05,563 [WARNING]   Rate limited on dog harness. Backoff 39s (attempt 2)
2026-03-21 03:07:06,678 [INFO] [61/90] fidget toys done
2026-03-21 03:07:08,833 [WARNING]   Rate limited on pet camera. Backoff 16s (attempt 1)
2026-03-21 03:07:11,970 [WARNING]   Rate limited on cat toys. Backoff 31s (attempt 2)
2026-03-21 03:07:18,739 [WARNING]   Rate limited on baby monitor. Backoff 34s (attempt 2)
2026-03-21 03:07:21,094 [WARNING]   Rate limited on kids tablet case. Backoff 30s (attempt 2)
2026-03-21 03:07:26,771 [WARNING]   Rate limited on pet camera. Backoff 33s (attempt 2)
2026-03-21 03:07:44,723 [WARNING]   Rate limited on cat toys. Backoff 68s (attempt 3)
2026-03-21 03:07:46,461 [WARNING]   Rate limited on dog harness. Backoff 70s (attempt 3)
2026-03-21 03:07:53,493 [WARNING]   Rate limited on kids tablet case. Backoff 67s (attempt 3)
2026-03-21 03:07:54,931 [WARNING]   Rate limited on baby monitor. Backoff 68s (attempt 3)
2026-03-21 03:08:01,731 [WARNING]   Rate limited on pet camera. Backoff 69s (attempt 3)
2026-03-21 03:08:55,433 [WARNING]   Rate limited on cat toys. Backoff 123s (attempt 4)
2026-03-21 03:08:58,668 [WARNING]   Rate limited on dog harness. Backoff 121s (attempt 4)
2026-03-21 03:09:02,175 [WARNING]   Rate limited on kids tablet case. Backoff 128s (attempt 4)
2026-03-21 03:09:05,671 [WARNING]   Rate limited on baby monitor. Backoff 130s (attempt 4)
2026-03-21 03:09:12,561 [WARNING]   Rate limited on pet camera. Backoff 130s (attempt 4)
2026-03-21 03:10:58,786 [INFO] [62/90] cat toys done
2026-03-21 03:11:00,878 [WARNING]   Rate limited on dog bed. Backoff 22s (attempt 1)
2026-03-21 03:11:01,665 [INFO] [63/90] dog harness done
2026-03-21 03:11:02,732 [WARNING]   Rate limited on pet grooming. Backoff 17s (attempt 1)
2026-03-21 03:11:10,424 [INFO] [64/90] kids tablet case done
2026-03-21 03:11:12,744 [WARNING]   Rate limited on baby carrier. Backoff 15s (attempt 1)
2026-03-21 03:11:16,164 [INFO] [65/90] baby monitor done
2026-03-21 03:11:18,480 [WARNING]   Rate limited on educational toys. Backoff 18s (attempt 1)
2026-03-21 03:11:22,408 [WARNING]   Rate limited on pet grooming. Backoff 39s (attempt 2)
2026-03-21 03:11:23,148 [INFO] [66/90] pet camera done
2026-03-21 03:11:25,312 [WARNING]   Rate limited on crossbody bag. Backoff 23s (attempt 1)
2026-03-21 03:11:25,658 [WARNING]   Rate limited on dog bed. Backoff 38s (attempt 2)
2026-03-21 03:11:29,996 [WARNING]   Rate limited on baby carrier. Backoff 33s (attempt 2)
2026-03-21 03:11:38,634 [WARNING]   Rate limited on educational toys. Backoff 33s (attempt 2)
2026-03-21 03:11:50,568 [WARNING]   Rate limited on crossbody bag. Backoff 32s (attempt 2)
2026-03-21 03:12:03,264 [WARNING]   Rate limited on pet grooming. Backoff 61s (attempt 3)
2026-03-21 03:12:05,657 [WARNING]   Rate limited on baby carrier. Backoff 69s (attempt 3)
2026-03-21 03:12:06,180 [WARNING]   Rate limited on dog bed. Backoff 66s (attempt 3)
2026-03-21 03:12:14,248 [WARNING]   Rate limited on educational toys. Backoff 63s (attempt 3)
2026-03-21 03:12:24,550 [WARNING]   Rate limited on crossbody bag. Backoff 66s (attempt 3)
