2026-03-28 03:00:05,196 [WARNING] Proxy file not found: C:\Users\kalan/Downloads/Webshare 10 proxies.txt
2026-03-28 03:00:05,196 [WARNING] Running without proxies (higher ban risk)
2026-03-28 03:00:05,211 [INFO] Google Trends Product Research v2
2026-03-28 03:00:05,211 [INFO] Date: 2026-03-28 03:00 | Market: US | Timeframes: ['now 7-d', 'today 1-m', 'today 3-m']
2026-03-28 03:00:05,211 [INFO] Scanning 90 keywords across 8 categories
2026-03-28 03:00:05,211 [INFO] Workers: 5 | Batch size: 5
2026-03-28 03:00:05,212 [INFO] Active proxies: 0/0
2026-03-28 03:00:05,212 [INFO] --------------------------------------------------
2026-03-28 03:00:21,822 [INFO]   OK portable charger -- 13 queries, trend: stable
2026-03-28 03:00:21,822 [INFO] [1/90] portable charger done
2026-03-28 03:00:22,662 [INFO]   OK phone stand -- 8 queries, trend: stable
2026-03-28 03:00:22,998 [INFO]   OK ring light -- 13 queries, trend: emerging
2026-03-28 03:00:23,059 [INFO]   OK LED strip lights -- 6 queries, trend: stable
2026-03-28 03:00:24,479 [INFO]   OK wireless earbuds -- 13 queries, trend: seasonal
2026-03-28 03:00:24,781 [INFO] [2/90] phone stand done
2026-03-28 03:00:26,983 [INFO] [3/90] ring light done
2026-03-28 03:00:28,044 [INFO] [4/90] LED strip lights done
2026-03-28 03:00:29,980 [INFO] [5/90] wireless earbuds done
2026-03-28 03:00:39,081 [INFO]   OK smart watch -- 9 queries, trend: stable
2026-03-28 03:00:39,081 [INFO] [6/90] smart watch done
2026-03-28 03:00:41,293 [INFO]   OK bluetooth speaker -- 13 queries, trend: stable
2026-03-28 03:00:41,720 [INFO]   OK laptop stand -- 9 queries, trend: emerging
2026-03-28 03:00:41,847 [INFO] [7/90] bluetooth speaker done
2026-03-28 03:00:42,151 [INFO]   OK phone case -- 13 queries, trend: stable
2026-03-28 03:00:42,297 [INFO]   OK webcam -- 13 queries, trend: stable
2026-03-28 03:00:44,566 [INFO] [8/90] laptop stand done
2026-03-28 03:00:47,016 [INFO] [9/90] phone case done
2026-03-28 03:00:48,121 [INFO] [10/90] webcam done
2026-03-28 03:00:57,502 [INFO]   OK USB hub -- 7 queries, trend: stable
2026-03-28 03:00:57,502 [INFO] [11/90] USB hub done
2026-03-28 03:00:59,084 [INFO]   OK wireless mouse -- 13 queries, trend: emerging
2026-03-28 03:00:59,820 [WARNING]   Rate limited on air purifier. Backoff 19s (attempt 1)
2026-03-28 03:01:00,102 [INFO]   OK screen protector -- 13 queries, trend: stable
2026-03-28 03:01:00,149 [INFO] [12/90] wireless mouse done
2026-03-28 03:01:01,173 [INFO]   OK cable organizer -- 8 queries, trend: emerging
2026-03-28 03:01:01,219 [INFO]   OK power bank -- 13 queries, trend: stable
2026-03-28 03:01:01,433 [INFO] [13/90] screen protector done
2026-03-28 03:01:02,920 [WARNING]   Rate limited on humidifier. Backoff 16s (attempt 1)
2026-03-28 03:01:03,178 [WARNING]   Rate limited on storage organizer. Backoff 21s (attempt 1)
2026-03-28 03:01:03,296 [WARNING]   Rate limited on desk lamp. Backoff 15s (attempt 1)
2026-03-28 03:01:03,743 [INFO] [14/90] cable organizer done
2026-03-28 03:01:04,400 [WARNING]   Rate limited on shower curtain. Backoff 23s (attempt 1)
2026-03-28 03:01:05,813 [INFO] [15/90] power bank done
2026-03-28 03:01:21,107 [WARNING]   Rate limited on air purifier. Backoff 35s (attempt 2)
2026-03-28 03:01:21,135 [WARNING]   Rate limited on desk lamp. Backoff 33s (attempt 2)
2026-03-28 03:01:22,567 [WARNING]   Rate limited on humidifier. Backoff 37s (attempt 2)
2026-03-28 03:01:26,548 [WARNING]   Rate limited on storage organizer. Backoff 35s (attempt 2)
2026-03-28 03:01:29,400 [WARNING]   Rate limited on shower curtain. Backoff 38s (attempt 2)
2026-03-28 03:02:12,156 [INFO]   OK desk lamp -- 12 queries, trend: emerging
2026-03-28 03:02:12,157 [INFO] [16/90] desk lamp done
2026-03-28 03:02:16,450 [INFO]   OK air purifier -- 13 queries, trend: emerging
2026-03-28 03:02:16,451 [INFO] [17/90] air purifier done
2026-03-28 03:02:17,616 [INFO]   OK humidifier -- 13 queries, trend: stable
2026-03-28 03:02:17,741 [INFO] [18/90] humidifier done
2026-03-28 03:02:21,831 [INFO]   OK storage organizer -- 11 queries, trend: emerging
2026-03-28 03:02:21,831 [INFO] [19/90] storage organizer done
2026-03-28 03:02:24,622 [INFO]   OK shower curtain -- 13 queries, trend: stable
2026-03-28 03:02:24,622 [INFO] [20/90] shower curtain done
2026-03-28 03:02:28,924 [INFO]   OK candle holder -- 13 queries, trend: stable
2026-03-28 03:02:28,925 [INFO] [21/90] candle holder done
2026-03-28 03:02:35,566 [INFO]   OK wall art -- 13 queries, trend: emerging
2026-03-28 03:02:35,588 [INFO] [22/90] wall art done
2026-03-28 03:02:37,302 [INFO]   OK throw pillow -- 13 queries, trend: emerging
2026-03-28 03:02:37,302 [INFO] [23/90] throw pillow done
2026-03-28 03:02:37,940 [INFO]   OK bookshelf decor -- 2 queries, trend: seasonal
2026-03-28 03:02:38,887 [INFO] [24/90] bookshelf decor done
2026-03-28 03:02:40,380 [WARNING]   Rate limited on aromatherapy diffuser. Backoff 24s (attempt 1)
2026-03-28 03:02:41,033 [WARNING]   Rate limited on LED mirror. Backoff 20s (attempt 1)
2026-03-28 03:02:42,134 [INFO]   OK plant pots -- 13 queries, trend: emerging
2026-03-28 03:02:42,134 [INFO] [25/90] plant pots done
2026-03-28 03:02:43,015 [INFO]   OK cable management -- 13 queries, trend: stable
2026-03-28 03:02:44,620 [WARNING]   Rate limited on floating shelf. Backoff 17s (attempt 1)
2026-03-28 03:02:44,699 [INFO] [26/90] cable management done
2026-03-28 03:02:45,216 [WARNING]   Rate limited on air fryer accessories. Backoff 16s (attempt 1)
2026-03-28 03:02:47,040 [INFO]   OK drawer organizer -- 13 queries, trend: stable
2026-03-28 03:02:47,656 [INFO] [27/90] drawer organizer done
2026-03-28 03:02:49,234 [WARNING]   Rate limited on coffee accessories. Backoff 18s (attempt 1)
2026-03-28 03:03:03,093 [WARNING]   Rate limited on LED mirror. Backoff 39s (attempt 2)
2026-03-28 03:03:03,872 [WARNING]   Rate limited on air fryer accessories. Backoff 32s (attempt 2)
2026-03-28 03:03:04,188 [WARNING]   Rate limited on floating shelf. Backoff 32s (attempt 2)
2026-03-28 03:03:06,725 [WARNING]   Rate limited on aromatherapy diffuser. Backoff 32s (attempt 2)
2026-03-28 03:03:09,223 [WARNING]   Rate limited on coffee accessories. Backoff 34s (attempt 2)
2026-03-28 03:03:37,670 [WARNING]   Rate limited on air fryer accessories. Backoff 66s (attempt 3)
2026-03-28 03:03:38,958 [WARNING]   Rate limited on floating shelf. Backoff 63s (attempt 3)
2026-03-28 03:03:40,874 [WARNING]   Rate limited on aromatherapy diffuser. Backoff 69s (attempt 3)
2026-03-28 03:03:44,688 [WARNING]   Rate limited on LED mirror. Backoff 65s (attempt 3)
2026-03-28 03:03:45,628 [WARNING]   Rate limited on coffee accessories. Backoff 69s (attempt 3)
2026-03-28 03:04:44,341 [WARNING]   Rate limited on floating shelf. Backoff 123s (attempt 4)
2026-03-28 03:04:45,584 [WARNING]   Rate limited on air fryer accessories. Backoff 123s (attempt 4)
2026-03-28 03:04:52,148 [WARNING]   Rate limited on aromatherapy diffuser. Backoff 128s (attempt 4)
2026-03-28 03:04:52,463 [WARNING]   Rate limited on LED mirror. Backoff 125s (attempt 4)
2026-03-28 03:04:56,430 [WARNING]   Rate limited on coffee accessories. Backoff 128s (attempt 4)
2026-03-28 03:06:48,290 [INFO] [28/90] floating shelf done
2026-03-28 03:06:50,131 [INFO] [29/90] air fryer accessories done
2026-03-28 03:06:50,492 [WARNING]   Rate limited on reusable bags. Backoff 20s (attempt 1)
2026-03-28 03:06:52,202 [WARNING]   Rate limited on food container. Backoff 22s (attempt 1)
2026-03-28 03:06:57,787 [INFO] [30/90] LED mirror done
2026-03-28 03:07:00,020 [WARNING]   Rate limited on water bottle. Backoff 21s (attempt 1)
2026-03-28 03:07:01,026 [INFO] [31/90] aromatherapy diffuser done
2026-03-28 03:07:03,361 [WARNING]   Rate limited on lunch box. Backoff 24s (attempt 1)
2026-03-28 03:07:04,600 [INFO] [32/90] coffee accessories done
2026-03-28 03:07:07,012 [WARNING]   Rate limited on kitchen gadgets. Backoff 21s (attempt 1)
2026-03-28 03:07:12,557 [WARNING]   Rate limited on reusable bags. Backoff 31s (attempt 2)
2026-03-28 03:07:16,931 [WARNING]   Rate limited on food container. Backoff 33s (attempt 2)
2026-03-28 03:07:22,843 [WARNING]   Rate limited on water bottle. Backoff 38s (attempt 2)
2026-03-28 03:07:29,400 [WARNING]   Rate limited on lunch box. Backoff 38s (attempt 2)
2026-03-28 03:07:30,723 [WARNING]   Rate limited on kitchen gadgets. Backoff 38s (attempt 2)
2026-03-28 03:07:46,029 [WARNING]   Rate limited on reusable bags. Backoff 61s (attempt 3)
2026-03-28 03:07:52,029 [WARNING]   Rate limited on food container. Backoff 69s (attempt 3)
2026-03-28 03:08:02,443 [WARNING]   Rate limited on water bottle. Backoff 62s (attempt 3)
2026-03-28 03:08:09,789 [WARNING]   Rate limited on lunch box. Backoff 65s (attempt 3)
2026-03-28 03:08:11,018 [WARNING]   Rate limited on kitchen gadgets. Backoff 67s (attempt 3)
2026-03-28 03:08:49,076 [WARNING]   Rate limited on reusable bags. Backoff 129s (attempt 4)
2026-03-28 03:09:02,910 [WARNING]   Rate limited on food container. Backoff 123s (attempt 4)
2026-03-28 03:09:06,435 [WARNING]   Rate limited on water bottle. Backoff 128s (attempt 4)
2026-03-28 03:09:17,542 [WARNING]   Rate limited on lunch box. Backoff 122s (attempt 4)
2026-03-28 03:09:19,986 [WARNING]   Rate limited on kitchen gadgets. Backoff 122s (attempt 4)
2026-03-28 03:10:58,494 [INFO] [33/90] reusable bags done
2026-03-28 03:11:00,698 [WARNING]   Rate limited on silicone baking. Backoff 24s (attempt 1)
2026-03-28 03:11:06,711 [INFO] [34/90] food container done
2026-03-28 03:11:09,032 [WARNING]   Rate limited on spice organizer. Backoff 23s (attempt 1)
2026-03-28 03:11:15,448 [INFO] [35/90] water bottle done
2026-03-28 03:11:17,893 [WARNING]   Rate limited on knife set. Backoff 17s (attempt 1)
2026-03-28 03:11:20,450 [INFO] [36/90] lunch box done
2026-03-28 03:11:22,596 [WARNING]   Rate limited on face roller. Backoff 19s (attempt 1)
2026-03-28 03:11:23,132 [INFO] [37/90] kitchen gadgets done
2026-03-28 03:11:24,708 [WARNING]   Rate limited on hair accessories. Backoff 23s (attempt 1)
2026-03-28 03:11:26,692 [WARNING]   Rate limited on silicone baking. Backoff 36s (attempt 2)
2026-03-28 03:11:34,603 [WARNING]   Rate limited on spice organizer. Backoff 35s (attempt 2)
2026-03-28 03:11:37,174 [WARNING]   Rate limited on knife set. Backoff 39s (attempt 2)
2026-03-28 03:11:43,695 [WARNING]   Rate limited on face roller. Backoff 31s (attempt 2)
2026-03-28 03:11:50,134 [WARNING]   Rate limited on hair accessories. Backoff 31s (attempt 2)
2026-03-28 03:12:04,533 [WARNING]   Rate limited on silicone baking. Backoff 62s (attempt 3)
2026-03-28 03:12:11,717 [WARNING]   Rate limited on spice organizer. Backoff 61s (attempt 3)
2026-03-28 03:12:17,363 [WARNING]   Rate limited on face roller. Backoff 66s (attempt 3)
2026-03-28 03:12:18,329 [WARNING]   Rate limited on knife set. Backoff 60s (attempt 3)
2026-03-28 03:12:22,794 [WARNING]   Rate limited on hair accessories. Backoff 68s (attempt 3)
2026-03-28 03:13:08,452 [WARNING]   Rate limited on silicone baking. Backoff 126s (attempt 4)
2026-03-28 03:13:14,702 [WARNING]   Rate limited on spice organizer. Backoff 127s (attempt 4)
2026-03-28 03:13:20,842 [WARNING]   Rate limited on knife set. Backoff 125s (attempt 4)
2026-03-28 03:13:25,678 [WARNING]   Rate limited on face roller. Backoff 123s (attempt 4)
2026-03-28 03:13:33,602 [WARNING]   Rate limited on hair accessories. Backoff 123s (attempt 4)
2026-03-28 03:15:15,253 [INFO] [38/90] silicone baking done
2026-03-28 03:15:17,312 [WARNING]   Rate limited on skincare tools. Backoff 23s (attempt 1)
2026-03-28 03:15:21,977 [INFO] [39/90] spice organizer done
2026-03-28 03:15:24,058 [WARNING]   Rate limited on makeup organizer. Backoff 23s (attempt 1)
2026-03-28 03:15:27,012 [INFO] [40/90] knife set done
2026-03-28 03:15:29,365 [WARNING]   Rate limited on LED face mask. Backoff 16s (attempt 1)
2026-03-28 03:15:29,562 [INFO] [41/90] face roller done
2026-03-28 03:15:31,858 [WARNING]   Rate limited on hair dryer brush. Backoff 24s (attempt 1)
2026-03-28 03:15:36,968 [INFO] [42/90] hair accessories done
2026-03-28 03:15:39,110 [WARNING]   Rate limited on nail art kit. Backoff 17s (attempt 1)
2026-03-28 03:15:42,546 [WARNING]   Rate limited on skincare tools. Backoff 36s (attempt 2)
2026-03-28 03:15:47,448 [WARNING]   Rate limited on LED face mask. Backoff 37s (attempt 2)
2026-03-28 03:15:48,890 [WARNING]   Rate limited on makeup organizer. Backoff 39s (attempt 2)
2026-03-28 03:15:58,276 [WARNING]   Rate limited on hair dryer brush. Backoff 39s (attempt 2)
2026-03-28 03:15:58,410 [WARNING]   Rate limited on nail art kit. Backoff 32s (attempt 2)
2026-03-28 03:16:20,804 [WARNING]   Rate limited on skincare tools. Backoff 69s (attempt 3)
2026-03-28 03:16:26,892 [WARNING]   Rate limited on LED face mask. Backoff 60s (attempt 3)
2026-03-28 03:16:29,609 [WARNING]   Rate limited on makeup organizer. Backoff 62s (attempt 3)
2026-03-28 03:16:32,327 [WARNING]   Rate limited on nail art kit. Backoff 65s (attempt 3)
2026-03-28 03:16:40,137 [WARNING]   Rate limited on hair dryer brush. Backoff 67s (attempt 3)
2026-03-28 03:17:29,592 [WARNING]   Rate limited on LED face mask. Backoff 124s (attempt 4)
2026-03-28 03:17:31,824 [WARNING]   Rate limited on skincare tools. Backoff 121s (attempt 4)
2026-03-28 03:17:33,527 [WARNING]   Rate limited on makeup organizer. Backoff 130s (attempt 4)
2026-03-28 03:17:39,515 [WARNING]   Rate limited on nail art kit. Backoff 122s (attempt 4)
2026-03-28 03:17:49,110 [WARNING]   Rate limited on hair dryer brush. Backoff 122s (attempt 4)
2026-03-28 03:19:33,547 [INFO] [43/90] skincare tools done
2026-03-28 03:19:35,793 [INFO] [44/90] LED face mask done
2026-03-28 03:19:35,795 [WARNING]   Rate limited on teeth whitening. Backoff 17s (attempt 1)
2026-03-28 03:19:36,624 [WARNING]   Rate limited on scalp massager. Backoff 23s (attempt 1)
2026-03-28 03:19:42,382 [INFO] [45/90] nail art kit done
2026-03-28 03:19:43,834 [INFO] [46/90] makeup organizer done
2026-03-28 03:19:44,572 [WARNING]   Rate limited on gua sha. Backoff 24s (attempt 1)
2026-03-28 03:19:46,150 [WARNING]   Rate limited on resistance bands. Backoff 17s (attempt 1)
2026-03-28 03:19:51,440 [INFO] [47/90] hair dryer brush done
2026-03-28 03:19:53,834 [WARNING]   Rate limited on yoga mat. Backoff 16s (attempt 1)
2026-03-28 03:19:54,572 [WARNING]   Rate limited on teeth whitening. Backoff 33s (attempt 2)
2026-03-28 03:20:01,495 [WARNING]   Rate limited on scalp massager. Backoff 36s (attempt 2)
2026-03-28 03:20:05,402 [WARNING]   Rate limited on resistance bands. Backoff 37s (attempt 2)
2026-03-28 03:20:10,406 [WARNING]   Rate limited on gua sha. Backoff 34s (attempt 2)
2026-03-28 03:20:11,607 [WARNING]   Rate limited on yoga mat. Backoff 39s (attempt 2)
2026-03-28 03:20:29,870 [WARNING]   Rate limited on teeth whitening. Backoff 65s (attempt 3)
2026-03-28 03:20:39,974 [WARNING]   Rate limited on scalp massager. Backoff 61s (attempt 3)
2026-03-28 03:20:44,391 [WARNING]   Rate limited on resistance bands. Backoff 70s (attempt 3)
2026-03-28 03:20:46,127 [WARNING]   Rate limited on gua sha. Backoff 65s (attempt 3)
2026-03-28 03:20:53,102 [WARNING]   Rate limited on yoga mat. Backoff 67s (attempt 3)
2026-03-28 03:21:36,982 [WARNING]   Rate limited on teeth whitening. Backoff 123s (attempt 4)
2026-03-28 03:21:42,626 [WARNING]   Rate limited on scalp massager. Backoff 125s (attempt 4)
2026-03-28 03:21:53,813 [WARNING]   Rate limited on gua sha. Backoff 125s (attempt 4)
2026-03-28 03:21:56,138 [WARNING]   Rate limited on resistance bands. Backoff 120s (attempt 4)
2026-03-28 03:22:01,661 [WARNING]   Rate limited on yoga mat. Backoff 124s (attempt 4)
2026-03-28 03:23:41,200 [INFO] [48/90] teeth whitening done
2026-03-28 03:23:43,335 [WARNING]   Rate limited on jump rope. Backoff 22s (attempt 1)
2026-03-28 03:23:47,894 [INFO] [49/90] scalp massager done
2026-03-28 03:23:50,223 [WARNING]   Rate limited on foam roller. Backoff 21s (attempt 1)
2026-03-28 03:23:57,238 [INFO] [50/90] resistance bands done
2026-03-28 03:23:59,540 [WARNING]   Rate limited on fitness tracker. Backoff 19s (attempt 1)
2026-03-28 03:23:59,745 [INFO] [51/90] gua sha done
2026-03-28 03:24:01,741 [WARNING]   Rate limited on gym bag. Backoff 21s (attempt 1)
2026-03-28 03:24:06,303 [INFO] [52/90] yoga mat done
2026-03-28 03:24:07,311 [WARNING]   Rate limited on jump rope. Backoff 35s (attempt 2)
2026-03-28 03:24:08,389 [WARNING]   Rate limited on massage gun. Backoff 25s (attempt 1)
2026-03-28 03:24:13,153 [WARNING]   Rate limited on foam roller. Backoff 37s (attempt 2)
2026-03-28 03:24:20,200 [WARNING]   Rate limited on fitness tracker. Backoff 34s (attempt 2)
2026-03-28 03:24:24,858 [WARNING]   Rate limited on gym bag. Backoff 39s (attempt 2)
2026-03-28 03:24:35,188 [WARNING]   Rate limited on massage gun. Backoff 36s (attempt 2)
2026-03-28 03:24:45,080 [WARNING]   Rate limited on jump rope. Backoff 64s (attempt 3)
2026-03-28 03:24:52,270 [WARNING]   Rate limited on foam roller. Backoff 65s (attempt 3)
2026-03-28 03:24:56,580 [WARNING]   Rate limited on fitness tracker. Backoff 67s (attempt 3)
2026-03-28 03:25:05,646 [WARNING]   Rate limited on gym bag. Backoff 63s (attempt 3)
2026-03-28 03:25:13,269 [WARNING]   Rate limited on massage gun. Backoff 70s (attempt 3)
2026-03-28 03:25:51,751 [WARNING]   Rate limited on jump rope. Backoff 127s (attempt 4)
2026-03-28 03:25:59,322 [WARNING]   Rate limited on foam roller. Backoff 121s (attempt 4)
2026-03-28 03:26:05,421 [WARNING]   Rate limited on fitness tracker. Backoff 126s (attempt 4)
2026-03-28 03:26:10,680 [WARNING]   Rate limited on gym bag. Backoff 120s (attempt 4)
2026-03-28 03:26:25,187 [WARNING]   Rate limited on massage gun. Backoff 127s (attempt 4)
2026-03-28 03:27:59,876 [INFO] [53/90] jump rope done
2026-03-28 03:28:01,940 [INFO] [54/90] foam roller done
2026-03-28 03:28:02,158 [WARNING]   Rate limited on pull up bar. Backoff 20s (attempt 1)
2026-03-28 03:28:02,956 [WARNING]   Rate limited on adjustable dumbbells. Backoff 21s (attempt 1)
2026-03-28 03:28:11,374 [INFO] [55/90] gym bag done
2026-03-28 03:28:12,875 [INFO] [56/90] fitness tracker done
2026-03-28 03:28:13,630 [WARNING]   Rate limited on workout gloves. Backoff 17s (attempt 1)
2026-03-28 03:28:14,139 [WARNING]   Rate limited on fidget toys. Backoff 24s (attempt 1)
2026-03-28 03:28:24,713 [WARNING]   Rate limited on pull up bar. Backoff 35s (attempt 2)
2026-03-28 03:28:25,582 [WARNING]   Rate limited on adjustable dumbbells. Backoff 35s (attempt 2)
2026-03-28 03:28:32,493 [INFO] [57/90] massage gun done
2026-03-28 03:28:32,829 [WARNING]   Rate limited on workout gloves. Backoff 33s (attempt 2)
2026-03-28 03:28:34,658 [WARNING]   Rate limited on dog harness. Backoff 18s (attempt 1)
2026-03-28 03:28:40,698 [WARNING]   Rate limited on fidget toys. Backoff 39s (attempt 2)
2026-03-28 03:28:54,467 [WARNING]   Rate limited on dog harness. Backoff 31s (attempt 2)
2026-03-28 03:29:01,486 [WARNING]   Rate limited on pull up bar. Backoff 65s (attempt 3)
2026-03-28 03:29:02,744 [WARNING]   Rate limited on adjustable dumbbells. Backoff 65s (attempt 3)
2026-03-28 03:29:08,126 [WARNING]   Rate limited on workout gloves. Backoff 64s (attempt 3)
2026-03-28 03:29:21,524 [WARNING]   Rate limited on fidget toys. Backoff 65s (attempt 3)
2026-03-28 03:29:27,099 [WARNING]   Rate limited on dog harness. Backoff 66s (attempt 3)
2026-03-28 03:30:08,229 [WARNING]   Rate limited on pull up bar. Backoff 127s (attempt 4)
2026-03-28 03:30:10,246 [WARNING]   Rate limited on adjustable dumbbells. Backoff 127s (attempt 4)
2026-03-28 03:30:14,770 [WARNING]   Rate limited on workout gloves. Backoff 125s (attempt 4)
2026-03-28 03:30:28,456 [WARNING]   Rate limited on fidget toys. Backoff 122s (attempt 4)
2026-03-28 03:30:35,111 [WARNING]   Rate limited on dog harness. Backoff 126s (attempt 4)
2026-03-28 03:32:15,762 [INFO] [58/90] pull up bar done
2026-03-28 03:32:17,917 [WARNING]   Rate limited on cat toys. Backoff 21s (attempt 1)
2026-03-28 03:32:18,284 [INFO] [59/90] adjustable dumbbells done
2026-03-28 03:32:19,933 [WARNING]   Rate limited on baby monitor. Backoff 22s (attempt 1)
2026-03-28 03:32:20,985 [INFO] [60/90] workout gloves done
2026-03-28 03:32:22,205 [WARNING]   Rate limited on kids tablet case. Backoff 15s (attempt 1)
2026-03-28 03:32:30,900 [INFO] [61/90] fidget toys done
2026-03-28 03:32:33,013 [WARNING]   Rate limited on pet camera. Backoff 16s (attempt 1)
2026-03-28 03:32:39,791 [WARNING]   Rate limited on kids tablet case. Backoff 37s (attempt 2)
2026-03-28 03:32:41,566 [WARNING]   Rate limited on cat toys. Backoff 32s (attempt 2)
2026-03-28 03:32:41,944 [INFO] [62/90] dog harness done
2026-03-28 03:32:43,756 [WARNING]   Rate limited on baby monitor. Backoff 35s (attempt 2)
2026-03-28 03:32:44,065 [WARNING]   Rate limited on dog bed. Backoff 22s (attempt 1)
2026-03-28 03:32:51,155 [WARNING]   Rate limited on pet camera. Backoff 35s (attempt 2)
2026-03-28 03:33:08,466 [WARNING]   Rate limited on dog bed. Backoff 31s (attempt 2)
2026-03-28 03:33:15,483 [WARNING]   Rate limited on cat toys. Backoff 65s (attempt 3)
2026-03-28 03:33:19,195 [WARNING]   Rate limited on kids tablet case. Backoff 63s (attempt 3)
2026-03-28 03:33:21,490 [WARNING]   Rate limited on baby monitor. Backoff 64s (attempt 3)
2026-03-28 03:33:28,229 [WARNING]   Rate limited on pet camera. Backoff 62s (attempt 3)
2026-03-28 03:33:41,717 [WARNING]   Rate limited on dog bed. Backoff 61s (attempt 3)
2026-03-28 03:34:23,051 [WARNING]   Rate limited on cat toys. Backoff 125s (attempt 4)
2026-03-28 03:34:24,777 [WARNING]   Rate limited on kids tablet case. Backoff 124s (attempt 4)
2026-03-28 03:34:27,700 [WARNING]   Rate limited on baby monitor. Backoff 120s (attempt 4)
2026-03-28 03:34:31,982 [WARNING]   Rate limited on pet camera. Backoff 126s (attempt 4)
2026-03-28 03:34:45,498 [WARNING]   Rate limited on dog bed. Backoff 127s (attempt 4)
2026-03-28 03:36:28,613 [INFO] [63/90] baby monitor done
2026-03-28 03:36:30,863 [WARNING]   Rate limited on pet grooming. Backoff 25s (attempt 1)
2026-03-28 03:36:30,869 [INFO] [64/90] cat toys done
2026-03-28 03:36:31,278 [WARNING]   Rate limited on baby carrier. Backoff 22s (attempt 1)
2026-03-28 03:36:31,461 [WARNING]   Rate limited on educational toys. Backoff 23s (attempt 1)
2026-03-28 03:36:33,589 [INFO] [65/90] kids tablet case done
2026-03-28 03:36:38,358 [INFO] [66/90] pet camera done
2026-03-28 03:36:40,514 [WARNING]   Rate limited on crossbody bag. Backoff 17s (attempt 1)
2026-03-28 03:36:53,275 [INFO] [67/90] dog bed done
2026-03-28 03:36:55,787 [WARNING]   Rate limited on baby carrier. Backoff 35s (attempt 2)
2026-03-28 03:36:55,824 [WARNING]   Rate limited on sunglasses. Backoff 16s (attempt 1)
2026-03-28 03:36:56,589 [WARNING]   Rate limited on educational toys. Backoff 33s (attempt 2)
2026-03-28 03:36:58,034 [WARNING]   Rate limited on pet grooming. Backoff 35s (attempt 2)
2026-03-28 03:36:59,607 [WARNING]   Rate limited on crossbody bag. Backoff 37s (attempt 2)
2026-03-28 03:37:14,272 [WARNING]   Rate limited on sunglasses. Backoff 35s (attempt 2)
2026-03-28 03:37:31,748 [WARNING]   Rate limited on educational toys. Backoff 65s (attempt 3)
2026-03-28 03:37:33,049 [WARNING]   Rate limited on baby carrier. Backoff 69s (attempt 3)
2026-03-28 03:37:35,558 [WARNING]   Rate limited on pet grooming. Backoff 69s (attempt 3)
2026-03-28 03:37:38,883 [WARNING]   Rate limited on crossbody bag. Backoff 64s (attempt 3)
2026-03-28 03:37:51,521 [WARNING]   Rate limited on sunglasses. Backoff 69s (attempt 3)
2026-03-28 03:38:38,666 [WARNING]   Rate limited on educational toys. Backoff 124s (attempt 4)
2026-03-28 03:38:44,047 [WARNING]   Rate limited on baby carrier. Backoff 130s (attempt 4)
2026-03-28 03:38:44,865 [WARNING]   Rate limited on crossbody bag. Backoff 129s (attempt 4)
2026-03-28 03:38:47,099 [WARNING]   Rate limited on pet grooming. Backoff 121s (attempt 4)
2026-03-28 03:39:03,009 [WARNING]   Rate limited on sunglasses. Backoff 128s (attempt 4)
2026-03-28 03:40:43,239 [INFO] [68/90] educational toys done
2026-03-28 03:40:45,446 [WARNING]   Rate limited on minimalist wallet. Backoff 25s (attempt 1)
2026-03-28 03:40:48,951 [INFO] [69/90] pet grooming done
2026-03-28 03:40:51,167 [WARNING]   Rate limited on tote bag. Backoff 24s (attempt 1)
2026-03-28 03:40:54,255 [INFO] [70/90] baby carrier done
2026-03-28 03:40:56,621 [WARNING]   Rate limited on baseball cap. Backoff 22s (attempt 1)
2026-03-28 03:40:57,052 [WARNING]   Rate limited on sneaker cleaning. Backoff 17s (attempt 1)
2026-03-28 03:40:57,110 [INFO] [71/90] crossbody bag done
2026-03-28 03:41:11,424 [INFO] [72/90] sunglasses done
2026-03-28 03:41:12,069 [WARNING]   Rate limited on minimalist wallet. Backoff 34s (attempt 2)
2026-03-28 03:41:13,646 [WARNING]   Rate limited on belt bag. Backoff 21s (attempt 1)
2026-03-28 03:41:16,357 [WARNING]   Rate limited on sneaker cleaning. Backoff 37s (attempt 2)
2026-03-28 03:41:17,473 [WARNING]   Rate limited on tote bag. Backoff 37s (attempt 2)
2026-03-28 03:41:20,740 [WARNING]   Rate limited on baseball cap. Backoff 34s (attempt 2)
2026-03-28 03:41:37,043 [WARNING]   Rate limited on belt bag. Backoff 35s (attempt 2)
2026-03-28 03:41:48,316 [WARNING]   Rate limited on minimalist wallet. Backoff 65s (attempt 3)
2026-03-28 03:41:55,747 [WARNING]   Rate limited on sneaker cleaning. Backoff 70s (attempt 3)
2026-03-28 03:41:56,725 [WARNING]   Rate limited on tote bag. Backoff 61s (attempt 3)
2026-03-28 03:41:57,204 [WARNING]   Rate limited on baseball cap. Backoff 63s (attempt 3)
2026-03-28 03:42:14,355 [WARNING]   Rate limited on belt bag. Backoff 61s (attempt 3)
2026-03-28 03:42:55,446 [WARNING]   Rate limited on minimalist wallet. Backoff 125s (attempt 4)
2026-03-28 03:42:59,829 [WARNING]   Rate limited on tote bag. Backoff 126s (attempt 4)
2026-03-28 03:43:02,800 [WARNING]   Rate limited on baseball cap. Backoff 125s (attempt 4)
2026-03-28 03:43:07,761 [WARNING]   Rate limited on sneaker cleaning. Backoff 125s (attempt 4)
2026-03-28 03:43:17,531 [WARNING]   Rate limited on belt bag. Backoff 127s (attempt 4)
2026-03-28 03:45:01,609 [INFO] [73/90] minimalist wallet done
2026-03-28 03:45:03,744 [WARNING]   Rate limited on watch band. Backoff 16s (attempt 1)
2026-03-28 03:45:06,693 [INFO] [74/90] tote bag done
2026-03-28 03:45:08,734 [WARNING]   Rate limited on jewelry organizer. Backoff 16s (attempt 1)
2026-03-28 03:45:09,159 [INFO] [75/90] baseball cap done
2026-03-28 03:45:10,899 [WARNING]   Rate limited on scarf. Backoff 21s (attempt 1)
2026-03-28 03:45:13,367 [INFO] [76/90] sneaker cleaning done
2026-03-28 03:45:15,579 [WARNING]   Rate limited on stanley cup accessories. Backoff 24s (attempt 1)
2026-03-28 03:45:22,093 [WARNING]   Rate limited on watch band. Backoff 37s (attempt 2)
2026-03-28 03:45:24,741 [INFO] [77/90] belt bag done
2026-03-28 03:45:26,894 [WARNING]   Rate limited on viral tiktok product. Backoff 23s (attempt 1)
2026-03-28 03:45:27,141 [WARNING]   Rate limited on jewelry organizer. Backoff 33s (attempt 2)
2026-03-28 03:45:33,735 [WARNING]   Rate limited on scarf. Backoff 30s (attempt 2)
2026-03-28 03:45:41,526 [WARNING]   Rate limited on stanley cup accessories. Backoff 32s (attempt 2)
2026-03-28 03:45:52,492 [WARNING]   Rate limited on viral tiktok product. Backoff 39s (attempt 2)
2026-03-28 03:46:01,113 [WARNING]   Rate limited on watch band. Backoff 69s (attempt 3)
2026-03-28 03:46:02,198 [WARNING]   Rate limited on jewelry organizer. Backoff 67s (attempt 3)
2026-03-28 03:46:06,448 [WARNING]   Rate limited on scarf. Backoff 69s (attempt 3)
2026-03-28 03:46:16,129 [WARNING]   Rate limited on stanley cup accessories. Backoff 61s (attempt 3)
2026-03-28 03:46:34,055 [WARNING]   Rate limited on viral tiktok product. Backoff 66s (attempt 3)
2026-03-28 03:47:11,680 [WARNING]   Rate limited on jewelry organizer. Backoff 128s (attempt 4)
2026-03-28 03:47:12,492 [WARNING]   Rate limited on watch band. Backoff 124s (attempt 4)
2026-03-28 03:47:17,107 [WARNING]   Rate limited on scarf. Backoff 126s (attempt 4)
2026-03-28 03:47:19,380 [WARNING]   Rate limited on stanley cup accessories. Backoff 122s (attempt 4)
2026-03-28 03:47:42,461 [WARNING]   Rate limited on viral tiktok product. Backoff 124s (attempt 4)
2026-03-28 03:49:17,410 [INFO] [78/90] watch band done
2026-03-28 03:49:19,411 [WARNING]   Rate limited on trending gadget 2026. Backoff 18s (attempt 1)
2026-03-28 03:49:20,534 [INFO] [79/90] jewelry organizer done
2026-03-28 03:49:21,943 [INFO] [80/90] stanley cup accessories done
2026-03-28 03:49:22,821 [WARNING]   Rate limited on summer outdoor. Backoff 25s (attempt 1)
2026-03-28 03:49:23,856 [INFO] [81/90] scarf done
2026-03-28 03:49:24,225 [WARNING]   Rate limited on beach accessories. Backoff 22s (attempt 1)
2026-03-28 03:49:25,991 [WARNING]   Rate limited on camping gear. Backoff 16s (attempt 1)
2026-03-28 03:49:39,388 [WARNING]   Rate limited on trending gadget 2026. Backoff 31s (attempt 2)
2026-03-28 03:49:44,567 [WARNING]   Rate limited on camping gear. Backoff 31s (attempt 2)
2026-03-28 03:49:46,777 [INFO] [82/90] viral tiktok product done
2026-03-28 03:49:49,109 [WARNING]   Rate limited on graduation gift. Backoff 19s (attempt 1)
2026-03-28 03:49:49,139 [WARNING]   Rate limited on beach accessories. Backoff 39s (attempt 2)
2026-03-28 03:49:49,892 [WARNING]   Rate limited on summer outdoor. Backoff 38s (attempt 2)
2026-03-28 03:50:10,532 [WARNING]   Rate limited on graduation gift. Backoff 32s (attempt 2)
2026-03-28 03:50:12,464 [WARNING]   Rate limited on trending gadget 2026. Backoff 61s (attempt 3)
2026-03-28 03:50:17,884 [WARNING]   Rate limited on camping gear. Backoff 62s (attempt 3)
2026-03-28 03:50:29,798 [WARNING]   Rate limited on beach accessories. Backoff 70s (attempt 3)
2026-03-28 03:50:30,057 [WARNING]   Rate limited on summer outdoor. Backoff 62s (attempt 3)
2026-03-28 03:50:44,257 [WARNING]   Rate limited on graduation gift. Backoff 67s (attempt 3)
2026-03-28 03:51:15,887 [WARNING]   Rate limited on trending gadget 2026. Backoff 122s (attempt 4)
2026-03-28 03:51:22,424 [WARNING]   Rate limited on camping gear. Backoff 129s (attempt 4)
2026-03-28 03:51:34,621 [WARNING]   Rate limited on summer outdoor. Backoff 124s (attempt 4)
2026-03-28 03:51:41,866 [WARNING]   Rate limited on beach accessories. Backoff 123s (attempt 4)
2026-03-28 03:51:53,589 [WARNING]   Rate limited on graduation gift. Backoff 123s (attempt 4)
2026-03-28 03:53:18,743 [INFO] [83/90] trending gadget 2026 done
2026-03-28 03:53:20,916 [WARNING]   Rate limited on back to school supplies. Backoff 16s (attempt 1)
2026-03-28 03:53:31,988 [INFO] [84/90] camping gear done
2026-03-28 03:53:34,294 [WARNING]   Rate limited on halloween costume. Backoff 23s (attempt 1)
2026-03-28 03:53:39,437 [INFO] [85/90] summer outdoor done
2026-03-28 03:53:39,699 [WARNING]   Rate limited on back to school supplies. Backoff 37s (attempt 2)
2026-03-28 03:53:41,515 [WARNING]   Rate limited on christmas gift ideas. Backoff 17s (attempt 1)
2026-03-28 03:53:45,068 [INFO] [86/90] beach accessories done
2026-03-28 03:53:57,770 [INFO] [87/90] graduation gift done
2026-03-28 03:53:59,747 [WARNING]   Rate limited on halloween costume. Backoff 34s (attempt 2)
2026-03-28 03:54:00,748 [WARNING]   Rate limited on christmas gift ideas. Backoff 39s (attempt 2)
2026-03-28 03:54:18,613 [WARNING]   Rate limited on back to school supplies. Backoff 62s (attempt 3)
2026-03-28 03:54:36,393 [WARNING]   Rate limited on halloween costume. Backoff 63s (attempt 3)
2026-03-28 03:54:42,023 [WARNING]   Rate limited on christmas gift ideas. Backoff 62s (attempt 3)
2026-03-28 03:55:22,550 [WARNING]   Rate limited on back to school supplies. Backoff 127s (attempt 4)
2026-03-28 03:55:42,396 [WARNING]   Rate limited on halloween costume. Backoff 124s (attempt 4)
2026-03-28 03:55:47,027 [WARNING]   Rate limited on christmas gift ideas. Backoff 126s (attempt 4)
2026-03-28 03:57:29,984 [INFO] [88/90] back to school supplies done
2026-03-28 03:57:46,758 [INFO] [89/90] halloween costume done
2026-03-28 03:57:53,882 [INFO] [90/90] christmas gift ideas done
2026-03-28 03:57:55,175 [INFO] ==================================================
2026-03-28 03:57:55,175 [INFO] Done. 306 results collected.
2026-03-28 03:57:55,176 [INFO] CSV:  C:\Users\kalan/behique/output\trending_products_2026-03-28.csv
2026-03-28 03:57:55,176 [INFO] JSON: C:\Users\kalan/behique/output\trending_products_2026-03-28.json
2026-03-28 03:57:55,177 [INFO] Picks: C:\Users\kalan/behique/output\top_picks_2026-03-28.txt
2026-03-28 03:57:55,177 [INFO] 
TOP 10 PRODUCTS:
2026-03-28 03:57:55,178 [INFO] ------------------------------------------------------------
2026-03-28 03:57:55,178 [INFO]   3d printed plant pots                  score:0.766 vel:1.74 [emerging]
2026-03-28 03:57:55,178 [INFO]   when to plant dahlias in pots          score:0.741 vel:1.74 [emerging]
2026-03-28 03:57:55,179 [INFO]   home depot plant pots                  score:0.741 vel:1.74 [emerging]
2026-03-28 03:57:55,179 [INFO]   plant pots for sale                    score:0.741 vel:1.74 [emerging]
2026-03-28 03:57:55,179 [INFO]   ikea cable organizer                   score:0.713 vel:1.65 [emerging]
2026-03-28 03:57:55,180 [INFO]   muji cable organizer                   score:0.713 vel:1.65 [emerging]
2026-03-28 03:57:55,180 [INFO]   tesla cable organizer                  score:0.713 vel:1.65 [emerging]
2026-03-28 03:57:55,181 [INFO]   best cable organizer                   score:0.713 vel:1.65 [emerging]
2026-03-28 03:57:55,181 [INFO]   cable storage organizer                score:0.713 vel:1.65 [emerging]
2026-03-28 03:57:55,181 [INFO]   desk cable organizer                   score:0.713 vel:1.65 [emerging]
2026-03-28 03:57:55,182 [WARNING] 
63 keywords failed: floating shelf, air fryer accessories, LED mirror, aromatherapy diffuser, coffee accessories, reusable bags, food container, water bottle, lunch box, kitchen gadgets
2026-03-28 03:57:55,182 [INFO] 
Active proxies remaining: 0/0
