2026-03-16 03:00:08,109 [WARNING] Proxy file not found: C:\Users\kalan/Downloads/Webshare 10 proxies.txt
2026-03-16 03:00:08,109 [WARNING] Running without proxies (higher ban risk)
2026-03-16 03:00:08,131 [INFO] Google Trends Product Research v2
2026-03-16 03:00:08,131 [INFO] Date: 2026-03-16 03:00 | Market: US | Timeframes: ['now 7-d', 'today 1-m', 'today 3-m']
2026-03-16 03:00:08,131 [INFO] Scanning 90 keywords across 8 categories
2026-03-16 03:00:08,132 [INFO] Workers: 5 | Batch size: 5
2026-03-16 03:00:08,132 [INFO] Active proxies: 0/0
2026-03-16 03:00:08,132 [INFO] --------------------------------------------------
2026-03-16 03:00:19,129 [INFO]   OK wireless earbuds -- 13 queries, trend: emerging
2026-03-16 03:00:19,130 [INFO] [1/90] wireless earbuds done
2026-03-16 03:00:31,697 [INFO]   OK portable charger -- 13 queries, trend: stable
2026-03-16 03:00:31,698 [INFO] [2/90] portable charger done
2026-03-16 03:00:32,430 [INFO]   OK LED strip lights -- 5 queries, trend: stable
2026-03-16 03:00:32,918 [INFO] [3/90] LED strip lights done
2026-03-16 03:00:35,596 [INFO]   OK ring light -- 12 queries, trend: stable
2026-03-16 03:00:35,597 [INFO] [4/90] ring light done
2026-03-16 03:00:36,049 [INFO]   OK phone stand -- 13 queries, trend: stable
2026-03-16 03:00:37,260 [WARNING]   Rate limited on laptop stand. Backoff 21s (attempt 1)
2026-03-16 03:00:37,270 [WARNING]   Rate limited on phone case. Backoff 24s (attempt 1)
2026-03-16 03:00:38,326 [INFO] [5/90] phone stand done
2026-03-16 03:00:38,801 [INFO]   OK smart watch -- 13 queries, trend: stable
2026-03-16 03:00:39,597 [INFO] [6/90] smart watch done
2026-03-16 03:00:40,134 [WARNING]   Rate limited on webcam. Backoff 21s (attempt 1)
2026-03-16 03:00:40,251 [WARNING]   Rate limited on bluetooth speaker. Backoff 15s (attempt 1)
2026-03-16 03:00:42,167 [WARNING]   Rate limited on USB hub. Backoff 25s (attempt 1)
2026-03-16 03:00:58,429 [WARNING]   Rate limited on bluetooth speaker. Backoff 33s (attempt 2)
2026-03-16 03:01:01,704 [WARNING]   Rate limited on laptop stand. Backoff 38s (attempt 2)
2026-03-16 03:01:04,049 [WARNING]   Rate limited on webcam. Backoff 35s (attempt 2)
2026-03-16 03:01:04,536 [WARNING]   Rate limited on phone case. Backoff 34s (attempt 2)
2026-03-16 03:01:09,779 [WARNING]   Rate limited on USB hub. Backoff 38s (attempt 2)
2026-03-16 03:01:35,599 [WARNING]   Rate limited on bluetooth speaker. Backoff 65s (attempt 3)
2026-03-16 03:01:43,199 [WARNING]   Rate limited on phone case. Backoff 65s (attempt 3)
2026-03-16 03:01:43,268 [WARNING]   Rate limited on webcam. Backoff 65s (attempt 3)
2026-03-16 03:01:44,064 [WARNING]   Rate limited on laptop stand. Backoff 64s (attempt 3)
2026-03-16 03:01:51,709 [WARNING]   Rate limited on USB hub. Backoff 60s (attempt 3)
2026-03-16 03:02:43,668 [WARNING]   Rate limited on bluetooth speaker. Backoff 126s (attempt 4)
2026-03-16 03:02:51,371 [WARNING]   Rate limited on laptop stand. Backoff 127s (attempt 4)
2026-03-16 03:02:51,807 [WARNING]   Rate limited on phone case. Backoff 120s (attempt 4)
2026-03-16 03:02:52,548 [WARNING]   Rate limited on webcam. Backoff 127s (attempt 4)
2026-03-16 03:02:55,006 [WARNING]   Rate limited on USB hub. Backoff 123s (attempt 4)
2026-03-16 03:04:50,326 [INFO] [7/90] bluetooth speaker done
2026-03-16 03:04:53,075 [INFO] [8/90] phone case done
2026-03-16 03:04:53,349 [WARNING]   Rate limited on wireless mouse. Backoff 22s (attempt 1)
2026-03-16 03:04:56,251 [WARNING]   Rate limited on screen protector. Backoff 18s (attempt 1)
2026-03-16 03:04:59,091 [INFO] [9/90] USB hub done
2026-03-16 03:05:01,668 [INFO] [10/90] laptop stand done
2026-03-16 03:05:03,195 [WARNING]   Rate limited on power bank. Backoff 22s (attempt 1)
2026-03-16 03:05:03,712 [WARNING]   Rate limited on cable organizer. Backoff 15s (attempt 1)
2026-03-16 03:05:03,929 [INFO] [11/90] webcam done
2026-03-16 03:05:04,396 [WARNING]   Rate limited on air purifier. Backoff 24s (attempt 1)
2026-03-16 03:05:17,276 [WARNING]   Rate limited on screen protector. Backoff 39s (attempt 2)
2026-03-16 03:05:18,707 [WARNING]   Rate limited on wireless mouse. Backoff 38s (attempt 2)
2026-03-16 03:05:21,912 [WARNING]   Rate limited on cable organizer. Backoff 32s (attempt 2)
2026-03-16 03:05:28,636 [WARNING]   Rate limited on power bank. Backoff 32s (attempt 2)
2026-03-16 03:05:31,341 [WARNING]   Rate limited on air purifier. Backoff 32s (attempt 2)
2026-03-16 03:05:56,780 [WARNING]   Rate limited on cable organizer. Backoff 66s (attempt 3)
2026-03-16 03:05:59,734 [WARNING]   Rate limited on screen protector. Backoff 70s (attempt 3)
2026-03-16 03:05:59,876 [WARNING]   Rate limited on wireless mouse. Backoff 67s (attempt 3)
2026-03-16 03:06:04,243 [WARNING]   Rate limited on power bank. Backoff 68s (attempt 3)
2026-03-16 03:06:06,871 [WARNING]   Rate limited on air purifier. Backoff 68s (attempt 3)
2026-03-16 03:07:05,964 [WARNING]   Rate limited on cable organizer. Backoff 123s (attempt 4)
2026-03-16 03:07:09,976 [WARNING]   Rate limited on wireless mouse. Backoff 123s (attempt 4)
2026-03-16 03:07:13,555 [WARNING]   Rate limited on screen protector. Backoff 123s (attempt 4)
2026-03-16 03:07:15,972 [WARNING]   Rate limited on power bank. Backoff 123s (attempt 4)
2026-03-16 03:07:18,308 [WARNING]   Rate limited on air purifier. Backoff 127s (attempt 4)
2026-03-16 03:09:09,648 [INFO] [12/90] cable organizer done
2026-03-16 03:09:12,790 [WARNING]   Rate limited on humidifier. Backoff 20s (attempt 1)
2026-03-16 03:09:13,627 [INFO] [13/90] wireless mouse done
2026-03-16 03:09:16,657 [WARNING]   Rate limited on storage organizer. Backoff 18s (attempt 1)
2026-03-16 03:09:17,666 [INFO] [14/90] screen protector done
2026-03-16 03:09:20,013 [INFO] [15/90] power bank done
2026-03-16 03:09:21,128 [WARNING]   Rate limited on desk lamp. Backoff 22s (attempt 1)
2026-03-16 03:09:23,163 [WARNING]   Rate limited on shower curtain. Backoff 19s (attempt 1)
2026-03-16 03:09:25,821 [INFO] [16/90] air purifier done
2026-03-16 03:09:28,979 [WARNING]   Rate limited on candle holder. Backoff 25s (attempt 1)
2026-03-16 03:09:36,284 [WARNING]   Rate limited on humidifier. Backoff 32s (attempt 2)
2026-03-16 03:09:37,971 [WARNING]   Rate limited on storage organizer. Backoff 32s (attempt 2)
2026-03-16 03:09:45,822 [WARNING]   Rate limited on shower curtain. Backoff 31s (attempt 2)
2026-03-16 03:09:47,060 [WARNING]   Rate limited on desk lamp. Backoff 32s (attempt 2)
2026-03-16 03:09:56,730 [WARNING]   Rate limited on candle holder. Backoff 37s (attempt 2)
2026-03-16 03:10:10,410 [WARNING]   Rate limited on humidifier. Backoff 63s (attempt 3)
2026-03-16 03:10:11,935 [WARNING]   Rate limited on storage organizer. Backoff 65s (attempt 3)
2026-03-16 03:10:19,600 [WARNING]   Rate limited on shower curtain. Backoff 66s (attempt 3)
2026-03-16 03:10:22,077 [WARNING]   Rate limited on desk lamp. Backoff 69s (attempt 3)
2026-03-16 03:10:35,745 [WARNING]   Rate limited on candle holder. Backoff 64s (attempt 3)
2026-03-16 03:11:17,296 [WARNING]   Rate limited on humidifier. Backoff 122s (attempt 4)
2026-03-16 03:11:19,187 [WARNING]   Rate limited on storage organizer. Backoff 122s (attempt 4)
2026-03-16 03:11:28,179 [WARNING]   Rate limited on shower curtain. Backoff 128s (attempt 4)
2026-03-16 03:11:33,203 [WARNING]   Rate limited on desk lamp. Backoff 129s (attempt 4)
2026-03-16 03:11:41,590 [WARNING]   Rate limited on candle holder. Backoff 121s (attempt 4)
