2026-03-20 03:00:06,556 [WARNING] Proxy file not found: C:\Users\kalan/Downloads/Webshare 10 proxies.txt
2026-03-20 03:00:06,556 [WARNING] Running without proxies (higher ban risk)
2026-03-20 03:00:06,570 [INFO] Google Trends Product Research v2
2026-03-20 03:00:06,570 [INFO] Date: 2026-03-20 03:00 | Market: US | Timeframes: ['now 7-d', 'today 1-m', 'today 3-m']
2026-03-20 03:00:06,570 [INFO] Scanning 90 keywords across 8 categories
2026-03-20 03:00:06,570 [INFO] Workers: 5 | Batch size: 5
2026-03-20 03:00:06,571 [INFO] Active proxies: 0/0
2026-03-20 03:00:06,571 [INFO] --------------------------------------------------
2026-03-20 03:00:13,159 [INFO]   OK phone stand -- 9 queries, trend: stable
2026-03-20 03:00:13,161 [INFO] [1/90] phone stand done
2026-03-20 03:00:13,681 [INFO]   OK ring light -- 6 queries, trend: stable
2026-03-20 03:00:15,525 [INFO] [2/90] ring light done
2026-03-20 03:00:20,450 [INFO]   OK portable charger -- 13 queries, trend: stable
2026-03-20 03:00:20,451 [INFO] [3/90] portable charger done
2026-03-20 03:00:21,670 [INFO]   OK phone case -- 13 queries, trend: stable
2026-03-20 03:00:23,309 [INFO] [4/90] phone case done
2026-03-20 03:00:23,903 [INFO]   OK LED strip lights -- 6 queries, trend: stable
2026-03-20 03:00:24,883 [INFO] [5/90] LED strip lights done
2026-03-20 03:00:26,241 [INFO]   OK wireless earbuds -- 13 queries, trend: emerging
2026-03-20 03:00:27,023 [INFO] [6/90] wireless earbuds done
2026-03-20 03:00:29,702 [INFO]   OK smart watch -- 13 queries, trend: stable
2026-03-20 03:00:29,968 [INFO] [7/90] smart watch done
2026-03-20 03:00:34,204 [INFO]   OK webcam -- 13 queries, trend: stable
2026-03-20 03:00:34,204 [INFO] [8/90] webcam done
2026-03-20 03:00:40,153 [INFO]   OK laptop stand -- 9 queries, trend: stable
2026-03-20 03:00:40,153 [INFO] [9/90] laptop stand done
2026-03-20 03:00:41,625 [INFO]   OK screen protector -- 13 queries, trend: stable
2026-03-20 03:00:42,551 [INFO] [10/90] screen protector done
2026-03-20 03:00:42,798 [WARNING]   Rate limited on power bank. Backoff 16s (attempt 1)
2026-03-20 03:00:43,222 [INFO]   OK bluetooth speaker -- 13 queries, trend: stable
2026-03-20 03:00:44,116 [WARNING]   Rate limited on cable organizer. Backoff 25s (attempt 1)
2026-03-20 03:00:44,773 [INFO] [11/90] bluetooth speaker done
2026-03-20 03:00:45,645 [INFO]   OK USB hub -- 7 queries, trend: stable
2026-03-20 03:00:46,580 [WARNING]   Rate limited on air purifier. Backoff 15s (attempt 1)
2026-03-20 03:00:47,047 [INFO] [12/90] USB hub done
2026-03-20 03:00:48,579 [WARNING]   Rate limited on humidifier. Backoff 20s (attempt 1)
2026-03-20 03:00:48,865 [INFO]   OK wireless mouse -- 13 queries, trend: stable
2026-03-20 03:00:48,865 [INFO] [13/90] wireless mouse done
2026-03-20 03:00:51,891 [WARNING]   Rate limited on storage organizer. Backoff 25s (attempt 1)
2026-03-20 03:01:02,257 [WARNING]   Rate limited on power bank. Backoff 31s (attempt 2)
2026-03-20 03:01:04,085 [WARNING]   Rate limited on air purifier. Backoff 38s (attempt 2)
2026-03-20 03:01:14,628 [INFO]   OK cable organizer -- 9 queries, trend: emerging
2026-03-20 03:01:14,628 [INFO] [14/90] cable organizer done
2026-03-20 03:01:14,674 [INFO]   OK humidifier -- 13 queries, trend: stable
2026-03-20 03:01:17,507 [INFO] [15/90] humidifier done
2026-03-20 03:01:21,759 [INFO]   OK shower curtain -- 13 queries, trend: emerging
2026-03-20 03:01:21,760 [INFO] [16/90] shower curtain done
2026-03-20 03:01:23,327 [INFO]   OK storage organizer -- 13 queries, trend: emerging
2026-03-20 03:01:24,609 [INFO] [17/90] storage organizer done
2026-03-20 03:01:30,740 [INFO]   OK wall art -- 13 queries, trend: emerging
2026-03-20 03:01:30,741 [INFO] [18/90] wall art done
2026-03-20 03:01:32,313 [INFO]   OK desk lamp -- 13 queries, trend: stable
2026-03-20 03:01:33,306 [INFO] [19/90] desk lamp done
2026-03-20 03:01:35,927 [INFO]   OK candle holder -- 13 queries, trend: stable
2026-03-20 03:01:36,291 [INFO] [20/90] candle holder done
2026-03-20 03:01:37,227 [INFO]   OK bookshelf decor -- 2 queries, trend: emerging
2026-03-20 03:01:37,867 [INFO]   OK throw pillow -- 13 queries, trend: emerging
2026-03-20 03:01:38,833 [INFO] [21/90] bookshelf decor done
2026-03-20 03:01:40,391 [INFO] [22/90] throw pillow done
2026-03-20 03:01:42,527 [INFO]   OK plant pots -- 11 queries, trend: emerging
2026-03-20 03:01:42,528 [INFO] [23/90] plant pots done
2026-03-20 03:01:51,471 [INFO]   OK power bank -- 13 queries, trend: stable
2026-03-20 03:01:51,471 [INFO] [24/90] power bank done
2026-03-20 03:01:55,104 [INFO]   OK drawer organizer -- 13 queries, trend: stable
2026-03-20 03:01:55,105 [INFO] [25/90] drawer organizer done
2026-03-20 03:01:55,953 [INFO]   OK cable management -- 13 queries, trend: stable
2026-03-20 03:01:56,552 [INFO] [26/90] cable management done
2026-03-20 03:01:59,401 [INFO]   OK aromatherapy diffuser -- 12 queries, trend: emerging
2026-03-20 03:01:59,402 [INFO] [27/90] aromatherapy diffuser done
2026-03-20 03:02:00,531 [INFO]   OK air purifier -- 13 queries, trend: stable
2026-03-20 03:02:01,812 [INFO] [28/90] air purifier done
2026-03-20 03:02:07,792 [INFO]   OK LED mirror -- 1 queries, trend: stable
2026-03-20 03:02:07,792 [INFO] [29/90] LED mirror done
2026-03-20 03:02:12,977 [INFO]   OK floating shelf -- 13 queries, trend: stable
2026-03-20 03:02:12,978 [INFO] [30/90] floating shelf done
2026-03-20 03:02:14,446 [INFO]   OK air fryer accessories -- 13 queries, trend: emerging
2026-03-20 03:02:15,552 [INFO] [31/90] air fryer accessories done
2026-03-20 03:02:16,303 [INFO]   OK coffee accessories -- 6 queries, trend: emerging
2026-03-20 03:02:18,031 [INFO] [32/90] coffee accessories done
2026-03-20 03:02:18,043 [INFO]   OK reusable bags -- 9 queries, trend: stable
2026-03-20 03:02:20,594 [INFO] [33/90] reusable bags done
2026-03-20 03:02:24,993 [INFO]   OK food container -- 7 queries, trend: stable
2026-03-20 03:02:24,993 [INFO] [34/90] food container done
2026-03-20 03:02:29,728 [INFO]   OK water bottle -- 13 queries, trend: stable
2026-03-20 03:02:29,728 [INFO] [35/90] water bottle done
2026-03-20 03:02:31,494 [INFO]   OK lunch box -- 13 queries, trend: stable
2026-03-20 03:02:31,494 [INFO] [36/90] lunch box done
2026-03-20 03:02:32,182 [WARNING]   Rate limited on knife set. Backoff 16s (attempt 1)
2026-03-20 03:02:32,636 [INFO]   OK kitchen gadgets -- 13 queries, trend: stable
2026-03-20 03:02:32,681 [INFO] [37/90] kitchen gadgets done
2026-03-20 03:02:34,098 [WARNING]   Rate limited on face roller. Backoff 18s (attempt 1)
2026-03-20 03:02:35,062 [WARNING]   Rate limited on hair accessories. Backoff 19s (attempt 1)
2026-03-20 03:02:35,250 [INFO]   OK silicone baking -- 10 queries, trend: stable
2026-03-20 03:02:35,519 [INFO] [38/90] silicone baking done
2026-03-20 03:02:36,245 [INFO]   OK spice organizer -- 7 queries, trend: stable
2026-03-20 03:02:37,272 [INFO] [39/90] spice organizer done
2026-03-20 03:02:37,720 [WARNING]   Rate limited on skincare tools. Backoff 21s (attempt 1)
2026-03-20 03:02:38,763 [WARNING]   Rate limited on makeup organizer. Backoff 23s (attempt 1)
2026-03-20 03:02:50,143 [WARNING]   Rate limited on knife set. Backoff 32s (attempt 2)
2026-03-20 03:02:54,191 [WARNING]   Rate limited on face roller. Backoff 36s (attempt 2)
2026-03-20 03:02:56,898 [WARNING]   Rate limited on hair accessories. Backoff 31s (attempt 2)
2026-03-20 03:03:01,256 [WARNING]   Rate limited on skincare tools. Backoff 31s (attempt 2)
2026-03-20 03:03:03,878 [WARNING]   Rate limited on makeup organizer. Backoff 31s (attempt 2)
2026-03-20 03:03:23,902 [WARNING]   Rate limited on knife set. Backoff 66s (attempt 3)
2026-03-20 03:03:30,592 [WARNING]   Rate limited on hair accessories. Backoff 68s (attempt 3)
2026-03-20 03:03:32,980 [WARNING]   Rate limited on face roller. Backoff 61s (attempt 3)
2026-03-20 03:03:34,093 [WARNING]   Rate limited on skincare tools. Backoff 64s (attempt 3)
2026-03-20 03:03:37,027 [WARNING]   Rate limited on makeup organizer. Backoff 69s (attempt 3)
2026-03-20 03:04:31,928 [WARNING]   Rate limited on knife set. Backoff 122s (attempt 4)
2026-03-20 03:04:36,148 [WARNING]   Rate limited on face roller. Backoff 125s (attempt 4)
2026-03-20 03:04:40,867 [WARNING]   Rate limited on skincare tools. Backoff 121s (attempt 4)
2026-03-20 03:04:40,984 [WARNING]   Rate limited on hair accessories. Backoff 129s (attempt 4)
2026-03-20 03:04:48,500 [WARNING]   Rate limited on makeup organizer. Backoff 128s (attempt 4)
2026-03-20 03:06:35,154 [INFO] [40/90] knife set done
2026-03-20 03:06:37,397 [WARNING]   Rate limited on LED face mask. Backoff 18s (attempt 1)
2026-03-20 03:06:41,980 [INFO] [41/90] face roller done
2026-03-20 03:06:43,866 [INFO] [42/90] skincare tools done
2026-03-20 03:06:44,467 [WARNING]   Rate limited on hair dryer brush. Backoff 20s (attempt 1)
2026-03-20 03:06:45,492 [WARNING]   Rate limited on nail art kit. Backoff 16s (attempt 1)
2026-03-20 03:06:51,132 [INFO] [43/90] hair accessories done
2026-03-20 03:06:53,230 [WARNING]   Rate limited on teeth whitening. Backoff 21s (attempt 1)
2026-03-20 03:06:56,876 [INFO] [44/90] makeup organizer done
2026-03-20 03:06:57,173 [WARNING]   Rate limited on LED face mask. Backoff 30s (attempt 2)
2026-03-20 03:06:59,332 [WARNING]   Rate limited on scalp massager. Backoff 20s (attempt 1)
2026-03-20 03:07:04,097 [WARNING]   Rate limited on nail art kit. Backoff 32s (attempt 2)
2026-03-20 03:07:07,296 [WARNING]   Rate limited on hair dryer brush. Backoff 39s (attempt 2)
2026-03-20 03:07:16,569 [WARNING]   Rate limited on teeth whitening. Backoff 37s (attempt 2)
2026-03-20 03:07:21,007 [WARNING]   Rate limited on scalp massager. Backoff 37s (attempt 2)
2026-03-20 03:07:29,716 [WARNING]   Rate limited on LED face mask. Backoff 68s (attempt 3)
2026-03-20 03:07:38,725 [WARNING]   Rate limited on nail art kit. Backoff 68s (attempt 3)
2026-03-20 03:07:48,582 [WARNING]   Rate limited on hair dryer brush. Backoff 66s (attempt 3)
2026-03-20 03:07:56,291 [WARNING]   Rate limited on teeth whitening. Backoff 65s (attempt 3)
2026-03-20 03:08:00,482 [WARNING]   Rate limited on scalp massager. Backoff 66s (attempt 3)
2026-03-20 03:08:39,617 [WARNING]   Rate limited on LED face mask. Backoff 122s (attempt 4)
2026-03-20 03:08:49,045 [WARNING]   Rate limited on nail art kit. Backoff 124s (attempt 4)
2026-03-20 03:08:57,284 [WARNING]   Rate limited on hair dryer brush. Backoff 125s (attempt 4)
2026-03-20 03:09:03,090 [WARNING]   Rate limited on teeth whitening. Backoff 125s (attempt 4)
2026-03-20 03:09:08,453 [WARNING]   Rate limited on scalp massager. Backoff 127s (attempt 4)
2026-03-20 03:10:42,666 [INFO] [45/90] LED face mask done
2026-03-20 03:10:45,136 [WARNING]   Rate limited on gua sha. Backoff 17s (attempt 1)
2026-03-20 03:10:53,872 [INFO] [46/90] nail art kit done
2026-03-20 03:10:56,281 [WARNING]   Rate limited on resistance bands. Backoff 24s (attempt 1)
2026-03-20 03:11:02,863 [INFO] [47/90] hair dryer brush done
2026-03-20 03:11:05,083 [WARNING]   Rate limited on gua sha. Backoff 38s (attempt 2)
2026-03-20 03:11:05,108 [WARNING]   Rate limited on yoga mat. Backoff 19s (attempt 1)
2026-03-20 03:11:08,501 [INFO] [48/90] teeth whitening done
2026-03-20 03:11:10,769 [WARNING]   Rate limited on jump rope. Backoff 23s (attempt 1)
2026-03-20 03:11:16,069 [INFO] [49/90] scalp massager done
2026-03-20 03:11:18,411 [WARNING]   Rate limited on foam roller. Backoff 21s (attempt 1)
2026-03-20 03:11:22,333 [WARNING]   Rate limited on resistance bands. Backoff 35s (attempt 2)
2026-03-20 03:11:26,953 [WARNING]   Rate limited on yoga mat. Backoff 39s (attempt 2)
2026-03-20 03:11:36,031 [WARNING]   Rate limited on jump rope. Backoff 34s (attempt 2)
2026-03-20 03:11:41,245 [WARNING]   Rate limited on foam roller. Backoff 34s (attempt 2)
2026-03-20 03:11:45,493 [WARNING]   Rate limited on gua sha. Backoff 60s (attempt 3)
2026-03-20 03:11:59,490 [WARNING]   Rate limited on resistance bands. Backoff 66s (attempt 3)
2026-03-20 03:12:07,936 [WARNING]   Rate limited on yoga mat. Backoff 62s (attempt 3)
2026-03-20 03:12:12,050 [WARNING]   Rate limited on jump rope. Backoff 66s (attempt 3)
2026-03-20 03:12:17,155 [WARNING]   Rate limited on foam roller. Backoff 67s (attempt 3)
2026-03-20 03:12:48,040 [WARNING]   Rate limited on gua sha. Backoff 123s (attempt 4)
2026-03-20 03:13:08,186 [WARNING]   Rate limited on resistance bands. Backoff 127s (attempt 4)
2026-03-20 03:13:12,078 [WARNING]   Rate limited on yoga mat. Backoff 125s (attempt 4)
2026-03-20 03:13:20,593 [WARNING]   Rate limited on jump rope. Backoff 121s (attempt 4)
2026-03-20 03:13:26,781 [WARNING]   Rate limited on foam roller. Backoff 127s (attempt 4)
2026-03-20 03:14:52,067 [INFO] [50/90] gua sha done
2026-03-20 03:14:54,438 [WARNING]   Rate limited on fitness tracker. Backoff 19s (attempt 1)
2026-03-20 03:15:15,708 [WARNING]   Rate limited on fitness tracker. Backoff 39s (attempt 2)
2026-03-20 03:15:16,037 [INFO] [51/90] resistance bands done
2026-03-20 03:15:17,757 [INFO] [52/90] yoga mat done
2026-03-20 03:15:18,314 [WARNING]   Rate limited on gym bag. Backoff 23s (attempt 1)
2026-03-20 03:15:19,944 [WARNING]   Rate limited on massage gun. Backoff 22s (attempt 1)
2026-03-20 03:15:22,808 [INFO] [53/90] jump rope done
2026-03-20 03:15:25,052 [WARNING]   Rate limited on pull up bar. Backoff 18s (attempt 1)
2026-03-20 03:15:34,256 [INFO] [54/90] foam roller done
2026-03-20 03:15:36,715 [WARNING]   Rate limited on adjustable dumbbells. Backoff 21s (attempt 1)
2026-03-20 03:15:43,269 [WARNING]   Rate limited on gym bag. Backoff 38s (attempt 2)
2026-03-20 03:15:44,675 [WARNING]   Rate limited on massage gun. Backoff 33s (attempt 2)
2026-03-20 03:15:45,256 [WARNING]   Rate limited on pull up bar. Backoff 37s (attempt 2)
2026-03-20 03:15:56,539 [WARNING]   Rate limited on fitness tracker. Backoff 62s (attempt 3)
2026-03-20 03:16:00,702 [WARNING]   Rate limited on adjustable dumbbells. Backoff 35s (attempt 2)
2026-03-20 03:16:20,552 [WARNING]   Rate limited on massage gun. Backoff 61s (attempt 3)
2026-03-20 03:16:23,279 [WARNING]   Rate limited on gym bag. Backoff 68s (attempt 3)
2026-03-20 03:16:24,113 [WARNING]   Rate limited on pull up bar. Backoff 70s (attempt 3)
2026-03-20 03:16:38,093 [WARNING]   Rate limited on adjustable dumbbells. Backoff 65s (attempt 3)
2026-03-20 03:17:01,230 [WARNING]   Rate limited on fitness tracker. Backoff 125s (attempt 4)
2026-03-20 03:17:24,108 [WARNING]   Rate limited on massage gun. Backoff 121s (attempt 4)
2026-03-20 03:17:33,249 [WARNING]   Rate limited on gym bag. Backoff 125s (attempt 4)
2026-03-20 03:17:36,130 [WARNING]   Rate limited on pull up bar. Backoff 129s (attempt 4)
2026-03-20 03:17:45,087 [WARNING]   Rate limited on adjustable dumbbells. Backoff 123s (attempt 4)
2026-03-20 03:19:06,532 [INFO] [55/90] fitness tracker done
2026-03-20 03:19:09,021 [WARNING]   Rate limited on workout gloves. Backoff 15s (attempt 1)
2026-03-20 03:19:26,258 [INFO] [56/90] massage gun done
2026-03-20 03:19:26,398 [WARNING]   Rate limited on workout gloves. Backoff 37s (attempt 2)
2026-03-20 03:19:28,550 [WARNING]   Rate limited on fidget toys. Backoff 25s (attempt 1)
2026-03-20 03:19:38,912 [INFO] [57/90] gym bag done
2026-03-20 03:19:41,138 [WARNING]   Rate limited on dog harness. Backoff 20s (attempt 1)
2026-03-20 03:19:45,912 [INFO] [58/90] pull up bar done
2026-03-20 03:19:48,089 [WARNING]   Rate limited on cat toys. Backoff 22s (attempt 1)
2026-03-20 03:19:49,180 [INFO] [59/90] adjustable dumbbells done
2026-03-20 03:19:51,627 [WARNING]   Rate limited on baby monitor. Backoff 17s (attempt 1)
2026-03-20 03:19:55,696 [WARNING]   Rate limited on fidget toys. Backoff 37s (attempt 2)
2026-03-20 03:20:03,654 [WARNING]   Rate limited on dog harness. Backoff 34s (attempt 2)
2026-03-20 03:20:05,483 [WARNING]   Rate limited on workout gloves. Backoff 70s (attempt 3)
2026-03-20 03:20:10,905 [WARNING]   Rate limited on baby monitor. Backoff 32s (attempt 2)
2026-03-20 03:20:12,080 [WARNING]   Rate limited on cat toys. Backoff 30s (attempt 2)
2026-03-20 03:20:35,367 [WARNING]   Rate limited on fidget toys. Backoff 70s (attempt 3)
2026-03-20 03:20:40,363 [WARNING]   Rate limited on dog harness. Backoff 64s (attempt 3)
2026-03-20 03:20:44,795 [WARNING]   Rate limited on cat toys. Backoff 61s (attempt 3)
2026-03-20 03:20:45,152 [WARNING]   Rate limited on baby monitor. Backoff 69s (attempt 3)
2026-03-20 03:21:17,550 [WARNING]   Rate limited on workout gloves. Backoff 127s (attempt 4)
2026-03-20 03:21:46,412 [WARNING]   Rate limited on dog harness. Backoff 129s (attempt 4)
2026-03-20 03:21:47,705 [WARNING]   Rate limited on fidget toys. Backoff 126s (attempt 4)
2026-03-20 03:21:48,555 [WARNING]   Rate limited on cat toys. Backoff 126s (attempt 4)
2026-03-20 03:21:56,346 [WARNING]   Rate limited on baby monitor. Backoff 124s (attempt 4)
2026-03-20 03:23:25,412 [INFO] [60/90] workout gloves done
2026-03-20 03:23:27,935 [WARNING]   Rate limited on kids tablet case. Backoff 17s (attempt 1)
2026-03-20 03:23:47,447 [WARNING]   Rate limited on kids tablet case. Backoff 38s (attempt 2)
2026-03-20 03:23:54,930 [INFO] [61/90] fidget toys done
2026-03-20 03:23:57,302 [WARNING]   Rate limited on pet camera. Backoff 22s (attempt 1)
2026-03-20 03:23:57,883 [INFO] [62/90] cat toys done
2026-03-20 03:23:57,883 [WARNING]   Rate limited on dog bed. Backoff 18s (attempt 1)
2026-03-20 03:23:58,994 [WARNING]   Rate limited on pet grooming. Backoff 15s (attempt 1)
2026-03-20 03:23:59,420 [INFO] [63/90] dog harness done
2026-03-20 03:24:01,442 [INFO] [64/90] baby monitor done
2026-03-20 03:24:03,489 [WARNING]   Rate limited on baby carrier. Backoff 18s (attempt 1)
2026-03-20 03:24:16,665 [WARNING]   Rate limited on pet grooming. Backoff 33s (attempt 2)
2026-03-20 03:24:18,406 [WARNING]   Rate limited on dog bed. Backoff 35s (attempt 2)
2026-03-20 03:24:22,097 [WARNING]   Rate limited on pet camera. Backoff 39s (attempt 2)
2026-03-20 03:24:23,907 [WARNING]   Rate limited on baby carrier. Backoff 34s (attempt 2)
2026-03-20 03:24:27,589 [WARNING]   Rate limited on kids tablet case. Backoff 66s (attempt 3)
2026-03-20 03:24:51,844 [WARNING]   Rate limited on pet grooming. Backoff 65s (attempt 3)
2026-03-20 03:24:55,697 [WARNING]   Rate limited on dog bed. Backoff 66s (attempt 3)
2026-03-20 03:25:00,861 [WARNING]   Rate limited on baby carrier. Backoff 66s (attempt 3)
2026-03-20 03:25:03,165 [WARNING]   Rate limited on pet camera. Backoff 66s (attempt 3)
2026-03-20 03:25:35,779 [WARNING]   Rate limited on kids tablet case. Backoff 125s (attempt 4)
2026-03-20 03:25:59,504 [WARNING]   Rate limited on pet grooming. Backoff 122s (attempt 4)
2026-03-20 03:26:04,202 [WARNING]   Rate limited on dog bed. Backoff 127s (attempt 4)
2026-03-20 03:26:09,771 [WARNING]   Rate limited on baby carrier. Backoff 127s (attempt 4)
2026-03-20 03:26:11,312 [WARNING]   Rate limited on pet camera. Backoff 123s (attempt 4)
2026-03-20 03:27:41,967 [INFO] [65/90] kids tablet case done
2026-03-20 03:27:44,318 [WARNING]   Rate limited on educational toys. Backoff 21s (attempt 1)
2026-03-20 03:28:02,213 [INFO] [66/90] pet grooming done
2026-03-20 03:28:04,454 [WARNING]   Rate limited on crossbody bag. Backoff 23s (attempt 1)
2026-03-20 03:28:07,222 [WARNING]   Rate limited on educational toys. Backoff 37s (attempt 2)
2026-03-20 03:28:12,285 [INFO] [67/90] dog bed done
2026-03-20 03:28:14,596 [WARNING]   Rate limited on sunglasses. Backoff 23s (attempt 1)
2026-03-20 03:28:15,487 [INFO] [68/90] pet camera done
2026-03-20 03:28:17,657 [INFO] [69/90] baby carrier done
2026-03-20 03:28:17,713 [WARNING]   Rate limited on minimalist wallet. Backoff 21s (attempt 1)
2026-03-20 03:28:19,812 [WARNING]   Rate limited on tote bag. Backoff 15s (attempt 1)
2026-03-20 03:28:29,351 [WARNING]   Rate limited on crossbody bag. Backoff 30s (attempt 2)
2026-03-20 03:28:37,489 [WARNING]   Rate limited on tote bag. Backoff 34s (attempt 2)
2026-03-20 03:28:40,210 [WARNING]   Rate limited on sunglasses. Backoff 30s (attempt 2)
2026-03-20 03:28:41,338 [WARNING]   Rate limited on minimalist wallet. Backoff 37s (attempt 2)
2026-03-20 03:28:46,844 [WARNING]   Rate limited on educational toys. Backoff 62s (attempt 3)
2026-03-20 03:29:02,111 [WARNING]   Rate limited on crossbody bag. Backoff 66s (attempt 3)
2026-03-20 03:29:13,128 [WARNING]   Rate limited on sunglasses. Backoff 70s (attempt 3)
2026-03-20 03:29:13,300 [WARNING]   Rate limited on tote bag. Backoff 65s (attempt 3)
2026-03-20 03:29:20,462 [WARNING]   Rate limited on minimalist wallet. Backoff 64s (attempt 3)
2026-03-20 03:29:51,269 [WARNING]   Rate limited on educational toys. Backoff 129s (attempt 4)
2026-03-20 03:30:10,860 [WARNING]   Rate limited on crossbody bag. Backoff 120s (attempt 4)
2026-03-20 03:30:20,686 [WARNING]   Rate limited on tote bag. Backoff 129s (attempt 4)
2026-03-20 03:30:25,698 [WARNING]   Rate limited on sunglasses. Backoff 121s (attempt 4)
2026-03-20 03:30:26,463 [WARNING]   Rate limited on minimalist wallet. Backoff 127s (attempt 4)
2026-03-20 03:32:01,156 [INFO] [70/90] educational toys done
2026-03-20 03:32:03,385 [WARNING]   Rate limited on baseball cap. Backoff 22s (attempt 1)
2026-03-20 03:32:12,068 [INFO] [71/90] crossbody bag done
2026-03-20 03:32:14,337 [WARNING]   Rate limited on sneaker cleaning. Backoff 21s (attempt 1)
2026-03-20 03:32:27,450 [INFO] [72/90] sunglasses done
2026-03-20 03:32:27,556 [WARNING]   Rate limited on baseball cap. Backoff 40s (attempt 2)
2026-03-20 03:32:29,848 [WARNING]   Rate limited on belt bag. Backoff 22s (attempt 1)
2026-03-20 03:32:30,329 [INFO] [73/90] tote bag done
2026-03-20 03:32:32,538 [WARNING]   Rate limited on watch band. Backoff 17s (attempt 1)
2026-03-20 03:32:33,850 [INFO] [74/90] minimalist wallet done
2026-03-20 03:32:36,128 [WARNING]   Rate limited on jewelry organizer. Backoff 21s (attempt 1)
2026-03-20 03:32:37,877 [WARNING]   Rate limited on sneaker cleaning. Backoff 32s (attempt 2)
2026-03-20 03:32:51,440 [WARNING]   Rate limited on watch band. Backoff 36s (attempt 2)
2026-03-20 03:32:54,184 [WARNING]   Rate limited on belt bag. Backoff 34s (attempt 2)
2026-03-20 03:32:59,253 [WARNING]   Rate limited on jewelry organizer. Backoff 40s (attempt 2)
2026-03-20 03:33:09,753 [WARNING]   Rate limited on baseball cap. Backoff 68s (attempt 3)
2026-03-20 03:33:12,502 [WARNING]   Rate limited on sneaker cleaning. Backoff 68s (attempt 3)
2026-03-20 03:33:29,704 [WARNING]   Rate limited on watch band. Backoff 67s (attempt 3)
2026-03-20 03:33:30,270 [WARNING]   Rate limited on belt bag. Backoff 61s (attempt 3)
2026-03-20 03:33:41,603 [WARNING]   Rate limited on jewelry organizer. Backoff 66s (attempt 3)
2026-03-20 03:34:20,072 [WARNING]   Rate limited on baseball cap. Backoff 126s (attempt 4)
2026-03-20 03:34:22,376 [WARNING]   Rate limited on sneaker cleaning. Backoff 125s (attempt 4)
2026-03-20 03:34:34,012 [WARNING]   Rate limited on belt bag. Backoff 128s (attempt 4)
2026-03-20 03:34:39,032 [WARNING]   Rate limited on watch band. Backoff 127s (attempt 4)
2026-03-20 03:34:49,567 [WARNING]   Rate limited on jewelry organizer. Backoff 122s (attempt 4)
2026-03-20 03:36:26,829 [INFO] [75/90] baseball cap done
2026-03-20 03:36:29,277 [WARNING]   Rate limited on scarf. Backoff 17s (attempt 1)
2026-03-20 03:36:29,377 [INFO] [76/90] sneaker cleaning done
2026-03-20 03:36:31,065 [WARNING]   Rate limited on stanley cup accessories. Backoff 20s (attempt 1)
2026-03-20 03:36:42,354 [INFO] [77/90] belt bag done
2026-03-20 03:36:44,678 [WARNING]   Rate limited on viral tiktok product. Backoff 16s (attempt 1)
2026-03-20 03:36:46,787 [INFO] [78/90] watch band done
2026-03-20 03:36:49,383 [WARNING]   Rate limited on scarf. Backoff 36s (attempt 2)
2026-03-20 03:36:49,403 [WARNING]   Rate limited on trending gadget 2026. Backoff 22s (attempt 1)
2026-03-20 03:36:52,555 [INFO] [79/90] jewelry organizer done
2026-03-20 03:36:53,474 [WARNING]   Rate limited on stanley cup accessories. Backoff 31s (attempt 2)
2026-03-20 03:36:54,980 [WARNING]   Rate limited on summer outdoor. Backoff 17s (attempt 1)
2026-03-20 03:37:03,317 [WARNING]   Rate limited on viral tiktok product. Backoff 38s (attempt 2)
2026-03-20 03:37:14,318 [WARNING]   Rate limited on trending gadget 2026. Backoff 33s (attempt 2)
2026-03-20 03:37:14,321 [WARNING]   Rate limited on summer outdoor. Backoff 31s (attempt 2)
2026-03-20 03:37:27,072 [WARNING]   Rate limited on stanley cup accessories. Backoff 63s (attempt 3)
2026-03-20 03:37:27,873 [WARNING]   Rate limited on scarf. Backoff 66s (attempt 3)
2026-03-20 03:37:43,777 [WARNING]   Rate limited on viral tiktok product. Backoff 61s (attempt 3)
2026-03-20 03:37:47,813 [WARNING]   Rate limited on summer outdoor. Backoff 70s (attempt 3)
2026-03-20 03:37:49,172 [WARNING]   Rate limited on trending gadget 2026. Backoff 66s (attempt 3)
2026-03-20 03:38:32,643 [WARNING]   Rate limited on stanley cup accessories. Backoff 126s (attempt 4)
2026-03-20 03:38:36,603 [WARNING]   Rate limited on scarf. Backoff 127s (attempt 4)
2026-03-20 03:38:46,676 [WARNING]   Rate limited on viral tiktok product. Backoff 127s (attempt 4)
2026-03-20 03:38:58,028 [WARNING]   Rate limited on trending gadget 2026. Backoff 127s (attempt 4)
2026-03-20 03:38:59,927 [WARNING]   Rate limited on summer outdoor. Backoff 121s (attempt 4)
2026-03-20 03:40:39,509 [INFO] [80/90] stanley cup accessories done
2026-03-20 03:40:41,873 [WARNING]   Rate limited on beach accessories. Backoff 21s (attempt 1)
2026-03-20 03:40:44,229 [INFO] [81/90] scarf done
2026-03-20 03:40:46,457 [WARNING]   Rate limited on camping gear. Backoff 19s (attempt 1)
2026-03-20 03:40:53,872 [INFO] [82/90] viral tiktok product done
2026-03-20 03:40:56,123 [WARNING]   Rate limited on graduation gift. Backoff 22s (attempt 1)
2026-03-20 03:41:01,577 [INFO] [83/90] summer outdoor done
2026-03-20 03:41:03,874 [WARNING]   Rate limited on back to school supplies. Backoff 18s (attempt 1)
2026-03-20 03:41:05,117 [WARNING]   Rate limited on beach accessories. Backoff 39s (attempt 2)
2026-03-20 03:41:05,767 [INFO] [84/90] trending gadget 2026 done
2026-03-20 03:41:07,462 [WARNING]   Rate limited on camping gear. Backoff 34s (attempt 2)
2026-03-20 03:41:08,205 [WARNING]   Rate limited on halloween costume. Backoff 23s (attempt 1)
2026-03-20 03:41:20,233 [WARNING]   Rate limited on graduation gift. Backoff 38s (attempt 2)
2026-03-20 03:41:24,162 [WARNING]   Rate limited on back to school supplies. Backoff 35s (attempt 2)
2026-03-20 03:41:33,697 [WARNING]   Rate limited on halloween costume. Backoff 38s (attempt 2)
2026-03-20 03:41:44,110 [WARNING]   Rate limited on camping gear. Backoff 61s (attempt 3)
2026-03-20 03:41:46,027 [WARNING]   Rate limited on beach accessories. Backoff 62s (attempt 3)
2026-03-20 03:42:00,583 [WARNING]   Rate limited on graduation gift. Backoff 64s (attempt 3)
2026-03-20 03:42:01,162 [WARNING]   Rate limited on back to school supplies. Backoff 64s (attempt 3)
2026-03-20 03:42:14,401 [WARNING]   Rate limited on halloween costume. Backoff 65s (attempt 3)
2026-03-20 03:42:47,580 [WARNING]   Rate limited on camping gear. Backoff 124s (attempt 4)
2026-03-20 03:42:50,567 [WARNING]   Rate limited on beach accessories. Backoff 120s (attempt 4)
2026-03-20 03:43:06,806 [WARNING]   Rate limited on graduation gift. Backoff 126s (attempt 4)
2026-03-20 03:43:08,067 [WARNING]   Rate limited on back to school supplies. Backoff 125s (attempt 4)
2026-03-20 03:43:22,096 [WARNING]   Rate limited on halloween costume. Backoff 128s (attempt 4)
2026-03-20 03:44:51,783 [INFO] [85/90] beach accessories done
2026-03-20 03:44:53,880 [INFO] [86/90] camping gear done
2026-03-20 03:44:54,093 [WARNING]   Rate limited on christmas gift ideas. Backoff 16s (attempt 1)
2026-03-20 03:45:12,991 [WARNING]   Rate limited on christmas gift ideas. Backoff 31s (attempt 2)
2026-03-20 03:45:13,697 [INFO] [87/90] graduation gift done
2026-03-20 03:45:14,721 [INFO] [88/90] back to school supplies done
2026-03-20 03:45:30,849 [INFO] [89/90] halloween costume done
2026-03-20 03:45:46,071 [WARNING]   Rate limited on christmas gift ideas. Backoff 64s (attempt 3)
2026-03-20 03:46:51,917 [WARNING]   Rate limited on christmas gift ideas. Backoff 123s (attempt 4)
2026-03-20 03:48:55,899 [INFO] [90/90] christmas gift ideas done
2026-03-20 03:48:57,544 [INFO] ==================================================
2026-03-20 03:48:57,544 [INFO] Done. 423 results collected.
2026-03-20 03:48:57,545 [INFO] CSV:  C:\Users\kalan/behique/output\trending_products_2026-03-20.csv
2026-03-20 03:48:57,546 [INFO] JSON: C:\Users\kalan/behique/output\trending_products_2026-03-20.json
2026-03-20 03:48:57,546 [INFO] Picks: C:\Users\kalan/behique/output\top_picks_2026-03-20.txt
2026-03-20 03:48:57,546 [INFO] 
TOP 10 PRODUCTS:
2026-03-20 03:48:57,547 [INFO] ------------------------------------------------------------
2026-03-20 03:48:57,547 [INFO]   glade aromatherapy diffuser refill     score:0.651 vel:3.92 [emerging]
2026-03-20 03:48:57,548 [INFO]   sharper image aromatherapy diffuser    score:0.651 vel:3.92 [emerging]
2026-03-20 03:48:57,548 [INFO]   aromatherapy essential oil diffuser    score:0.651 vel:3.92 [emerging]
2026-03-20 03:48:57,548 [INFO]   innogear aromatherapy diffuser         score:0.621 vel:3.92 [emerging]
2026-03-20 03:48:57,549 [INFO]   aromatherapy diffuser pen              score:0.621 vel:3.92 [emerging]
2026-03-20 03:48:57,549 [INFO]   aromatherapy diffuser oils             score:0.621 vel:3.92 [emerging]
2026-03-20 03:48:57,549 [INFO]   aromatherapy oil diffuser              score:0.621 vel:3.92 [emerging]
2026-03-20 03:48:57,550 [INFO]   best aromatherapy diffuser             score:0.621 vel:3.92 [emerging]
2026-03-20 03:48:57,550 [INFO]   aromatherapy diffuser oils             score:0.621 vel:3.92 [emerging]
2026-03-20 03:48:57,550 [INFO]   how to use aromatherapy diffuser       score:0.601 vel:3.92 [emerging]
2026-03-20 03:48:57,551 [WARNING] 
51 keywords failed: knife set, face roller, skincare tools, hair accessories, makeup organizer, LED face mask, nail art kit, hair dryer brush, teeth whitening, scalp massager
2026-03-20 03:48:57,551 [INFO] 
Active proxies remaining: 0/0
