2026-03-17 03:00:05,945 [WARNING] Proxy file not found: C:\Users\kalan/Downloads/Webshare 10 proxies.txt
2026-03-17 03:00:05,945 [WARNING] Running without proxies (higher ban risk)
2026-03-17 03:00:05,959 [INFO] Google Trends Product Research v2
2026-03-17 03:00:05,959 [INFO] Date: 2026-03-17 03:00 | Market: US | Timeframes: ['now 7-d', 'today 1-m', 'today 3-m']
2026-03-17 03:00:05,959 [INFO] Scanning 90 keywords across 8 categories
2026-03-17 03:00:05,959 [INFO] Workers: 5 | Batch size: 5
2026-03-17 03:00:05,959 [INFO] Active proxies: 0/0
2026-03-17 03:00:05,959 [INFO] --------------------------------------------------
2026-03-17 03:00:08,947 [WARNING]   Rate limited on LED strip lights. Backoff 16s (attempt 1)
2026-03-17 03:00:08,959 [WARNING]   Rate limited on ring light. Backoff 25s (attempt 1)
2026-03-17 03:00:09,930 [WARNING]   Rate limited on portable charger. Backoff 20s (attempt 1)
2026-03-17 03:00:10,030 [WARNING]   Rate limited on phone stand. Backoff 17s (attempt 1)
2026-03-17 03:00:10,618 [WARNING]   Rate limited on wireless earbuds. Backoff 16s (attempt 1)
2026-03-17 03:00:29,708 [WARNING]   Rate limited on wireless earbuds. Backoff 30s (attempt 2)
2026-03-17 03:00:29,751 [WARNING]   Rate limited on phone stand. Backoff 39s (attempt 2)
2026-03-17 03:00:31,683 [WARNING]   Rate limited on portable charger. Backoff 37s (attempt 2)
2026-03-17 03:00:35,038 [INFO]   OK LED strip lights -- 5 queries, trend: stable
2026-03-17 03:00:35,039 [INFO] [1/90] LED strip lights done
2026-03-17 03:00:36,869 [WARNING]   Rate limited on ring light. Backoff 34s (attempt 2)
2026-03-17 03:00:37,189 [WARNING]   Rate limited on smart watch. Backoff 24s (attempt 1)
2026-03-17 03:01:04,713 [WARNING]   Rate limited on smart watch. Backoff 37s (attempt 2)
2026-03-17 03:01:11,299 [WARNING]   Rate limited on phone stand. Backoff 67s (attempt 3)
2026-03-17 03:01:12,136 [WARNING]   Rate limited on portable charger. Backoff 65s (attempt 3)
2026-03-17 03:01:13,031 [WARNING]   Rate limited on ring light. Backoff 69s (attempt 3)
2026-03-17 03:01:15,143 [INFO]   OK wireless earbuds -- 13 queries, trend: emerging
2026-03-17 03:01:15,145 [INFO] [2/90] wireless earbuds done
2026-03-17 03:01:33,151 [INFO]   OK phone case -- 11 queries, trend: stable
2026-03-17 03:01:33,152 [INFO] [3/90] phone case done
2026-03-17 03:01:35,275 [WARNING]   Rate limited on laptop stand. Backoff 21s (attempt 1)
2026-03-17 03:01:44,940 [WARNING]   Rate limited on smart watch. Backoff 65s (attempt 3)
2026-03-17 03:01:59,161 [WARNING]   Rate limited on laptop stand. Backoff 31s (attempt 2)
2026-03-17 03:02:32,167 [INFO]   OK phone stand -- 13 queries, trend: stable
2026-03-17 03:02:32,168 [INFO] [4/90] phone stand done
2026-03-17 03:02:33,039 [WARNING]   Rate limited on laptop stand. Backoff 61s (attempt 3)
2026-03-17 03:02:34,352 [INFO]   OK portable charger -- 13 queries, trend: stable
2026-03-17 03:02:34,616 [INFO] [5/90] portable charger done
2026-03-17 03:02:35,168 [WARNING]   Rate limited on webcam. Backoff 18s (attempt 1)
2026-03-17 03:02:36,620 [WARNING]   Rate limited on bluetooth speaker. Backoff 24s (attempt 1)
2026-03-17 03:02:37,660 [INFO]   OK ring light -- 11 queries, trend: stable
2026-03-17 03:02:37,661 [INFO] [6/90] ring light done
2026-03-17 03:02:40,000 [WARNING]   Rate limited on USB hub. Backoff 23s (attempt 1)
2026-03-17 03:02:52,105 [WARNING]   Rate limited on smart watch. Backoff 127s (attempt 4)
2026-03-17 03:02:54,875 [WARNING]   Rate limited on webcam. Backoff 34s (attempt 2)
2026-03-17 03:03:03,170 [WARNING]   Rate limited on bluetooth speaker. Backoff 30s (attempt 2)
2026-03-17 03:03:04,936 [WARNING]   Rate limited on USB hub. Backoff 34s (attempt 2)
2026-03-17 03:03:31,012 [WARNING]   Rate limited on webcam. Backoff 64s (attempt 3)
2026-03-17 03:03:35,733 [WARNING]   Rate limited on bluetooth speaker. Backoff 61s (attempt 3)
2026-03-17 03:03:36,308 [WARNING]   Rate limited on laptop stand. Backoff 129s (attempt 4)
2026-03-17 03:03:40,789 [WARNING]   Rate limited on USB hub. Backoff 64s (attempt 3)
2026-03-17 03:04:37,489 [WARNING]   Rate limited on webcam. Backoff 127s (attempt 4)
2026-03-17 03:04:38,948 [WARNING]   Rate limited on bluetooth speaker. Backoff 125s (attempt 4)
2026-03-17 03:04:46,935 [WARNING]   Rate limited on USB hub. Backoff 126s (attempt 4)
2026-03-17 03:04:59,534 [INFO] [7/90] smart watch done
2026-03-17 03:05:01,742 [WARNING]   Rate limited on wireless mouse. Backoff 22s (attempt 1)
2026-03-17 03:05:25,957 [WARNING]   Rate limited on wireless mouse. Backoff 37s (attempt 2)
2026-03-17 03:05:46,176 [INFO] [8/90] laptop stand done
2026-03-17 03:05:48,372 [WARNING]   Rate limited on screen protector. Backoff 16s (attempt 1)
2026-03-17 03:06:05,541 [WARNING]   Rate limited on wireless mouse. Backoff 68s (attempt 3)
2026-03-17 03:06:06,416 [WARNING]   Rate limited on screen protector. Backoff 37s (attempt 2)
2026-03-17 03:06:44,518 [INFO] [9/90] bluetooth speaker done
2026-03-17 03:06:45,655 [WARNING]   Rate limited on screen protector. Backoff 63s (attempt 3)
2026-03-17 03:06:46,534 [INFO] [10/90] webcam done
2026-03-17 03:06:46,762 [WARNING]   Rate limited on power bank. Backoff 17s (attempt 1)
2026-03-17 03:06:47,940 [WARNING]   Rate limited on cable organizer. Backoff 22s (attempt 1)
2026-03-17 03:06:53,389 [INFO] [11/90] USB hub done
2026-03-17 03:06:55,548 [WARNING]   Rate limited on air purifier. Backoff 21s (attempt 1)
2026-03-17 03:07:06,393 [WARNING]   Rate limited on power bank. Backoff 38s (attempt 2)
2026-03-17 03:07:11,750 [WARNING]   Rate limited on cable organizer. Backoff 34s (attempt 2)
2026-03-17 03:07:15,129 [WARNING]   Rate limited on wireless mouse. Backoff 126s (attempt 4)
2026-03-17 03:07:19,324 [WARNING]   Rate limited on air purifier. Backoff 35s (attempt 2)
2026-03-17 03:07:46,481 [WARNING]   Rate limited on power bank. Backoff 63s (attempt 3)
2026-03-17 03:07:48,369 [WARNING]   Rate limited on cable organizer. Backoff 62s (attempt 3)
2026-03-17 03:07:51,138 [WARNING]   Rate limited on screen protector. Backoff 127s (attempt 4)
2026-03-17 03:07:56,697 [WARNING]   Rate limited on air purifier. Backoff 63s (attempt 3)
2026-03-17 03:08:51,413 [WARNING]   Rate limited on power bank. Backoff 130s (attempt 4)
2026-03-17 03:08:53,099 [WARNING]   Rate limited on cable organizer. Backoff 124s (attempt 4)
2026-03-17 03:09:02,290 [WARNING]   Rate limited on air purifier. Backoff 130s (attempt 4)
2026-03-17 03:09:21,808 [INFO] [12/90] wireless mouse done
2026-03-17 03:09:23,976 [WARNING]   Rate limited on humidifier. Backoff 20s (attempt 1)
2026-03-17 03:09:46,442 [WARNING]   Rate limited on humidifier. Backoff 34s (attempt 2)
2026-03-17 03:09:59,325 [INFO] [13/90] screen protector done
2026-03-17 03:10:01,376 [WARNING]   Rate limited on storage organizer. Backoff 23s (attempt 1)
2026-03-17 03:10:22,647 [WARNING]   Rate limited on humidifier. Backoff 66s (attempt 3)
2026-03-17 03:10:27,058 [WARNING]   Rate limited on storage organizer. Backoff 31s (attempt 2)
2026-03-17 03:10:58,087 [INFO] [14/90] cable organizer done
2026-03-17 03:10:59,901 [WARNING]   Rate limited on storage organizer. Backoff 62s (attempt 3)
2026-03-17 03:11:00,311 [WARNING]   Rate limited on desk lamp. Backoff 17s (attempt 1)
2026-03-17 03:11:01,612 [INFO] [15/90] power bank done
2026-03-17 03:11:03,805 [WARNING]   Rate limited on shower curtain. Backoff 19s (attempt 1)
2026-03-17 03:11:12,563 [INFO] [16/90] air purifier done
2026-03-17 03:11:14,855 [WARNING]   Rate limited on candle holder. Backoff 15s (attempt 1)
2026-03-17 03:11:20,030 [WARNING]   Rate limited on desk lamp. Backoff 37s (attempt 2)
2026-03-17 03:11:25,606 [WARNING]   Rate limited on shower curtain. Backoff 38s (attempt 2)
2026-03-17 03:11:31,229 [WARNING]   Rate limited on humidifier. Backoff 121s (attempt 4)
2026-03-17 03:11:32,279 [WARNING]   Rate limited on candle holder. Backoff 36s (attempt 2)
2026-03-17 03:11:59,458 [WARNING]   Rate limited on desk lamp. Backoff 63s (attempt 3)
2026-03-17 03:12:04,465 [WARNING]   Rate limited on storage organizer. Backoff 125s (attempt 4)
2026-03-17 03:12:06,324 [WARNING]   Rate limited on shower curtain. Backoff 61s (attempt 3)
2026-03-17 03:12:10,984 [WARNING]   Rate limited on candle holder. Backoff 66s (attempt 3)
2026-03-17 03:13:04,242 [WARNING]   Rate limited on desk lamp. Backoff 123s (attempt 4)
2026-03-17 03:13:09,440 [WARNING]   Rate limited on shower curtain. Backoff 128s (attempt 4)
2026-03-17 03:13:19,348 [WARNING]   Rate limited on candle holder. Backoff 125s (attempt 4)
2026-03-17 03:13:33,235 [INFO] [17/90] humidifier done
2026-03-17 03:13:35,428 [WARNING]   Rate limited on wall art. Backoff 16s (attempt 1)
2026-03-17 03:13:53,158 [WARNING]   Rate limited on wall art. Backoff 34s (attempt 2)
2026-03-17 03:14:09,885 [INFO] [18/90] storage organizer done
2026-03-17 03:14:11,968 [WARNING]   Rate limited on throw pillow. Backoff 21s (attempt 1)
2026-03-17 03:14:30,062 [WARNING]   Rate limited on wall art. Backoff 68s (attempt 3)
2026-03-17 03:14:35,442 [WARNING]   Rate limited on throw pillow. Backoff 32s (attempt 2)
2026-03-17 03:15:07,996 [INFO] [19/90] desk lamp done
2026-03-17 03:15:09,357 [WARNING]   Rate limited on throw pillow. Backoff 60s (attempt 3)
2026-03-17 03:15:10,243 [WARNING]   Rate limited on bookshelf decor. Backoff 17s (attempt 1)
2026-03-17 03:15:18,070 [INFO] [20/90] shower curtain done
2026-03-17 03:15:20,316 [WARNING]   Rate limited on plant pots. Backoff 17s (attempt 1)
2026-03-17 03:15:24,885 [INFO] [21/90] candle holder done
2026-03-17 03:15:27,206 [WARNING]   Rate limited on cable management. Backoff 25s (attempt 1)
2026-03-17 03:15:29,033 [WARNING]   Rate limited on bookshelf decor. Backoff 31s (attempt 2)
2026-03-17 03:15:39,716 [WARNING]   Rate limited on plant pots. Backoff 30s (attempt 2)
2026-03-17 03:15:40,021 [WARNING]   Rate limited on wall art. Backoff 128s (attempt 4)
2026-03-17 03:15:54,066 [WARNING]   Rate limited on cable management. Backoff 33s (attempt 2)
2026-03-17 03:16:02,000 [WARNING]   Rate limited on bookshelf decor. Backoff 69s (attempt 3)
2026-03-17 03:16:12,035 [WARNING]   Rate limited on throw pillow. Backoff 121s (attempt 4)
2026-03-17 03:16:12,660 [WARNING]   Rate limited on plant pots. Backoff 63s (attempt 3)
2026-03-17 03:16:29,425 [WARNING]   Rate limited on cable management. Backoff 68s (attempt 3)
2026-03-17 03:17:13,779 [WARNING]   Rate limited on bookshelf decor. Backoff 121s (attempt 4)
2026-03-17 03:17:17,726 [WARNING]   Rate limited on plant pots. Backoff 121s (attempt 4)
2026-03-17 03:17:39,334 [WARNING]   Rate limited on cable management. Backoff 127s (attempt 4)
2026-03-17 03:17:48,627 [INFO] [22/90] wall art done
2026-03-17 03:17:51,158 [WARNING]   Rate limited on drawer organizer. Backoff 21s (attempt 1)
2026-03-17 03:18:13,763 [INFO] [23/90] throw pillow done
2026-03-17 03:18:13,883 [WARNING]   Rate limited on drawer organizer. Backoff 31s (attempt 2)
2026-03-17 03:18:15,790 [WARNING]   Rate limited on aromatherapy diffuser. Backoff 17s (attempt 1)
2026-03-17 03:18:34,842 [WARNING]   Rate limited on aromatherapy diffuser. Backoff 34s (attempt 2)
2026-03-17 03:18:46,922 [WARNING]   Rate limited on drawer organizer. Backoff 61s (attempt 3)
2026-03-17 03:19:10,884 [WARNING]   Rate limited on aromatherapy diffuser. Backoff 62s (attempt 3)
2026-03-17 03:19:15,708 [INFO] [24/90] bookshelf decor done
2026-03-17 03:19:18,056 [WARNING]   Rate limited on LED mirror. Backoff 22s (attempt 1)
2026-03-17 03:19:19,788 [INFO] [25/90] plant pots done
2026-03-17 03:19:22,083 [WARNING]   Rate limited on floating shelf. Backoff 20s (attempt 1)
2026-03-17 03:19:42,317 [WARNING]   Rate limited on LED mirror. Backoff 30s (attempt 2)
2026-03-17 03:19:44,063 [WARNING]   Rate limited on floating shelf. Backoff 37s (attempt 2)
2026-03-17 03:19:47,367 [INFO] [26/90] cable management done
2026-03-17 03:19:49,579 [WARNING]   Rate limited on air fryer accessories. Backoff 23s (attempt 1)
2026-03-17 03:19:50,693 [WARNING]   Rate limited on drawer organizer. Backoff 125s (attempt 4)
2026-03-17 03:20:15,056 [WARNING]   Rate limited on air fryer accessories. Backoff 36s (attempt 2)
2026-03-17 03:20:15,151 [WARNING]   Rate limited on LED mirror. Backoff 63s (attempt 3)
2026-03-17 03:20:15,695 [WARNING]   Rate limited on aromatherapy diffuser. Backoff 130s (attempt 4)
2026-03-17 03:20:23,132 [WARNING]   Rate limited on floating shelf. Backoff 69s (attempt 3)
2026-03-17 03:20:53,373 [WARNING]   Rate limited on air fryer accessories. Backoff 70s (attempt 3)
2026-03-17 03:21:20,124 [WARNING]   Rate limited on LED mirror. Backoff 127s (attempt 4)
2026-03-17 03:21:34,356 [WARNING]   Rate limited on floating shelf. Backoff 130s (attempt 4)
2026-03-17 03:21:56,211 [INFO] [27/90] drawer organizer done
2026-03-17 03:21:58,392 [WARNING]   Rate limited on coffee accessories. Backoff 15s (attempt 1)
2026-03-17 03:22:05,115 [WARNING]   Rate limited on air fryer accessories. Backoff 122s (attempt 4)
2026-03-17 03:22:15,693 [WARNING]   Rate limited on coffee accessories. Backoff 34s (attempt 2)
2026-03-17 03:22:26,361 [INFO] [28/90] aromatherapy diffuser done
2026-03-17 03:22:28,530 [WARNING]   Rate limited on reusable bags. Backoff 20s (attempt 1)
2026-03-17 03:22:50,938 [WARNING]   Rate limited on reusable bags. Backoff 35s (attempt 2)
2026-03-17 03:22:52,195 [WARNING]   Rate limited on coffee accessories. Backoff 69s (attempt 3)
2026-03-17 03:23:27,555 [INFO] [29/90] LED mirror done
2026-03-17 03:23:28,328 [WARNING]   Rate limited on reusable bags. Backoff 64s (attempt 3)
2026-03-17 03:23:29,785 [WARNING]   Rate limited on food container. Backoff 17s (attempt 1)
2026-03-17 03:23:44,791 [INFO] [30/90] floating shelf done
2026-03-17 03:23:46,955 [WARNING]   Rate limited on water bottle. Backoff 15s (attempt 1)
2026-03-17 03:23:49,622 [WARNING]   Rate limited on food container. Backoff 36s (attempt 2)
2026-03-17 03:24:03,700 [WARNING]   Rate limited on coffee accessories. Backoff 127s (attempt 4)
2026-03-17 03:24:04,700 [WARNING]   Rate limited on water bottle. Backoff 40s (attempt 2)
2026-03-17 03:24:07,809 [INFO] [31/90] air fryer accessories done
2026-03-17 03:24:10,055 [WARNING]   Rate limited on lunch box. Backoff 25s (attempt 1)
2026-03-17 03:24:27,447 [WARNING]   Rate limited on food container. Backoff 63s (attempt 3)
2026-03-17 03:24:34,793 [WARNING]   Rate limited on reusable bags. Backoff 125s (attempt 4)
2026-03-17 03:24:36,939 [WARNING]   Rate limited on lunch box. Backoff 33s (attempt 2)
2026-03-17 03:24:46,405 [WARNING]   Rate limited on water bottle. Backoff 60s (attempt 3)
2026-03-17 03:25:12,488 [WARNING]   Rate limited on lunch box. Backoff 67s (attempt 3)
2026-03-17 03:25:32,564 [WARNING]   Rate limited on food container. Backoff 127s (attempt 4)
2026-03-17 03:25:48,901 [WARNING]   Rate limited on water bottle. Backoff 124s (attempt 4)
2026-03-17 03:26:11,734 [INFO] [32/90] coffee accessories done
2026-03-17 03:26:13,954 [WARNING]   Rate limited on kitchen gadgets. Backoff 17s (attempt 1)
2026-03-17 03:26:21,590 [WARNING]   Rate limited on lunch box. Backoff 124s (attempt 4)
2026-03-17 03:26:33,406 [WARNING]   Rate limited on kitchen gadgets. Backoff 33s (attempt 2)
2026-03-17 03:26:40,246 [INFO] [33/90] reusable bags done
2026-03-17 03:26:42,541 [WARNING]   Rate limited on silicone baking. Backoff 24s (attempt 1)
2026-03-17 03:27:08,588 [WARNING]   Rate limited on silicone baking. Backoff 32s (attempt 2)
2026-03-17 03:27:08,641 [WARNING]   Rate limited on kitchen gadgets. Backoff 66s (attempt 3)
2026-03-17 03:27:39,878 [INFO] [34/90] food container done
2026-03-17 03:27:42,197 [WARNING]   Rate limited on spice organizer. Backoff 20s (attempt 1)
2026-03-17 03:27:42,528 [WARNING]   Rate limited on silicone baking. Backoff 68s (attempt 3)
2026-03-17 03:27:53,429 [INFO] [35/90] water bottle done
2026-03-17 03:27:55,925 [WARNING]   Rate limited on knife set. Backoff 23s (attempt 1)
2026-03-17 03:28:04,364 [WARNING]   Rate limited on spice organizer. Backoff 36s (attempt 2)
2026-03-17 03:28:17,142 [WARNING]   Rate limited on kitchen gadgets. Backoff 125s (attempt 4)
2026-03-17 03:28:20,955 [WARNING]   Rate limited on knife set. Backoff 37s (attempt 2)
2026-03-17 03:28:26,413 [INFO] [36/90] lunch box done
2026-03-17 03:28:28,775 [WARNING]   Rate limited on face roller. Backoff 20s (attempt 1)
2026-03-17 03:28:42,295 [WARNING]   Rate limited on spice organizer. Backoff 70s (attempt 3)
2026-03-17 03:28:50,686 [WARNING]   Rate limited on face roller. Backoff 33s (attempt 2)
2026-03-17 03:28:53,244 [WARNING]   Rate limited on silicone baking. Backoff 125s (attempt 4)
2026-03-17 03:29:00,349 [WARNING]   Rate limited on knife set. Backoff 61s (attempt 3)
2026-03-17 03:29:25,756 [WARNING]   Rate limited on face roller. Backoff 68s (attempt 3)
2026-03-17 03:29:54,426 [WARNING]   Rate limited on spice organizer. Backoff 122s (attempt 4)
2026-03-17 03:30:03,837 [WARNING]   Rate limited on knife set. Backoff 125s (attempt 4)
2026-03-17 03:30:22,754 [INFO] [37/90] kitchen gadgets done
2026-03-17 03:30:25,024 [WARNING]   Rate limited on hair accessories. Backoff 17s (attempt 1)
2026-03-17 03:30:36,375 [WARNING]   Rate limited on face roller. Backoff 125s (attempt 4)
2026-03-17 03:30:44,280 [WARNING]   Rate limited on hair accessories. Backoff 33s (attempt 2)
2026-03-17 03:30:58,477 [INFO] [38/90] silicone baking done
2026-03-17 03:31:00,971 [WARNING]   Rate limited on skincare tools. Backoff 21s (attempt 1)
2026-03-17 03:31:19,466 [WARNING]   Rate limited on hair accessories. Backoff 62s (attempt 3)
2026-03-17 03:31:24,778 [WARNING]   Rate limited on skincare tools. Backoff 37s (attempt 2)
2026-03-17 03:31:56,799 [INFO] [39/90] spice organizer done
2026-03-17 03:31:59,195 [WARNING]   Rate limited on makeup organizer. Backoff 22s (attempt 1)
2026-03-17 03:32:04,315 [WARNING]   Rate limited on skincare tools. Backoff 66s (attempt 3)
2026-03-17 03:32:09,796 [INFO] [40/90] knife set done
2026-03-17 03:32:12,124 [WARNING]   Rate limited on LED face mask. Backoff 23s (attempt 1)
2026-03-17 03:32:23,331 [WARNING]   Rate limited on makeup organizer. Backoff 31s (attempt 2)
2026-03-17 03:32:23,621 [WARNING]   Rate limited on hair accessories. Backoff 121s (attempt 4)
2026-03-17 03:32:37,554 [WARNING]   Rate limited on LED face mask. Backoff 39s (attempt 2)
2026-03-17 03:32:42,463 [INFO] [41/90] face roller done
2026-03-17 03:32:44,807 [WARNING]   Rate limited on hair dryer brush. Backoff 22s (attempt 1)
2026-03-17 03:32:56,752 [WARNING]   Rate limited on makeup organizer. Backoff 60s (attempt 3)
2026-03-17 03:33:08,821 [WARNING]   Rate limited on hair dryer brush. Backoff 38s (attempt 2)
2026-03-17 03:33:12,280 [WARNING]   Rate limited on skincare tools. Backoff 122s (attempt 4)
2026-03-17 03:33:18,459 [WARNING]   Rate limited on LED face mask. Backoff 65s (attempt 3)
2026-03-17 03:33:48,738 [WARNING]   Rate limited on hair dryer brush. Backoff 68s (attempt 3)
2026-03-17 03:33:59,169 [WARNING]   Rate limited on makeup organizer. Backoff 121s (attempt 4)
2026-03-17 03:34:25,451 [INFO] [42/90] hair accessories done
2026-03-17 03:34:26,281 [WARNING]   Rate limited on LED face mask. Backoff 121s (attempt 4)
2026-03-17 03:34:27,688 [WARNING]   Rate limited on nail art kit. Backoff 22s (attempt 1)
2026-03-17 03:34:51,850 [WARNING]   Rate limited on nail art kit. Backoff 34s (attempt 2)
2026-03-17 03:34:59,109 [WARNING]   Rate limited on hair dryer brush. Backoff 120s (attempt 4)
2026-03-17 03:35:15,252 [INFO] [43/90] skincare tools done
2026-03-17 03:35:17,456 [WARNING]   Rate limited on teeth whitening. Backoff 18s (attempt 1)
2026-03-17 03:35:27,929 [WARNING]   Rate limited on nail art kit. Backoff 67s (attempt 3)
2026-03-17 03:35:37,404 [WARNING]   Rate limited on teeth whitening. Backoff 37s (attempt 2)
2026-03-17 03:36:01,364 [INFO] [44/90] makeup organizer done
2026-03-17 03:36:03,449 [WARNING]   Rate limited on scalp massager. Backoff 21s (attempt 1)
2026-03-17 03:36:16,535 [WARNING]   Rate limited on teeth whitening. Backoff 63s (attempt 3)
2026-03-17 03:36:26,799 [WARNING]   Rate limited on scalp massager. Backoff 39s (attempt 2)
2026-03-17 03:36:28,200 [INFO] [45/90] LED face mask done
2026-03-17 03:36:30,447 [WARNING]   Rate limited on gua sha. Backoff 15s (attempt 1)
2026-03-17 03:36:37,391 [WARNING]   Rate limited on nail art kit. Backoff 126s (attempt 4)
2026-03-17 03:36:47,845 [WARNING]   Rate limited on gua sha. Backoff 32s (attempt 2)
2026-03-17 03:36:59,957 [INFO] [46/90] hair dryer brush done
2026-03-17 03:37:02,023 [WARNING]   Rate limited on resistance bands. Backoff 16s (attempt 1)
2026-03-17 03:37:08,518 [WARNING]   Rate limited on scalp massager. Backoff 63s (attempt 3)
2026-03-17 03:37:20,009 [WARNING]   Rate limited on resistance bands. Backoff 36s (attempt 2)
2026-03-17 03:37:21,747 [WARNING]   Rate limited on gua sha. Backoff 66s (attempt 3)
2026-03-17 03:37:22,021 [WARNING]   Rate limited on teeth whitening. Backoff 121s (attempt 4)
2026-03-17 03:37:58,485 [WARNING]   Rate limited on resistance bands. Backoff 69s (attempt 3)
2026-03-17 03:38:14,149 [WARNING]   Rate limited on scalp massager. Backoff 128s (attempt 4)
2026-03-17 03:38:30,123 [WARNING]   Rate limited on gua sha. Backoff 123s (attempt 4)
2026-03-17 03:38:44,063 [INFO] [47/90] nail art kit done
2026-03-17 03:38:46,270 [WARNING]   Rate limited on yoga mat. Backoff 22s (attempt 1)
2026-03-17 03:39:10,066 [WARNING]   Rate limited on resistance bands. Backoff 130s (attempt 4)
2026-03-17 03:39:10,957 [WARNING]   Rate limited on yoga mat. Backoff 33s (attempt 2)
2026-03-17 03:39:23,267 [INFO] [48/90] teeth whitening done
2026-03-17 03:39:25,512 [WARNING]   Rate limited on jump rope. Backoff 25s (attempt 1)
2026-03-17 03:39:46,567 [WARNING]   Rate limited on yoga mat. Backoff 61s (attempt 3)
2026-03-17 03:39:52,677 [WARNING]   Rate limited on jump rope. Backoff 31s (attempt 2)
2026-03-17 03:40:23,391 [INFO] [49/90] scalp massager done
2026-03-17 03:40:25,662 [WARNING]   Rate limited on foam roller. Backoff 16s (attempt 1)
2026-03-17 03:40:26,033 [WARNING]   Rate limited on jump rope. Backoff 62s (attempt 3)
2026-03-17 03:40:33,451 [INFO] [50/90] gua sha done
2026-03-17 03:40:35,594 [WARNING]   Rate limited on fitness tracker. Backoff 21s (attempt 1)
2026-03-17 03:40:43,500 [WARNING]   Rate limited on foam roller. Backoff 37s (attempt 2)
2026-03-17 03:40:49,947 [WARNING]   Rate limited on yoga mat. Backoff 126s (attempt 4)
2026-03-17 03:40:58,749 [WARNING]   Rate limited on fitness tracker. Backoff 37s (attempt 2)
2026-03-17 03:41:20,635 [INFO] [51/90] resistance bands done
2026-03-17 03:41:22,761 [WARNING]   Rate limited on foam roller. Backoff 62s (attempt 3)
2026-03-17 03:41:22,852 [WARNING]   Rate limited on gym bag. Backoff 18s (attempt 1)
2026-03-17 03:41:30,098 [WARNING]   Rate limited on jump rope. Backoff 125s (attempt 4)
2026-03-17 03:41:38,300 [WARNING]   Rate limited on fitness tracker. Backoff 62s (attempt 3)
2026-03-17 03:41:42,905 [WARNING]   Rate limited on gym bag. Backoff 36s (attempt 2)
2026-03-17 03:42:21,572 [WARNING]   Rate limited on gym bag. Backoff 62s (attempt 3)
2026-03-17 03:42:26,785 [WARNING]   Rate limited on foam roller. Backoff 122s (attempt 4)
2026-03-17 03:42:42,176 [WARNING]   Rate limited on fitness tracker. Backoff 121s (attempt 4)
2026-03-17 03:42:56,787 [INFO] [52/90] yoga mat done
2026-03-17 03:42:58,989 [WARNING]   Rate limited on massage gun. Backoff 24s (attempt 1)
2026-03-17 03:43:25,047 [WARNING]   Rate limited on massage gun. Backoff 33s (attempt 2)
2026-03-17 03:43:26,106 [WARNING]   Rate limited on gym bag. Backoff 129s (attempt 4)
2026-03-17 03:43:35,562 [INFO] [53/90] jump rope done
2026-03-17 03:43:37,943 [WARNING]   Rate limited on pull up bar. Backoff 24s (attempt 1)
2026-03-17 03:44:00,049 [WARNING]   Rate limited on massage gun. Backoff 62s (attempt 3)
2026-03-17 03:44:04,319 [WARNING]   Rate limited on pull up bar. Backoff 31s (attempt 2)
2026-03-17 03:44:29,009 [INFO] [54/90] foam roller done
2026-03-17 03:44:31,298 [WARNING]   Rate limited on adjustable dumbbells. Backoff 16s (attempt 1)
2026-03-17 03:44:37,489 [WARNING]   Rate limited on pull up bar. Backoff 70s (attempt 3)
2026-03-17 03:44:43,728 [INFO] [55/90] fitness tracker done
2026-03-17 03:44:45,937 [WARNING]   Rate limited on workout gloves. Backoff 21s (attempt 1)
2026-03-17 03:44:49,244 [WARNING]   Rate limited on adjustable dumbbells. Backoff 33s (attempt 2)
2026-03-17 03:45:04,173 [WARNING]   Rate limited on massage gun. Backoff 128s (attempt 4)
2026-03-17 03:45:09,683 [WARNING]   Rate limited on workout gloves. Backoff 35s (attempt 2)
2026-03-17 03:45:24,307 [WARNING]   Rate limited on adjustable dumbbells. Backoff 64s (attempt 3)
2026-03-17 03:45:35,479 [INFO] [56/90] gym bag done
2026-03-17 03:45:37,728 [WARNING]   Rate limited on fidget toys. Backoff 22s (attempt 1)
2026-03-17 03:45:46,890 [WARNING]   Rate limited on workout gloves. Backoff 67s (attempt 3)
2026-03-17 03:45:49,345 [WARNING]   Rate limited on pull up bar. Backoff 125s (attempt 4)
2026-03-17 03:46:02,480 [WARNING]   Rate limited on fidget toys. Backoff 39s (attempt 2)
2026-03-17 03:46:30,591 [WARNING]   Rate limited on adjustable dumbbells. Backoff 120s (attempt 4)
2026-03-17 03:46:43,401 [WARNING]   Rate limited on fidget toys. Backoff 68s (attempt 3)
2026-03-17 03:46:56,021 [WARNING]   Rate limited on workout gloves. Backoff 121s (attempt 4)
2026-03-17 03:47:12,848 [INFO] [57/90] massage gun done
2026-03-17 03:47:15,018 [WARNING]   Rate limited on dog harness. Backoff 17s (attempt 1)
2026-03-17 03:47:34,598 [WARNING]   Rate limited on dog harness. Backoff 32s (attempt 2)
2026-03-17 03:47:53,601 [WARNING]   Rate limited on fidget toys. Backoff 124s (attempt 4)
2026-03-17 03:47:55,373 [INFO] [58/90] pull up bar done
2026-03-17 03:47:57,593 [WARNING]   Rate limited on cat toys. Backoff 22s (attempt 1)
2026-03-17 03:48:08,881 [WARNING]   Rate limited on dog harness. Backoff 68s (attempt 3)
2026-03-17 03:48:21,487 [WARNING]   Rate limited on cat toys. Backoff 38s (attempt 2)
2026-03-17 03:48:31,714 [INFO] [59/90] adjustable dumbbells done
2026-03-17 03:48:33,982 [WARNING]   Rate limited on baby monitor. Backoff 17s (attempt 1)
2026-03-17 03:48:53,797 [WARNING]   Rate limited on baby monitor. Backoff 38s (attempt 2)
2026-03-17 03:48:57,630 [INFO] [60/90] workout gloves done
2026-03-17 03:48:59,653 [WARNING]   Rate limited on kids tablet case. Backoff 15s (attempt 1)
2026-03-17 03:49:01,988 [WARNING]   Rate limited on cat toys. Backoff 70s (attempt 3)
2026-03-17 03:49:17,351 [WARNING]   Rate limited on kids tablet case. Backoff 31s (attempt 2)
2026-03-17 03:49:19,380 [WARNING]   Rate limited on dog harness. Backoff 123s (attempt 4)
2026-03-17 03:49:34,180 [WARNING]   Rate limited on baby monitor. Backoff 68s (attempt 3)
2026-03-17 03:49:50,205 [WARNING]   Rate limited on kids tablet case. Backoff 64s (attempt 3)
2026-03-17 03:49:58,752 [INFO] [61/90] fidget toys done
2026-03-17 03:50:00,903 [WARNING]   Rate limited on pet camera. Backoff 24s (attempt 1)
2026-03-17 03:50:14,026 [WARNING]   Rate limited on cat toys. Backoff 127s (attempt 4)
2026-03-17 03:50:27,394 [WARNING]   Rate limited on pet camera. Backoff 40s (attempt 2)
2026-03-17 03:50:44,584 [WARNING]   Rate limited on baby monitor. Backoff 127s (attempt 4)
2026-03-17 03:50:56,203 [WARNING]   Rate limited on kids tablet case. Backoff 122s (attempt 4)
2026-03-17 03:51:09,449 [WARNING]   Rate limited on pet camera. Backoff 70s (attempt 3)
2026-03-17 03:51:22,744 [INFO] [62/90] dog harness done
2026-03-17 03:51:25,239 [WARNING]   Rate limited on dog bed. Backoff 24s (attempt 1)
2026-03-17 03:51:51,989 [WARNING]   Rate limited on dog bed. Backoff 33s (attempt 2)
2026-03-17 03:52:21,367 [WARNING]   Rate limited on pet camera. Backoff 128s (attempt 4)
2026-03-17 03:52:21,471 [INFO] [63/90] cat toys done
2026-03-17 03:52:23,833 [WARNING]   Rate limited on pet grooming. Backoff 21s (attempt 1)
2026-03-17 03:52:27,040 [WARNING]   Rate limited on dog bed. Backoff 63s (attempt 3)
2026-03-17 03:52:47,276 [WARNING]   Rate limited on pet grooming. Backoff 40s (attempt 2)
2026-03-17 03:52:52,187 [INFO] [64/90] baby monitor done
2026-03-17 03:52:54,651 [WARNING]   Rate limited on baby carrier. Backoff 24s (attempt 1)
2026-03-17 03:52:58,909 [INFO] [65/90] kids tablet case done
2026-03-17 03:53:01,002 [WARNING]   Rate limited on educational toys. Backoff 22s (attempt 1)
2026-03-17 03:53:20,695 [WARNING]   Rate limited on baby carrier. Backoff 39s (attempt 2)
2026-03-17 03:53:25,204 [WARNING]   Rate limited on educational toys. Backoff 32s (attempt 2)
2026-03-17 03:53:29,495 [WARNING]   Rate limited on pet grooming. Backoff 63s (attempt 3)
2026-03-17 03:53:32,257 [WARNING]   Rate limited on dog bed. Backoff 128s (attempt 4)
2026-03-17 03:53:59,287 [WARNING]   Rate limited on educational toys. Backoff 62s (attempt 3)
2026-03-17 03:54:01,831 [WARNING]   Rate limited on baby carrier. Backoff 65s (attempt 3)
2026-03-17 03:54:29,642 [INFO] [66/90] pet camera done
2026-03-17 03:54:32,086 [WARNING]   Rate limited on crossbody bag. Backoff 16s (attempt 1)
2026-03-17 03:54:35,258 [WARNING]   Rate limited on pet grooming. Backoff 125s (attempt 4)
2026-03-17 03:54:50,595 [WARNING]   Rate limited on crossbody bag. Backoff 35s (attempt 2)
2026-03-17 03:55:03,249 [WARNING]   Rate limited on educational toys. Backoff 126s (attempt 4)
2026-03-17 03:55:08,832 [WARNING]   Rate limited on baby carrier. Backoff 128s (attempt 4)
2026-03-17 03:55:28,328 [WARNING]   Rate limited on crossbody bag. Backoff 61s (attempt 3)
2026-03-17 03:55:41,185 [INFO] [67/90] dog bed done
2026-03-17 03:55:43,624 [WARNING]   Rate limited on sunglasses. Backoff 25s (attempt 1)
2026-03-17 03:56:10,826 [WARNING]   Rate limited on sunglasses. Backoff 36s (attempt 2)
2026-03-17 03:56:31,173 [WARNING]   Rate limited on crossbody bag. Backoff 123s (attempt 4)
2026-03-17 03:56:40,584 [INFO] [68/90] pet grooming done
2026-03-17 03:56:42,942 [WARNING]   Rate limited on minimalist wallet. Backoff 16s (attempt 1)
2026-03-17 03:56:48,928 [WARNING]   Rate limited on sunglasses. Backoff 70s (attempt 3)
2026-03-17 03:57:01,562 [WARNING]   Rate limited on minimalist wallet. Backoff 33s (attempt 2)
2026-03-17 03:57:10,142 [INFO] [69/90] educational toys done
2026-03-17 03:57:12,354 [WARNING]   Rate limited on tote bag. Backoff 19s (attempt 1)
2026-03-17 03:57:17,416 [INFO] [70/90] baby carrier done
2026-03-17 03:57:19,516 [WARNING]   Rate limited on baseball cap. Backoff 20s (attempt 1)
2026-03-17 03:57:33,506 [WARNING]   Rate limited on tote bag. Backoff 39s (attempt 2)
2026-03-17 03:57:37,342 [WARNING]   Rate limited on minimalist wallet. Backoff 70s (attempt 3)
2026-03-17 03:57:41,515 [WARNING]   Rate limited on baseball cap. Backoff 36s (attempt 2)
2026-03-17 03:58:01,256 [WARNING]   Rate limited on sunglasses. Backoff 128s (attempt 4)
2026-03-17 03:58:14,395 [WARNING]   Rate limited on tote bag. Backoff 63s (attempt 3)
2026-03-17 03:58:19,635 [WARNING]   Rate limited on baseball cap. Backoff 66s (attempt 3)
2026-03-17 03:58:34,886 [INFO] [71/90] crossbody bag done
2026-03-17 03:58:37,148 [WARNING]   Rate limited on sneaker cleaning. Backoff 24s (attempt 1)
2026-03-17 03:58:49,289 [WARNING]   Rate limited on minimalist wallet. Backoff 121s (attempt 4)
2026-03-17 03:59:03,488 [WARNING]   Rate limited on sneaker cleaning. Backoff 33s (attempt 2)
2026-03-17 03:59:19,495 [WARNING]   Rate limited on tote bag. Backoff 125s (attempt 4)
2026-03-17 03:59:27,432 [WARNING]   Rate limited on baseball cap. Backoff 125s (attempt 4)
2026-03-17 03:59:38,887 [WARNING]   Rate limited on sneaker cleaning. Backoff 68s (attempt 3)
2026-03-17 04:00:10,413 [INFO] [72/90] sunglasses done
2026-03-17 04:00:12,729 [WARNING]   Rate limited on belt bag. Backoff 22s (attempt 1)
2026-03-17 04:00:37,337 [WARNING]   Rate limited on belt bag. Backoff 34s (attempt 2)
2026-03-17 04:00:48,762 [WARNING]   Rate limited on sneaker cleaning. Backoff 122s (attempt 4)
2026-03-17 04:00:51,114 [INFO] [73/90] minimalist wallet done
2026-03-17 04:00:53,465 [WARNING]   Rate limited on watch band. Backoff 16s (attempt 1)
2026-03-17 04:01:11,925 [WARNING]   Rate limited on watch band. Backoff 37s (attempt 2)
2026-03-17 04:01:13,984 [WARNING]   Rate limited on belt bag. Backoff 60s (attempt 3)
2026-03-17 04:01:25,189 [INFO] [74/90] tote bag done
2026-03-17 04:01:27,491 [WARNING]   Rate limited on jewelry organizer. Backoff 22s (attempt 1)
2026-03-17 04:01:33,075 [INFO] [75/90] baseball cap done
2026-03-17 04:01:35,565 [WARNING]   Rate limited on scarf. Backoff 22s (attempt 1)
2026-03-17 04:01:50,790 [WARNING]   Rate limited on watch band. Backoff 61s (attempt 3)
2026-03-17 04:01:51,707 [WARNING]   Rate limited on jewelry organizer. Backoff 35s (attempt 2)
2026-03-17 04:02:00,179 [WARNING]   Rate limited on scarf. Backoff 39s (attempt 2)
2026-03-17 04:02:16,395 [WARNING]   Rate limited on belt bag. Backoff 130s (attempt 4)
2026-03-17 04:02:29,195 [WARNING]   Rate limited on jewelry organizer. Backoff 61s (attempt 3)
2026-03-17 04:02:40,894 [WARNING]   Rate limited on scarf. Backoff 60s (attempt 3)
2026-03-17 04:02:51,054 [INFO] [76/90] sneaker cleaning done
2026-03-17 04:02:53,276 [WARNING]   Rate limited on stanley cup accessories. Backoff 17s (attempt 1)
2026-03-17 04:02:53,618 [WARNING]   Rate limited on watch band. Backoff 122s (attempt 4)
2026-03-17 04:03:12,305 [WARNING]   Rate limited on stanley cup accessories. Backoff 32s (attempt 2)
2026-03-17 04:03:32,406 [WARNING]   Rate limited on jewelry organizer. Backoff 122s (attempt 4)
2026-03-17 04:03:43,319 [WARNING]   Rate limited on scarf. Backoff 130s (attempt 4)
2026-03-17 04:03:47,083 [WARNING]   Rate limited on stanley cup accessories. Backoff 61s (attempt 3)
2026-03-17 04:04:26,946 [INFO] [77/90] belt bag done
2026-03-17 04:04:29,329 [WARNING]   Rate limited on viral tiktok product. Backoff 25s (attempt 1)
2026-03-17 04:04:49,908 [WARNING]   Rate limited on stanley cup accessories. Backoff 127s (attempt 4)
2026-03-17 04:04:56,210 [INFO] [78/90] watch band done
2026-03-17 04:04:56,690 [WARNING]   Rate limited on viral tiktok product. Backoff 37s (attempt 2)
2026-03-17 04:04:58,412 [WARNING]   Rate limited on trending gadget 2026. Backoff 15s (attempt 1)
2026-03-17 04:05:15,795 [WARNING]   Rate limited on trending gadget 2026. Backoff 40s (attempt 2)
2026-03-17 04:05:35,464 [INFO] [79/90] jewelry organizer done
2026-03-17 04:05:36,432 [WARNING]   Rate limited on viral tiktok product. Backoff 67s (attempt 3)
2026-03-17 04:05:37,796 [WARNING]   Rate limited on summer outdoor. Backoff 21s (attempt 1)
2026-03-17 04:05:53,799 [INFO] [80/90] scarf done
2026-03-17 04:05:56,169 [WARNING]   Rate limited on beach accessories. Backoff 21s (attempt 1)
2026-03-17 04:05:57,978 [WARNING]   Rate limited on trending gadget 2026. Backoff 65s (attempt 3)
2026-03-17 04:06:00,953 [WARNING]   Rate limited on summer outdoor. Backoff 32s (attempt 2)
2026-03-17 04:06:19,469 [WARNING]   Rate limited on beach accessories. Backoff 33s (attempt 2)
2026-03-17 04:06:34,879 [WARNING]   Rate limited on summer outdoor. Backoff 61s (attempt 3)
2026-03-17 04:06:45,992 [WARNING]   Rate limited on viral tiktok product. Backoff 128s (attempt 4)
2026-03-17 04:06:55,004 [WARNING]   Rate limited on beach accessories. Backoff 64s (attempt 3)
2026-03-17 04:06:57,987 [INFO] [81/90] stanley cup accessories done
2026-03-17 04:07:00,432 [WARNING]   Rate limited on camping gear. Backoff 19s (attempt 1)
2026-03-17 04:07:05,727 [WARNING]   Rate limited on trending gadget 2026. Backoff 126s (attempt 4)
2026-03-17 04:07:21,564 [WARNING]   Rate limited on camping gear. Backoff 39s (attempt 2)
2026-03-17 04:07:38,191 [WARNING]   Rate limited on summer outdoor. Backoff 126s (attempt 4)
2026-03-17 04:08:01,153 [WARNING]   Rate limited on beach accessories. Backoff 120s (attempt 4)
2026-03-17 04:08:02,342 [WARNING]   Rate limited on camping gear. Backoff 66s (attempt 3)
2026-03-17 04:08:54,287 [INFO] [82/90] viral tiktok product done
2026-03-17 04:08:56,676 [WARNING]   Rate limited on graduation gift. Backoff 21s (attempt 1)
2026-03-17 04:09:10,430 [WARNING]   Rate limited on camping gear. Backoff 122s (attempt 4)
2026-03-17 04:09:12,374 [INFO] [83/90] trending gadget 2026 done
2026-03-17 04:09:14,596 [WARNING]   Rate limited on back to school supplies. Backoff 21s (attempt 1)
2026-03-17 04:09:19,904 [WARNING]   Rate limited on graduation gift. Backoff 32s (attempt 2)
2026-03-17 04:09:37,476 [WARNING]   Rate limited on back to school supplies. Backoff 35s (attempt 2)
2026-03-17 04:09:44,876 [INFO] [84/90] summer outdoor done
2026-03-17 04:09:47,409 [WARNING]   Rate limited on halloween costume. Backoff 19s (attempt 1)
2026-03-17 04:09:54,511 [WARNING]   Rate limited on graduation gift. Backoff 69s (attempt 3)
2026-03-17 04:10:01,896 [INFO] [85/90] beach accessories done
2026-03-17 04:10:04,147 [WARNING]   Rate limited on christmas gift ideas. Backoff 19s (attempt 1)
2026-03-17 04:10:08,934 [WARNING]   Rate limited on halloween costume. Backoff 33s (attempt 2)
2026-03-17 04:10:15,294 [WARNING]   Rate limited on back to school supplies. Backoff 64s (attempt 3)
2026-03-17 04:10:26,044 [WARNING]   Rate limited on christmas gift ideas. Backoff 39s (attempt 2)
2026-03-17 04:10:44,726 [WARNING]   Rate limited on halloween costume. Backoff 69s (attempt 3)
2026-03-17 04:11:06,373 [WARNING]   Rate limited on graduation gift. Backoff 120s (attempt 4)
2026-03-17 04:11:07,339 [WARNING]   Rate limited on christmas gift ideas. Backoff 68s (attempt 3)
2026-03-17 04:11:12,867 [INFO] [86/90] camping gear done
2026-03-17 04:11:21,948 [WARNING]   Rate limited on back to school supplies. Backoff 128s (attempt 4)
2026-03-17 04:11:56,343 [WARNING]   Rate limited on halloween costume. Backoff 128s (attempt 4)
2026-03-17 04:12:17,551 [WARNING]   Rate limited on christmas gift ideas. Backoff 120s (attempt 4)
2026-03-17 04:13:07,371 [INFO] [87/90] graduation gift done
2026-03-17 04:13:30,827 [INFO] [88/90] back to school supplies done
2026-03-17 04:14:05,064 [INFO] [89/90] halloween costume done
2026-03-17 04:14:18,378 [INFO] [90/90] christmas gift ideas done
2026-03-17 04:14:20,108 [INFO] ==================================================
2026-03-17 04:14:20,108 [INFO] Done. 66 results collected.
2026-03-17 04:14:20,109 [INFO] CSV:  C:\Users\kalan/behique/output\trending_products_2026-03-17.csv
2026-03-17 04:14:20,109 [INFO] JSON: C:\Users\kalan/behique/output\trending_products_2026-03-17.json
2026-03-17 04:14:20,110 [INFO] Picks: C:\Users\kalan/behique/output\top_picks_2026-03-17.txt
2026-03-17 04:14:20,110 [INFO] 
TOP 10 PRODUCTS:
2026-03-17 04:14:20,110 [INFO] ------------------------------------------------------------
2026-03-17 04:14:20,111 [INFO]   earfun air pro 4                       score:0.689 vel:2.14 [emerging]
2026-03-17 04:14:20,112 [INFO]   sony wf-1000xm5 wireless noise canceling earbuds score:0.652 vel:2.14 [emerging]
2026-03-17 04:14:20,112 [INFO]   best wireless earbuds 2026             score:0.652 vel:2.14 [emerging]
2026-03-17 04:14:20,112 [INFO]   s26 ultra phone case                   score:0.644 vel:1.00 [stable]
2026-03-17 04:14:20,113 [INFO]   iphone 17 phone case                   score:0.644 vel:1.00 [stable]
2026-03-17 04:14:20,113 [INFO]   bose quietcomfort ultra wireless noise cancelling earbuds score:0.627 vel:2.14 [emerging]
2026-03-17 04:14:20,113 [INFO]   shokz openfit se, open-ear true wireless earbuds score:0.627 vel:2.14 [emerging]
2026-03-17 04:14:20,114 [INFO]   rog cetra open wireless gaming earbuds score:0.627 vel:2.14 [emerging]
2026-03-17 04:14:20,114 [INFO]   best wireless earbuds for working out  score:0.627 vel:2.14 [emerging]
2026-03-17 04:14:20,114 [INFO]   heyday true wireless earbuds           score:0.627 vel:2.14 [emerging]
2026-03-17 04:14:20,114 [WARNING] 
84 keywords failed: smart watch, laptop stand, bluetooth speaker, webcam, USB hub, wireless mouse, screen protector, cable organizer, power bank, air purifier
2026-03-17 04:14:20,115 [INFO] 
Active proxies remaining: 0/0
