2026-03-27 03:00:05,150 [WARNING] Proxy file not found: C:\Users\kalan/Downloads/Webshare 10 proxies.txt
2026-03-27 03:00:05,151 [WARNING] Running without proxies (higher ban risk)
2026-03-27 03:00:05,166 [INFO] Google Trends Product Research v2
2026-03-27 03:00:05,166 [INFO] Date: 2026-03-27 03:00 | Market: US | Timeframes: ['now 7-d', 'today 1-m', 'today 3-m']
2026-03-27 03:00:05,166 [INFO] Scanning 90 keywords across 8 categories
2026-03-27 03:00:05,166 [INFO] Workers: 5 | Batch size: 5
2026-03-27 03:00:05,166 [INFO] Active proxies: 0/0
2026-03-27 03:00:05,166 [INFO] --------------------------------------------------
2026-03-27 03:00:11,872 [INFO]   OK wireless earbuds -- 13 queries, trend: seasonal
2026-03-27 03:00:11,874 [INFO] [1/90] wireless earbuds done
2026-03-27 03:00:12,156 [INFO]   OK ring light -- 7 queries, trend: emerging
2026-03-27 03:00:12,204 [INFO]   OK portable charger -- 13 queries, trend: stable
2026-03-27 03:00:12,579 [INFO]   OK phone stand -- 8 queries, trend: stable
2026-03-27 03:00:12,662 [INFO]   OK LED strip lights -- 7 queries, trend: stable
2026-03-27 03:00:12,885 [INFO] [2/90] ring light done
2026-03-27 03:00:14,273 [INFO] [3/90] portable charger done
2026-03-27 03:00:17,014 [INFO] [4/90] phone stand done
2026-03-27 03:00:18,835 [INFO]   OK webcam -- 13 queries, trend: stable
2026-03-27 03:00:19,055 [INFO] [5/90] LED strip lights done
2026-03-27 03:00:19,186 [INFO]   OK smart watch -- 13 queries, trend: stable
2026-03-27 03:00:19,881 [INFO]   OK bluetooth speaker -- 13 queries, trend: stable
2026-03-27 03:00:20,332 [INFO]   OK phone case -- 13 queries, trend: stable
2026-03-27 03:00:21,696 [INFO] [6/90] webcam done
2026-03-27 03:00:23,713 [INFO] [7/90] smart watch done
2026-03-27 03:00:26,669 [INFO] [8/90] bluetooth speaker done
2026-03-27 03:00:27,016 [INFO]   OK power bank -- 13 queries, trend: stable
2026-03-27 03:00:28,182 [INFO] [9/90] phone case done
2026-03-27 03:00:28,917 [INFO]   OK laptop stand -- 8 queries, trend: emerging
2026-03-27 03:00:30,747 [INFO] [10/90] power bank done
2026-03-27 03:00:31,109 [WARNING]   Rate limited on air purifier. Backoff 25s (attempt 1)
2026-03-27 03:00:32,968 [INFO] [11/90] laptop stand done
2026-03-27 03:00:34,489 [INFO]   OK screen protector -- 13 queries, trend: stable
2026-03-27 03:00:35,229 [INFO] [12/90] screen protector done
2026-03-27 03:00:35,814 [INFO]   OK wireless mouse -- 13 queries, trend: emerging
2026-03-27 03:00:36,571 [WARNING]   Rate limited on humidifier. Backoff 22s (attempt 1)
2026-03-27 03:00:36,657 [INFO]   OK USB hub -- 7 queries, trend: stable
2026-03-27 03:00:37,884 [INFO] [13/90] wireless mouse done
2026-03-27 03:00:40,269 [INFO] [14/90] USB hub done
2026-03-27 03:00:40,424 [WARNING]   Rate limited on storage organizer. Backoff 18s (attempt 1)
2026-03-27 03:00:41,256 [WARNING]   Rate limited on desk lamp. Backoff 18s (attempt 1)
2026-03-27 03:00:44,354 [INFO]   OK cable organizer -- 7 queries, trend: emerging
2026-03-27 03:00:44,355 [INFO] [15/90] cable organizer done
2026-03-27 03:00:46,405 [WARNING]   Rate limited on shower curtain. Backoff 19s (attempt 1)
2026-03-27 03:00:59,326 [WARNING]   Rate limited on air purifier. Backoff 37s (attempt 2)
2026-03-27 03:01:01,598 [WARNING]   Rate limited on storage organizer. Backoff 35s (attempt 2)
2026-03-27 03:01:01,730 [WARNING]   Rate limited on desk lamp. Backoff 37s (attempt 2)
2026-03-27 03:01:02,461 [WARNING]   Rate limited on humidifier. Backoff 35s (attempt 2)
2026-03-27 03:01:07,795 [WARNING]   Rate limited on shower curtain. Backoff 38s (attempt 2)
2026-03-27 03:01:39,126 [WARNING]   Rate limited on storage organizer. Backoff 68s (attempt 3)
2026-03-27 03:01:39,562 [WARNING]   Rate limited on humidifier. Backoff 62s (attempt 3)
2026-03-27 03:01:39,586 [WARNING]   Rate limited on air purifier. Backoff 66s (attempt 3)
2026-03-27 03:01:41,711 [WARNING]   Rate limited on desk lamp. Backoff 66s (attempt 3)
2026-03-27 03:01:49,298 [WARNING]   Rate limited on shower curtain. Backoff 70s (attempt 3)
2026-03-27 03:02:43,862 [WARNING]   Rate limited on humidifier. Backoff 129s (attempt 4)
2026-03-27 03:02:47,913 [WARNING]   Rate limited on air purifier. Backoff 121s (attempt 4)
2026-03-27 03:02:49,544 [WARNING]   Rate limited on storage organizer. Backoff 130s (attempt 4)
2026-03-27 03:02:49,826 [WARNING]   Rate limited on desk lamp. Backoff 128s (attempt 4)
2026-03-27 03:03:00,998 [WARNING]   Rate limited on shower curtain. Backoff 127s (attempt 4)
2026-03-27 03:04:49,682 [INFO] [16/90] air purifier done
2026-03-27 03:04:52,196 [WARNING]   Rate limited on candle holder. Backoff 25s (attempt 1)
2026-03-27 03:04:53,958 [INFO] [17/90] humidifier done
2026-03-27 03:04:56,255 [WARNING]   Rate limited on wall art. Backoff 22s (attempt 1)
2026-03-27 03:04:58,423 [INFO] [18/90] desk lamp done
2026-03-27 03:04:59,959 [INFO] [19/90] storage organizer done
2026-03-27 03:05:00,634 [WARNING]   Rate limited on throw pillow. Backoff 21s (attempt 1)
2026-03-27 03:05:02,299 [WARNING]   Rate limited on bookshelf decor. Backoff 17s (attempt 1)
2026-03-27 03:05:08,996 [INFO] [20/90] shower curtain done
2026-03-27 03:05:11,036 [WARNING]   Rate limited on plant pots. Backoff 22s (attempt 1)
2026-03-27 03:05:18,839 [WARNING]   Rate limited on candle holder. Backoff 32s (attempt 2)
2026-03-27 03:05:19,983 [WARNING]   Rate limited on wall art. Backoff 36s (attempt 2)
2026-03-27 03:05:21,746 [WARNING]   Rate limited on bookshelf decor. Backoff 34s (attempt 2)
2026-03-27 03:05:23,917 [WARNING]   Rate limited on throw pillow. Backoff 40s (attempt 2)
2026-03-27 03:05:35,518 [WARNING]   Rate limited on plant pots. Backoff 39s (attempt 2)
2026-03-27 03:05:52,862 [WARNING]   Rate limited on candle holder. Backoff 67s (attempt 3)
2026-03-27 03:05:58,047 [WARNING]   Rate limited on bookshelf decor. Backoff 69s (attempt 3)
2026-03-27 03:05:58,255 [WARNING]   Rate limited on wall art. Backoff 66s (attempt 3)
2026-03-27 03:06:05,789 [WARNING]   Rate limited on throw pillow. Backoff 62s (attempt 3)
2026-03-27 03:06:17,016 [WARNING]   Rate limited on plant pots. Backoff 68s (attempt 3)
2026-03-27 03:07:01,557 [WARNING]   Rate limited on candle holder. Backoff 125s (attempt 4)
2026-03-27 03:07:06,449 [WARNING]   Rate limited on wall art. Backoff 124s (attempt 4)
2026-03-27 03:07:09,033 [WARNING]   Rate limited on bookshelf decor. Backoff 127s (attempt 4)
2026-03-27 03:07:09,571 [WARNING]   Rate limited on throw pillow. Backoff 127s (attempt 4)
2026-03-27 03:07:27,345 [WARNING]   Rate limited on plant pots. Backoff 130s (attempt 4)
2026-03-27 03:09:07,359 [INFO] [21/90] candle holder done
2026-03-27 03:09:09,510 [WARNING]   Rate limited on cable management. Backoff 16s (attempt 1)
2026-03-27 03:09:11,467 [INFO] [22/90] wall art done
2026-03-27 03:09:13,482 [WARNING]   Rate limited on drawer organizer. Backoff 15s (attempt 1)
2026-03-27 03:09:16,701 [INFO] [23/90] bookshelf decor done
2026-03-27 03:09:18,771 [WARNING]   Rate limited on aromatherapy diffuser. Backoff 20s (attempt 1)
2026-03-27 03:09:19,675 [INFO] [24/90] throw pillow done
2026-03-27 03:09:19,889 [WARNING]   Rate limited on LED mirror. Backoff 19s (attempt 1)
2026-03-27 03:09:27,832 [WARNING]   Rate limited on cable management. Backoff 31s (attempt 2)
2026-03-27 03:09:30,859 [WARNING]   Rate limited on drawer organizer. Backoff 37s (attempt 2)
2026-03-27 03:09:37,778 [INFO] [25/90] plant pots done
2026-03-27 03:09:39,853 [WARNING]   Rate limited on floating shelf. Backoff 23s (attempt 1)
2026-03-27 03:09:41,233 [WARNING]   Rate limited on aromatherapy diffuser. Backoff 36s (attempt 2)
2026-03-27 03:09:41,248 [WARNING]   Rate limited on LED mirror. Backoff 36s (attempt 2)
2026-03-27 03:10:01,081 [WARNING]   Rate limited on cable management. Backoff 66s (attempt 3)
2026-03-27 03:10:04,648 [WARNING]   Rate limited on floating shelf. Backoff 39s (attempt 2)
2026-03-27 03:10:09,719 [WARNING]   Rate limited on drawer organizer. Backoff 63s (attempt 3)
2026-03-27 03:10:19,615 [WARNING]   Rate limited on LED mirror. Backoff 60s (attempt 3)
2026-03-27 03:10:19,869 [WARNING]   Rate limited on aromatherapy diffuser. Backoff 68s (attempt 3)
2026-03-27 03:10:45,699 [WARNING]   Rate limited on floating shelf. Backoff 60s (attempt 3)
2026-03-27 03:11:08,631 [WARNING]   Rate limited on cable management. Backoff 123s (attempt 4)
2026-03-27 03:11:15,017 [WARNING]   Rate limited on drawer organizer. Backoff 121s (attempt 4)
2026-03-27 03:11:21,767 [WARNING]   Rate limited on LED mirror. Backoff 128s (attempt 4)
2026-03-27 03:11:30,062 [WARNING]   Rate limited on aromatherapy diffuser. Backoff 130s (attempt 4)
2026-03-27 03:11:48,015 [WARNING]   Rate limited on floating shelf. Backoff 123s (attempt 4)
2026-03-27 03:13:12,588 [INFO] [26/90] cable management done
2026-03-27 03:13:14,784 [WARNING]   Rate limited on air fryer accessories. Backoff 18s (attempt 1)
2026-03-27 03:13:16,986 [INFO] [27/90] drawer organizer done
2026-03-27 03:13:19,084 [WARNING]   Rate limited on coffee accessories. Backoff 18s (attempt 1)
2026-03-27 03:13:30,846 [INFO] [28/90] LED mirror done
2026-03-27 03:13:32,886 [WARNING]   Rate limited on reusable bags. Backoff 23s (attempt 1)
2026-03-27 03:13:34,409 [WARNING]   Rate limited on air fryer accessories. Backoff 30s (attempt 2)
2026-03-27 03:13:38,672 [WARNING]   Rate limited on coffee accessories. Backoff 35s (attempt 2)
2026-03-27 03:13:40,288 [INFO] [29/90] aromatherapy diffuser done
2026-03-27 03:13:42,448 [WARNING]   Rate limited on food container. Backoff 23s (attempt 1)
2026-03-27 03:13:51,442 [INFO] [30/90] floating shelf done
2026-03-27 03:13:53,640 [WARNING]   Rate limited on water bottle. Backoff 17s (attempt 1)
2026-03-27 03:13:57,952 [WARNING]   Rate limited on reusable bags. Backoff 40s (attempt 2)
2026-03-27 03:14:06,768 [WARNING]   Rate limited on air fryer accessories. Backoff 67s (attempt 3)
2026-03-27 03:14:07,618 [WARNING]   Rate limited on food container. Backoff 35s (attempt 2)
2026-03-27 03:14:13,053 [WARNING]   Rate limited on water bottle. Backoff 37s (attempt 2)
2026-03-27 03:14:15,653 [WARNING]   Rate limited on coffee accessories. Backoff 65s (attempt 3)
2026-03-27 03:14:39,784 [WARNING]   Rate limited on reusable bags. Backoff 66s (attempt 3)
2026-03-27 03:14:45,259 [WARNING]   Rate limited on food container. Backoff 68s (attempt 3)
2026-03-27 03:14:52,271 [WARNING]   Rate limited on water bottle. Backoff 69s (attempt 3)
2026-03-27 03:15:15,904 [WARNING]   Rate limited on air fryer accessories. Backoff 130s (attempt 4)
2026-03-27 03:15:22,549 [WARNING]   Rate limited on coffee accessories. Backoff 127s (attempt 4)
2026-03-27 03:15:47,855 [WARNING]   Rate limited on reusable bags. Backoff 126s (attempt 4)
2026-03-27 03:15:55,262 [WARNING]   Rate limited on food container. Backoff 121s (attempt 4)
2026-03-27 03:16:03,000 [WARNING]   Rate limited on water bottle. Backoff 128s (attempt 4)
2026-03-27 03:17:26,428 [INFO] [31/90] air fryer accessories done
2026-03-27 03:17:28,648 [WARNING]   Rate limited on lunch box. Backoff 20s (attempt 1)
2026-03-27 03:17:30,378 [INFO] [32/90] coffee accessories done
2026-03-27 03:17:32,590 [WARNING]   Rate limited on kitchen gadgets. Backoff 16s (attempt 1)
2026-03-27 03:17:50,773 [WARNING]   Rate limited on lunch box. Backoff 40s (attempt 2)
2026-03-27 03:17:50,884 [WARNING]   Rate limited on kitchen gadgets. Backoff 35s (attempt 2)
2026-03-27 03:17:54,699 [INFO] [33/90] reusable bags done
2026-03-27 03:17:56,796 [WARNING]   Rate limited on silicone baking. Backoff 21s (attempt 1)
2026-03-27 03:17:57,563 [INFO] [34/90] food container done
2026-03-27 03:17:58,906 [WARNING]   Rate limited on spice organizer. Backoff 16s (attempt 1)
2026-03-27 03:18:11,897 [INFO] [35/90] water bottle done
2026-03-27 03:18:13,931 [WARNING]   Rate limited on knife set. Backoff 19s (attempt 1)
2026-03-27 03:18:16,661 [WARNING]   Rate limited on spice organizer. Backoff 31s (attempt 2)
2026-03-27 03:18:20,174 [WARNING]   Rate limited on silicone baking. Backoff 31s (attempt 2)
2026-03-27 03:18:27,757 [WARNING]   Rate limited on kitchen gadgets. Backoff 60s (attempt 3)
2026-03-27 03:18:32,909 [WARNING]   Rate limited on lunch box. Backoff 64s (attempt 3)
2026-03-27 03:18:35,016 [WARNING]   Rate limited on knife set. Backoff 37s (attempt 2)
2026-03-27 03:18:50,114 [WARNING]   Rate limited on spice organizer. Backoff 68s (attempt 3)
2026-03-27 03:18:53,725 [WARNING]   Rate limited on silicone baking. Backoff 69s (attempt 3)
2026-03-27 03:19:13,798 [WARNING]   Rate limited on knife set. Backoff 68s (attempt 3)
2026-03-27 03:19:30,469 [WARNING]   Rate limited on kitchen gadgets. Backoff 121s (attempt 4)
2026-03-27 03:19:39,240 [WARNING]   Rate limited on lunch box. Backoff 128s (attempt 4)
2026-03-27 03:20:00,218 [WARNING]   Rate limited on spice organizer. Backoff 129s (attempt 4)
2026-03-27 03:20:04,722 [WARNING]   Rate limited on silicone baking. Backoff 127s (attempt 4)
2026-03-27 03:20:23,485 [WARNING]   Rate limited on knife set. Backoff 129s (attempt 4)
2026-03-27 03:21:31,827 [INFO] [36/90] kitchen gadgets done
2026-03-27 03:21:33,989 [WARNING]   Rate limited on face roller. Backoff 20s (attempt 1)
2026-03-27 03:21:48,121 [INFO] [37/90] lunch box done
2026-03-27 03:21:50,330 [WARNING]   Rate limited on hair accessories. Backoff 22s (attempt 1)
2026-03-27 03:21:56,297 [WARNING]   Rate limited on face roller. Backoff 32s (attempt 2)
2026-03-27 03:22:09,535 [INFO] [38/90] spice organizer done
2026-03-27 03:22:11,578 [WARNING]   Rate limited on skincare tools. Backoff 16s (attempt 1)
2026-03-27 03:22:12,752 [INFO] [39/90] silicone baking done
2026-03-27 03:22:14,561 [WARNING]   Rate limited on hair accessories. Backoff 35s (attempt 2)
2026-03-27 03:22:14,962 [WARNING]   Rate limited on makeup organizer. Backoff 22s (attempt 1)
2026-03-27 03:22:29,380 [WARNING]   Rate limited on skincare tools. Backoff 39s (attempt 2)
2026-03-27 03:22:30,441 [WARNING]   Rate limited on face roller. Backoff 62s (attempt 3)
2026-03-27 03:22:32,834 [INFO] [40/90] knife set done
2026-03-27 03:22:34,965 [WARNING]   Rate limited on LED face mask. Backoff 16s (attempt 1)
2026-03-27 03:22:38,988 [WARNING]   Rate limited on makeup organizer. Backoff 36s (attempt 2)
2026-03-27 03:22:51,993 [WARNING]   Rate limited on hair accessories. Backoff 63s (attempt 3)
2026-03-27 03:22:53,517 [WARNING]   Rate limited on LED face mask. Backoff 30s (attempt 2)
2026-03-27 03:23:10,162 [WARNING]   Rate limited on skincare tools. Backoff 63s (attempt 3)
2026-03-27 03:23:17,410 [WARNING]   Rate limited on makeup organizer. Backoff 67s (attempt 3)
2026-03-27 03:23:25,700 [WARNING]   Rate limited on LED face mask. Backoff 62s (attempt 3)
2026-03-27 03:23:34,813 [WARNING]   Rate limited on face roller. Backoff 127s (attempt 4)
2026-03-27 03:23:57,631 [WARNING]   Rate limited on hair accessories. Backoff 123s (attempt 4)
2026-03-27 03:24:15,167 [WARNING]   Rate limited on skincare tools. Backoff 125s (attempt 4)
2026-03-27 03:24:26,040 [WARNING]   Rate limited on makeup organizer. Backoff 120s (attempt 4)
2026-03-27 03:24:30,121 [WARNING]   Rate limited on LED face mask. Backoff 127s (attempt 4)
2026-03-27 03:25:42,074 [INFO] [41/90] face roller done
2026-03-27 03:25:44,293 [WARNING]   Rate limited on hair dryer brush. Backoff 24s (attempt 1)
2026-03-27 03:26:01,112 [INFO] [42/90] hair accessories done
2026-03-27 03:26:03,251 [WARNING]   Rate limited on nail art kit. Backoff 18s (attempt 1)
2026-03-27 03:26:10,932 [WARNING]   Rate limited on hair dryer brush. Backoff 33s (attempt 2)
2026-03-27 03:26:20,554 [INFO] [43/90] skincare tools done
2026-03-27 03:26:22,758 [WARNING]   Rate limited on teeth whitening. Backoff 17s (attempt 1)
2026-03-27 03:26:23,757 [WARNING]   Rate limited on nail art kit. Backoff 35s (attempt 2)
2026-03-27 03:26:26,921 [INFO] [44/90] makeup organizer done
2026-03-27 03:26:29,013 [WARNING]   Rate limited on scalp massager. Backoff 23s (attempt 1)
2026-03-27 03:26:37,982 [INFO] [45/90] LED face mask done
2026-03-27 03:26:40,249 [WARNING]   Rate limited on gua sha. Backoff 22s (attempt 1)
2026-03-27 03:26:41,728 [WARNING]   Rate limited on teeth whitening. Backoff 30s (attempt 2)
2026-03-27 03:26:45,616 [WARNING]   Rate limited on hair dryer brush. Backoff 67s (attempt 3)
2026-03-27 03:26:53,947 [WARNING]   Rate limited on scalp massager. Backoff 35s (attempt 2)
2026-03-27 03:27:00,593 [WARNING]   Rate limited on nail art kit. Backoff 69s (attempt 3)
2026-03-27 03:27:04,692 [WARNING]   Rate limited on gua sha. Backoff 32s (attempt 2)
2026-03-27 03:27:14,139 [WARNING]   Rate limited on teeth whitening. Backoff 63s (attempt 3)
2026-03-27 03:27:30,675 [WARNING]   Rate limited on scalp massager. Backoff 67s (attempt 3)
2026-03-27 03:27:38,630 [WARNING]   Rate limited on gua sha. Backoff 69s (attempt 3)
2026-03-27 03:27:55,058 [WARNING]   Rate limited on hair dryer brush. Backoff 121s (attempt 4)
2026-03-27 03:28:11,925 [WARNING]   Rate limited on nail art kit. Backoff 128s (attempt 4)
2026-03-27 03:28:19,099 [WARNING]   Rate limited on teeth whitening. Backoff 123s (attempt 4)
2026-03-27 03:28:39,915 [WARNING]   Rate limited on scalp massager. Backoff 127s (attempt 4)
2026-03-27 03:28:49,628 [WARNING]   Rate limited on gua sha. Backoff 129s (attempt 4)
2026-03-27 03:29:56,853 [INFO] [46/90] hair dryer brush done
2026-03-27 03:29:58,960 [WARNING]   Rate limited on resistance bands. Backoff 15s (attempt 1)
2026-03-27 03:30:16,187 [WARNING]   Rate limited on resistance bands. Backoff 34s (attempt 2)
2026-03-27 03:30:20,097 [INFO] [47/90] nail art kit done
2026-03-27 03:30:22,174 [WARNING]   Rate limited on yoga mat. Backoff 24s (attempt 1)
2026-03-27 03:30:23,070 [INFO] [48/90] teeth whitening done
2026-03-27 03:30:25,111 [WARNING]   Rate limited on jump rope. Backoff 19s (attempt 1)
2026-03-27 03:30:46,183 [WARNING]   Rate limited on jump rope. Backoff 37s (attempt 2)
2026-03-27 03:30:47,386 [INFO] [49/90] scalp massager done
2026-03-27 03:30:48,022 [WARNING]   Rate limited on yoga mat. Backoff 32s (attempt 2)
2026-03-27 03:30:49,467 [WARNING]   Rate limited on foam roller. Backoff 22s (attempt 1)
2026-03-27 03:30:52,257 [WARNING]   Rate limited on resistance bands. Backoff 62s (attempt 3)
2026-03-27 03:30:59,410 [INFO] [50/90] gua sha done
2026-03-27 03:31:01,390 [WARNING]   Rate limited on fitness tracker. Backoff 18s (attempt 1)
2026-03-27 03:31:13,659 [WARNING]   Rate limited on foam roller. Backoff 35s (attempt 2)
2026-03-27 03:31:21,909 [WARNING]   Rate limited on yoga mat. Backoff 60s (attempt 3)
2026-03-27 03:31:22,127 [WARNING]   Rate limited on fitness tracker. Backoff 35s (attempt 2)
2026-03-27 03:31:25,632 [WARNING]   Rate limited on jump rope. Backoff 69s (attempt 3)
2026-03-27 03:31:50,639 [WARNING]   Rate limited on foam roller. Backoff 64s (attempt 3)
2026-03-27 03:31:56,901 [WARNING]   Rate limited on resistance bands. Backoff 127s (attempt 4)
2026-03-27 03:31:59,263 [WARNING]   Rate limited on fitness tracker. Backoff 64s (attempt 3)
2026-03-27 03:32:24,061 [WARNING]   Rate limited on yoga mat. Backoff 129s (attempt 4)
2026-03-27 03:32:36,293 [WARNING]   Rate limited on jump rope. Backoff 123s (attempt 4)
2026-03-27 03:32:56,614 [WARNING]   Rate limited on foam roller. Backoff 120s (attempt 4)
2026-03-27 03:33:05,200 [WARNING]   Rate limited on fitness tracker. Backoff 122s (attempt 4)
2026-03-27 03:34:04,675 [INFO] [51/90] resistance bands done
2026-03-27 03:34:06,776 [WARNING]   Rate limited on gym bag. Backoff 19s (attempt 1)
2026-03-27 03:34:27,740 [WARNING]   Rate limited on gym bag. Backoff 31s (attempt 2)
2026-03-27 03:34:34,072 [INFO] [52/90] yoga mat done
2026-03-27 03:34:36,057 [WARNING]   Rate limited on massage gun. Backoff 24s (attempt 1)
2026-03-27 03:34:40,250 [INFO] [53/90] jump rope done
2026-03-27 03:34:42,222 [WARNING]   Rate limited on pull up bar. Backoff 17s (attempt 1)
2026-03-27 03:34:57,700 [INFO] [54/90] foam roller done
2026-03-27 03:34:59,782 [WARNING]   Rate limited on adjustable dumbbells. Backoff 21s (attempt 1)
2026-03-27 03:35:01,135 [WARNING]   Rate limited on gym bag. Backoff 63s (attempt 3)
2026-03-27 03:35:01,429 [WARNING]   Rate limited on pull up bar. Backoff 36s (attempt 2)
2026-03-27 03:35:02,399 [WARNING]   Rate limited on massage gun. Backoff 31s (attempt 2)
2026-03-27 03:35:08,153 [INFO] [55/90] fitness tracker done
2026-03-27 03:35:10,303 [WARNING]   Rate limited on workout gloves. Backoff 18s (attempt 1)
2026-03-27 03:35:22,878 [WARNING]   Rate limited on adjustable dumbbells. Backoff 31s (attempt 2)
2026-03-27 03:35:30,743 [WARNING]   Rate limited on workout gloves. Backoff 32s (attempt 2)
2026-03-27 03:35:35,546 [WARNING]   Rate limited on massage gun. Backoff 62s (attempt 3)
2026-03-27 03:35:39,885 [WARNING]   Rate limited on pull up bar. Backoff 67s (attempt 3)
2026-03-27 03:35:56,493 [WARNING]   Rate limited on adjustable dumbbells. Backoff 69s (attempt 3)
2026-03-27 03:36:04,474 [WARNING]   Rate limited on workout gloves. Backoff 69s (attempt 3)
2026-03-27 03:36:06,279 [WARNING]   Rate limited on gym bag. Backoff 121s (attempt 4)
2026-03-27 03:36:39,692 [WARNING]   Rate limited on massage gun. Backoff 126s (attempt 4)
2026-03-27 03:36:49,096 [WARNING]   Rate limited on pull up bar. Backoff 130s (attempt 4)
2026-03-27 03:37:07,095 [WARNING]   Rate limited on adjustable dumbbells. Backoff 126s (attempt 4)
2026-03-27 03:37:15,572 [WARNING]   Rate limited on workout gloves. Backoff 128s (attempt 4)
2026-03-27 03:38:07,688 [INFO] [56/90] gym bag done
2026-03-27 03:38:09,676 [WARNING]   Rate limited on fidget toys. Backoff 19s (attempt 1)
2026-03-27 03:38:30,694 [WARNING]   Rate limited on fidget toys. Backoff 34s (attempt 2)
2026-03-27 03:38:46,772 [INFO] [57/90] massage gun done
2026-03-27 03:38:48,855 [WARNING]   Rate limited on dog harness. Backoff 20s (attempt 1)
2026-03-27 03:38:59,711 [INFO] [58/90] pull up bar done
2026-03-27 03:39:01,894 [WARNING]   Rate limited on cat toys. Backoff 19s (attempt 1)
2026-03-27 03:39:06,818 [WARNING]   Rate limited on fidget toys. Backoff 61s (attempt 3)
2026-03-27 03:39:10,620 [WARNING]   Rate limited on dog harness. Backoff 39s (attempt 2)
2026-03-27 03:39:13,994 [INFO] [59/90] adjustable dumbbells done
2026-03-27 03:39:15,984 [WARNING]   Rate limited on baby monitor. Backoff 17s (attempt 1)
2026-03-27 03:39:23,431 [WARNING]   Rate limited on cat toys. Backoff 37s (attempt 2)
2026-03-27 03:39:24,159 [INFO] [60/90] workout gloves done
2026-03-27 03:39:26,142 [WARNING]   Rate limited on kids tablet case. Backoff 18s (attempt 1)
2026-03-27 03:39:35,246 [WARNING]   Rate limited on baby monitor. Backoff 31s (attempt 2)
2026-03-27 03:39:46,241 [WARNING]   Rate limited on kids tablet case. Backoff 32s (attempt 2)
2026-03-27 03:39:51,745 [WARNING]   Rate limited on dog harness. Backoff 64s (attempt 3)
2026-03-27 03:40:03,033 [WARNING]   Rate limited on cat toys. Backoff 68s (attempt 3)
2026-03-27 03:40:07,814 [WARNING]   Rate limited on baby monitor. Backoff 65s (attempt 3)
2026-03-27 03:40:09,633 [WARNING]   Rate limited on fidget toys. Backoff 129s (attempt 4)
2026-03-27 03:40:20,241 [WARNING]   Rate limited on kids tablet case. Backoff 66s (attempt 3)
2026-03-27 03:40:58,047 [WARNING]   Rate limited on dog harness. Backoff 124s (attempt 4)
2026-03-27 03:41:13,037 [WARNING]   Rate limited on cat toys. Backoff 123s (attempt 4)
2026-03-27 03:41:14,805 [WARNING]   Rate limited on baby monitor. Backoff 123s (attempt 4)
2026-03-27 03:41:29,030 [WARNING]   Rate limited on kids tablet case. Backoff 121s (attempt 4)
2026-03-27 03:42:19,512 [INFO] [61/90] fidget toys done
2026-03-27 03:42:21,639 [WARNING]   Rate limited on pet camera. Backoff 22s (attempt 1)
2026-03-27 03:42:46,068 [WARNING]   Rate limited on pet camera. Backoff 35s (attempt 2)
2026-03-27 03:43:02,657 [INFO] [62/90] dog harness done
2026-03-27 03:43:04,683 [WARNING]   Rate limited on dog bed. Backoff 16s (attempt 1)
2026-03-27 03:43:16,412 [INFO] [63/90] cat toys done
2026-03-27 03:43:18,528 [INFO] [64/90] baby monitor done
2026-03-27 03:43:18,610 [WARNING]   Rate limited on pet grooming. Backoff 17s (attempt 1)
2026-03-27 03:43:20,338 [WARNING]   Rate limited on baby carrier. Backoff 16s (attempt 1)
2026-03-27 03:43:22,634 [WARNING]   Rate limited on dog bed. Backoff 32s (attempt 2)
2026-03-27 03:43:23,363 [WARNING]   Rate limited on pet camera. Backoff 61s (attempt 3)
2026-03-27 03:43:30,810 [INFO] [65/90] kids tablet case done
2026-03-27 03:43:32,925 [WARNING]   Rate limited on educational toys. Backoff 18s (attempt 1)
2026-03-27 03:43:38,067 [WARNING]   Rate limited on pet grooming. Backoff 33s (attempt 2)
2026-03-27 03:43:38,804 [WARNING]   Rate limited on baby carrier. Backoff 32s (attempt 2)
2026-03-27 03:43:53,397 [WARNING]   Rate limited on educational toys. Backoff 34s (attempt 2)
2026-03-27 03:43:57,133 [WARNING]   Rate limited on dog bed. Backoff 62s (attempt 3)
2026-03-27 03:44:12,820 [WARNING]   Rate limited on baby carrier. Backoff 61s (attempt 3)
2026-03-27 03:44:13,363 [WARNING]   Rate limited on pet grooming. Backoff 68s (attempt 3)
2026-03-27 03:44:26,609 [WARNING]   Rate limited on pet camera. Backoff 123s (attempt 4)
2026-03-27 03:44:29,847 [WARNING]   Rate limited on educational toys. Backoff 62s (attempt 3)
2026-03-27 03:45:01,798 [WARNING]   Rate limited on dog bed. Backoff 122s (attempt 4)
2026-03-27 03:45:16,349 [WARNING]   Rate limited on baby carrier. Backoff 129s (attempt 4)
2026-03-27 03:45:23,510 [WARNING]   Rate limited on pet grooming. Backoff 126s (attempt 4)
2026-03-27 03:45:33,844 [WARNING]   Rate limited on educational toys. Backoff 124s (attempt 4)
2026-03-27 03:46:30,180 [INFO] [66/90] pet camera done
2026-03-27 03:46:32,311 [WARNING]   Rate limited on crossbody bag. Backoff 19s (attempt 1)
2026-03-27 03:46:53,818 [WARNING]   Rate limited on crossbody bag. Backoff 33s (attempt 2)
2026-03-27 03:47:04,611 [INFO] [67/90] dog bed done
2026-03-27 03:47:06,690 [WARNING]   Rate limited on sunglasses. Backoff 23s (attempt 1)
2026-03-27 03:47:25,589 [INFO] [68/90] baby carrier done
2026-03-27 03:47:27,883 [WARNING]   Rate limited on minimalist wallet. Backoff 20s (attempt 1)
2026-03-27 03:47:28,814 [WARNING]   Rate limited on crossbody bag. Backoff 65s (attempt 3)
2026-03-27 03:47:29,938 [INFO] [69/90] pet grooming done
2026-03-27 03:47:32,215 [WARNING]   Rate limited on sunglasses. Backoff 39s (attempt 2)
2026-03-27 03:47:32,221 [WARNING]   Rate limited on tote bag. Backoff 20s (attempt 1)
2026-03-27 03:47:38,130 [INFO] [70/90] educational toys done
2026-03-27 03:47:40,125 [WARNING]   Rate limited on baseball cap. Backoff 16s (attempt 1)
2026-03-27 03:47:49,792 [WARNING]   Rate limited on minimalist wallet. Backoff 34s (attempt 2)
2026-03-27 03:47:54,025 [WARNING]   Rate limited on tote bag. Backoff 38s (attempt 2)
2026-03-27 03:47:58,691 [WARNING]   Rate limited on baseball cap. Backoff 40s (attempt 2)
2026-03-27 03:48:13,316 [WARNING]   Rate limited on sunglasses. Backoff 60s (attempt 3)
2026-03-27 03:48:26,206 [WARNING]   Rate limited on minimalist wallet. Backoff 65s (attempt 3)
2026-03-27 03:48:34,436 [WARNING]   Rate limited on tote bag. Backoff 67s (attempt 3)
2026-03-27 03:48:35,643 [WARNING]   Rate limited on crossbody bag. Backoff 126s (attempt 4)
2026-03-27 03:48:40,487 [WARNING]   Rate limited on baseball cap. Backoff 69s (attempt 3)
2026-03-27 03:49:15,761 [WARNING]   Rate limited on sunglasses. Backoff 121s (attempt 4)
2026-03-27 03:49:33,922 [WARNING]   Rate limited on minimalist wallet. Backoff 123s (attempt 4)
2026-03-27 03:49:44,056 [WARNING]   Rate limited on tote bag. Backoff 120s (attempt 4)
2026-03-27 03:49:51,172 [WARNING]   Rate limited on baseball cap. Backoff 128s (attempt 4)
2026-03-27 03:50:42,783 [INFO] [71/90] crossbody bag done
2026-03-27 03:50:44,846 [WARNING]   Rate limited on sneaker cleaning. Backoff 18s (attempt 1)
2026-03-27 03:51:05,553 [WARNING]   Rate limited on sneaker cleaning. Backoff 30s (attempt 2)
2026-03-27 03:51:17,247 [INFO] [72/90] sunglasses done
2026-03-27 03:51:19,352 [WARNING]   Rate limited on belt bag. Backoff 23s (attempt 1)
2026-03-27 03:51:37,280 [INFO] [73/90] minimalist wallet done
2026-03-27 03:51:38,535 [WARNING]   Rate limited on sneaker cleaning. Backoff 68s (attempt 3)
2026-03-27 03:51:39,512 [WARNING]   Rate limited on watch band. Backoff 21s (attempt 1)
2026-03-27 03:51:44,933 [WARNING]   Rate limited on belt bag. Backoff 31s (attempt 2)
2026-03-27 03:51:44,976 [INFO] [74/90] tote bag done
2026-03-27 03:51:47,113 [WARNING]   Rate limited on jewelry organizer. Backoff 21s (attempt 1)
2026-03-27 03:51:59,453 [INFO] [75/90] baseball cap done
2026-03-27 03:52:01,677 [WARNING]   Rate limited on scarf. Backoff 18s (attempt 1)
2026-03-27 03:52:02,909 [WARNING]   Rate limited on watch band. Backoff 35s (attempt 2)
2026-03-27 03:52:09,917 [WARNING]   Rate limited on jewelry organizer. Backoff 36s (attempt 2)
2026-03-27 03:52:18,276 [WARNING]   Rate limited on belt bag. Backoff 64s (attempt 3)
2026-03-27 03:52:21,672 [WARNING]   Rate limited on scarf. Backoff 32s (attempt 2)
2026-03-27 03:52:40,619 [WARNING]   Rate limited on watch band. Backoff 67s (attempt 3)
2026-03-27 03:52:48,324 [WARNING]   Rate limited on sneaker cleaning. Backoff 124s (attempt 4)
2026-03-27 03:52:48,444 [WARNING]   Rate limited on jewelry organizer. Backoff 62s (attempt 3)
2026-03-27 03:52:55,438 [WARNING]   Rate limited on scarf. Backoff 64s (attempt 3)
2026-03-27 03:53:24,082 [WARNING]   Rate limited on belt bag. Backoff 125s (attempt 4)
2026-03-27 03:53:49,914 [WARNING]   Rate limited on watch band. Backoff 124s (attempt 4)
2026-03-27 03:53:52,725 [WARNING]   Rate limited on jewelry organizer. Backoff 124s (attempt 4)
2026-03-27 03:54:01,382 [WARNING]   Rate limited on scarf. Backoff 120s (attempt 4)
2026-03-27 03:54:52,506 [INFO] [76/90] sneaker cleaning done
2026-03-27 03:54:54,512 [WARNING]   Rate limited on stanley cup accessories. Backoff 21s (attempt 1)
2026-03-27 03:55:17,290 [WARNING]   Rate limited on stanley cup accessories. Backoff 36s (attempt 2)
2026-03-27 03:55:29,965 [INFO] [77/90] belt bag done
2026-03-27 03:55:32,074 [WARNING]   Rate limited on viral tiktok product. Backoff 24s (attempt 1)
2026-03-27 03:55:54,260 [INFO] [78/90] watch band done
2026-03-27 03:55:55,444 [WARNING]   Rate limited on stanley cup accessories. Backoff 63s (attempt 3)
2026-03-27 03:55:56,549 [WARNING]   Rate limited on trending gadget 2026. Backoff 18s (attempt 1)
2026-03-27 03:55:57,753 [INFO] [79/90] jewelry organizer done
2026-03-27 03:55:58,400 [WARNING]   Rate limited on viral tiktok product. Backoff 35s (attempt 2)
2026-03-27 03:56:00,031 [WARNING]   Rate limited on summer outdoor. Backoff 17s (attempt 1)
2026-03-27 03:56:02,168 [INFO] [80/90] scarf done
2026-03-27 03:56:04,203 [WARNING]   Rate limited on beach accessories. Backoff 19s (attempt 1)
2026-03-27 03:56:16,591 [WARNING]   Rate limited on trending gadget 2026. Backoff 34s (attempt 2)
2026-03-27 03:56:18,857 [WARNING]   Rate limited on summer outdoor. Backoff 31s (attempt 2)
2026-03-27 03:56:25,188 [WARNING]   Rate limited on beach accessories. Backoff 31s (attempt 2)
2026-03-27 03:56:35,326 [WARNING]   Rate limited on viral tiktok product. Backoff 61s (attempt 3)
2026-03-27 03:56:52,822 [WARNING]   Rate limited on trending gadget 2026. Backoff 62s (attempt 3)
2026-03-27 03:56:52,909 [WARNING]   Rate limited on summer outdoor. Backoff 68s (attempt 3)
2026-03-27 03:56:58,238 [WARNING]   Rate limited on beach accessories. Backoff 62s (attempt 3)
2026-03-27 03:57:00,917 [WARNING]   Rate limited on stanley cup accessories. Backoff 125s (attempt 4)
2026-03-27 03:57:39,012 [WARNING]   Rate limited on viral tiktok product. Backoff 124s (attempt 4)
2026-03-27 03:57:57,009 [WARNING]   Rate limited on trending gadget 2026. Backoff 127s (attempt 4)
2026-03-27 03:58:01,873 [WARNING]   Rate limited on beach accessories. Backoff 128s (attempt 4)
2026-03-27 03:58:02,937 [WARNING]   Rate limited on summer outdoor. Backoff 128s (attempt 4)
2026-03-27 03:59:06,649 [INFO] [81/90] stanley cup accessories done
2026-03-27 03:59:08,709 [WARNING]   Rate limited on camping gear. Backoff 21s (attempt 1)
2026-03-27 03:59:31,785 [WARNING]   Rate limited on camping gear. Backoff 36s (attempt 2)
2026-03-27 03:59:43,455 [INFO] [82/90] viral tiktok product done
2026-03-27 03:59:45,476 [WARNING]   Rate limited on graduation gift. Backoff 24s (attempt 1)
2026-03-27 04:00:05,038 [INFO] [83/90] trending gadget 2026 done
2026-03-27 04:00:07,259 [WARNING]   Rate limited on back to school supplies. Backoff 18s (attempt 1)
2026-03-27 04:00:10,074 [WARNING]   Rate limited on camping gear. Backoff 61s (attempt 3)
2026-03-27 04:00:10,278 [INFO] [84/90] beach accessories done
2026-03-27 04:00:11,878 [WARNING]   Rate limited on graduation gift. Backoff 33s (attempt 2)
2026-03-27 04:00:12,566 [WARNING]   Rate limited on halloween costume. Backoff 21s (attempt 1)
2026-03-27 04:00:12,893 [INFO] [85/90] summer outdoor done
2026-03-27 04:00:14,137 [WARNING]   Rate limited on christmas gift ideas. Backoff 16s (attempt 1)
2026-03-27 04:00:27,718 [WARNING]   Rate limited on back to school supplies. Backoff 32s (attempt 2)
2026-03-27 04:00:32,779 [WARNING]   Rate limited on christmas gift ideas. Backoff 34s (attempt 2)
2026-03-27 04:00:36,077 [WARNING]   Rate limited on halloween costume. Backoff 31s (attempt 2)
2026-03-27 04:00:47,354 [WARNING]   Rate limited on graduation gift. Backoff 69s (attempt 3)
2026-03-27 04:01:02,160 [WARNING]   Rate limited on back to school supplies. Backoff 70s (attempt 3)
2026-03-27 04:01:09,281 [WARNING]   Rate limited on christmas gift ideas. Backoff 69s (attempt 3)
2026-03-27 04:01:09,432 [WARNING]   Rate limited on halloween costume. Backoff 63s (attempt 3)
2026-03-27 04:01:13,449 [WARNING]   Rate limited on camping gear. Backoff 123s (attempt 4)
2026-03-27 04:01:58,902 [WARNING]   Rate limited on graduation gift. Backoff 128s (attempt 4)
2026-03-27 04:02:13,971 [WARNING]   Rate limited on back to school supplies. Backoff 129s (attempt 4)
2026-03-27 04:02:14,888 [WARNING]   Rate limited on halloween costume. Backoff 129s (attempt 4)
2026-03-27 04:02:20,564 [WARNING]   Rate limited on christmas gift ideas. Backoff 124s (attempt 4)
2026-03-27 04:03:17,198 [INFO] [86/90] camping gear done
2026-03-27 04:04:07,891 [INFO] [87/90] graduation gift done
2026-03-27 04:04:23,839 [INFO] [88/90] back to school supplies done
2026-03-27 04:04:26,173 [INFO] [89/90] halloween costume done
2026-03-27 04:04:27,246 [INFO] [90/90] christmas gift ideas done
2026-03-27 04:04:28,767 [INFO] ==================================================
2026-03-27 04:04:28,768 [INFO] Done. 161 results collected.
2026-03-27 04:04:28,770 [INFO] CSV:  C:\Users\kalan/behique/output\trending_products_2026-03-27.csv
2026-03-27 04:04:28,770 [INFO] JSON: C:\Users\kalan/behique/output\trending_products_2026-03-27.json
2026-03-27 04:04:28,771 [INFO] Picks: C:\Users\kalan/behique/output\top_picks_2026-03-27.txt
2026-03-27 04:04:28,772 [INFO] 
TOP 10 PRODUCTS:
2026-03-27 04:04:28,772 [INFO] ------------------------------------------------------------
2026-03-27 04:04:28,773 [INFO]   ikea cable organizer                   score:0.713 vel:1.50 [emerging]
2026-03-27 04:04:28,774 [INFO]   tesla cable organizer                  score:0.713 vel:1.50 [emerging]
2026-03-27 04:04:28,775 [INFO]   best cable organizer                   score:0.713 vel:1.50 [emerging]
2026-03-27 04:04:28,775 [INFO]   cable storage organizer                score:0.713 vel:1.50 [emerging]
2026-03-27 04:04:28,776 [INFO]   desk cable organizer                   score:0.713 vel:1.50 [emerging]
2026-03-27 04:04:28,777 [INFO]   mactrem led ring light kit             score:0.684 vel:1.21 [emerging]
2026-03-27 04:04:28,777 [INFO]   3d printed laptop stand                score:0.669 vel:1.22 [emerging]
2026-03-27 04:04:28,778 [INFO]   desk organizer                         score:0.668 vel:1.50 [emerging]
2026-03-27 04:04:28,779 [INFO]   laptop stand for desk                  score:0.644 vel:1.22 [emerging]
2026-03-27 04:04:28,779 [INFO]   iphone 17e screen protector            score:0.641 vel:1.01 [stable]
2026-03-27 04:04:28,780 [WARNING] 
75 keywords failed: air purifier, humidifier, desk lamp, storage organizer, shower curtain, candle holder, wall art, bookshelf decor, throw pillow, plant pots
2026-03-27 04:04:28,781 [INFO] 
Active proxies remaining: 0/0
