2026-03-18 03:00:06,538 [WARNING] Proxy file not found: C:\Users\kalan/Downloads/Webshare 10 proxies.txt
2026-03-18 03:00:06,538 [WARNING] Running without proxies (higher ban risk)
2026-03-18 03:00:06,556 [INFO] Google Trends Product Research v2
2026-03-18 03:00:06,557 [INFO] Date: 2026-03-18 03:00 | Market: US | Timeframes: ['now 7-d', 'today 1-m', 'today 3-m']
2026-03-18 03:00:06,557 [INFO] Scanning 90 keywords across 8 categories
2026-03-18 03:00:06,557 [INFO] Workers: 5 | Batch size: 5
2026-03-18 03:00:06,557 [INFO] Active proxies: 0/0
2026-03-18 03:00:06,557 [INFO] --------------------------------------------------
2026-03-18 03:00:17,742 [INFO]   OK wireless earbuds -- 13 queries, trend: emerging
2026-03-18 03:00:17,742 [INFO] [1/90] wireless earbuds done
2026-03-18 03:00:18,522 [INFO]   OK portable charger -- 13 queries, trend: stable
2026-03-18 03:00:20,668 [INFO] [2/90] portable charger done
2026-03-18 03:00:22,413 [INFO]   OK phone stand -- 13 queries, trend: stable
2026-03-18 03:00:22,796 [INFO]   OK ring light -- 10 queries, trend: stable
2026-03-18 03:00:23,454 [INFO] [3/90] phone stand done
2026-03-18 03:00:24,821 [INFO]   OK LED strip lights -- 6 queries, trend: stable
2026-03-18 03:00:25,423 [INFO]   OK phone case -- 13 queries, trend: stable
2026-03-18 03:00:26,260 [INFO] [4/90] ring light done
2026-03-18 03:00:27,510 [INFO] [5/90] LED strip lights done
2026-03-18 03:00:30,209 [INFO] [6/90] phone case done
2026-03-18 03:00:36,146 [INFO]   OK smart watch -- 13 queries, trend: stable
2026-03-18 03:00:36,147 [INFO] [7/90] smart watch done
2026-03-18 03:00:38,715 [INFO]   OK laptop stand -- 13 queries, trend: stable
2026-03-18 03:00:38,715 [INFO] [8/90] laptop stand done
2026-03-18 03:00:39,955 [INFO]   OK webcam -- 13 queries, trend: stable
2026-03-18 03:00:40,358 [WARNING]   Rate limited on wireless mouse. Backoff 21s (attempt 1)
2026-03-18 03:00:41,007 [WARNING]   Rate limited on screen protector. Backoff 19s (attempt 1)
2026-03-18 03:00:41,034 [INFO] [9/90] webcam done
2026-03-18 03:00:41,682 [INFO]   OK bluetooth speaker -- 13 queries, trend: stable
2026-03-18 03:00:42,376 [WARNING]   Rate limited on power bank. Backoff 16s (attempt 1)
2026-03-18 03:00:42,668 [INFO] [10/90] bluetooth speaker done
2026-03-18 03:00:44,783 [WARNING]   Rate limited on cable organizer. Backoff 25s (attempt 1)
2026-03-18 03:00:44,795 [INFO]   OK USB hub -- 6 queries, trend: stable
2026-03-18 03:00:45,022 [INFO] [11/90] USB hub done
2026-03-18 03:00:48,400 [WARNING]   Rate limited on air purifier. Backoff 21s (attempt 1)
2026-03-18 03:01:01,919 [WARNING]   Rate limited on power bank. Backoff 34s (attempt 2)
2026-03-18 03:01:02,542 [WARNING]   Rate limited on screen protector. Backoff 39s (attempt 2)
2026-03-18 03:01:04,539 [WARNING]   Rate limited on wireless mouse. Backoff 40s (attempt 2)
2026-03-18 03:01:25,607 [INFO]   OK cable organizer -- 7 queries, trend: emerging
2026-03-18 03:01:25,609 [INFO] [12/90] cable organizer done
2026-03-18 03:01:27,559 [INFO]   OK air purifier -- 10 queries, trend: stable
2026-03-18 03:01:28,175 [INFO] [13/90] air purifier done
2026-03-18 03:01:43,628 [WARNING]   Rate limited on screen protector. Backoff 68s (attempt 3)
2026-03-18 03:01:44,563 [INFO]   OK humidifier -- 13 queries, trend: stable
2026-03-18 03:01:44,563 [INFO] [14/90] humidifier done
2026-03-18 03:01:46,932 [WARNING]   Rate limited on desk lamp. Backoff 15s (attempt 1)
2026-03-18 03:01:47,391 [WARNING]   Rate limited on wireless mouse. Backoff 62s (attempt 3)
2026-03-18 03:01:48,553 [INFO]   OK power bank -- 13 queries, trend: stable
2026-03-18 03:01:48,553 [INFO] [15/90] power bank done
2026-03-18 03:01:49,706 [INFO]   OK storage organizer -- 6 queries, trend: emerging
2026-03-18 03:01:49,706 [INFO] [16/90] storage organizer done
2026-03-18 03:01:50,773 [WARNING]   Rate limited on shower curtain. Backoff 21s (attempt 1)
2026-03-18 03:01:51,797 [WARNING]   Rate limited on candle holder. Backoff 17s (attempt 1)
2026-03-18 03:02:15,352 [WARNING]   Rate limited on shower curtain. Backoff 39s (attempt 2)
2026-03-18 03:02:21,194 [INFO]   OK desk lamp -- 13 queries, trend: stable
2026-03-18 03:02:21,195 [INFO] [17/90] desk lamp done
2026-03-18 03:02:25,692 [INFO]   OK candle holder -- 13 queries, trend: stable
2026-03-18 03:02:25,693 [INFO] [18/90] candle holder done
2026-03-18 03:02:33,218 [INFO]   OK wall art -- 11 queries, trend: stable
2026-03-18 03:02:33,218 [INFO] [19/90] wall art done
2026-03-18 03:02:35,640 [WARNING]   Rate limited on bookshelf decor. Backoff 25s (attempt 1)
2026-03-18 03:02:37,975 [INFO]   OK throw pillow -- 13 queries, trend: stable
2026-03-18 03:02:37,975 [INFO] [20/90] throw pillow done
2026-03-18 03:02:40,381 [WARNING]   Rate limited on plant pots. Backoff 18s (attempt 1)
2026-03-18 03:02:52,044 [WARNING]   Rate limited on wireless mouse. Backoff 125s (attempt 4)
2026-03-18 03:02:53,779 [WARNING]   Rate limited on screen protector. Backoff 123s (attempt 4)
2026-03-18 03:02:56,570 [WARNING]   Rate limited on shower curtain. Backoff 68s (attempt 3)
2026-03-18 03:03:00,723 [WARNING]   Rate limited on plant pots. Backoff 37s (attempt 2)
2026-03-18 03:03:02,936 [WARNING]   Rate limited on bookshelf decor. Backoff 36s (attempt 2)
2026-03-18 03:03:40,398 [WARNING]   Rate limited on plant pots. Backoff 66s (attempt 3)
2026-03-18 03:03:40,829 [WARNING]   Rate limited on bookshelf decor. Backoff 62s (attempt 3)
2026-03-18 03:04:06,820 [WARNING]   Rate limited on shower curtain. Backoff 121s (attempt 4)
2026-03-18 03:04:44,897 [WARNING]   Rate limited on bookshelf decor. Backoff 120s (attempt 4)
2026-03-18 03:04:48,373 [WARNING]   Rate limited on plant pots. Backoff 125s (attempt 4)
2026-03-18 03:04:57,947 [INFO] [21/90] wireless mouse done
2026-03-18 03:05:00,443 [WARNING]   Rate limited on cable management. Backoff 24s (attempt 1)
2026-03-18 03:05:00,444 [WARNING]   Rate limited on drawer organizer. Backoff 21s (attempt 1)
2026-03-18 03:05:00,672 [INFO] [22/90] screen protector done
2026-03-18 03:05:24,067 [WARNING]   Rate limited on drawer organizer. Backoff 31s (attempt 2)
2026-03-18 03:05:27,383 [WARNING]   Rate limited on cable management. Backoff 32s (attempt 2)
2026-03-18 03:05:57,951 [WARNING]   Rate limited on drawer organizer. Backoff 60s (attempt 3)
2026-03-18 03:06:01,841 [WARNING]   Rate limited on cable management. Backoff 63s (attempt 3)
2026-03-18 03:06:08,006 [INFO] [23/90] shower curtain done
2026-03-18 03:06:10,450 [WARNING]   Rate limited on aromatherapy diffuser. Backoff 17s (attempt 1)
2026-03-18 03:06:30,218 [WARNING]   Rate limited on aromatherapy diffuser. Backoff 33s (attempt 2)
2026-03-18 03:06:45,789 [INFO] [24/90] bookshelf decor done
2026-03-18 03:06:48,209 [WARNING]   Rate limited on LED mirror. Backoff 19s (attempt 1)
2026-03-18 03:06:54,251 [INFO] [25/90] plant pots done
2026-03-18 03:06:56,682 [WARNING]   Rate limited on floating shelf. Backoff 23s (attempt 1)
2026-03-18 03:07:00,467 [WARNING]   Rate limited on drawer organizer. Backoff 128s (attempt 4)
2026-03-18 03:07:05,714 [WARNING]   Rate limited on aromatherapy diffuser. Backoff 61s (attempt 3)
2026-03-18 03:07:07,568 [WARNING]   Rate limited on cable management. Backoff 126s (attempt 4)
2026-03-18 03:07:09,837 [WARNING]   Rate limited on LED mirror. Backoff 33s (attempt 2)
2026-03-18 03:07:22,306 [WARNING]   Rate limited on floating shelf. Backoff 37s (attempt 2)
2026-03-18 03:07:45,269 [WARNING]   Rate limited on LED mirror. Backoff 65s (attempt 3)
2026-03-18 03:08:01,603 [WARNING]   Rate limited on floating shelf. Backoff 66s (attempt 3)
2026-03-18 03:08:08,614 [WARNING]   Rate limited on aromatherapy diffuser. Backoff 129s (attempt 4)
2026-03-18 03:08:52,605 [WARNING]   Rate limited on LED mirror. Backoff 123s (attempt 4)
2026-03-18 03:09:09,685 [INFO] [26/90] drawer organizer done
2026-03-18 03:09:10,852 [WARNING]   Rate limited on floating shelf. Backoff 120s (attempt 4)
2026-03-18 03:09:12,246 [WARNING]   Rate limited on air fryer accessories. Backoff 15s (attempt 1)
2026-03-18 03:09:14,607 [INFO] [27/90] cable management done
2026-03-18 03:09:16,891 [WARNING]   Rate limited on coffee accessories. Backoff 23s (attempt 1)
2026-03-18 03:09:29,691 [WARNING]   Rate limited on air fryer accessories. Backoff 32s (attempt 2)
2026-03-18 03:09:42,154 [WARNING]   Rate limited on coffee accessories. Backoff 31s (attempt 2)
2026-03-18 03:10:23,496 [INFO] [28/90] aromatherapy diffuser done
2026-03-18 03:10:24,556 [ERROR] [29/90] air fryer accessories error: HTTPSConnectionPool(host='trends.google.com', port=443): Max retries exceeded with url: /trends/explore/?geo=US (Caused by SSLError(SSLEOFError(8, '[SSL: UNEXPECTED_EOF_WHILE_READING] EOF occurred in violation of protocol (_ssl.c:1010)')))
2026-03-18 03:10:25,316 [WARNING]   Rate limited on coffee accessories. Backoff 67s (attempt 3)
2026-03-18 03:10:25,842 [WARNING]   Rate limited on reusable bags. Backoff 19s (attempt 1)
2026-03-18 03:10:26,422 [WARNING]   Rate limited on food container. Backoff 24s (attempt 1)
2026-03-18 03:10:46,837 [WARNING]   Rate limited on reusable bags. Backoff 31s (attempt 2)
2026-03-18 03:10:56,988 [WARNING]   Rate limited on food container. Backoff 33s (attempt 2)
2026-03-18 03:10:57,695 [INFO] [30/90] LED mirror done
2026-03-18 03:11:03,140 [WARNING]   Rate limited on water bottle. Backoff 21s (attempt 1)
2026-03-18 03:11:11,619 [INFO] [31/90] floating shelf done
2026-03-18 03:11:13,891 [WARNING]   Rate limited on lunch box. Backoff 20s (attempt 1)
2026-03-18 03:11:19,735 [WARNING]   Rate limited on reusable bags. Backoff 66s (attempt 3)
2026-03-18 03:11:26,928 [WARNING]   Rate limited on water bottle. Backoff 38s (attempt 2)
2026-03-18 03:11:32,504 [WARNING]   Rate limited on food container. Backoff 67s (attempt 3)
2026-03-18 03:11:34,619 [WARNING]   Rate limited on coffee accessories. Backoff 129s (attempt 4)
2026-03-18 03:11:36,588 [WARNING]   Rate limited on lunch box. Backoff 37s (attempt 2)
2026-03-18 03:12:06,952 [WARNING]   Rate limited on water bottle. Backoff 61s (attempt 3)
2026-03-18 03:12:15,968 [WARNING]   Rate limited on lunch box. Backoff 61s (attempt 3)
2026-03-18 03:12:28,317 [WARNING]   Rate limited on reusable bags. Backoff 121s (attempt 4)
2026-03-18 03:12:41,487 [WARNING]   Rate limited on food container. Backoff 123s (attempt 4)
2026-03-18 03:13:10,809 [WARNING]   Rate limited on water bottle. Backoff 122s (attempt 4)
2026-03-18 03:13:19,757 [WARNING]   Rate limited on lunch box. Backoff 123s (attempt 4)
2026-03-18 03:13:44,327 [INFO] [32/90] coffee accessories done
2026-03-18 03:13:46,648 [WARNING]   Rate limited on kitchen gadgets. Backoff 17s (attempt 1)
2026-03-18 03:14:05,838 [WARNING]   Rate limited on kitchen gadgets. Backoff 35s (attempt 2)
2026-03-18 03:14:30,361 [INFO] [33/90] reusable bags done
2026-03-18 03:14:32,685 [WARNING]   Rate limited on silicone baking. Backoff 21s (attempt 1)
2026-03-18 03:14:42,712 [WARNING]   Rate limited on kitchen gadgets. Backoff 67s (attempt 3)
2026-03-18 03:14:45,596 [INFO] [34/90] food container done
2026-03-18 03:14:47,856 [WARNING]   Rate limited on spice organizer. Backoff 23s (attempt 1)
2026-03-18 03:14:55,680 [WARNING]   Rate limited on silicone baking. Backoff 31s (attempt 2)
2026-03-18 03:15:13,419 [WARNING]   Rate limited on spice organizer. Backoff 39s (attempt 2)
2026-03-18 03:15:13,444 [INFO] [35/90] water bottle done
2026-03-18 03:15:15,701 [WARNING]   Rate limited on knife set. Backoff 15s (attempt 1)
2026-03-18 03:15:23,481 [INFO] [36/90] lunch box done
2026-03-18 03:15:26,021 [WARNING]   Rate limited on face roller. Backoff 20s (attempt 1)
2026-03-18 03:15:28,608 [WARNING]   Rate limited on silicone baking. Backoff 66s (attempt 3)
2026-03-18 03:15:33,193 [WARNING]   Rate limited on knife set. Backoff 31s (attempt 2)
2026-03-18 03:15:48,702 [WARNING]   Rate limited on face roller. Backoff 33s (attempt 2)
2026-03-18 03:15:52,582 [WARNING]   Rate limited on kitchen gadgets. Backoff 124s (attempt 4)
2026-03-18 03:15:54,632 [WARNING]   Rate limited on spice organizer. Backoff 68s (attempt 3)
2026-03-18 03:16:06,510 [WARNING]   Rate limited on knife set. Backoff 67s (attempt 3)
2026-03-18 03:16:23,642 [WARNING]   Rate limited on face roller. Backoff 65s (attempt 3)
2026-03-18 03:16:36,563 [WARNING]   Rate limited on silicone baking. Backoff 127s (attempt 4)
2026-03-18 03:17:04,456 [WARNING]   Rate limited on spice organizer. Backoff 127s (attempt 4)
2026-03-18 03:17:15,699 [WARNING]   Rate limited on knife set. Backoff 126s (attempt 4)
2026-03-18 03:17:31,349 [WARNING]   Rate limited on face roller. Backoff 128s (attempt 4)
2026-03-18 03:17:57,680 [INFO] [37/90] kitchen gadgets done
2026-03-18 03:18:00,031 [WARNING]   Rate limited on hair accessories. Backoff 17s (attempt 1)
2026-03-18 03:18:19,661 [WARNING]   Rate limited on hair accessories. Backoff 31s (attempt 2)
2026-03-18 03:18:43,844 [INFO] [38/90] silicone baking done
2026-03-18 03:18:46,337 [WARNING]   Rate limited on skincare tools. Backoff 23s (attempt 1)
2026-03-18 03:18:52,572 [WARNING]   Rate limited on hair accessories. Backoff 66s (attempt 3)
2026-03-18 03:19:11,783 [WARNING]   Rate limited on skincare tools. Backoff 31s (attempt 2)
2026-03-18 03:19:12,110 [INFO] [39/90] spice organizer done
2026-03-18 03:19:14,395 [WARNING]   Rate limited on makeup organizer. Backoff 16s (attempt 1)
2026-03-18 03:19:22,162 [INFO] [40/90] knife set done
2026-03-18 03:19:24,426 [WARNING]   Rate limited on LED face mask. Backoff 18s (attempt 1)
2026-03-18 03:19:32,283 [WARNING]   Rate limited on makeup organizer. Backoff 39s (attempt 2)
2026-03-18 03:19:39,768 [INFO] [41/90] face roller done
2026-03-18 03:19:42,302 [WARNING]   Rate limited on hair dryer brush. Backoff 15s (attempt 1)
2026-03-18 03:19:44,835 [WARNING]   Rate limited on skincare tools. Backoff 65s (attempt 3)
2026-03-18 03:19:45,080 [WARNING]   Rate limited on LED face mask. Backoff 37s (attempt 2)
2026-03-18 03:20:00,036 [WARNING]   Rate limited on hair dryer brush. Backoff 36s (attempt 2)
2026-03-18 03:20:01,612 [WARNING]   Rate limited on hair accessories. Backoff 128s (attempt 4)
2026-03-18 03:20:13,209 [WARNING]   Rate limited on makeup organizer. Backoff 69s (attempt 3)
2026-03-18 03:20:24,633 [WARNING]   Rate limited on LED face mask. Backoff 61s (attempt 3)
2026-03-18 03:20:38,530 [WARNING]   Rate limited on hair dryer brush. Backoff 63s (attempt 3)
2026-03-18 03:20:53,452 [WARNING]   Rate limited on skincare tools. Backoff 130s (attempt 4)
2026-03-18 03:21:25,156 [WARNING]   Rate limited on makeup organizer. Backoff 127s (attempt 4)
2026-03-18 03:21:28,453 [WARNING]   Rate limited on LED face mask. Backoff 128s (attempt 4)
2026-03-18 03:21:43,784 [WARNING]   Rate limited on hair dryer brush. Backoff 125s (attempt 4)
2026-03-18 03:22:10,163 [INFO] [42/90] hair accessories done
2026-03-18 03:22:12,390 [WARNING]   Rate limited on nail art kit. Backoff 24s (attempt 1)
2026-03-18 03:22:39,268 [WARNING]   Rate limited on nail art kit. Backoff 39s (attempt 2)
2026-03-18 03:23:04,120 [INFO] [43/90] skincare tools done
2026-03-18 03:23:06,880 [WARNING]   Rate limited on teeth whitening. Backoff 17s (attempt 1)
2026-03-18 03:23:20,574 [WARNING]   Rate limited on nail art kit. Backoff 67s (attempt 3)
2026-03-18 03:23:26,595 [WARNING]   Rate limited on teeth whitening. Backoff 34s (attempt 2)
2026-03-18 03:23:33,325 [INFO] [44/90] makeup organizer done
2026-03-18 03:23:35,513 [WARNING]   Rate limited on scalp massager. Backoff 19s (attempt 1)
2026-03-18 03:23:37,625 [INFO] [45/90] LED face mask done
2026-03-18 03:23:40,032 [WARNING]   Rate limited on gua sha. Backoff 20s (attempt 1)
2026-03-18 03:23:49,653 [INFO] [46/90] hair dryer brush done
2026-03-18 03:23:51,953 [WARNING]   Rate limited on resistance bands. Backoff 21s (attempt 1)
2026-03-18 03:23:56,584 [WARNING]   Rate limited on scalp massager. Backoff 34s (attempt 2)
2026-03-18 03:24:02,708 [WARNING]   Rate limited on gua sha. Backoff 32s (attempt 2)
2026-03-18 03:24:03,484 [WARNING]   Rate limited on teeth whitening. Backoff 63s (attempt 3)
2026-03-18 03:24:15,505 [WARNING]   Rate limited on resistance bands. Backoff 31s (attempt 2)
2026-03-18 03:24:30,054 [WARNING]   Rate limited on nail art kit. Backoff 122s (attempt 4)
2026-03-18 03:24:33,286 [WARNING]   Rate limited on scalp massager. Backoff 67s (attempt 3)
2026-03-18 03:24:37,665 [WARNING]   Rate limited on gua sha. Backoff 64s (attempt 3)
2026-03-18 03:24:49,470 [WARNING]   Rate limited on resistance bands. Backoff 66s (attempt 3)
2026-03-18 03:25:08,548 [WARNING]   Rate limited on teeth whitening. Backoff 121s (attempt 4)
2026-03-18 03:25:43,441 [WARNING]   Rate limited on scalp massager. Backoff 130s (attempt 4)
2026-03-18 03:25:44,194 [WARNING]   Rate limited on gua sha. Backoff 129s (attempt 4)
2026-03-18 03:25:57,377 [WARNING]   Rate limited on resistance bands. Backoff 128s (attempt 4)
2026-03-18 03:26:32,752 [INFO] [47/90] nail art kit done
2026-03-18 03:26:35,057 [WARNING]   Rate limited on yoga mat. Backoff 19s (attempt 1)
2026-03-18 03:26:56,791 [WARNING]   Rate limited on yoga mat. Backoff 38s (attempt 2)
2026-03-18 03:27:10,800 [INFO] [48/90] teeth whitening done
2026-03-18 03:27:13,035 [WARNING]   Rate limited on jump rope. Backoff 19s (attempt 1)
2026-03-18 03:27:34,357 [WARNING]   Rate limited on jump rope. Backoff 35s (attempt 2)
2026-03-18 03:27:36,641 [WARNING]   Rate limited on yoga mat. Backoff 67s (attempt 3)
2026-03-18 03:27:53,490 [INFO] [49/90] gua sha done
2026-03-18 03:27:56,034 [WARNING]   Rate limited on foam roller. Backoff 21s (attempt 1)
2026-03-18 03:27:56,203 [INFO] [50/90] scalp massager done
2026-03-18 03:27:56,646 [WARNING]   Rate limited on fitness tracker. Backoff 22s (attempt 1)
2026-03-18 03:28:05,753 [INFO] [51/90] resistance bands done
2026-03-18 03:28:08,089 [WARNING]   Rate limited on gym bag. Backoff 23s (attempt 1)
2026-03-18 03:28:11,941 [WARNING]   Rate limited on jump rope. Backoff 64s (attempt 3)
2026-03-18 03:28:19,246 [WARNING]   Rate limited on foam roller. Backoff 32s (attempt 2)
2026-03-18 03:28:20,767 [WARNING]   Rate limited on fitness tracker. Backoff 40s (attempt 2)
2026-03-18 03:28:33,861 [WARNING]   Rate limited on gym bag. Backoff 36s (attempt 2)
2026-03-18 03:28:46,266 [WARNING]   Rate limited on yoga mat. Backoff 123s (attempt 4)
2026-03-18 03:28:53,947 [WARNING]   Rate limited on foam roller. Backoff 69s (attempt 3)
2026-03-18 03:29:03,128 [WARNING]   Rate limited on fitness tracker. Backoff 68s (attempt 3)
2026-03-18 03:29:12,035 [WARNING]   Rate limited on gym bag. Backoff 65s (attempt 3)
2026-03-18 03:29:18,168 [WARNING]   Rate limited on jump rope. Backoff 124s (attempt 4)
2026-03-18 03:30:05,350 [WARNING]   Rate limited on foam roller. Backoff 121s (attempt 4)
2026-03-18 03:30:13,751 [WARNING]   Rate limited on fitness tracker. Backoff 126s (attempt 4)
2026-03-18 03:30:18,787 [WARNING]   Rate limited on gym bag. Backoff 126s (attempt 4)
2026-03-18 03:30:50,282 [INFO] [52/90] yoga mat done
2026-03-18 03:30:52,736 [WARNING]   Rate limited on massage gun. Backoff 23s (attempt 1)
2026-03-18 03:31:17,982 [WARNING]   Rate limited on massage gun. Backoff 34s (attempt 2)
2026-03-18 03:31:23,029 [INFO] [53/90] jump rope done
2026-03-18 03:31:25,217 [WARNING]   Rate limited on pull up bar. Backoff 20s (attempt 1)
2026-03-18 03:31:47,713 [WARNING]   Rate limited on pull up bar. Backoff 38s (attempt 2)
2026-03-18 03:31:53,838 [WARNING]   Rate limited on massage gun. Backoff 65s (attempt 3)
2026-03-18 03:32:06,808 [INFO] [54/90] foam roller done
2026-03-18 03:32:09,037 [WARNING]   Rate limited on adjustable dumbbells. Backoff 23s (attempt 1)
2026-03-18 03:32:20,547 [INFO] [55/90] fitness tracker done
2026-03-18 03:32:22,732 [WARNING]   Rate limited on workout gloves. Backoff 16s (attempt 1)
2026-03-18 03:32:25,198 [INFO] [56/90] gym bag done
2026-03-18 03:32:27,549 [WARNING]   Rate limited on fidget toys. Backoff 21s (attempt 1)
2026-03-18 03:32:28,693 [WARNING]   Rate limited on pull up bar. Backoff 60s (attempt 3)
2026-03-18 03:32:34,513 [WARNING]   Rate limited on adjustable dumbbells. Backoff 34s (attempt 2)
2026-03-18 03:32:40,900 [WARNING]   Rate limited on workout gloves. Backoff 32s (attempt 2)
2026-03-18 03:32:50,861 [WARNING]   Rate limited on fidget toys. Backoff 30s (attempt 2)
2026-03-18 03:33:01,121 [WARNING]   Rate limited on massage gun. Backoff 122s (attempt 4)
2026-03-18 03:33:10,993 [WARNING]   Rate limited on adjustable dumbbells. Backoff 70s (attempt 3)
2026-03-18 03:33:15,335 [WARNING]   Rate limited on workout gloves. Backoff 63s (attempt 3)
2026-03-18 03:33:23,660 [WARNING]   Rate limited on fidget toys. Backoff 68s (attempt 3)
2026-03-18 03:33:31,147 [WARNING]   Rate limited on pull up bar. Backoff 124s (attempt 4)
2026-03-18 03:34:21,091 [WARNING]   Rate limited on workout gloves. Backoff 125s (attempt 4)
2026-03-18 03:34:22,873 [WARNING]   Rate limited on adjustable dumbbells. Backoff 121s (attempt 4)
2026-03-18 03:34:34,434 [WARNING]   Rate limited on fidget toys. Backoff 124s (attempt 4)
2026-03-18 03:35:03,672 [INFO] [57/90] massage gun done
2026-03-18 03:35:05,962 [WARNING]   Rate limited on dog harness. Backoff 18s (attempt 1)
2026-03-18 03:35:25,774 [WARNING]   Rate limited on dog harness. Backoff 36s (attempt 2)
2026-03-18 03:35:36,302 [INFO] [58/90] pull up bar done
2026-03-18 03:35:38,702 [WARNING]   Rate limited on cat toys. Backoff 16s (attempt 1)
2026-03-18 03:35:57,549 [WARNING]   Rate limited on cat toys. Backoff 39s (attempt 2)
2026-03-18 03:36:04,149 [WARNING]   Rate limited on dog harness. Backoff 60s (attempt 3)
2026-03-18 03:36:24,340 [INFO] [59/90] adjustable dumbbells done
2026-03-18 03:36:26,788 [WARNING]   Rate limited on baby monitor. Backoff 17s (attempt 1)
2026-03-18 03:36:27,138 [INFO] [60/90] workout gloves done
2026-03-18 03:36:29,211 [WARNING]   Rate limited on kids tablet case. Backoff 17s (attempt 1)
2026-03-18 03:36:38,385 [WARNING]   Rate limited on cat toys. Backoff 70s (attempt 3)
2026-03-18 03:36:39,289 [INFO] [61/90] fidget toys done
2026-03-18 03:36:41,684 [WARNING]   Rate limited on pet camera. Backoff 18s (attempt 1)
2026-03-18 03:36:46,741 [WARNING]   Rate limited on baby monitor. Backoff 33s (attempt 2)
2026-03-18 03:36:48,404 [WARNING]   Rate limited on kids tablet case. Backoff 35s (attempt 2)
2026-03-18 03:37:01,978 [WARNING]   Rate limited on pet camera. Backoff 39s (attempt 2)
2026-03-18 03:37:07,154 [WARNING]   Rate limited on dog harness. Backoff 123s (attempt 4)
2026-03-18 03:37:22,628 [WARNING]   Rate limited on baby monitor. Backoff 69s (attempt 3)
2026-03-18 03:37:26,322 [WARNING]   Rate limited on kids tablet case. Backoff 63s (attempt 3)
2026-03-18 03:37:43,048 [WARNING]   Rate limited on pet camera. Backoff 63s (attempt 3)
2026-03-18 03:37:50,950 [WARNING]   Rate limited on cat toys. Backoff 124s (attempt 4)
2026-03-18 03:38:31,254 [WARNING]   Rate limited on kids tablet case. Backoff 128s (attempt 4)
2026-03-18 03:38:34,275 [WARNING]   Rate limited on baby monitor. Backoff 122s (attempt 4)
2026-03-18 03:38:48,188 [WARNING]   Rate limited on pet camera. Backoff 127s (attempt 4)
2026-03-18 03:39:10,949 [INFO] [62/90] dog harness done
2026-03-18 03:39:13,364 [WARNING]   Rate limited on dog bed. Backoff 15s (attempt 1)
2026-03-18 03:39:30,907 [WARNING]   Rate limited on dog bed. Backoff 36s (attempt 2)
2026-03-18 03:39:55,811 [INFO] [63/90] cat toys done
2026-03-18 03:39:58,056 [WARNING]   Rate limited on pet grooming. Backoff 21s (attempt 1)
2026-03-18 03:40:09,489 [WARNING]   Rate limited on dog bed. Backoff 63s (attempt 3)
2026-03-18 03:40:21,671 [WARNING]   Rate limited on pet grooming. Backoff 39s (attempt 2)
2026-03-18 03:40:37,036 [INFO] [64/90] baby monitor done
2026-03-18 03:40:39,478 [WARNING]   Rate limited on baby carrier. Backoff 17s (attempt 1)
2026-03-18 03:40:40,228 [INFO] [65/90] kids tablet case done
2026-03-18 03:40:42,718 [WARNING]   Rate limited on educational toys. Backoff 21s (attempt 1)
2026-03-18 03:40:55,688 [INFO] [66/90] pet camera done
2026-03-18 03:40:58,115 [WARNING]   Rate limited on crossbody bag. Backoff 22s (attempt 1)
2026-03-18 03:40:59,295 [WARNING]   Rate limited on baby carrier. Backoff 33s (attempt 2)
2026-03-18 03:41:03,416 [WARNING]   Rate limited on pet grooming. Backoff 69s (attempt 3)
2026-03-18 03:41:06,457 [WARNING]   Rate limited on educational toys. Backoff 36s (attempt 2)
2026-03-18 03:41:14,928 [WARNING]   Rate limited on dog bed. Backoff 126s (attempt 4)
2026-03-18 03:41:21,925 [WARNING]   Rate limited on crossbody bag. Backoff 36s (attempt 2)
2026-03-18 03:41:34,337 [WARNING]   Rate limited on baby carrier. Backoff 67s (attempt 3)
2026-03-18 03:41:44,288 [WARNING]   Rate limited on educational toys. Backoff 61s (attempt 3)
2026-03-18 03:42:00,181 [WARNING]   Rate limited on crossbody bag. Backoff 69s (attempt 3)
2026-03-18 03:42:14,672 [WARNING]   Rate limited on pet grooming. Backoff 121s (attempt 4)
2026-03-18 03:42:43,579 [WARNING]   Rate limited on baby carrier. Backoff 124s (attempt 4)
2026-03-18 03:42:48,389 [WARNING]   Rate limited on educational toys. Backoff 130s (attempt 4)
2026-03-18 03:43:11,453 [WARNING]   Rate limited on crossbody bag. Backoff 130s (attempt 4)
2026-03-18 03:43:21,265 [INFO] [67/90] dog bed done
2026-03-18 03:43:23,689 [WARNING]   Rate limited on sunglasses. Backoff 21s (attempt 1)
2026-03-18 03:43:46,875 [WARNING]   Rate limited on sunglasses. Backoff 39s (attempt 2)
2026-03-18 03:44:16,525 [INFO] [68/90] pet grooming done
2026-03-18 03:44:18,819 [WARNING]   Rate limited on minimalist wallet. Backoff 16s (attempt 1)
2026-03-18 03:44:28,357 [WARNING]   Rate limited on sunglasses. Backoff 67s (attempt 3)
2026-03-18 03:44:37,323 [WARNING]   Rate limited on minimalist wallet. Backoff 39s (attempt 2)
2026-03-18 03:44:48,809 [INFO] [69/90] baby carrier done
2026-03-18 03:44:51,092 [WARNING]   Rate limited on tote bag. Backoff 18s (attempt 1)
2026-03-18 03:44:58,661 [INFO] [70/90] educational toys done
2026-03-18 03:45:01,163 [WARNING]   Rate limited on baseball cap. Backoff 23s (attempt 1)
2026-03-18 03:45:11,299 [WARNING]   Rate limited on tote bag. Backoff 36s (attempt 2)
2026-03-18 03:45:19,111 [WARNING]   Rate limited on minimalist wallet. Backoff 64s (attempt 3)
2026-03-18 03:45:21,776 [INFO] [71/90] crossbody bag done
2026-03-18 03:45:24,009 [WARNING]   Rate limited on sneaker cleaning. Backoff 17s (attempt 1)
2026-03-18 03:45:26,692 [WARNING]   Rate limited on baseball cap. Backoff 39s (attempt 2)
2026-03-18 03:45:38,024 [WARNING]   Rate limited on sunglasses. Backoff 126s (attempt 4)
2026-03-18 03:45:43,409 [WARNING]   Rate limited on sneaker cleaning. Backoff 32s (attempt 2)
2026-03-18 03:45:49,961 [WARNING]   Rate limited on tote bag. Backoff 64s (attempt 3)
2026-03-18 03:46:07,809 [WARNING]   Rate limited on baseball cap. Backoff 68s (attempt 3)
2026-03-18 03:46:17,288 [WARNING]   Rate limited on sneaker cleaning. Backoff 63s (attempt 3)
2026-03-18 03:46:25,086 [WARNING]   Rate limited on minimalist wallet. Backoff 122s (attempt 4)
2026-03-18 03:46:56,564 [WARNING]   Rate limited on tote bag. Backoff 125s (attempt 4)
2026-03-18 03:47:18,166 [WARNING]   Rate limited on baseball cap. Backoff 124s (attempt 4)
2026-03-18 03:47:22,966 [WARNING]   Rate limited on sneaker cleaning. Backoff 127s (attempt 4)
2026-03-18 03:47:45,164 [INFO] [72/90] sunglasses done
2026-03-18 03:47:47,646 [WARNING]   Rate limited on belt bag. Backoff 17s (attempt 1)
2026-03-18 03:48:06,953 [WARNING]   Rate limited on belt bag. Backoff 35s (attempt 2)
2026-03-18 03:48:27,977 [INFO] [73/90] minimalist wallet done
2026-03-18 03:48:30,340 [WARNING]   Rate limited on watch band. Backoff 17s (attempt 1)
2026-03-18 03:48:44,259 [WARNING]   Rate limited on belt bag. Backoff 64s (attempt 3)
2026-03-18 03:48:49,304 [WARNING]   Rate limited on watch band. Backoff 32s (attempt 2)
2026-03-18 03:49:02,239 [INFO] [74/90] tote bag done
2026-03-18 03:49:04,555 [WARNING]   Rate limited on jewelry organizer. Backoff 23s (attempt 1)
2026-03-18 03:49:23,330 [INFO] [75/90] baseball cap done
2026-03-18 03:49:23,815 [WARNING]   Rate limited on watch band. Backoff 66s (attempt 3)
2026-03-18 03:49:25,671 [WARNING]   Rate limited on scarf. Backoff 15s (attempt 1)
2026-03-18 03:49:29,830 [WARNING]   Rate limited on jewelry organizer. Backoff 39s (attempt 2)
2026-03-18 03:49:30,629 [INFO] [76/90] sneaker cleaning done
2026-03-18 03:49:33,098 [WARNING]   Rate limited on stanley cup accessories. Backoff 22s (attempt 1)
2026-03-18 03:49:43,029 [WARNING]   Rate limited on scarf. Backoff 33s (attempt 2)
2026-03-18 03:49:50,203 [WARNING]   Rate limited on belt bag. Backoff 123s (attempt 4)
2026-03-18 03:49:57,419 [WARNING]   Rate limited on stanley cup accessories. Backoff 37s (attempt 2)
2026-03-18 03:50:11,027 [WARNING]   Rate limited on jewelry organizer. Backoff 62s (attempt 3)
2026-03-18 03:50:20,185 [WARNING]   Rate limited on scarf. Backoff 68s (attempt 3)
2026-03-18 03:50:31,969 [WARNING]   Rate limited on watch band. Backoff 123s (attempt 4)
2026-03-18 03:50:36,882 [WARNING]   Rate limited on stanley cup accessories. Backoff 64s (attempt 3)
2026-03-18 03:51:14,970 [WARNING]   Rate limited on jewelry organizer. Backoff 125s (attempt 4)
2026-03-18 03:51:30,923 [WARNING]   Rate limited on scarf. Backoff 127s (attempt 4)
2026-03-18 03:51:43,310 [WARNING]   Rate limited on stanley cup accessories. Backoff 123s (attempt 4)
2026-03-18 03:51:54,419 [INFO] [77/90] belt bag done
2026-03-18 03:51:56,829 [WARNING]   Rate limited on viral tiktok product. Backoff 18s (attempt 1)
2026-03-18 03:52:18,192 [WARNING]   Rate limited on viral tiktok product. Backoff 32s (attempt 2)
2026-03-18 03:52:35,710 [INFO] [78/90] watch band done
2026-03-18 03:52:38,439 [WARNING]   Rate limited on trending gadget 2026. Backoff 24s (attempt 1)
2026-03-18 03:52:52,560 [WARNING]   Rate limited on viral tiktok product. Backoff 67s (attempt 3)
2026-03-18 03:53:05,824 [WARNING]   Rate limited on trending gadget 2026. Backoff 34s (attempt 2)
2026-03-18 03:53:20,781 [INFO] [79/90] jewelry organizer done
2026-03-18 03:53:23,703 [WARNING]   Rate limited on summer outdoor. Backoff 22s (attempt 1)
2026-03-18 03:53:38,684 [INFO] [80/90] scarf done
2026-03-18 03:53:41,611 [WARNING]   Rate limited on beach accessories. Backoff 22s (attempt 1)
2026-03-18 03:53:42,775 [WARNING]   Rate limited on trending gadget 2026. Backoff 69s (attempt 3)
2026-03-18 03:53:47,691 [INFO] [81/90] stanley cup accessories done
2026-03-18 03:53:49,076 [WARNING]   Rate limited on summer outdoor. Backoff 38s (attempt 2)
2026-03-18 03:53:50,373 [WARNING]   Rate limited on camping gear. Backoff 19s (attempt 1)
2026-03-18 03:54:02,924 [WARNING]   Rate limited on viral tiktok product. Backoff 121s (attempt 4)
2026-03-18 03:54:06,948 [WARNING]   Rate limited on beach accessories. Backoff 32s (attempt 2)
2026-03-18 03:54:13,766 [WARNING]   Rate limited on camping gear. Backoff 33s (attempt 2)
2026-03-18 03:54:30,634 [WARNING]   Rate limited on summer outdoor. Backoff 62s (attempt 3)
2026-03-18 03:54:42,955 [WARNING]   Rate limited on beach accessories. Backoff 62s (attempt 3)
2026-03-18 03:54:50,493 [WARNING]   Rate limited on camping gear. Backoff 68s (attempt 3)
2026-03-18 03:54:55,922 [WARNING]   Rate limited on trending gadget 2026. Backoff 125s (attempt 4)
2026-03-18 03:55:36,371 [WARNING]   Rate limited on summer outdoor. Backoff 121s (attempt 4)
2026-03-18 03:55:48,379 [WARNING]   Rate limited on beach accessories. Backoff 122s (attempt 4)
2026-03-18 03:56:02,215 [WARNING]   Rate limited on camping gear. Backoff 121s (attempt 4)
2026-03-18 03:56:05,577 [INFO] [82/90] viral tiktok product done
2026-03-18 03:56:09,212 [WARNING]   Rate limited on graduation gift. Backoff 16s (attempt 1)
2026-03-18 03:56:28,997 [WARNING]   Rate limited on graduation gift. Backoff 32s (attempt 2)
2026-03-18 03:57:02,413 [INFO] [83/90] trending gadget 2026 done
2026-03-18 03:57:04,543 [WARNING]   Rate limited on graduation gift. Backoff 67s (attempt 3)
2026-03-18 03:57:06,497 [WARNING]   Rate limited on back to school supplies. Backoff 19s (attempt 1)
2026-03-18 03:57:29,426 [WARNING]   Rate limited on back to school supplies. Backoff 37s (attempt 2)
2026-03-18 03:57:38,937 [INFO] [84/90] summer outdoor done
2026-03-18 03:57:42,874 [WARNING]   Rate limited on halloween costume. Backoff 22s (attempt 1)
2026-03-18 03:57:51,912 [INFO] [85/90] beach accessories done
2026-03-18 03:57:56,736 [WARNING]   Rate limited on christmas gift ideas. Backoff 20s (attempt 1)
2026-03-18 03:58:07,098 [INFO] [86/90] camping gear done
2026-03-18 03:58:10,007 [WARNING]   Rate limited on halloween costume. Backoff 32s (attempt 2)
2026-03-18 03:58:10,892 [WARNING]   Rate limited on back to school supplies. Backoff 67s (attempt 3)
2026-03-18 03:58:15,143 [WARNING]   Rate limited on graduation gift. Backoff 124s (attempt 4)
2026-03-18 03:58:20,928 [WARNING]   Rate limited on christmas gift ideas. Backoff 38s (attempt 2)
2026-03-18 03:58:44,766 [WARNING]   Rate limited on halloween costume. Backoff 68s (attempt 3)
2026-03-18 03:59:03,637 [WARNING]   Rate limited on christmas gift ideas. Backoff 70s (attempt 3)
2026-03-18 03:59:21,928 [WARNING]   Rate limited on back to school supplies. Backoff 128s (attempt 4)
2026-03-18 03:59:56,118 [WARNING]   Rate limited on halloween costume. Backoff 128s (attempt 4)
2026-03-18 04:00:16,821 [WARNING]   Rate limited on christmas gift ideas. Backoff 124s (attempt 4)
2026-03-18 04:00:20,220 [INFO] [87/90] graduation gift done
2026-03-18 04:01:30,414 [INFO] [88/90] back to school supplies done
2026-03-18 04:02:04,971 [INFO] [89/90] halloween costume done
2026-03-18 04:02:22,326 [INFO] [90/90] christmas gift ideas done
2026-03-18 04:02:24,340 [INFO] ==================================================
2026-03-18 04:02:24,342 [INFO] Done. 225 results collected.
2026-03-18 04:02:24,345 [INFO] CSV:  C:\Users\kalan/behique/output\trending_products_2026-03-18.csv
2026-03-18 04:02:24,346 [INFO] JSON: C:\Users\kalan/behique/output\trending_products_2026-03-18.json
2026-03-18 04:02:24,346 [INFO] Picks: C:\Users\kalan/behique/output\top_picks_2026-03-18.txt
2026-03-18 04:02:24,347 [INFO] 
TOP 10 PRODUCTS:
2026-03-18 04:02:24,347 [INFO] ------------------------------------------------------------
2026-03-18 04:02:24,347 [INFO]   apple airpods pro 3, wireless active noise cancelling earbuds with heart rate sensing feature white score:0.696 vel:2.14 [emerging]
2026-03-18 04:02:24,349 [INFO]   sony wf-1000xm5 wireless noise canceling earbuds score:0.646 vel:2.14 [emerging]
2026-03-18 04:02:24,349 [INFO]   best wireless earbuds 2026             score:0.646 vel:2.14 [emerging]
2026-03-18 04:02:24,350 [INFO]   best wireless earbuds 2025             score:0.646 vel:2.14 [emerging]
2026-03-18 04:02:24,350 [INFO]   uncaged ergonomics laptop stand        score:0.627 vel:1.04 [stable]
2026-03-18 04:02:24,350 [INFO]   rain design mstand laptop stand        score:0.627 vel:1.04 [stable]
2026-03-18 04:02:24,352 [INFO]   laptop stand for desk                  score:0.627 vel:1.04 [stable]
2026-03-18 04:02:24,353 [INFO]   when were wireless earbuds invented    score:0.621 vel:2.14 [emerging]
2026-03-18 04:02:24,353 [INFO]   rog cetra open wireless gaming earbuds score:0.621 vel:2.14 [emerging]
2026-03-18 04:02:24,353 [INFO]   wireless earbuds with ear hooks        score:0.621 vel:2.14 [emerging]
2026-03-18 04:02:24,354 [WARNING] 
70 keywords failed: wireless mouse, screen protector, shower curtain, bookshelf decor, plant pots, drawer organizer, cable management, aromatherapy diffuser, air fryer accessories, LED mirror
2026-03-18 04:02:24,354 [INFO] 
Active proxies remaining: 0/0
