2026-03-26 03:00:05,198 [WARNING] Proxy file not found: C:\Users\kalan/Downloads/Webshare 10 proxies.txt
2026-03-26 03:00:05,198 [WARNING] Running without proxies (higher ban risk)
2026-03-26 03:00:05,214 [INFO] Google Trends Product Research v2
2026-03-26 03:00:05,214 [INFO] Date: 2026-03-26 03:00 | Market: US | Timeframes: ['now 7-d', 'today 1-m', 'today 3-m']
2026-03-26 03:00:05,214 [INFO] Scanning 90 keywords across 8 categories
2026-03-26 03:00:05,214 [INFO] Workers: 5 | Batch size: 5
2026-03-26 03:00:05,214 [INFO] Active proxies: 0/0
2026-03-26 03:00:05,214 [INFO] --------------------------------------------------
2026-03-26 03:00:22,319 [INFO]   OK portable charger -- 13 queries, trend: stable
2026-03-26 03:00:22,319 [INFO] [1/90] portable charger done
2026-03-26 03:00:22,461 [INFO]   OK ring light -- 9 queries, trend: emerging
2026-03-26 03:00:23,627 [INFO] [2/90] ring light done
2026-03-26 03:00:23,789 [INFO]   OK wireless earbuds -- 13 queries, trend: seasonal
2026-03-26 03:00:24,021 [INFO]   OK phone stand -- 10 queries, trend: stable
2026-03-26 03:00:24,707 [INFO]   OK LED strip lights -- 5 queries, trend: stable
2026-03-26 03:00:25,187 [INFO] [3/90] wireless earbuds done
2026-03-26 03:00:27,198 [INFO] [4/90] phone stand done
2026-03-26 03:00:29,891 [INFO] [5/90] LED strip lights done
2026-03-26 03:00:36,197 [INFO]   OK laptop stand -- 10 queries, trend: stable
2026-03-26 03:00:36,198 [INFO] [6/90] laptop stand done
2026-03-26 03:00:38,382 [WARNING]   Rate limited on USB hub. Backoff 17s (attempt 1)
2026-03-26 03:00:38,800 [INFO]   OK smart watch -- 13 queries, trend: stable
2026-03-26 03:00:38,800 [INFO] [7/90] smart watch done
2026-03-26 03:00:42,136 [WARNING]   Rate limited on wireless mouse. Backoff 18s (attempt 1)
2026-03-26 03:00:42,328 [INFO]   OK webcam -- 13 queries, trend: stable
2026-03-26 03:00:42,329 [INFO] [8/90] webcam done
2026-03-26 03:00:42,537 [INFO]   OK phone case -- 13 queries, trend: stable
2026-03-26 03:00:43,440 [INFO]   OK bluetooth speaker -- 13 queries, trend: stable
2026-03-26 03:00:43,786 [INFO] [9/90] phone case done
2026-03-26 03:00:44,359 [WARNING]   Rate limited on screen protector. Backoff 22s (attempt 1)
2026-03-26 03:00:44,601 [WARNING]   Rate limited on power bank. Backoff 20s (attempt 1)
2026-03-26 03:00:45,469 [WARNING]   Rate limited on cable organizer. Backoff 17s (attempt 1)
2026-03-26 03:00:46,152 [INFO] [10/90] bluetooth speaker done
2026-03-26 03:00:58,017 [WARNING]   Rate limited on USB hub. Backoff 34s (attempt 2)
2026-03-26 03:01:01,849 [WARNING]   Rate limited on wireless mouse. Backoff 34s (attempt 2)
2026-03-26 03:01:04,154 [WARNING]   Rate limited on cable organizer. Backoff 34s (attempt 2)
2026-03-26 03:01:06,255 [WARNING]   Rate limited on power bank. Backoff 37s (attempt 2)
2026-03-26 03:01:08,730 [WARNING]   Rate limited on screen protector. Backoff 33s (attempt 2)
2026-03-26 03:01:34,744 [WARNING]   Rate limited on USB hub. Backoff 63s (attempt 3)
2026-03-26 03:01:38,138 [WARNING]   Rate limited on wireless mouse. Backoff 67s (attempt 3)
2026-03-26 03:01:41,418 [WARNING]   Rate limited on cable organizer. Backoff 69s (attempt 3)
2026-03-26 03:01:43,560 [WARNING]   Rate limited on screen protector. Backoff 62s (attempt 3)
2026-03-26 03:02:01,491 [INFO]   OK power bank -- 13 queries, trend: stable
2026-03-26 03:02:01,491 [INFO] [11/90] power bank done
2026-03-26 03:02:17,027 [INFO]   OK air purifier -- 13 queries, trend: stable
2026-03-26 03:02:17,027 [INFO] [12/90] air purifier done
2026-03-26 03:02:31,716 [INFO]   OK humidifier -- 13 queries, trend: stable
2026-03-26 03:02:31,716 [INFO] [13/90] humidifier done
2026-03-26 03:02:34,655 [WARNING]   Rate limited on storage organizer. Backoff 17s (attempt 1)
2026-03-26 03:02:39,900 [WARNING]   Rate limited on USB hub. Backoff 127s (attempt 4)
2026-03-26 03:02:47,187 [WARNING]   Rate limited on screen protector. Backoff 122s (attempt 4)
2026-03-26 03:02:47,739 [WARNING]   Rate limited on wireless mouse. Backoff 124s (attempt 4)
2026-03-26 03:02:52,265 [WARNING]   Rate limited on cable organizer. Backoff 122s (attempt 4)
2026-03-26 03:02:53,143 [WARNING]   Rate limited on storage organizer. Backoff 33s (attempt 2)
2026-03-26 03:03:27,991 [WARNING]   Rate limited on storage organizer. Backoff 66s (attempt 3)
2026-03-26 03:04:35,698 [WARNING]   Rate limited on storage organizer. Backoff 130s (attempt 4)
2026-03-26 03:04:47,272 [INFO] [14/90] USB hub done
2026-03-26 03:04:49,311 [WARNING]   Rate limited on desk lamp. Backoff 18s (attempt 1)
2026-03-26 03:04:49,747 [INFO] [15/90] screen protector done
2026-03-26 03:04:51,914 [WARNING]   Rate limited on shower curtain. Backoff 16s (attempt 1)
2026-03-26 03:04:52,737 [INFO] [16/90] wireless mouse done
2026-03-26 03:04:54,346 [WARNING]   Rate limited on candle holder. Backoff 23s (attempt 1)
2026-03-26 03:04:54,480 [INFO] [17/90] cable organizer done
2026-03-26 03:04:56,754 [WARNING]   Rate limited on wall art. Backoff 20s (attempt 1)
2026-03-26 03:05:09,435 [WARNING]   Rate limited on desk lamp. Backoff 39s (attempt 2)
2026-03-26 03:05:09,790 [WARNING]   Rate limited on shower curtain. Backoff 35s (attempt 2)
2026-03-26 03:05:18,674 [WARNING]   Rate limited on wall art. Backoff 33s (attempt 2)
2026-03-26 03:05:19,714 [WARNING]   Rate limited on candle holder. Backoff 33s (attempt 2)
2026-03-26 03:05:47,365 [WARNING]   Rate limited on shower curtain. Backoff 66s (attempt 3)
2026-03-26 03:05:50,541 [WARNING]   Rate limited on desk lamp. Backoff 61s (attempt 3)
2026-03-26 03:05:53,546 [WARNING]   Rate limited on wall art. Backoff 63s (attempt 3)
2026-03-26 03:05:54,490 [WARNING]   Rate limited on candle holder. Backoff 68s (attempt 3)
2026-03-26 03:06:46,123 [INFO] [18/90] storage organizer done
2026-03-26 03:06:48,248 [WARNING]   Rate limited on throw pillow. Backoff 20s (attempt 1)
2026-03-26 03:06:53,162 [WARNING]   Rate limited on desk lamp. Backoff 129s (attempt 4)
2026-03-26 03:06:55,596 [WARNING]   Rate limited on shower curtain. Backoff 125s (attempt 4)
2026-03-26 03:06:58,595 [WARNING]   Rate limited on wall art. Backoff 123s (attempt 4)
2026-03-26 03:07:04,820 [WARNING]   Rate limited on candle holder. Backoff 129s (attempt 4)
2026-03-26 03:07:10,726 [WARNING]   Rate limited on throw pillow. Backoff 34s (attempt 2)
2026-03-26 03:07:47,160 [WARNING]   Rate limited on throw pillow. Backoff 62s (attempt 3)
2026-03-26 03:08:51,143 [WARNING]   Rate limited on throw pillow. Backoff 128s (attempt 4)
2026-03-26 03:09:01,716 [INFO] [19/90] shower curtain done
2026-03-26 03:09:03,350 [INFO] [20/90] wall art done
2026-03-26 03:09:03,886 [WARNING]   Rate limited on bookshelf decor. Backoff 17s (attempt 1)
2026-03-26 03:09:04,540 [WARNING]   Rate limited on plant pots. Backoff 17s (attempt 1)
2026-03-26 03:09:05,284 [INFO] [21/90] desk lamp done
2026-03-26 03:09:05,385 [WARNING]   Rate limited on cable management. Backoff 19s (attempt 1)
2026-03-26 03:09:14,345 [INFO] [22/90] candle holder done
2026-03-26 03:09:16,509 [WARNING]   Rate limited on drawer organizer. Backoff 19s (attempt 1)
2026-03-26 03:09:23,551 [WARNING]   Rate limited on bookshelf decor. Backoff 32s (attempt 2)
2026-03-26 03:09:24,132 [WARNING]   Rate limited on plant pots. Backoff 37s (attempt 2)
2026-03-26 03:09:25,994 [WARNING]   Rate limited on cable management. Backoff 38s (attempt 2)
2026-03-26 03:09:37,213 [WARNING]   Rate limited on drawer organizer. Backoff 35s (attempt 2)
2026-03-26 03:09:57,972 [WARNING]   Rate limited on bookshelf decor. Backoff 69s (attempt 3)
2026-03-26 03:10:03,629 [WARNING]   Rate limited on plant pots. Backoff 61s (attempt 3)
2026-03-26 03:10:05,710 [WARNING]   Rate limited on cable management. Backoff 68s (attempt 3)
2026-03-26 03:10:14,327 [WARNING]   Rate limited on drawer organizer. Backoff 63s (attempt 3)
2026-03-26 03:11:00,275 [INFO] [23/90] throw pillow done
2026-03-26 03:11:02,519 [WARNING]   Rate limited on aromatherapy diffuser. Backoff 16s (attempt 1)
2026-03-26 03:11:06,303 [WARNING]   Rate limited on plant pots. Backoff 123s (attempt 4)
2026-03-26 03:11:09,228 [WARNING]   Rate limited on bookshelf decor. Backoff 127s (attempt 4)
2026-03-26 03:11:15,842 [WARNING]   Rate limited on cable management. Backoff 125s (attempt 4)
2026-03-26 03:11:18,912 [WARNING]   Rate limited on drawer organizer. Backoff 124s (attempt 4)
2026-03-26 03:11:21,079 [WARNING]   Rate limited on aromatherapy diffuser. Backoff 33s (attempt 2)
2026-03-26 03:11:56,614 [WARNING]   Rate limited on aromatherapy diffuser. Backoff 62s (attempt 3)
2026-03-26 03:13:00,631 [WARNING]   Rate limited on aromatherapy diffuser. Backoff 124s (attempt 4)
2026-03-26 03:13:10,005 [INFO] [24/90] plant pots done
2026-03-26 03:13:12,026 [WARNING]   Rate limited on LED mirror. Backoff 22s (attempt 1)
2026-03-26 03:13:16,909 [INFO] [25/90] bookshelf decor done
2026-03-26 03:13:18,986 [WARNING]   Rate limited on floating shelf. Backoff 15s (attempt 1)
2026-03-26 03:13:21,780 [INFO] [26/90] cable management done
2026-03-26 03:13:23,598 [INFO] [27/90] drawer organizer done
2026-03-26 03:13:23,854 [WARNING]   Rate limited on air fryer accessories. Backoff 17s (attempt 1)
2026-03-26 03:13:25,608 [WARNING]   Rate limited on coffee accessories. Backoff 24s (attempt 1)
2026-03-26 03:13:36,254 [WARNING]   Rate limited on LED mirror. Backoff 31s (attempt 2)
2026-03-26 03:13:36,410 [WARNING]   Rate limited on floating shelf. Backoff 39s (attempt 2)
2026-03-26 03:13:42,740 [WARNING]   Rate limited on air fryer accessories. Backoff 34s (attempt 2)
2026-03-26 03:13:51,202 [WARNING]   Rate limited on coffee accessories. Backoff 38s (attempt 2)
2026-03-26 03:14:08,793 [WARNING]   Rate limited on LED mirror. Backoff 62s (attempt 3)
2026-03-26 03:14:18,084 [WARNING]   Rate limited on floating shelf. Backoff 65s (attempt 3)
2026-03-26 03:14:18,571 [WARNING]   Rate limited on air fryer accessories. Backoff 61s (attempt 3)
2026-03-26 03:14:31,690 [WARNING]   Rate limited on coffee accessories. Backoff 66s (attempt 3)
2026-03-26 03:15:05,348 [INFO] [28/90] aromatherapy diffuser done
2026-03-26 03:15:07,499 [WARNING]   Rate limited on reusable bags. Backoff 22s (attempt 1)
2026-03-26 03:15:12,977 [WARNING]   Rate limited on LED mirror. Backoff 128s (attempt 4)
2026-03-26 03:15:21,583 [WARNING]   Rate limited on air fryer accessories. Backoff 124s (attempt 4)
2026-03-26 03:15:24,926 [WARNING]   Rate limited on floating shelf. Backoff 125s (attempt 4)
2026-03-26 03:15:31,279 [WARNING]   Rate limited on reusable bags. Backoff 35s (attempt 2)
2026-03-26 03:15:39,486 [WARNING]   Rate limited on coffee accessories. Backoff 121s (attempt 4)
2026-03-26 03:16:08,857 [WARNING]   Rate limited on reusable bags. Backoff 69s (attempt 3)
2026-03-26 03:17:20,089 [WARNING]   Rate limited on reusable bags. Backoff 123s (attempt 4)
2026-03-26 03:17:21,589 [INFO] [29/90] LED mirror done
2026-03-26 03:17:23,871 [WARNING]   Rate limited on food container. Backoff 21s (attempt 1)
2026-03-26 03:17:26,549 [INFO] [30/90] air fryer accessories done
2026-03-26 03:17:28,662 [WARNING]   Rate limited on water bottle. Backoff 20s (attempt 1)
2026-03-26 03:17:30,921 [INFO] [31/90] floating shelf done
2026-03-26 03:17:33,044 [WARNING]   Rate limited on lunch box. Backoff 24s (attempt 1)
2026-03-26 03:17:41,365 [INFO] [32/90] coffee accessories done
2026-03-26 03:17:43,495 [WARNING]   Rate limited on kitchen gadgets. Backoff 23s (attempt 1)
2026-03-26 03:17:46,752 [WARNING]   Rate limited on food container. Backoff 33s (attempt 2)
2026-03-26 03:17:51,526 [WARNING]   Rate limited on water bottle. Backoff 36s (attempt 2)
2026-03-26 03:17:58,821 [WARNING]   Rate limited on lunch box. Backoff 32s (attempt 2)
2026-03-26 03:18:08,987 [WARNING]   Rate limited on kitchen gadgets. Backoff 37s (attempt 2)
2026-03-26 03:18:22,082 [WARNING]   Rate limited on food container. Backoff 66s (attempt 3)
2026-03-26 03:18:29,838 [WARNING]   Rate limited on water bottle. Backoff 66s (attempt 3)
2026-03-26 03:18:33,002 [WARNING]   Rate limited on lunch box. Backoff 60s (attempt 3)
2026-03-26 03:18:47,924 [WARNING]   Rate limited on kitchen gadgets. Backoff 64s (attempt 3)
2026-03-26 03:19:23,271 [INFO] [33/90] reusable bags done
2026-03-26 03:19:25,461 [WARNING]   Rate limited on silicone baking. Backoff 17s (attempt 1)
2026-03-26 03:19:30,216 [WARNING]   Rate limited on food container. Backoff 130s (attempt 4)
2026-03-26 03:19:35,279 [WARNING]   Rate limited on lunch box. Backoff 125s (attempt 4)
2026-03-26 03:19:38,008 [WARNING]   Rate limited on water bottle. Backoff 126s (attempt 4)
2026-03-26 03:19:44,617 [WARNING]   Rate limited on silicone baking. Backoff 37s (attempt 2)
2026-03-26 03:19:53,796 [WARNING]   Rate limited on kitchen gadgets. Backoff 129s (attempt 4)
2026-03-26 03:20:24,466 [WARNING]   Rate limited on silicone baking. Backoff 64s (attempt 3)
2026-03-26 03:21:30,757 [WARNING]   Rate limited on silicone baking. Backoff 129s (attempt 4)
2026-03-26 03:21:40,657 [INFO] [34/90] lunch box done
2026-03-26 03:21:42,900 [WARNING]   Rate limited on spice organizer. Backoff 20s (attempt 1)
2026-03-26 03:21:42,932 [WARNING]   Rate limited on knife set. Backoff 20s (attempt 1)
2026-03-26 03:21:43,429 [INFO] [35/90] food container done
2026-03-26 03:21:45,732 [INFO] [36/90] water bottle done
2026-03-26 03:21:46,727 [WARNING]   Rate limited on face roller. Backoff 24s (attempt 1)
2026-03-26 03:22:03,288 [INFO] [37/90] kitchen gadgets done
2026-03-26 03:22:04,999 [WARNING]   Rate limited on knife set. Backoff 39s (attempt 2)
2026-03-26 03:22:05,043 [WARNING]   Rate limited on spice organizer. Backoff 36s (attempt 2)
2026-03-26 03:22:05,548 [WARNING]   Rate limited on hair accessories. Backoff 20s (attempt 1)
2026-03-26 03:22:12,530 [WARNING]   Rate limited on face roller. Backoff 36s (attempt 2)
2026-03-26 03:22:27,551 [WARNING]   Rate limited on hair accessories. Backoff 35s (attempt 2)
2026-03-26 03:22:42,771 [WARNING]   Rate limited on spice organizer. Backoff 69s (attempt 3)
2026-03-26 03:22:45,710 [WARNING]   Rate limited on knife set. Backoff 62s (attempt 3)
2026-03-26 03:22:50,640 [WARNING]   Rate limited on face roller. Backoff 63s (attempt 3)
2026-03-26 03:23:04,444 [WARNING]   Rate limited on hair accessories. Backoff 61s (attempt 3)
2026-03-26 03:23:40,783 [INFO] [38/90] silicone baking done
2026-03-26 03:23:42,831 [WARNING]   Rate limited on skincare tools. Backoff 24s (attempt 1)
2026-03-26 03:23:50,061 [WARNING]   Rate limited on knife set. Backoff 129s (attempt 4)
2026-03-26 03:23:54,080 [WARNING]   Rate limited on spice organizer. Backoff 122s (attempt 4)
2026-03-26 03:23:55,893 [WARNING]   Rate limited on face roller. Backoff 122s (attempt 4)
2026-03-26 03:24:07,949 [WARNING]   Rate limited on hair accessories. Backoff 120s (attempt 4)
2026-03-26 03:24:08,618 [WARNING]   Rate limited on skincare tools. Backoff 40s (attempt 2)
2026-03-26 03:24:50,263 [WARNING]   Rate limited on skincare tools. Backoff 62s (attempt 3)
2026-03-26 03:25:54,425 [WARNING]   Rate limited on skincare tools. Backoff 127s (attempt 4)
2026-03-26 03:25:56,792 [INFO] [39/90] spice organizer done
2026-03-26 03:25:58,764 [INFO] [40/90] face roller done
2026-03-26 03:25:58,847 [WARNING]   Rate limited on makeup organizer. Backoff 24s (attempt 1)
2026-03-26 03:26:00,436 [WARNING]   Rate limited on LED face mask. Backoff 21s (attempt 1)
2026-03-26 03:26:01,510 [INFO] [41/90] knife set done
2026-03-26 03:26:01,996 [WARNING]   Rate limited on hair dryer brush. Backoff 23s (attempt 1)
2026-03-26 03:26:08,667 [INFO] [42/90] hair accessories done
2026-03-26 03:26:10,756 [WARNING]   Rate limited on nail art kit. Backoff 16s (attempt 1)
2026-03-26 03:26:23,363 [WARNING]   Rate limited on LED face mask. Backoff 33s (attempt 2)
2026-03-26 03:26:24,452 [WARNING]   Rate limited on makeup organizer. Backoff 30s (attempt 2)
2026-03-26 03:26:27,657 [WARNING]   Rate limited on hair dryer brush. Backoff 40s (attempt 2)
2026-03-26 03:26:28,472 [WARNING]   Rate limited on nail art kit. Backoff 39s (attempt 2)
2026-03-26 03:26:56,920 [WARNING]   Rate limited on makeup organizer. Backoff 64s (attempt 3)
2026-03-26 03:26:58,120 [WARNING]   Rate limited on LED face mask. Backoff 61s (attempt 3)
2026-03-26 03:27:09,250 [WARNING]   Rate limited on hair dryer brush. Backoff 66s (attempt 3)
2026-03-26 03:27:09,745 [WARNING]   Rate limited on nail art kit. Backoff 68s (attempt 3)
2026-03-26 03:28:00,818 [WARNING]   Rate limited on LED face mask. Backoff 120s (attempt 4)
2026-03-26 03:28:01,652 [INFO] [43/90] skincare tools done
2026-03-26 03:28:03,427 [WARNING]   Rate limited on makeup organizer. Backoff 121s (attempt 4)
2026-03-26 03:28:03,680 [WARNING]   Rate limited on teeth whitening. Backoff 17s (attempt 1)
2026-03-26 03:28:17,514 [WARNING]   Rate limited on hair dryer brush. Backoff 122s (attempt 4)
2026-03-26 03:28:19,899 [WARNING]   Rate limited on nail art kit. Backoff 127s (attempt 4)
2026-03-26 03:28:22,730 [WARNING]   Rate limited on teeth whitening. Backoff 37s (attempt 2)
2026-03-26 03:29:01,726 [WARNING]   Rate limited on teeth whitening. Backoff 69s (attempt 3)
2026-03-26 03:30:01,614 [INFO] [44/90] LED face mask done
2026-03-26 03:30:03,540 [WARNING]   Rate limited on scalp massager. Backoff 21s (attempt 1)
2026-03-26 03:30:04,971 [INFO] [45/90] makeup organizer done
2026-03-26 03:30:06,958 [WARNING]   Rate limited on gua sha. Backoff 22s (attempt 1)
2026-03-26 03:30:13,192 [WARNING]   Rate limited on teeth whitening. Backoff 127s (attempt 4)
2026-03-26 03:30:20,132 [INFO] [46/90] hair dryer brush done
2026-03-26 03:30:22,279 [WARNING]   Rate limited on resistance bands. Backoff 21s (attempt 1)
2026-03-26 03:30:26,413 [WARNING]   Rate limited on scalp massager. Backoff 32s (attempt 2)
2026-03-26 03:30:28,019 [INFO] [47/90] nail art kit done
2026-03-26 03:30:30,188 [WARNING]   Rate limited on yoga mat. Backoff 15s (attempt 1)
2026-03-26 03:30:31,464 [WARNING]   Rate limited on gua sha. Backoff 36s (attempt 2)
2026-03-26 03:30:45,533 [WARNING]   Rate limited on resistance bands. Backoff 32s (attempt 2)
2026-03-26 03:30:47,975 [WARNING]   Rate limited on yoga mat. Backoff 35s (attempt 2)
2026-03-26 03:31:00,739 [WARNING]   Rate limited on scalp massager. Backoff 63s (attempt 3)
2026-03-26 03:31:09,270 [WARNING]   Rate limited on gua sha. Backoff 67s (attempt 3)
2026-03-26 03:31:19,272 [WARNING]   Rate limited on resistance bands. Backoff 62s (attempt 3)
2026-03-26 03:31:24,910 [WARNING]   Rate limited on yoga mat. Backoff 60s (attempt 3)
2026-03-26 03:32:05,746 [WARNING]   Rate limited on scalp massager. Backoff 128s (attempt 4)
2026-03-26 03:32:18,227 [WARNING]   Rate limited on gua sha. Backoff 130s (attempt 4)
2026-03-26 03:32:20,601 [INFO] [48/90] teeth whitening done
2026-03-26 03:32:22,711 [WARNING]   Rate limited on jump rope. Backoff 25s (attempt 1)
2026-03-26 03:32:23,485 [WARNING]   Rate limited on resistance bands. Backoff 129s (attempt 4)
2026-03-26 03:32:27,520 [WARNING]   Rate limited on yoga mat. Backoff 126s (attempt 4)
2026-03-26 03:32:49,633 [WARNING]   Rate limited on jump rope. Backoff 33s (attempt 2)
2026-03-26 03:33:24,930 [WARNING]   Rate limited on jump rope. Backoff 69s (attempt 3)
2026-03-26 03:34:14,750 [INFO] [49/90] scalp massager done
2026-03-26 03:34:16,933 [WARNING]   Rate limited on foam roller. Backoff 16s (attempt 1)
2026-03-26 03:34:28,504 [INFO] [50/90] gua sha done
2026-03-26 03:34:30,864 [WARNING]   Rate limited on fitness tracker. Backoff 18s (attempt 1)
2026-03-26 03:34:33,081 [INFO] [51/90] resistance bands done
2026-03-26 03:34:35,457 [WARNING]   Rate limited on gym bag. Backoff 19s (attempt 1)
2026-03-26 03:34:35,674 [WARNING]   Rate limited on foam roller. Backoff 39s (attempt 2)
2026-03-26 03:34:35,947 [WARNING]   Rate limited on jump rope. Backoff 127s (attempt 4)
2026-03-26 03:34:36,059 [INFO] [52/90] yoga mat done
2026-03-26 03:34:36,458 [WARNING]   Rate limited on massage gun. Backoff 17s (attempt 1)
2026-03-26 03:34:50,881 [WARNING]   Rate limited on fitness tracker. Backoff 37s (attempt 2)
2026-03-26 03:34:55,332 [WARNING]   Rate limited on massage gun. Backoff 32s (attempt 2)
2026-03-26 03:34:56,922 [WARNING]   Rate limited on gym bag. Backoff 35s (attempt 2)
2026-03-26 03:35:16,729 [WARNING]   Rate limited on foam roller. Backoff 68s (attempt 3)
2026-03-26 03:35:29,739 [WARNING]   Rate limited on massage gun. Backoff 68s (attempt 3)
2026-03-26 03:35:30,367 [WARNING]   Rate limited on fitness tracker. Backoff 67s (attempt 3)
2026-03-26 03:35:34,694 [WARNING]   Rate limited on gym bag. Backoff 68s (attempt 3)
2026-03-26 03:36:26,966 [WARNING]   Rate limited on foam roller. Backoff 123s (attempt 4)
2026-03-26 03:36:39,547 [WARNING]   Rate limited on massage gun. Backoff 129s (attempt 4)
2026-03-26 03:36:40,163 [WARNING]   Rate limited on fitness tracker. Backoff 121s (attempt 4)
2026-03-26 03:36:43,652 [INFO] [53/90] jump rope done
2026-03-26 03:36:44,681 [WARNING]   Rate limited on gym bag. Backoff 121s (attempt 4)
2026-03-26 03:36:45,849 [WARNING]   Rate limited on pull up bar. Backoff 24s (attempt 1)
2026-03-26 03:37:12,145 [WARNING]   Rate limited on pull up bar. Backoff 34s (attempt 2)
2026-03-26 03:37:48,513 [WARNING]   Rate limited on pull up bar. Backoff 66s (attempt 3)
2026-03-26 03:38:30,474 [INFO] [54/90] foam roller done
2026-03-26 03:38:32,666 [WARNING]   Rate limited on adjustable dumbbells. Backoff 19s (attempt 1)
2026-03-26 03:38:42,080 [INFO] [55/90] fitness tracker done
2026-03-26 03:38:44,416 [WARNING]   Rate limited on workout gloves. Backoff 17s (attempt 1)
2026-03-26 03:38:46,648 [INFO] [56/90] gym bag done
2026-03-26 03:38:48,830 [WARNING]   Rate limited on fidget toys. Backoff 23s (attempt 1)
2026-03-26 03:38:48,880 [INFO] [57/90] massage gun done
2026-03-26 03:38:50,961 [WARNING]   Rate limited on dog harness. Backoff 17s (attempt 1)
2026-03-26 03:38:53,711 [WARNING]   Rate limited on adjustable dumbbells. Backoff 37s (attempt 2)
2026-03-26 03:38:56,533 [WARNING]   Rate limited on pull up bar. Backoff 124s (attempt 4)
2026-03-26 03:39:03,761 [WARNING]   Rate limited on workout gloves. Backoff 39s (attempt 2)
2026-03-26 03:39:10,444 [WARNING]   Rate limited on dog harness. Backoff 32s (attempt 2)
2026-03-26 03:39:13,523 [WARNING]   Rate limited on fidget toys. Backoff 37s (attempt 2)
2026-03-26 03:39:32,254 [WARNING]   Rate limited on adjustable dumbbells. Backoff 61s (attempt 3)
2026-03-26 03:39:44,769 [WARNING]   Rate limited on dog harness. Backoff 69s (attempt 3)
2026-03-26 03:39:45,238 [WARNING]   Rate limited on workout gloves. Backoff 64s (attempt 3)
2026-03-26 03:39:52,834 [WARNING]   Rate limited on fidget toys. Backoff 64s (attempt 3)
2026-03-26 03:40:35,734 [WARNING]   Rate limited on adjustable dumbbells. Backoff 124s (attempt 4)
2026-03-26 03:40:50,968 [WARNING]   Rate limited on workout gloves. Backoff 125s (attempt 4)
2026-03-26 03:40:55,910 [WARNING]   Rate limited on dog harness. Backoff 123s (attempt 4)
2026-03-26 03:40:58,678 [WARNING]   Rate limited on fidget toys. Backoff 124s (attempt 4)
2026-03-26 03:41:00,962 [INFO] [58/90] pull up bar done
2026-03-26 03:41:03,196 [WARNING]   Rate limited on cat toys. Backoff 21s (attempt 1)
2026-03-26 03:41:26,584 [WARNING]   Rate limited on cat toys. Backoff 38s (attempt 2)
2026-03-26 03:42:06,855 [WARNING]   Rate limited on cat toys. Backoff 69s (attempt 3)
2026-03-26 03:42:40,555 [INFO] [59/90] adjustable dumbbells done
2026-03-26 03:42:42,849 [WARNING]   Rate limited on baby monitor. Backoff 15s (attempt 1)
2026-03-26 03:42:56,736 [INFO] [60/90] workout gloves done
2026-03-26 03:42:58,835 [WARNING]   Rate limited on kids tablet case. Backoff 16s (attempt 1)
2026-03-26 03:42:59,315 [INFO] [61/90] dog harness done
2026-03-26 03:43:00,029 [WARNING]   Rate limited on baby monitor. Backoff 39s (attempt 2)
2026-03-26 03:43:01,590 [WARNING]   Rate limited on pet camera. Backoff 23s (attempt 1)
2026-03-26 03:43:03,100 [INFO] [62/90] fidget toys done
2026-03-26 03:43:05,125 [WARNING]   Rate limited on dog bed. Backoff 23s (attempt 1)
2026-03-26 03:43:17,068 [WARNING]   Rate limited on kids tablet case. Backoff 32s (attempt 2)
2026-03-26 03:43:17,983 [WARNING]   Rate limited on cat toys. Backoff 123s (attempt 4)
2026-03-26 03:43:26,564 [WARNING]   Rate limited on pet camera. Backoff 34s (attempt 2)
2026-03-26 03:43:29,985 [WARNING]   Rate limited on dog bed. Backoff 39s (attempt 2)
2026-03-26 03:43:40,839 [WARNING]   Rate limited on baby monitor. Backoff 69s (attempt 3)
2026-03-26 03:43:51,658 [WARNING]   Rate limited on kids tablet case. Backoff 63s (attempt 3)
2026-03-26 03:44:02,894 [WARNING]   Rate limited on pet camera. Backoff 68s (attempt 3)
2026-03-26 03:44:11,238 [WARNING]   Rate limited on dog bed. Backoff 64s (attempt 3)
2026-03-26 03:44:52,354 [WARNING]   Rate limited on baby monitor. Backoff 122s (attempt 4)
2026-03-26 03:44:56,951 [WARNING]   Rate limited on kids tablet case. Backoff 125s (attempt 4)
2026-03-26 03:45:13,320 [WARNING]   Rate limited on pet camera. Backoff 128s (attempt 4)
2026-03-26 03:45:17,045 [WARNING]   Rate limited on dog bed. Backoff 127s (attempt 4)
2026-03-26 03:45:21,956 [INFO] [63/90] cat toys done
2026-03-26 03:45:24,125 [WARNING]   Rate limited on pet grooming. Backoff 18s (attempt 1)
2026-03-26 03:45:43,836 [WARNING]   Rate limited on pet grooming. Backoff 34s (attempt 2)
2026-03-26 03:46:19,952 [WARNING]   Rate limited on pet grooming. Backoff 66s (attempt 3)
2026-03-26 03:46:55,078 [INFO] [64/90] baby monitor done
2026-03-26 03:46:57,232 [WARNING]   Rate limited on baby carrier. Backoff 17s (attempt 1)
2026-03-26 03:47:02,771 [INFO] [65/90] kids tablet case done
2026-03-26 03:47:04,970 [WARNING]   Rate limited on educational toys. Backoff 21s (attempt 1)
2026-03-26 03:47:16,507 [WARNING]   Rate limited on baby carrier. Backoff 30s (attempt 2)
2026-03-26 03:47:22,334 [INFO] [66/90] pet camera done
2026-03-26 03:47:24,563 [WARNING]   Rate limited on crossbody bag. Backoff 15s (attempt 1)
2026-03-26 03:47:24,714 [INFO] [67/90] dog bed done
2026-03-26 03:47:26,755 [WARNING]   Rate limited on sunglasses. Backoff 15s (attempt 1)
2026-03-26 03:47:28,021 [WARNING]   Rate limited on educational toys. Backoff 37s (attempt 2)
2026-03-26 03:47:28,436 [WARNING]   Rate limited on pet grooming. Backoff 126s (attempt 4)
2026-03-26 03:47:41,717 [WARNING]   Rate limited on crossbody bag. Backoff 32s (attempt 2)
2026-03-26 03:47:44,078 [WARNING]   Rate limited on sunglasses. Backoff 36s (attempt 2)
2026-03-26 03:47:48,925 [WARNING]   Rate limited on baby carrier. Backoff 65s (attempt 3)
2026-03-26 03:48:07,654 [WARNING]   Rate limited on educational toys. Backoff 62s (attempt 3)
2026-03-26 03:48:16,181 [WARNING]   Rate limited on crossbody bag. Backoff 61s (attempt 3)
2026-03-26 03:48:22,092 [WARNING]   Rate limited on sunglasses. Backoff 66s (attempt 3)
2026-03-26 03:48:55,711 [WARNING]   Rate limited on baby carrier. Backoff 127s (attempt 4)
2026-03-26 03:49:11,510 [WARNING]   Rate limited on educational toys. Backoff 128s (attempt 4)
2026-03-26 03:49:18,974 [WARNING]   Rate limited on crossbody bag. Backoff 128s (attempt 4)
2026-03-26 03:49:30,149 [WARNING]   Rate limited on sunglasses. Backoff 124s (attempt 4)
2026-03-26 03:49:35,044 [INFO] [68/90] pet grooming done
2026-03-26 03:49:37,031 [WARNING]   Rate limited on minimalist wallet. Backoff 18s (attempt 1)
2026-03-26 03:49:57,775 [WARNING]   Rate limited on minimalist wallet. Backoff 40s (attempt 2)
2026-03-26 03:50:39,811 [WARNING]   Rate limited on minimalist wallet. Backoff 65s (attempt 3)
2026-03-26 03:51:03,750 [INFO] [69/90] baby carrier done
2026-03-26 03:51:05,906 [WARNING]   Rate limited on tote bag. Backoff 22s (attempt 1)
2026-03-26 03:51:19,852 [INFO] [70/90] educational toys done
2026-03-26 03:51:21,776 [WARNING]   Rate limited on baseball cap. Backoff 21s (attempt 1)
2026-03-26 03:51:27,200 [INFO] [71/90] crossbody bag done
2026-03-26 03:51:29,205 [WARNING]   Rate limited on sneaker cleaning. Backoff 15s (attempt 1)
2026-03-26 03:51:30,725 [WARNING]   Rate limited on tote bag. Backoff 33s (attempt 2)
2026-03-26 03:51:35,130 [INFO] [72/90] sunglasses done
2026-03-26 03:51:37,210 [WARNING]   Rate limited on belt bag. Backoff 24s (attempt 1)
2026-03-26 03:51:44,853 [WARNING]   Rate limited on baseball cap. Backoff 39s (attempt 2)
2026-03-26 03:51:46,603 [WARNING]   Rate limited on sneaker cleaning. Backoff 37s (attempt 2)
2026-03-26 03:51:47,268 [WARNING]   Rate limited on minimalist wallet. Backoff 129s (attempt 4)
2026-03-26 03:52:03,351 [WARNING]   Rate limited on belt bag. Backoff 31s (attempt 2)
2026-03-26 03:52:06,154 [WARNING]   Rate limited on tote bag. Backoff 69s (attempt 3)
2026-03-26 03:52:25,826 [WARNING]   Rate limited on sneaker cleaning. Backoff 68s (attempt 3)
2026-03-26 03:52:25,858 [WARNING]   Rate limited on baseball cap. Backoff 69s (attempt 3)
2026-03-26 03:52:36,326 [WARNING]   Rate limited on belt bag. Backoff 67s (attempt 3)
2026-03-26 03:53:17,183 [WARNING]   Rate limited on tote bag. Backoff 128s (attempt 4)
2026-03-26 03:53:35,730 [WARNING]   Rate limited on sneaker cleaning. Backoff 126s (attempt 4)
2026-03-26 03:53:37,277 [WARNING]   Rate limited on baseball cap. Backoff 122s (attempt 4)
2026-03-26 03:53:45,497 [WARNING]   Rate limited on belt bag. Backoff 128s (attempt 4)
2026-03-26 03:53:56,675 [INFO] [73/90] minimalist wallet done
2026-03-26 03:53:58,779 [WARNING]   Rate limited on watch band. Backoff 20s (attempt 1)
2026-03-26 03:54:20,848 [WARNING]   Rate limited on watch band. Backoff 30s (attempt 2)
2026-03-26 03:54:53,589 [WARNING]   Rate limited on watch band. Backoff 67s (attempt 3)
2026-03-26 03:55:25,689 [INFO] [74/90] tote bag done
2026-03-26 03:55:27,889 [WARNING]   Rate limited on jewelry organizer. Backoff 22s (attempt 1)
2026-03-26 03:55:39,826 [INFO] [75/90] baseball cap done
2026-03-26 03:55:41,795 [WARNING]   Rate limited on scarf. Backoff 21s (attempt 1)
2026-03-26 03:55:42,714 [INFO] [76/90] sneaker cleaning done
2026-03-26 03:55:44,815 [WARNING]   Rate limited on stanley cup accessories. Backoff 21s (attempt 1)
2026-03-26 03:55:52,301 [WARNING]   Rate limited on jewelry organizer. Backoff 35s (attempt 2)
2026-03-26 03:55:54,281 [INFO] [77/90] belt bag done
2026-03-26 03:55:56,377 [WARNING]   Rate limited on viral tiktok product. Backoff 23s (attempt 1)
2026-03-26 03:56:02,553 [WARNING]   Rate limited on watch band. Backoff 122s (attempt 4)
2026-03-26 03:56:05,080 [WARNING]   Rate limited on scarf. Backoff 39s (attempt 2)
2026-03-26 03:56:08,043 [WARNING]   Rate limited on stanley cup accessories. Backoff 32s (attempt 2)
2026-03-26 03:56:22,153 [WARNING]   Rate limited on viral tiktok product. Backoff 38s (attempt 2)
2026-03-26 03:56:29,877 [WARNING]   Rate limited on jewelry organizer. Backoff 62s (attempt 3)
2026-03-26 03:56:42,675 [WARNING]   Rate limited on stanley cup accessories. Backoff 67s (attempt 3)
2026-03-26 03:56:46,407 [WARNING]   Rate limited on scarf. Backoff 68s (attempt 3)
2026-03-26 03:57:02,295 [WARNING]   Rate limited on viral tiktok product. Backoff 63s (attempt 3)
2026-03-26 03:57:34,524 [WARNING]   Rate limited on jewelry organizer. Backoff 121s (attempt 4)
2026-03-26 03:57:51,999 [WARNING]   Rate limited on stanley cup accessories. Backoff 129s (attempt 4)
2026-03-26 03:57:56,121 [WARNING]   Rate limited on scarf. Backoff 129s (attempt 4)
2026-03-26 03:58:04,930 [INFO] [78/90] watch band done
2026-03-26 03:58:07,185 [WARNING]   Rate limited on viral tiktok product. Backoff 129s (attempt 4)
2026-03-26 03:58:07,192 [WARNING]   Rate limited on trending gadget 2026. Backoff 15s (attempt 1)
2026-03-26 03:58:24,651 [WARNING]   Rate limited on trending gadget 2026. Backoff 32s (attempt 2)
2026-03-26 03:58:59,196 [WARNING]   Rate limited on trending gadget 2026. Backoff 64s (attempt 3)
2026-03-26 03:59:36,213 [INFO] [79/90] jewelry organizer done
2026-03-26 03:59:38,199 [WARNING]   Rate limited on summer outdoor. Backoff 21s (attempt 1)
2026-03-26 04:00:01,054 [WARNING]   Rate limited on summer outdoor. Backoff 35s (attempt 2)
2026-03-26 04:00:01,806 [INFO] [80/90] stanley cup accessories done
2026-03-26 04:00:03,905 [WARNING]   Rate limited on beach accessories. Backoff 16s (attempt 1)
2026-03-26 04:00:05,247 [WARNING]   Rate limited on trending gadget 2026. Backoff 123s (attempt 4)
2026-03-26 04:00:05,636 [INFO] [81/90] scarf done
2026-03-26 04:00:07,721 [WARNING]   Rate limited on camping gear. Backoff 20s (attempt 1)
2026-03-26 04:00:17,039 [INFO] [82/90] viral tiktok product done
2026-03-26 04:00:19,270 [WARNING]   Rate limited on graduation gift. Backoff 23s (attempt 1)
2026-03-26 04:00:21,855 [WARNING]   Rate limited on beach accessories. Backoff 30s (attempt 2)
2026-03-26 04:00:29,523 [WARNING]   Rate limited on camping gear. Backoff 38s (attempt 2)
2026-03-26 04:00:38,497 [WARNING]   Rate limited on summer outdoor. Backoff 61s (attempt 3)
2026-03-26 04:00:44,603 [WARNING]   Rate limited on graduation gift. Backoff 37s (attempt 2)
2026-03-26 04:00:54,254 [WARNING]   Rate limited on beach accessories. Backoff 60s (attempt 3)
2026-03-26 04:01:09,425 [WARNING]   Rate limited on camping gear. Backoff 61s (attempt 3)
2026-03-26 04:01:23,578 [WARNING]   Rate limited on graduation gift. Backoff 64s (attempt 3)
2026-03-26 04:01:42,056 [WARNING]   Rate limited on summer outdoor. Backoff 123s (attempt 4)
2026-03-26 04:01:56,987 [WARNING]   Rate limited on beach accessories. Backoff 127s (attempt 4)
2026-03-26 04:02:08,648 [INFO] [83/90] trending gadget 2026 done
2026-03-26 04:02:10,912 [WARNING]   Rate limited on back to school supplies. Backoff 18s (attempt 1)
2026-03-26 04:02:13,101 [WARNING]   Rate limited on camping gear. Backoff 121s (attempt 4)
2026-03-26 04:02:30,163 [WARNING]   Rate limited on graduation gift. Backoff 121s (attempt 4)
2026-03-26 04:02:31,421 [WARNING]   Rate limited on back to school supplies. Backoff 30s (attempt 2)
2026-03-26 04:03:03,736 [WARNING]   Rate limited on back to school supplies. Backoff 67s (attempt 3)
2026-03-26 04:03:45,673 [INFO] [84/90] summer outdoor done
2026-03-26 04:03:47,928 [WARNING]   Rate limited on halloween costume. Backoff 17s (attempt 1)
2026-03-26 04:04:04,569 [INFO] [85/90] beach accessories done
2026-03-26 04:04:06,866 [WARNING]   Rate limited on christmas gift ideas. Backoff 17s (attempt 1)
2026-03-26 04:04:07,107 [WARNING]   Rate limited on halloween costume. Backoff 33s (attempt 2)
2026-03-26 04:04:12,840 [WARNING]   Rate limited on back to school supplies. Backoff 123s (attempt 4)
2026-03-26 04:04:15,050 [INFO] [86/90] camping gear done
2026-03-26 04:04:25,690 [WARNING]   Rate limited on christmas gift ideas. Backoff 36s (attempt 2)
2026-03-26 04:04:31,762 [INFO] [87/90] graduation gift done
2026-03-26 04:04:42,135 [WARNING]   Rate limited on halloween costume. Backoff 65s (attempt 3)
2026-03-26 04:05:03,406 [WARNING]   Rate limited on christmas gift ideas. Backoff 61s (attempt 3)
2026-03-26 04:05:49,515 [WARNING]   Rate limited on halloween costume. Backoff 125s (attempt 4)
2026-03-26 04:06:06,182 [WARNING]   Rate limited on christmas gift ideas. Backoff 125s (attempt 4)
2026-03-26 04:06:16,763 [INFO] [88/90] back to school supplies done
2026-03-26 04:07:55,385 [INFO] [89/90] halloween costume done
2026-03-26 04:08:11,745 [INFO] [90/90] christmas gift ideas done
2026-03-26 04:08:14,615 [INFO] ==================================================
2026-03-26 04:08:14,615 [INFO] Done. 151 results collected.
2026-03-26 04:08:14,617 [INFO] CSV:  C:\Users\kalan/behique/output\trending_products_2026-03-26.csv
2026-03-26 04:08:14,617 [INFO] JSON: C:\Users\kalan/behique/output\trending_products_2026-03-26.json
2026-03-26 04:08:14,618 [INFO] Picks: C:\Users\kalan/behique/output\top_picks_2026-03-26.txt
2026-03-26 04:08:14,619 [INFO] 
TOP 10 PRODUCTS:
2026-03-26 04:08:14,619 [INFO] ------------------------------------------------------------
2026-03-26 04:08:14,620 [INFO]   mactrem led ring light kit             score:0.843 vel:1.21 [emerging]
2026-03-26 04:08:14,620 [INFO]   jbl flip 6 portable waterproof bluetooth speaker score:0.804 vel:1.13 [stable]
2026-03-26 04:08:14,621 [INFO]   levoit vital 200s smart air purifier   score:0.776 vel:1.14 [stable]
2026-03-26 04:08:14,621 [INFO]   winix air purifier c610                score:0.776 vel:1.14 [stable]
2026-03-26 04:08:14,622 [INFO]   razer ring light                       score:0.776 vel:1.21 [emerging]
2026-03-26 04:08:14,622 [INFO]   neewer ring light                      score:0.776 vel:1.21 [emerging]
2026-03-26 04:08:14,623 [INFO]   ring light camera                      score:0.776 vel:1.21 [emerging]
2026-03-26 04:08:14,626 [INFO]   ring of light                          score:0.776 vel:1.21 [emerging]
2026-03-26 04:08:14,627 [INFO]   ring light camera                      score:0.776 vel:1.21 [emerging]
2026-03-26 04:08:14,629 [INFO]   best ring light                        score:0.776 vel:1.21 [emerging]
2026-03-26 04:08:14,630 [WARNING] 
77 keywords failed: USB hub, screen protector, wireless mouse, cable organizer, storage organizer, shower curtain, wall art, desk lamp, candle holder, throw pillow
2026-03-26 04:08:14,631 [INFO] 
Active proxies remaining: 0/0
