2026-03-22 03:00:06,036 [WARNING] Proxy file not found: C:\Users\kalan/Downloads/Webshare 10 proxies.txt
2026-03-22 03:00:06,036 [WARNING] Running without proxies (higher ban risk)
2026-03-22 03:00:06,053 [INFO] Google Trends Product Research v2
2026-03-22 03:00:06,053 [INFO] Date: 2026-03-22 03:00 | Market: US | Timeframes: ['now 7-d', 'today 1-m', 'today 3-m']
2026-03-22 03:00:06,053 [INFO] Scanning 90 keywords across 8 categories
2026-03-22 03:00:06,053 [INFO] Workers: 5 | Batch size: 5
2026-03-22 03:00:06,053 [INFO] Active proxies: 0/0
2026-03-22 03:00:06,053 [INFO] --------------------------------------------------
2026-03-22 03:00:12,930 [INFO]   OK phone stand -- 13 queries, trend: stable
2026-03-22 03:00:12,930 [INFO] [1/90] phone stand done
2026-03-22 03:00:13,022 [INFO]   OK ring light -- 8 queries, trend: stable
2026-03-22 03:00:14,352 [INFO] [2/90] ring light done
2026-03-22 03:00:19,513 [INFO]   OK phone case -- 13 queries, trend: stable
2026-03-22 03:00:19,514 [INFO] [3/90] phone case done
2026-03-22 03:00:23,533 [INFO]   OK LED strip lights -- 6 queries, trend: stable
2026-03-22 03:00:23,534 [INFO] [4/90] LED strip lights done
2026-03-22 03:00:23,593 [INFO]   OK portable charger -- 13 queries, trend: stable
2026-03-22 03:00:25,138 [INFO] [5/90] portable charger done
2026-03-22 03:00:26,176 [INFO]   OK wireless earbuds -- 13 queries, trend: emerging
2026-03-22 03:00:27,791 [INFO] [6/90] wireless earbuds done
2026-03-22 03:00:31,190 [INFO]   OK smart watch -- 13 queries, trend: stable
2026-03-22 03:00:31,224 [INFO] [7/90] smart watch done
2026-03-22 03:00:37,367 [INFO]   OK laptop stand -- 13 queries, trend: stable
2026-03-22 03:00:37,367 [INFO] [8/90] laptop stand done
2026-03-22 03:00:39,564 [INFO]   OK webcam -- 13 queries, trend: stable
2026-03-22 03:00:39,565 [INFO] [9/90] webcam done
2026-03-22 03:00:40,982 [INFO]   OK bluetooth speaker -- 13 queries, trend: stable
2026-03-22 03:00:41,456 [INFO] [10/90] bluetooth speaker done
2026-03-22 03:00:43,774 [INFO]   OK USB hub -- 7 queries, trend: stable
2026-03-22 03:00:43,774 [INFO] [11/90] USB hub done
2026-03-22 03:00:46,281 [INFO]   OK wireless mouse -- 12 queries, trend: stable
2026-03-22 03:00:46,282 [INFO] [12/90] wireless mouse done
2026-03-22 03:00:53,074 [INFO]   OK screen protector -- 13 queries, trend: stable
2026-03-22 03:00:53,075 [INFO] [13/90] screen protector done
2026-03-22 03:00:58,722 [INFO]   OK cable organizer -- 8 queries, trend: emerging
2026-03-22 03:00:58,722 [INFO] [14/90] cable organizer done
2026-03-22 03:01:01,415 [INFO]   OK power bank -- 13 queries, trend: stable
2026-03-22 03:01:01,415 [INFO] [15/90] power bank done
2026-03-22 03:01:02,275 [INFO]   OK air purifier -- 13 queries, trend: stable
2026-03-22 03:01:03,407 [INFO]   OK humidifier -- 13 queries, trend: stable
2026-03-22 03:01:03,702 [INFO] [16/90] air purifier done
2026-03-22 03:01:06,702 [INFO] [17/90] humidifier done
2026-03-22 03:01:08,447 [INFO]   OK storage organizer -- 11 queries, trend: emerging
2026-03-22 03:01:08,839 [INFO] [18/90] storage organizer done
2026-03-22 03:01:16,514 [INFO]   OK desk lamp -- 13 queries, trend: stable
2026-03-22 03:01:16,514 [INFO] [19/90] desk lamp done
2026-03-22 03:01:18,595 [INFO]   OK candle holder -- 13 queries, trend: stable
2026-03-22 03:01:18,595 [INFO] [20/90] candle holder done
2026-03-22 03:01:18,906 [INFO]   OK shower curtain -- 13 queries, trend: emerging
2026-03-22 03:01:21,308 [INFO] [21/90] shower curtain done
2026-03-22 03:01:22,315 [INFO]   OK wall art -- 13 queries, trend: emerging
2026-03-22 03:01:24,136 [INFO] [22/90] wall art done
2026-03-22 03:01:24,779 [INFO]   OK throw pillow -- 13 queries, trend: emerging
2026-03-22 03:01:26,480 [INFO] [23/90] throw pillow done
2026-03-22 03:01:32,214 [INFO]   OK bookshelf decor -- 4 queries, trend: emerging
2026-03-22 03:01:32,216 [INFO] [24/90] bookshelf decor done
2026-03-22 03:01:35,598 [INFO]   OK plant pots -- 10 queries, trend: emerging
2026-03-22 03:01:35,599 [INFO] [25/90] plant pots done
2026-03-22 03:01:37,386 [INFO]   OK cable management -- 13 queries, trend: stable
2026-03-22 03:01:37,919 [INFO]   OK drawer organizer -- 10 queries, trend: stable
2026-03-22 03:01:38,298 [INFO] [26/90] cable management done
2026-03-22 03:01:40,867 [INFO] [27/90] drawer organizer done
2026-03-22 03:01:41,781 [INFO]   OK aromatherapy diffuser -- 11 queries, trend: emerging
2026-03-22 03:01:42,705 [INFO] [28/90] aromatherapy diffuser done
2026-03-22 03:01:51,020 [INFO]   OK LED mirror -- 1 queries, trend: stable
2026-03-22 03:01:51,020 [INFO] [29/90] LED mirror done
2026-03-22 03:01:52,709 [INFO]   OK floating shelf -- 10 queries, trend: stable
2026-03-22 03:01:52,710 [INFO] [30/90] floating shelf done
2026-03-22 03:01:54,273 [INFO]   OK air fryer accessories -- 13 queries, trend: emerging
2026-03-22 03:01:54,273 [INFO] [31/90] air fryer accessories done
2026-03-22 03:01:55,101 [INFO]   OK coffee accessories -- 6 queries, trend: emerging
2026-03-22 03:01:56,253 [INFO] [32/90] coffee accessories done
2026-03-22 03:01:58,023 [INFO]   OK reusable bags -- 13 queries, trend: stable
2026-03-22 03:01:58,024 [INFO] [33/90] reusable bags done
2026-03-22 03:02:09,299 [INFO]   OK water bottle -- 12 queries, trend: stable
2026-03-22 03:02:09,299 [INFO] [34/90] water bottle done
2026-03-22 03:02:09,347 [INFO]   OK food container -- 8 queries, trend: stable
2026-03-22 03:02:10,421 [INFO] [35/90] food container done
2026-03-22 03:02:10,972 [INFO]   OK lunch box -- 13 queries, trend: stable
2026-03-22 03:02:13,088 [INFO] [36/90] lunch box done
2026-03-22 03:02:13,531 [INFO]   OK kitchen gadgets -- 13 queries, trend: seasonal
2026-03-22 03:02:15,469 [INFO] [37/90] kitchen gadgets done
2026-03-22 03:02:15,866 [INFO]   OK silicone baking -- 9 queries, trend: emerging
2026-03-22 03:02:17,031 [INFO] [38/90] silicone baking done
2026-03-22 03:02:26,276 [INFO]   OK face roller -- 9 queries, trend: stable
2026-03-22 03:02:26,276 [INFO] [39/90] face roller done
2026-03-22 03:02:27,327 [INFO]   OK spice organizer -- 5 queries, trend: seasonal
2026-03-22 03:02:27,735 [INFO]   OK hair accessories -- 13 queries, trend: stable
2026-03-22 03:02:28,050 [INFO]   OK knife set -- 13 queries, trend: stable
2026-03-22 03:02:28,425 [INFO] [40/90] spice organizer done
2026-03-22 03:02:28,528 [WARNING]   Rate limited on makeup organizer. Backoff 19s (attempt 1)
2026-03-22 03:02:30,083 [INFO] [41/90] hair accessories done
2026-03-22 03:02:30,164 [WARNING]   Rate limited on hair dryer brush. Backoff 23s (attempt 1)
2026-03-22 03:02:30,448 [WARNING]   Rate limited on nail art kit. Backoff 21s (attempt 1)
2026-03-22 03:02:30,553 [WARNING]   Rate limited on LED face mask. Backoff 24s (attempt 1)
2026-03-22 03:02:31,986 [INFO]   OK skincare tools -- 1 queries, trend: stable
2026-03-22 03:02:32,222 [INFO] [42/90] knife set done
2026-03-22 03:02:34,109 [WARNING]   Rate limited on teeth whitening. Backoff 19s (attempt 1)
2026-03-22 03:02:34,395 [INFO] [43/90] skincare tools done
2026-03-22 03:02:49,688 [WARNING]   Rate limited on makeup organizer. Backoff 33s (attempt 2)
2026-03-22 03:02:54,379 [WARNING]   Rate limited on nail art kit. Backoff 37s (attempt 2)
2026-03-22 03:02:55,236 [WARNING]   Rate limited on teeth whitening. Backoff 35s (attempt 2)
2026-03-22 03:02:55,498 [WARNING]   Rate limited on hair dryer brush. Backoff 34s (attempt 2)
2026-03-22 03:02:56,654 [WARNING]   Rate limited on LED face mask. Backoff 38s (attempt 2)
2026-03-22 03:03:24,974 [WARNING]   Rate limited on makeup organizer. Backoff 63s (attempt 3)
2026-03-22 03:03:31,939 [WARNING]   Rate limited on hair dryer brush. Backoff 68s (attempt 3)
2026-03-22 03:03:32,791 [WARNING]   Rate limited on teeth whitening. Backoff 65s (attempt 3)
2026-03-22 03:03:33,629 [WARNING]   Rate limited on nail art kit. Backoff 66s (attempt 3)
2026-03-22 03:03:36,622 [WARNING]   Rate limited on LED face mask. Backoff 70s (attempt 3)
2026-03-22 03:04:29,826 [WARNING]   Rate limited on makeup organizer. Backoff 125s (attempt 4)
2026-03-22 03:04:40,210 [WARNING]   Rate limited on teeth whitening. Backoff 124s (attempt 4)
2026-03-22 03:04:41,526 [WARNING]   Rate limited on nail art kit. Backoff 126s (attempt 4)
2026-03-22 03:04:42,455 [WARNING]   Rate limited on hair dryer brush. Backoff 123s (attempt 4)
2026-03-22 03:04:48,373 [WARNING]   Rate limited on LED face mask. Backoff 130s (attempt 4)
2026-03-22 03:06:36,020 [INFO] [44/90] makeup organizer done
2026-03-22 03:06:37,984 [WARNING]   Rate limited on scalp massager. Backoff 16s (attempt 1)
2026-03-22 03:06:44,970 [INFO] [45/90] teeth whitening done
2026-03-22 03:06:47,254 [WARNING]   Rate limited on gua sha. Backoff 18s (attempt 1)
2026-03-22 03:06:47,380 [INFO] [46/90] hair dryer brush done
2026-03-22 03:06:48,924 [WARNING]   Rate limited on resistance bands. Backoff 16s (attempt 1)
2026-03-22 03:06:49,039 [INFO] [47/90] nail art kit done
2026-03-22 03:06:50,082 [WARNING]   Rate limited on yoga mat. Backoff 20s (attempt 1)
2026-03-22 03:06:55,891 [WARNING]   Rate limited on scalp massager. Backoff 38s (attempt 2)
2026-03-22 03:06:58,912 [INFO] [48/90] LED face mask done
2026-03-22 03:07:00,873 [WARNING]   Rate limited on jump rope. Backoff 24s (attempt 1)
2026-03-22 03:07:07,194 [WARNING]   Rate limited on gua sha. Backoff 37s (attempt 2)
2026-03-22 03:07:07,536 [WARNING]   Rate limited on resistance bands. Backoff 35s (attempt 2)
2026-03-22 03:07:12,855 [WARNING]   Rate limited on yoga mat. Backoff 37s (attempt 2)
2026-03-22 03:07:27,042 [WARNING]   Rate limited on jump rope. Backoff 37s (attempt 2)
2026-03-22 03:07:36,409 [WARNING]   Rate limited on scalp massager. Backoff 65s (attempt 3)
2026-03-22 03:07:44,805 [WARNING]   Rate limited on resistance bands. Backoff 62s (attempt 3)
2026-03-22 03:07:46,573 [WARNING]   Rate limited on gua sha. Backoff 65s (attempt 3)
2026-03-22 03:07:52,249 [WARNING]   Rate limited on yoga mat. Backoff 67s (attempt 3)
2026-03-22 03:08:06,179 [WARNING]   Rate limited on jump rope. Backoff 63s (attempt 3)
2026-03-22 03:08:43,352 [WARNING]   Rate limited on scalp massager. Backoff 121s (attempt 4)
2026-03-22 03:08:49,122 [WARNING]   Rate limited on resistance bands. Backoff 122s (attempt 4)
2026-03-22 03:08:53,618 [WARNING]   Rate limited on gua sha. Backoff 121s (attempt 4)
2026-03-22 03:09:01,111 [WARNING]   Rate limited on yoga mat. Backoff 123s (attempt 4)
2026-03-22 03:09:11,432 [WARNING]   Rate limited on jump rope. Backoff 122s (attempt 4)
2026-03-22 03:10:45,423 [INFO] [49/90] scalp massager done
2026-03-22 03:10:47,440 [WARNING]   Rate limited on foam roller. Backoff 24s (attempt 1)
2026-03-22 03:10:51,641 [INFO] [50/90] resistance bands done
2026-03-22 03:10:53,674 [WARNING]   Rate limited on fitness tracker. Backoff 16s (attempt 1)
2026-03-22 03:10:55,107 [INFO] [51/90] gua sha done
2026-03-22 03:10:57,261 [WARNING]   Rate limited on gym bag. Backoff 24s (attempt 1)
2026-03-22 03:11:04,338 [INFO] [52/90] yoga mat done
2026-03-22 03:11:06,342 [WARNING]   Rate limited on massage gun. Backoff 18s (attempt 1)
2026-03-22 03:11:12,114 [WARNING]   Rate limited on fitness tracker. Backoff 34s (attempt 2)
2026-03-22 03:11:13,544 [INFO] [53/90] jump rope done
2026-03-22 03:11:13,821 [WARNING]   Rate limited on foam roller. Backoff 40s (attempt 2)
2026-03-22 03:11:15,651 [WARNING]   Rate limited on pull up bar. Backoff 23s (attempt 1)
2026-03-22 03:11:23,405 [WARNING]   Rate limited on gym bag. Backoff 33s (attempt 2)
2026-03-22 03:11:26,218 [WARNING]   Rate limited on massage gun. Backoff 30s (attempt 2)
2026-03-22 03:11:41,174 [WARNING]   Rate limited on pull up bar. Backoff 34s (attempt 2)
2026-03-22 03:11:47,755 [WARNING]   Rate limited on fitness tracker. Backoff 70s (attempt 3)
2026-03-22 03:11:55,506 [WARNING]   Rate limited on foam roller. Backoff 62s (attempt 3)
2026-03-22 03:11:58,304 [WARNING]   Rate limited on gym bag. Backoff 63s (attempt 3)
2026-03-22 03:11:58,440 [WARNING]   Rate limited on massage gun. Backoff 64s (attempt 3)
2026-03-22 03:12:17,427 [WARNING]   Rate limited on pull up bar. Backoff 67s (attempt 3)
2026-03-22 03:12:59,453 [WARNING]   Rate limited on foam roller. Backoff 128s (attempt 4)
2026-03-22 03:12:59,699 [WARNING]   Rate limited on fitness tracker. Backoff 129s (attempt 4)
2026-03-22 03:13:03,669 [WARNING]   Rate limited on gym bag. Backoff 122s (attempt 4)
2026-03-22 03:13:05,189 [WARNING]   Rate limited on massage gun. Backoff 127s (attempt 4)
2026-03-22 03:13:27,089 [WARNING]   Rate limited on pull up bar. Backoff 129s (attempt 4)
2026-03-22 03:15:06,365 [INFO] [54/90] gym bag done
2026-03-22 03:15:08,395 [INFO] [55/90] foam roller done
2026-03-22 03:15:08,604 [WARNING]   Rate limited on adjustable dumbbells. Backoff 17s (attempt 1)
2026-03-22 03:15:09,535 [INFO] [56/90] fitness tracker done
2026-03-22 03:15:10,517 [WARNING]   Rate limited on workout gloves. Backoff 23s (attempt 1)
2026-03-22 03:15:11,643 [WARNING]   Rate limited on fidget toys. Backoff 25s (attempt 1)
2026-03-22 03:15:13,205 [INFO] [57/90] massage gun done
2026-03-22 03:15:15,272 [WARNING]   Rate limited on dog harness. Backoff 18s (attempt 1)
2026-03-22 03:15:28,030 [WARNING]   Rate limited on adjustable dumbbells. Backoff 32s (attempt 2)
2026-03-22 03:15:35,412 [WARNING]   Rate limited on dog harness. Backoff 30s (attempt 2)
2026-03-22 03:15:35,659 [WARNING]   Rate limited on workout gloves. Backoff 30s (attempt 2)
2026-03-22 03:15:36,861 [INFO] [58/90] pull up bar done
2026-03-22 03:15:38,721 [WARNING]   Rate limited on fidget toys. Backoff 33s (attempt 2)
2026-03-22 03:15:38,958 [WARNING]   Rate limited on cat toys. Backoff 18s (attempt 1)
2026-03-22 03:15:58,844 [WARNING]   Rate limited on cat toys. Backoff 38s (attempt 2)
2026-03-22 03:16:02,307 [WARNING]   Rate limited on adjustable dumbbells. Backoff 61s (attempt 3)
2026-03-22 03:16:07,881 [WARNING]   Rate limited on dog harness. Backoff 66s (attempt 3)
2026-03-22 03:16:08,276 [WARNING]   Rate limited on workout gloves. Backoff 64s (attempt 3)
2026-03-22 03:16:14,433 [WARNING]   Rate limited on fidget toys. Backoff 64s (attempt 3)
2026-03-22 03:16:39,425 [WARNING]   Rate limited on cat toys. Backoff 70s (attempt 3)
2026-03-22 03:17:05,111 [WARNING]   Rate limited on adjustable dumbbells. Backoff 121s (attempt 4)
2026-03-22 03:17:14,859 [WARNING]   Rate limited on workout gloves. Backoff 125s (attempt 4)
2026-03-22 03:17:16,331 [WARNING]   Rate limited on dog harness. Backoff 129s (attempt 4)
2026-03-22 03:17:20,158 [WARNING]   Rate limited on fidget toys. Backoff 123s (attempt 4)
2026-03-22 03:17:51,406 [WARNING]   Rate limited on cat toys. Backoff 121s (attempt 4)
2026-03-22 03:19:06,402 [INFO] [59/90] adjustable dumbbells done
2026-03-22 03:19:08,634 [WARNING]   Rate limited on baby monitor. Backoff 16s (attempt 1)
2026-03-22 03:19:21,026 [INFO] [60/90] workout gloves done
2026-03-22 03:19:22,912 [WARNING]   Rate limited on kids tablet case. Backoff 19s (attempt 1)
2026-03-22 03:19:23,835 [INFO] [61/90] fidget toys done
2026-03-22 03:19:26,046 [INFO] [62/90] dog harness done
2026-03-22 03:19:26,099 [WARNING]   Rate limited on pet camera. Backoff 17s (attempt 1)
2026-03-22 03:19:26,490 [WARNING]   Rate limited on baby monitor. Backoff 34s (attempt 2)
2026-03-22 03:19:27,927 [WARNING]   Rate limited on dog bed. Backoff 17s (attempt 1)
2026-03-22 03:19:43,673 [WARNING]   Rate limited on kids tablet case. Backoff 38s (attempt 2)
2026-03-22 03:19:45,058 [WARNING]   Rate limited on pet camera. Backoff 31s (attempt 2)
2026-03-22 03:19:47,077 [WARNING]   Rate limited on dog bed. Backoff 38s (attempt 2)
2026-03-22 03:19:52,721 [INFO] [63/90] cat toys done
2026-03-22 03:19:54,825 [WARNING]   Rate limited on pet grooming. Backoff 24s (attempt 1)
2026-03-22 03:20:02,385 [WARNING]   Rate limited on baby monitor. Backoff 67s (attempt 3)
2026-03-22 03:20:17,927 [WARNING]   Rate limited on pet camera. Backoff 67s (attempt 3)
2026-03-22 03:20:21,046 [WARNING]   Rate limited on pet grooming. Backoff 34s (attempt 2)
2026-03-22 03:20:23,269 [WARNING]   Rate limited on kids tablet case. Backoff 69s (attempt 3)
2026-03-22 03:20:27,114 [WARNING]   Rate limited on dog bed. Backoff 70s (attempt 3)
2026-03-22 03:20:57,458 [WARNING]   Rate limited on pet grooming. Backoff 64s (attempt 3)
2026-03-22 03:21:11,672 [WARNING]   Rate limited on baby monitor. Backoff 124s (attempt 4)
2026-03-22 03:21:26,842 [WARNING]   Rate limited on pet camera. Backoff 122s (attempt 4)
2026-03-22 03:21:34,520 [WARNING]   Rate limited on kids tablet case. Backoff 121s (attempt 4)
2026-03-22 03:21:38,929 [WARNING]   Rate limited on dog bed. Backoff 128s (attempt 4)
2026-03-22 03:22:03,782 [WARNING]   Rate limited on pet grooming. Backoff 122s (attempt 4)
2026-03-22 03:23:16,404 [INFO] [64/90] baby monitor done
2026-03-22 03:23:18,709 [WARNING]   Rate limited on baby carrier. Backoff 17s (attempt 1)
2026-03-22 03:23:29,730 [INFO] [65/90] pet camera done
2026-03-22 03:23:31,713 [WARNING]   Rate limited on educational toys. Backoff 21s (attempt 1)
2026-03-22 03:23:36,258 [INFO] [66/90] kids tablet case done
2026-03-22 03:23:37,796 [WARNING]   Rate limited on baby carrier. Backoff 36s (attempt 2)
2026-03-22 03:23:38,712 [WARNING]   Rate limited on crossbody bag. Backoff 22s (attempt 1)
2026-03-22 03:23:48,116 [INFO] [67/90] dog bed done
2026-03-22 03:23:50,186 [WARNING]   Rate limited on sunglasses. Backoff 20s (attempt 1)
2026-03-22 03:23:54,731 [WARNING]   Rate limited on educational toys. Backoff 40s (attempt 2)
2026-03-22 03:24:03,170 [WARNING]   Rate limited on crossbody bag. Backoff 35s (attempt 2)
2026-03-22 03:24:06,396 [INFO] [68/90] pet grooming done
2026-03-22 03:24:08,547 [WARNING]   Rate limited on minimalist wallet. Backoff 17s (attempt 1)
2026-03-22 03:24:12,960 [WARNING]   Rate limited on sunglasses. Backoff 37s (attempt 2)
2026-03-22 03:24:15,334 [WARNING]   Rate limited on baby carrier. Backoff 66s (attempt 3)
2026-03-22 03:24:27,776 [WARNING]   Rate limited on minimalist wallet. Backoff 37s (attempt 2)
2026-03-22 03:24:36,892 [WARNING]   Rate limited on educational toys. Backoff 63s (attempt 3)
2026-03-22 03:24:40,793 [WARNING]   Rate limited on crossbody bag. Backoff 62s (attempt 3)
2026-03-22 03:24:52,539 [WARNING]   Rate limited on sunglasses. Backoff 65s (attempt 3)
2026-03-22 03:25:07,263 [WARNING]   Rate limited on minimalist wallet. Backoff 61s (attempt 3)
2026-03-22 03:25:23,021 [WARNING]   Rate limited on baby carrier. Backoff 121s (attempt 4)
2026-03-22 03:25:41,945 [WARNING]   Rate limited on educational toys. Backoff 123s (attempt 4)
2026-03-22 03:25:44,883 [WARNING]   Rate limited on crossbody bag. Backoff 124s (attempt 4)
2026-03-22 03:25:59,740 [WARNING]   Rate limited on sunglasses. Backoff 120s (attempt 4)
2026-03-22 03:26:10,178 [WARNING]   Rate limited on minimalist wallet. Backoff 120s (attempt 4)
2026-03-22 03:27:25,184 [INFO] [69/90] baby carrier done
2026-03-22 03:27:27,534 [WARNING]   Rate limited on tote bag. Backoff 18s (attempt 1)
2026-03-22 03:27:45,934 [INFO] [70/90] educational toys done
2026-03-22 03:27:47,696 [WARNING]   Rate limited on tote bag. Backoff 36s (attempt 2)
2026-03-22 03:27:48,222 [WARNING]   Rate limited on baseball cap. Backoff 17s (attempt 1)
2026-03-22 03:27:50,062 [INFO] [71/90] crossbody bag done
2026-03-22 03:27:52,404 [WARNING]   Rate limited on sneaker cleaning. Backoff 23s (attempt 1)
2026-03-22 03:28:00,877 [INFO] [72/90] sunglasses done
2026-03-22 03:28:03,222 [WARNING]   Rate limited on belt bag. Backoff 16s (attempt 1)
2026-03-22 03:28:07,109 [WARNING]   Rate limited on baseball cap. Backoff 31s (attempt 2)
2026-03-22 03:28:11,070 [INFO] [73/90] minimalist wallet done
2026-03-22 03:28:13,289 [WARNING]   Rate limited on watch band. Backoff 16s (attempt 1)
2026-03-22 03:28:17,309 [WARNING]   Rate limited on sneaker cleaning. Backoff 34s (attempt 2)
2026-03-22 03:28:20,879 [WARNING]   Rate limited on belt bag. Backoff 36s (attempt 2)
2026-03-22 03:28:26,396 [WARNING]   Rate limited on tote bag. Backoff 68s (attempt 3)
2026-03-22 03:28:31,530 [WARNING]   Rate limited on watch band. Backoff 35s (attempt 2)
2026-03-22 03:28:40,032 [WARNING]   Rate limited on baseball cap. Backoff 70s (attempt 3)
2026-03-22 03:28:53,835 [WARNING]   Rate limited on sneaker cleaning. Backoff 61s (attempt 3)
2026-03-22 03:28:58,882 [WARNING]   Rate limited on belt bag. Backoff 67s (attempt 3)
2026-03-22 03:29:08,943 [WARNING]   Rate limited on watch band. Backoff 63s (attempt 3)
2026-03-22 03:29:36,650 [WARNING]   Rate limited on tote bag. Backoff 129s (attempt 4)
2026-03-22 03:29:52,200 [WARNING]   Rate limited on baseball cap. Backoff 125s (attempt 4)
2026-03-22 03:29:56,771 [WARNING]   Rate limited on sneaker cleaning. Backoff 121s (attempt 4)
2026-03-22 03:30:08,378 [WARNING]   Rate limited on belt bag. Backoff 129s (attempt 4)
2026-03-22 03:30:13,862 [WARNING]   Rate limited on watch band. Backoff 121s (attempt 4)
2026-03-22 03:31:46,409 [INFO] [74/90] tote bag done
2026-03-22 03:31:48,509 [WARNING]   Rate limited on jewelry organizer. Backoff 15s (attempt 1)
2026-03-22 03:31:57,785 [INFO] [75/90] baseball cap done
2026-03-22 03:31:59,532 [INFO] [76/90] sneaker cleaning done
2026-03-22 03:31:59,955 [WARNING]   Rate limited on scarf. Backoff 19s (attempt 1)
2026-03-22 03:32:00,873 [WARNING]   Rate limited on stanley cup accessories. Backoff 19s (attempt 1)
2026-03-22 03:32:05,875 [WARNING]   Rate limited on jewelry organizer. Backoff 32s (attempt 2)
2026-03-22 03:32:15,780 [INFO] [77/90] watch band done
2026-03-22 03:32:18,045 [WARNING]   Rate limited on viral tiktok product. Backoff 20s (attempt 1)
2026-03-22 03:32:18,321 [INFO] [78/90] belt bag done
2026-03-22 03:32:20,653 [WARNING]   Rate limited on trending gadget 2026. Backoff 18s (attempt 1)
2026-03-22 03:32:20,779 [WARNING]   Rate limited on scarf. Backoff 34s (attempt 2)
2026-03-22 03:32:22,282 [WARNING]   Rate limited on stanley cup accessories. Backoff 37s (attempt 2)
2026-03-22 03:32:39,619 [WARNING]   Rate limited on jewelry organizer. Backoff 64s (attempt 3)
2026-03-22 03:32:39,914 [WARNING]   Rate limited on viral tiktok product. Backoff 38s (attempt 2)
2026-03-22 03:32:41,323 [WARNING]   Rate limited on trending gadget 2026. Backoff 37s (attempt 2)
2026-03-22 03:32:56,834 [WARNING]   Rate limited on scarf. Backoff 62s (attempt 3)
2026-03-22 03:33:01,075 [WARNING]   Rate limited on stanley cup accessories. Backoff 63s (attempt 3)
2026-03-22 03:33:19,999 [WARNING]   Rate limited on viral tiktok product. Backoff 66s (attempt 3)
2026-03-22 03:33:20,349 [WARNING]   Rate limited on trending gadget 2026. Backoff 66s (attempt 3)
2026-03-22 03:33:45,372 [WARNING]   Rate limited on jewelry organizer. Backoff 125s (attempt 4)
2026-03-22 03:34:01,631 [WARNING]   Rate limited on scarf. Backoff 126s (attempt 4)
2026-03-22 03:34:06,534 [WARNING]   Rate limited on stanley cup accessories. Backoff 123s (attempt 4)
2026-03-22 03:34:27,712 [WARNING]   Rate limited on viral tiktok product. Backoff 120s (attempt 4)
2026-03-22 03:34:28,173 [WARNING]   Rate limited on trending gadget 2026. Backoff 123s (attempt 4)
2026-03-22 03:35:50,644 [INFO] [79/90] jewelry organizer done
2026-03-22 03:35:52,921 [WARNING]   Rate limited on summer outdoor. Backoff 21s (attempt 1)
2026-03-22 03:36:08,609 [INFO] [80/90] scarf done
2026-03-22 03:36:10,831 [WARNING]   Rate limited on beach accessories. Backoff 17s (attempt 1)
2026-03-22 03:36:11,269 [INFO] [81/90] stanley cup accessories done
2026-03-22 03:36:12,020 [WARNING]   Rate limited on camping gear. Backoff 18s (attempt 1)
2026-03-22 03:36:16,158 [WARNING]   Rate limited on summer outdoor. Backoff 33s (attempt 2)
2026-03-22 03:36:28,590 [INFO] [82/90] viral tiktok product done
2026-03-22 03:36:30,307 [WARNING]   Rate limited on beach accessories. Backoff 38s (attempt 2)
2026-03-22 03:36:30,609 [WARNING]   Rate limited on graduation gift. Backoff 21s (attempt 1)
2026-03-22 03:36:31,517 [INFO] [83/90] trending gadget 2026 done
2026-03-22 03:36:31,680 [WARNING]   Rate limited on camping gear. Backoff 39s (attempt 2)
2026-03-22 03:36:33,645 [WARNING]   Rate limited on back to school supplies. Backoff 15s (attempt 1)
2026-03-22 03:36:50,893 [WARNING]   Rate limited on back to school supplies. Backoff 37s (attempt 2)
2026-03-22 03:36:51,179 [WARNING]   Rate limited on summer outdoor. Backoff 65s (attempt 3)
2026-03-22 03:36:53,538 [WARNING]   Rate limited on graduation gift. Backoff 38s (attempt 2)
2026-03-22 03:37:10,835 [WARNING]   Rate limited on beach accessories. Backoff 69s (attempt 3)
2026-03-22 03:37:13,379 [WARNING]   Rate limited on camping gear. Backoff 61s (attempt 3)
2026-03-22 03:37:29,785 [WARNING]   Rate limited on back to school supplies. Backoff 69s (attempt 3)
2026-03-22 03:37:34,162 [WARNING]   Rate limited on graduation gift. Backoff 66s (attempt 3)
2026-03-22 03:37:58,830 [WARNING]   Rate limited on summer outdoor. Backoff 120s (attempt 4)
2026-03-22 03:38:16,296 [WARNING]   Rate limited on camping gear. Backoff 123s (attempt 4)
2026-03-22 03:38:22,341 [WARNING]   Rate limited on beach accessories. Backoff 126s (attempt 4)
2026-03-22 03:38:40,673 [WARNING]   Rate limited on back to school supplies. Backoff 130s (attempt 4)
2026-03-22 03:38:42,564 [WARNING]   Rate limited on graduation gift. Backoff 120s (attempt 4)
2026-03-22 03:39:59,670 [INFO] [84/90] summer outdoor done
2026-03-22 03:40:01,950 [WARNING]   Rate limited on halloween costume. Backoff 23s (attempt 1)
2026-03-22 03:40:20,301 [INFO] [85/90] camping gear done
2026-03-22 03:40:22,352 [WARNING]   Rate limited on christmas gift ideas. Backoff 21s (attempt 1)
2026-03-22 03:40:27,166 [WARNING]   Rate limited on halloween costume. Backoff 39s (attempt 2)
2026-03-22 03:40:29,129 [INFO] [86/90] beach accessories done
2026-03-22 03:40:43,517 [INFO] [87/90] graduation gift done
2026-03-22 03:40:45,243 [WARNING]   Rate limited on christmas gift ideas. Backoff 36s (attempt 2)
2026-03-22 03:40:51,354 [INFO] [88/90] back to school supplies done
2026-03-22 03:41:08,550 [WARNING]   Rate limited on halloween costume. Backoff 65s (attempt 3)
2026-03-22 03:41:23,889 [WARNING]   Rate limited on christmas gift ideas. Backoff 67s (attempt 3)
2026-03-22 03:42:16,065 [WARNING]   Rate limited on halloween costume. Backoff 127s (attempt 4)
2026-03-22 03:42:33,036 [WARNING]   Rate limited on christmas gift ideas. Backoff 129s (attempt 4)
2026-03-22 03:44:23,982 [INFO] [89/90] halloween costume done
2026-03-22 03:44:43,177 [INFO] [90/90] christmas gift ideas done
2026-03-22 03:44:44,878 [INFO] ==================================================
2026-03-22 03:44:44,878 [INFO] Done. 460 results collected.
2026-03-22 03:44:44,879 [INFO] CSV:  C:\Users\kalan/behique/output\trending_products_2026-03-22.csv
2026-03-22 03:44:44,880 [INFO] JSON: C:\Users\kalan/behique/output\trending_products_2026-03-22.json
2026-03-22 03:44:44,880 [INFO] Picks: C:\Users\kalan/behique/output\top_picks_2026-03-22.txt
2026-03-22 03:44:44,881 [INFO] 
TOP 10 PRODUCTS:
2026-03-22 03:44:44,881 [INFO] ------------------------------------------------------------
2026-03-22 03:44:44,882 [INFO]   glade aromatherapy diffuser refill     score:0.635 vel:7.03 [emerging]
2026-03-22 03:44:44,882 [INFO]   sharper image aromatherapy diffuser    score:0.635 vel:7.03 [emerging]
2026-03-22 03:44:44,882 [INFO]   aromatherapy essential oil diffuser    score:0.635 vel:7.03 [emerging]
2026-03-22 03:44:44,883 [INFO]   glade aromatherapy diffuser            score:0.606 vel:7.03 [emerging]
2026-03-22 03:44:44,883 [INFO]   aromatherapy diffuser pen              score:0.606 vel:7.03 [emerging]
2026-03-22 03:44:44,884 [INFO]   innogear aromatherapy diffuser         score:0.606 vel:7.03 [emerging]
2026-03-22 03:44:44,884 [INFO]   aromatherapy oil diffuser              score:0.606 vel:7.03 [emerging]
2026-03-22 03:44:44,884 [INFO]   essential oil diffuser                 score:0.606 vel:7.03 [emerging]
2026-03-22 03:44:44,885 [INFO]   best aromatherapy diffuser             score:0.606 vel:7.03 [emerging]
2026-03-22 03:44:44,885 [INFO]   oil diffuser                           score:0.560 vel:7.03 [emerging]
2026-03-22 03:44:44,886 [WARNING] 
47 keywords failed: makeup organizer, teeth whitening, hair dryer brush, nail art kit, LED face mask, scalp massager, resistance bands, gua sha, yoga mat, jump rope
2026-03-22 03:44:44,886 [INFO] 
Active proxies remaining: 0/0
