2026-03-25 03:00:05,709 [WARNING] Proxy file not found: C:\Users\kalan/Downloads/Webshare 10 proxies.txt
2026-03-25 03:00:05,709 [WARNING] Running without proxies (higher ban risk)
2026-03-25 03:00:05,730 [INFO] Google Trends Product Research v2
2026-03-25 03:00:05,730 [INFO] Date: 2026-03-25 03:00 | Market: US | Timeframes: ['now 7-d', 'today 1-m', 'today 3-m']
2026-03-25 03:00:05,730 [INFO] Scanning 90 keywords across 8 categories
2026-03-25 03:00:05,730 [INFO] Workers: 5 | Batch size: 5
2026-03-25 03:00:05,731 [INFO] Active proxies: 0/0
2026-03-25 03:00:05,731 [INFO] --------------------------------------------------
2026-03-25 03:00:12,336 [INFO]   OK portable charger -- 13 queries, trend: stable
2026-03-25 03:00:12,338 [INFO] [1/90] portable charger done
2026-03-25 03:00:12,569 [INFO]   OK LED strip lights -- 6 queries, trend: stable
2026-03-25 03:00:12,676 [INFO]   OK phone stand -- 7 queries, trend: stable
2026-03-25 03:00:12,916 [INFO]   OK ring light -- 7 queries, trend: emerging
2026-03-25 03:00:13,863 [INFO]   OK wireless earbuds -- 13 queries, trend: seasonal
2026-03-25 03:00:14,388 [INFO] [2/90] LED strip lights done
2026-03-25 03:00:16,802 [INFO] [3/90] phone stand done
2026-03-25 03:00:18,203 [INFO]   OK smart watch -- 13 queries, trend: stable
2026-03-25 03:00:18,547 [INFO]   OK laptop stand -- 8 queries, trend: stable
2026-03-25 03:00:18,911 [INFO]   OK phone case -- 13 queries, trend: stable
2026-03-25 03:00:19,275 [INFO] [4/90] ring light done
2026-03-25 03:00:20,247 [INFO]   OK webcam -- 13 queries, trend: stable
2026-03-25 03:00:20,908 [INFO]   OK bluetooth speaker -- 13 queries, trend: stable
2026-03-25 03:00:21,391 [INFO] [5/90] wireless earbuds done
2026-03-25 03:00:23,777 [INFO]   OK USB hub -- 7 queries, trend: stable
2026-03-25 03:00:24,356 [INFO] [6/90] smart watch done
2026-03-25 03:00:24,360 [INFO]   OK wireless mouse -- 13 queries, trend: stable
2026-03-25 03:00:25,579 [INFO]   OK screen protector -- 13 queries, trend: stable
2026-03-25 03:00:27,066 [INFO] [7/90] laptop stand done
2026-03-25 03:00:27,628 [INFO]   OK power bank -- 13 queries, trend: stable
2026-03-25 03:00:28,686 [INFO] [8/90] phone case done
2026-03-25 03:00:29,876 [INFO]   OK humidifier -- 13 queries, trend: stable
2026-03-25 03:00:30,373 [WARNING]   Rate limited on desk lamp. Backoff 22s (attempt 1)
2026-03-25 03:00:30,861 [INFO]   OK air purifier -- 13 queries, trend: stable
2026-03-25 03:00:30,871 [INFO] [9/90] webcam done
2026-03-25 03:00:31,839 [INFO]   OK storage organizer -- 12 queries, trend: emerging
2026-03-25 03:00:32,946 [INFO] [10/90] bluetooth speaker done
2026-03-25 03:00:33,852 [WARNING]   Rate limited on candle holder. Backoff 23s (attempt 1)
2026-03-25 03:00:33,930 [WARNING]   Rate limited on wall art. Backoff 24s (attempt 1)
2026-03-25 03:00:34,116 [INFO]   OK cable organizer -- 6 queries, trend: emerging
2026-03-25 03:00:35,904 [INFO] [11/90] USB hub done
2026-03-25 03:00:36,240 [INFO]   OK shower curtain -- 13 queries, trend: emerging
2026-03-25 03:00:37,508 [INFO] [12/90] wireless mouse done
2026-03-25 03:00:38,370 [WARNING]   Rate limited on bookshelf decor. Backoff 24s (attempt 1)
2026-03-25 03:00:38,927 [INFO] [13/90] screen protector done
2026-03-25 03:00:39,692 [INFO]   OK throw pillow -- 13 queries, trend: emerging
2026-03-25 03:00:41,283 [INFO] [14/90] power bank done
2026-03-25 03:00:42,571 [WARNING]   Rate limited on plant pots. Backoff 24s (attempt 1)
2026-03-25 03:00:43,677 [INFO] [15/90] humidifier done
2026-03-25 03:00:45,911 [INFO] [16/90] air purifier done
2026-03-25 03:00:47,007 [INFO] [17/90] storage organizer done
2026-03-25 03:00:48,548 [INFO] [18/90] cable organizer done
2026-03-25 03:00:50,979 [INFO] [19/90] shower curtain done
2026-03-25 03:00:53,037 [INFO] [20/90] throw pillow done
2026-03-25 03:00:55,100 [WARNING]   Rate limited on desk lamp. Backoff 31s (attempt 2)
2026-03-25 03:00:58,554 [WARNING]   Rate limited on candle holder. Backoff 36s (attempt 2)
2026-03-25 03:00:59,951 [WARNING]   Rate limited on wall art. Backoff 36s (attempt 2)
2026-03-25 03:01:04,336 [WARNING]   Rate limited on bookshelf decor. Backoff 35s (attempt 2)
2026-03-25 03:01:08,685 [WARNING]   Rate limited on plant pots. Backoff 32s (attempt 2)
2026-03-25 03:01:28,333 [WARNING]   Rate limited on desk lamp. Backoff 69s (attempt 3)
2026-03-25 03:01:36,287 [WARNING]   Rate limited on candle holder. Backoff 61s (attempt 3)
2026-03-25 03:01:38,501 [WARNING]   Rate limited on wall art. Backoff 64s (attempt 3)
2026-03-25 03:01:42,060 [WARNING]   Rate limited on bookshelf decor. Backoff 63s (attempt 3)
2026-03-25 03:01:42,739 [WARNING]   Rate limited on plant pots. Backoff 62s (attempt 3)
2026-03-25 03:02:39,774 [WARNING]   Rate limited on desk lamp. Backoff 126s (attempt 4)
2026-03-25 03:02:40,052 [WARNING]   Rate limited on candle holder. Backoff 127s (attempt 4)
2026-03-25 03:02:44,843 [WARNING]   Rate limited on wall art. Backoff 124s (attempt 4)
2026-03-25 03:02:47,384 [WARNING]   Rate limited on plant pots. Backoff 129s (attempt 4)
2026-03-25 03:02:47,458 [WARNING]   Rate limited on bookshelf decor. Backoff 120s (attempt 4)
2026-03-25 03:04:46,118 [INFO] [21/90] desk lamp done
2026-03-25 03:04:47,899 [INFO] [22/90] candle holder done
2026-03-25 03:04:48,439 [WARNING]   Rate limited on cable management. Backoff 15s (attempt 1)
2026-03-25 03:04:49,032 [INFO] [23/90] bookshelf decor done
2026-03-25 03:04:50,257 [WARNING]   Rate limited on drawer organizer. Backoff 24s (attempt 1)
2026-03-25 03:04:50,757 [WARNING]   Rate limited on aromatherapy diffuser. Backoff 23s (attempt 1)
2026-03-25 03:04:51,575 [INFO] [24/90] wall art done
2026-03-25 03:04:51,733 [WARNING]   Rate limited on LED mirror. Backoff 22s (attempt 1)
2026-03-25 03:04:57,375 [INFO] [25/90] plant pots done
2026-03-25 03:04:59,346 [WARNING]   Rate limited on floating shelf. Backoff 21s (attempt 1)
2026-03-25 03:05:05,632 [WARNING]   Rate limited on cable management. Backoff 34s (attempt 2)
2026-03-25 03:05:16,022 [WARNING]   Rate limited on aromatherapy diffuser. Backoff 30s (attempt 2)
2026-03-25 03:05:16,179 [WARNING]   Rate limited on LED mirror. Backoff 33s (attempt 2)
2026-03-25 03:05:16,915 [WARNING]   Rate limited on drawer organizer. Backoff 35s (attempt 2)
2026-03-25 03:05:22,006 [WARNING]   Rate limited on floating shelf. Backoff 37s (attempt 2)
2026-03-25 03:05:42,095 [WARNING]   Rate limited on cable management. Backoff 67s (attempt 3)
2026-03-25 03:05:48,305 [WARNING]   Rate limited on aromatherapy diffuser. Backoff 70s (attempt 3)
2026-03-25 03:05:51,813 [WARNING]   Rate limited on LED mirror. Backoff 66s (attempt 3)
2026-03-25 03:05:54,109 [WARNING]   Rate limited on drawer organizer. Backoff 66s (attempt 3)
2026-03-25 03:06:01,282 [WARNING]   Rate limited on floating shelf. Backoff 60s (attempt 3)
2026-03-25 03:06:51,069 [WARNING]   Rate limited on cable management. Backoff 127s (attempt 4)
2026-03-25 03:06:59,525 [WARNING]   Rate limited on LED mirror. Backoff 127s (attempt 4)
2026-03-25 03:07:00,550 [WARNING]   Rate limited on aromatherapy diffuser. Backoff 129s (attempt 4)
2026-03-25 03:07:01,977 [WARNING]   Rate limited on drawer organizer. Backoff 127s (attempt 4)
2026-03-25 03:07:03,392 [WARNING]   Rate limited on floating shelf. Backoff 130s (attempt 4)
2026-03-25 03:08:58,346 [INFO] [26/90] cable management done
2026-03-25 03:09:00,636 [WARNING]   Rate limited on air fryer accessories. Backoff 23s (attempt 1)
2026-03-25 03:09:06,786 [INFO] [27/90] LED mirror done
2026-03-25 03:09:08,995 [WARNING]   Rate limited on coffee accessories. Backoff 21s (attempt 1)
2026-03-25 03:09:09,599 [INFO] [28/90] drawer organizer done
2026-03-25 03:09:11,369 [INFO] [29/90] aromatherapy diffuser done
2026-03-25 03:09:11,484 [WARNING]   Rate limited on reusable bags. Backoff 21s (attempt 1)
2026-03-25 03:09:12,070 [WARNING]   Rate limited on food container. Backoff 21s (attempt 1)
2026-03-25 03:09:14,057 [INFO] [30/90] floating shelf done
2026-03-25 03:09:16,150 [WARNING]   Rate limited on water bottle. Backoff 21s (attempt 1)
2026-03-25 03:09:25,928 [WARNING]   Rate limited on air fryer accessories. Backoff 39s (attempt 2)
2026-03-25 03:09:31,732 [WARNING]   Rate limited on coffee accessories. Backoff 30s (attempt 2)
2026-03-25 03:09:34,670 [WARNING]   Rate limited on reusable bags. Backoff 39s (attempt 2)
2026-03-25 03:09:34,873 [WARNING]   Rate limited on food container. Backoff 36s (attempt 2)
2026-03-25 03:09:38,959 [WARNING]   Rate limited on water bottle. Backoff 30s (attempt 2)
2026-03-25 03:10:04,417 [WARNING]   Rate limited on coffee accessories. Backoff 62s (attempt 3)
2026-03-25 03:10:07,338 [WARNING]   Rate limited on air fryer accessories. Backoff 61s (attempt 3)
2026-03-25 03:10:11,528 [WARNING]   Rate limited on water bottle. Backoff 63s (attempt 3)
2026-03-25 03:10:13,399 [WARNING]   Rate limited on food container. Backoff 64s (attempt 3)
2026-03-25 03:10:16,282 [WARNING]   Rate limited on reusable bags. Backoff 66s (attempt 3)
2026-03-25 03:11:08,287 [WARNING]   Rate limited on coffee accessories. Backoff 128s (attempt 4)
2026-03-25 03:11:11,056 [WARNING]   Rate limited on air fryer accessories. Backoff 122s (attempt 4)
2026-03-25 03:11:16,466 [WARNING]   Rate limited on water bottle. Backoff 129s (attempt 4)
2026-03-25 03:11:19,591 [WARNING]   Rate limited on food container. Backoff 128s (attempt 4)
2026-03-25 03:11:24,398 [WARNING]   Rate limited on reusable bags. Backoff 128s (attempt 4)
2026-03-25 03:13:14,013 [INFO] [31/90] air fryer accessories done
2026-03-25 03:13:16,097 [WARNING]   Rate limited on lunch box. Backoff 17s (attempt 1)
2026-03-25 03:13:17,261 [INFO] [32/90] coffee accessories done
2026-03-25 03:13:19,440 [WARNING]   Rate limited on kitchen gadgets. Backoff 24s (attempt 1)
2026-03-25 03:13:26,453 [INFO] [33/90] water bottle done
2026-03-25 03:13:28,605 [WARNING]   Rate limited on silicone baking. Backoff 15s (attempt 1)
2026-03-25 03:13:29,239 [INFO] [34/90] food container done
2026-03-25 03:13:30,078 [WARNING]   Rate limited on spice organizer. Backoff 21s (attempt 1)
2026-03-25 03:13:33,484 [INFO] [35/90] reusable bags done
2026-03-25 03:13:35,423 [WARNING]   Rate limited on lunch box. Backoff 37s (attempt 2)
2026-03-25 03:13:35,651 [WARNING]   Rate limited on knife set. Backoff 19s (attempt 1)
2026-03-25 03:13:45,595 [WARNING]   Rate limited on kitchen gadgets. Backoff 35s (attempt 2)
2026-03-25 03:13:45,904 [WARNING]   Rate limited on silicone baking. Backoff 31s (attempt 2)
2026-03-25 03:13:53,366 [WARNING]   Rate limited on spice organizer. Backoff 32s (attempt 2)
2026-03-25 03:13:56,385 [WARNING]   Rate limited on knife set. Backoff 35s (attempt 2)
2026-03-25 03:14:14,436 [WARNING]   Rate limited on lunch box. Backoff 62s (attempt 3)
2026-03-25 03:14:19,270 [WARNING]   Rate limited on silicone baking. Backoff 65s (attempt 3)
2026-03-25 03:14:22,318 [WARNING]   Rate limited on kitchen gadgets. Backoff 65s (attempt 3)
2026-03-25 03:14:27,197 [WARNING]   Rate limited on spice organizer. Backoff 62s (attempt 3)
2026-03-25 03:14:33,261 [WARNING]   Rate limited on knife set. Backoff 68s (attempt 3)
2026-03-25 03:15:18,526 [WARNING]   Rate limited on lunch box. Backoff 125s (attempt 4)
2026-03-25 03:15:26,802 [WARNING]   Rate limited on silicone baking. Backoff 123s (attempt 4)
2026-03-25 03:15:29,707 [WARNING]   Rate limited on kitchen gadgets. Backoff 121s (attempt 4)
2026-03-25 03:15:30,881 [WARNING]   Rate limited on spice organizer. Backoff 122s (attempt 4)
2026-03-25 03:15:43,497 [WARNING]   Rate limited on knife set. Backoff 121s (attempt 4)
2026-03-25 03:17:24,586 [INFO] [36/90] lunch box done
2026-03-25 03:17:26,861 [WARNING]   Rate limited on face roller. Backoff 21s (attempt 1)
2026-03-25 03:17:30,271 [INFO] [37/90] silicone baking done
2026-03-25 03:17:32,127 [INFO] [38/90] kitchen gadgets done
2026-03-25 03:17:32,624 [WARNING]   Rate limited on hair accessories. Backoff 21s (attempt 1)
2026-03-25 03:17:33,243 [WARNING]   Rate limited on skincare tools. Backoff 19s (attempt 1)
2026-03-25 03:17:34,322 [INFO] [39/90] spice organizer done
2026-03-25 03:17:35,392 [WARNING]   Rate limited on makeup organizer. Backoff 15s (attempt 1)
2026-03-25 03:17:45,619 [INFO] [40/90] knife set done
2026-03-25 03:17:47,749 [WARNING]   Rate limited on LED face mask. Backoff 22s (attempt 1)
2026-03-25 03:17:50,036 [WARNING]   Rate limited on face roller. Backoff 38s (attempt 2)
2026-03-25 03:17:52,646 [WARNING]   Rate limited on makeup organizer. Backoff 34s (attempt 2)
2026-03-25 03:17:54,634 [WARNING]   Rate limited on skincare tools. Backoff 35s (attempt 2)
2026-03-25 03:17:55,923 [WARNING]   Rate limited on hair accessories. Backoff 33s (attempt 2)
2026-03-25 03:18:11,394 [WARNING]   Rate limited on LED face mask. Backoff 30s (attempt 2)
2026-03-25 03:18:28,604 [WARNING]   Rate limited on makeup organizer. Backoff 67s (attempt 3)
2026-03-25 03:18:30,266 [WARNING]   Rate limited on face roller. Backoff 62s (attempt 3)
2026-03-25 03:18:31,391 [WARNING]   Rate limited on hair accessories. Backoff 70s (attempt 3)
2026-03-25 03:18:31,627 [WARNING]   Rate limited on skincare tools. Backoff 66s (attempt 3)
2026-03-25 03:18:43,830 [WARNING]   Rate limited on LED face mask. Backoff 67s (attempt 3)
2026-03-25 03:19:34,665 [WARNING]   Rate limited on face roller. Backoff 125s (attempt 4)
2026-03-25 03:19:37,504 [WARNING]   Rate limited on makeup organizer. Backoff 122s (attempt 4)
2026-03-25 03:19:40,000 [WARNING]   Rate limited on skincare tools. Backoff 128s (attempt 4)
2026-03-25 03:19:43,158 [WARNING]   Rate limited on hair accessories. Backoff 125s (attempt 4)
2026-03-25 03:19:53,003 [WARNING]   Rate limited on LED face mask. Backoff 123s (attempt 4)
2026-03-25 03:21:39,984 [INFO] [41/90] makeup organizer done
2026-03-25 03:21:42,080 [WARNING]   Rate limited on hair dryer brush. Backoff 22s (attempt 1)
2026-03-25 03:21:42,358 [INFO] [42/90] face roller done
2026-03-25 03:21:42,641 [WARNING]   Rate limited on nail art kit. Backoff 17s (attempt 1)
2026-03-25 03:21:48,595 [INFO] [43/90] hair accessories done
2026-03-25 03:21:50,821 [WARNING]   Rate limited on teeth whitening. Backoff 22s (attempt 1)
2026-03-25 03:21:51,000 [WARNING]   Rate limited on scalp massager. Backoff 20s (attempt 1)
2026-03-25 03:21:51,416 [INFO] [44/90] skincare tools done
2026-03-25 03:21:56,361 [INFO] [45/90] LED face mask done
2026-03-25 03:21:58,451 [WARNING]   Rate limited on gua sha. Backoff 21s (attempt 1)
2026-03-25 03:22:02,298 [WARNING]   Rate limited on nail art kit. Backoff 32s (attempt 2)
2026-03-25 03:22:06,707 [WARNING]   Rate limited on hair dryer brush. Backoff 34s (attempt 2)
2026-03-25 03:22:13,460 [WARNING]   Rate limited on scalp massager. Backoff 38s (attempt 2)
2026-03-25 03:22:15,075 [WARNING]   Rate limited on teeth whitening. Backoff 39s (attempt 2)
2026-03-25 03:22:21,897 [WARNING]   Rate limited on gua sha. Backoff 31s (attempt 2)
2026-03-25 03:22:36,661 [WARNING]   Rate limited on nail art kit. Backoff 66s (attempt 3)
2026-03-25 03:22:43,333 [WARNING]   Rate limited on hair dryer brush. Backoff 67s (attempt 3)
2026-03-25 03:22:54,016 [WARNING]   Rate limited on scalp massager. Backoff 62s (attempt 3)
2026-03-25 03:22:54,534 [WARNING]   Rate limited on gua sha. Backoff 63s (attempt 3)
2026-03-25 03:22:56,474 [WARNING]   Rate limited on teeth whitening. Backoff 60s (attempt 3)
2026-03-25 03:23:44,451 [WARNING]   Rate limited on nail art kit. Backoff 125s (attempt 4)
2026-03-25 03:23:52,380 [WARNING]   Rate limited on hair dryer brush. Backoff 125s (attempt 4)
2026-03-25 03:23:58,448 [WARNING]   Rate limited on scalp massager. Backoff 128s (attempt 4)
2026-03-25 03:23:59,382 [WARNING]   Rate limited on teeth whitening. Backoff 123s (attempt 4)
2026-03-25 03:23:59,902 [WARNING]   Rate limited on gua sha. Backoff 127s (attempt 4)
2026-03-25 03:25:50,218 [INFO] [46/90] nail art kit done
2026-03-25 03:25:52,366 [WARNING]   Rate limited on resistance bands. Backoff 19s (attempt 1)
2026-03-25 03:25:58,331 [INFO] [47/90] hair dryer brush done
2026-03-25 03:26:00,526 [WARNING]   Rate limited on yoga mat. Backoff 18s (attempt 1)
2026-03-25 03:26:03,507 [INFO] [48/90] teeth whitening done
2026-03-25 03:26:05,476 [WARNING]   Rate limited on jump rope. Backoff 25s (attempt 1)
2026-03-25 03:26:06,968 [INFO] [49/90] scalp massager done
2026-03-25 03:26:09,200 [WARNING]   Rate limited on foam roller. Backoff 25s (attempt 1)
2026-03-25 03:26:09,839 [INFO] [50/90] gua sha done
2026-03-25 03:26:10,160 [WARNING]   Rate limited on fitness tracker. Backoff 22s (attempt 1)
2026-03-25 03:26:13,295 [WARNING]   Rate limited on resistance bands. Backoff 40s (attempt 2)
2026-03-25 03:26:20,744 [WARNING]   Rate limited on yoga mat. Backoff 32s (attempt 2)
2026-03-25 03:26:32,515 [WARNING]   Rate limited on jump rope. Backoff 32s (attempt 2)
2026-03-25 03:26:33,859 [WARNING]   Rate limited on fitness tracker. Backoff 30s (attempt 2)
2026-03-25 03:26:36,241 [WARNING]   Rate limited on foam roller. Backoff 39s (attempt 2)
2026-03-25 03:26:54,872 [WARNING]   Rate limited on yoga mat. Backoff 66s (attempt 3)
2026-03-25 03:26:55,111 [WARNING]   Rate limited on resistance bands. Backoff 62s (attempt 3)
2026-03-25 03:27:06,374 [WARNING]   Rate limited on fitness tracker. Backoff 63s (attempt 3)
2026-03-25 03:27:06,981 [WARNING]   Rate limited on jump rope. Backoff 68s (attempt 3)
2026-03-25 03:27:17,348 [WARNING]   Rate limited on foam roller. Backoff 62s (attempt 3)
2026-03-25 03:27:59,297 [WARNING]   Rate limited on resistance bands. Backoff 129s (attempt 4)
2026-03-25 03:28:03,233 [WARNING]   Rate limited on yoga mat. Backoff 128s (attempt 4)
2026-03-25 03:28:10,973 [WARNING]   Rate limited on fitness tracker. Backoff 123s (attempt 4)
2026-03-25 03:28:17,141 [WARNING]   Rate limited on jump rope. Backoff 124s (attempt 4)
2026-03-25 03:28:21,187 [WARNING]   Rate limited on foam roller. Backoff 129s (attempt 4)
2026-03-25 03:30:08,609 [INFO] [51/90] resistance bands done
2026-03-25 03:30:10,951 [WARNING]   Rate limited on gym bag. Backoff 20s (attempt 1)
2026-03-25 03:30:11,557 [INFO] [52/90] yoga mat done
2026-03-25 03:30:13,574 [WARNING]   Rate limited on massage gun. Backoff 15s (attempt 1)
2026-03-25 03:30:14,478 [INFO] [53/90] fitness tracker done
2026-03-25 03:30:16,334 [WARNING]   Rate limited on pull up bar. Backoff 23s (attempt 1)
2026-03-25 03:30:22,336 [INFO] [54/90] jump rope done
2026-03-25 03:30:24,576 [WARNING]   Rate limited on adjustable dumbbells. Backoff 16s (attempt 1)
2026-03-25 03:30:30,367 [INFO] [55/90] foam roller done
2026-03-25 03:30:31,047 [WARNING]   Rate limited on massage gun. Backoff 38s (attempt 2)
2026-03-25 03:30:32,530 [WARNING]   Rate limited on workout gloves. Backoff 22s (attempt 1)
2026-03-25 03:30:32,942 [WARNING]   Rate limited on gym bag. Backoff 35s (attempt 2)
2026-03-25 03:30:41,454 [WARNING]   Rate limited on pull up bar. Backoff 34s (attempt 2)
2026-03-25 03:30:42,305 [WARNING]   Rate limited on adjustable dumbbells. Backoff 39s (attempt 2)
2026-03-25 03:30:56,595 [WARNING]   Rate limited on workout gloves. Backoff 31s (attempt 2)
2026-03-25 03:31:09,826 [WARNING]   Rate limited on gym bag. Backoff 68s (attempt 3)
2026-03-25 03:31:11,069 [WARNING]   Rate limited on massage gun. Backoff 61s (attempt 3)
2026-03-25 03:31:17,152 [WARNING]   Rate limited on pull up bar. Backoff 61s (attempt 3)
2026-03-25 03:31:23,295 [WARNING]   Rate limited on adjustable dumbbells. Backoff 65s (attempt 3)
2026-03-25 03:31:29,466 [WARNING]   Rate limited on workout gloves. Backoff 67s (attempt 3)
2026-03-25 03:32:14,207 [WARNING]   Rate limited on massage gun. Backoff 126s (attempt 4)
2026-03-25 03:32:19,899 [WARNING]   Rate limited on gym bag. Backoff 126s (attempt 4)
2026-03-25 03:32:20,299 [WARNING]   Rate limited on pull up bar. Backoff 121s (attempt 4)
2026-03-25 03:32:30,251 [WARNING]   Rate limited on adjustable dumbbells. Backoff 130s (attempt 4)
2026-03-25 03:32:38,443 [WARNING]   Rate limited on workout gloves. Backoff 125s (attempt 4)
2026-03-25 03:34:20,551 [INFO] [56/90] massage gun done
2026-03-25 03:34:22,254 [INFO] [57/90] pull up bar done
2026-03-25 03:34:22,796 [WARNING]   Rate limited on fidget toys. Backoff 22s (attempt 1)
2026-03-25 03:34:24,013 [WARNING]   Rate limited on dog harness. Backoff 24s (attempt 1)
2026-03-25 03:34:26,971 [INFO] [58/90] gym bag done
2026-03-25 03:34:29,200 [WARNING]   Rate limited on cat toys. Backoff 20s (attempt 1)
2026-03-25 03:34:40,583 [INFO] [59/90] adjustable dumbbells done
2026-03-25 03:34:42,740 [WARNING]   Rate limited on baby monitor. Backoff 15s (attempt 1)
2026-03-25 03:34:44,158 [INFO] [60/90] workout gloves done
2026-03-25 03:34:46,240 [WARNING]   Rate limited on kids tablet case. Backoff 22s (attempt 1)
2026-03-25 03:34:46,989 [WARNING]   Rate limited on fidget toys. Backoff 39s (attempt 2)
2026-03-25 03:34:50,193 [WARNING]   Rate limited on dog harness. Backoff 39s (attempt 2)
2026-03-25 03:34:51,935 [WARNING]   Rate limited on cat toys. Backoff 32s (attempt 2)
2026-03-25 03:35:00,248 [WARNING]   Rate limited on baby monitor. Backoff 37s (attempt 2)
2026-03-25 03:35:10,617 [WARNING]   Rate limited on kids tablet case. Backoff 38s (attempt 2)
2026-03-25 03:35:26,385 [WARNING]   Rate limited on cat toys. Backoff 66s (attempt 3)
2026-03-25 03:35:28,282 [WARNING]   Rate limited on fidget toys. Backoff 67s (attempt 3)
2026-03-25 03:35:30,978 [WARNING]   Rate limited on dog harness. Backoff 69s (attempt 3)
2026-03-25 03:35:39,171 [WARNING]   Rate limited on baby monitor. Backoff 62s (attempt 3)
2026-03-25 03:35:50,892 [WARNING]   Rate limited on kids tablet case. Backoff 67s (attempt 3)
2026-03-25 03:36:34,232 [WARNING]   Rate limited on cat toys. Backoff 130s (attempt 4)
2026-03-25 03:36:37,838 [WARNING]   Rate limited on fidget toys. Backoff 129s (attempt 4)
2026-03-25 03:36:41,864 [WARNING]   Rate limited on dog harness. Backoff 121s (attempt 4)
2026-03-25 03:36:43,231 [WARNING]   Rate limited on baby monitor. Backoff 120s (attempt 4)
2026-03-25 03:37:00,041 [WARNING]   Rate limited on kids tablet case. Backoff 126s (attempt 4)
2026-03-25 03:38:43,115 [INFO] [61/90] dog harness done
2026-03-25 03:38:45,384 [WARNING]   Rate limited on pet camera. Backoff 22s (attempt 1)
2026-03-25 03:38:45,727 [INFO] [62/90] baby monitor done
2026-03-25 03:38:46,134 [WARNING]   Rate limited on dog bed. Backoff 20s (attempt 1)
2026-03-25 03:38:46,981 [INFO] [63/90] cat toys done
2026-03-25 03:38:46,987 [WARNING]   Rate limited on pet grooming. Backoff 18s (attempt 1)
2026-03-25 03:38:48,315 [INFO] [64/90] fidget toys done
2026-03-25 03:38:49,553 [WARNING]   Rate limited on baby carrier. Backoff 24s (attempt 1)
2026-03-25 03:39:06,702 [INFO] [65/90] kids tablet case done
2026-03-25 03:39:07,291 [WARNING]   Rate limited on pet grooming. Backoff 36s (attempt 2)
2026-03-25 03:39:07,831 [WARNING]   Rate limited on dog bed. Backoff 40s (attempt 2)
2026-03-25 03:39:08,992 [WARNING]   Rate limited on educational toys. Backoff 18s (attempt 1)
2026-03-25 03:39:09,901 [WARNING]   Rate limited on pet camera. Backoff 33s (attempt 2)
2026-03-25 03:39:15,282 [WARNING]   Rate limited on baby carrier. Backoff 34s (attempt 2)
2026-03-25 03:39:29,107 [WARNING]   Rate limited on educational toys. Backoff 36s (attempt 2)
2026-03-25 03:39:45,138 [WARNING]   Rate limited on pet grooming. Backoff 67s (attempt 3)
2026-03-25 03:39:45,266 [WARNING]   Rate limited on pet camera. Backoff 66s (attempt 3)
2026-03-25 03:39:50,138 [WARNING]   Rate limited on dog bed. Backoff 62s (attempt 3)
2026-03-25 03:39:51,286 [WARNING]   Rate limited on baby carrier. Backoff 68s (attempt 3)
2026-03-25 03:40:07,088 [WARNING]   Rate limited on educational toys. Backoff 61s (attempt 3)
2026-03-25 03:40:53,761 [WARNING]   Rate limited on pet camera. Backoff 123s (attempt 4)
2026-03-25 03:40:54,057 [WARNING]   Rate limited on dog bed. Backoff 130s (attempt 4)
2026-03-25 03:40:54,597 [WARNING]   Rate limited on pet grooming. Backoff 121s (attempt 4)
2026-03-25 03:41:01,194 [WARNING]   Rate limited on baby carrier. Backoff 125s (attempt 4)
2026-03-25 03:41:10,605 [WARNING]   Rate limited on educational toys. Backoff 126s (attempt 4)
2026-03-25 03:42:56,574 [INFO] [66/90] pet grooming done
2026-03-25 03:42:58,707 [INFO] [67/90] pet camera done
2026-03-25 03:42:58,799 [WARNING]   Rate limited on crossbody bag. Backoff 20s (attempt 1)
2026-03-25 03:42:59,292 [WARNING]   Rate limited on sunglasses. Backoff 18s (attempt 1)
2026-03-25 03:43:04,572 [INFO] [68/90] dog bed done
2026-03-25 03:43:06,649 [WARNING]   Rate limited on minimalist wallet. Backoff 19s (attempt 1)
2026-03-25 03:43:06,925 [INFO] [69/90] baby carrier done
2026-03-25 03:43:08,996 [WARNING]   Rate limited on tote bag. Backoff 20s (attempt 1)
2026-03-25 03:43:16,848 [INFO] [70/90] educational toys done
2026-03-25 03:43:19,114 [WARNING]   Rate limited on baseball cap. Backoff 18s (attempt 1)
2026-03-25 03:43:19,215 [WARNING]   Rate limited on sunglasses. Backoff 39s (attempt 2)
2026-03-25 03:43:20,833 [WARNING]   Rate limited on crossbody bag. Backoff 31s (attempt 2)
2026-03-25 03:43:27,994 [WARNING]   Rate limited on minimalist wallet. Backoff 31s (attempt 2)
2026-03-25 03:43:31,247 [WARNING]   Rate limited on tote bag. Backoff 34s (attempt 2)
2026-03-25 03:43:39,484 [WARNING]   Rate limited on baseball cap. Backoff 39s (attempt 2)
2026-03-25 03:43:53,781 [WARNING]   Rate limited on crossbody bag. Backoff 62s (attempt 3)
2026-03-25 03:44:00,553 [WARNING]   Rate limited on sunglasses. Backoff 63s (attempt 3)
2026-03-25 03:44:01,105 [WARNING]   Rate limited on minimalist wallet. Backoff 64s (attempt 3)
2026-03-25 03:44:07,214 [WARNING]   Rate limited on tote bag. Backoff 66s (attempt 3)
2026-03-25 03:44:20,734 [WARNING]   Rate limited on baseball cap. Backoff 62s (attempt 3)
2026-03-25 03:44:58,059 [WARNING]   Rate limited on crossbody bag. Backoff 129s (attempt 4)
2026-03-25 03:45:06,125 [WARNING]   Rate limited on sunglasses. Backoff 121s (attempt 4)
2026-03-25 03:45:07,107 [WARNING]   Rate limited on minimalist wallet. Backoff 121s (attempt 4)
2026-03-25 03:45:15,036 [WARNING]   Rate limited on tote bag. Backoff 125s (attempt 4)
2026-03-25 03:45:24,885 [WARNING]   Rate limited on baseball cap. Backoff 127s (attempt 4)
2026-03-25 03:47:07,591 [INFO] [71/90] sunglasses done
2026-03-25 03:47:09,896 [WARNING]   Rate limited on sneaker cleaning. Backoff 21s (attempt 1)
2026-03-25 03:47:10,062 [WARNING]   Rate limited on belt bag. Backoff 23s (attempt 1)
2026-03-25 03:47:10,107 [INFO] [72/90] crossbody bag done
2026-03-25 03:47:11,432 [WARNING]   Rate limited on watch band. Backoff 20s (attempt 1)
2026-03-25 03:47:12,197 [INFO] [73/90] minimalist wallet done
2026-03-25 03:47:20,811 [INFO] [74/90] tote bag done
2026-03-25 03:47:22,972 [WARNING]   Rate limited on jewelry organizer. Backoff 20s (attempt 1)
2026-03-25 03:47:32,616 [WARNING]   Rate limited on sneaker cleaning. Backoff 38s (attempt 2)
2026-03-25 03:47:32,788 [INFO] [75/90] baseball cap done
2026-03-25 03:47:33,667 [WARNING]   Rate limited on watch band. Backoff 36s (attempt 2)
2026-03-25 03:47:34,841 [WARNING]   Rate limited on scarf. Backoff 16s (attempt 1)
2026-03-25 03:47:35,299 [WARNING]   Rate limited on belt bag. Backoff 34s (attempt 2)
2026-03-25 03:47:44,680 [WARNING]   Rate limited on jewelry organizer. Backoff 33s (attempt 2)
2026-03-25 03:47:52,607 [WARNING]   Rate limited on scarf. Backoff 39s (attempt 2)
2026-03-25 03:48:11,534 [WARNING]   Rate limited on belt bag. Backoff 68s (attempt 3)
2026-03-25 03:48:12,243 [WARNING]   Rate limited on watch band. Backoff 61s (attempt 3)
2026-03-25 03:48:12,949 [WARNING]   Rate limited on sneaker cleaning. Backoff 62s (attempt 3)
2026-03-25 03:48:20,313 [WARNING]   Rate limited on jewelry organizer. Backoff 69s (attempt 3)
2026-03-25 03:48:34,004 [WARNING]   Rate limited on scarf. Backoff 64s (attempt 3)
2026-03-25 03:49:15,327 [WARNING]   Rate limited on watch band. Backoff 126s (attempt 4)
2026-03-25 03:49:16,893 [WARNING]   Rate limited on sneaker cleaning. Backoff 127s (attempt 4)
2026-03-25 03:49:21,102 [WARNING]   Rate limited on belt bag. Backoff 123s (attempt 4)
2026-03-25 03:49:31,497 [WARNING]   Rate limited on jewelry organizer. Backoff 125s (attempt 4)
2026-03-25 03:49:40,242 [WARNING]   Rate limited on scarf. Backoff 124s (attempt 4)
2026-03-25 03:51:22,138 [INFO] [76/90] watch band done
2026-03-25 03:51:24,305 [WARNING]   Rate limited on stanley cup accessories. Backoff 21s (attempt 1)
2026-03-25 03:51:24,698 [INFO] [77/90] sneaker cleaning done
2026-03-25 03:51:26,871 [WARNING]   Rate limited on viral tiktok product. Backoff 22s (attempt 1)
2026-03-25 03:51:27,214 [WARNING]   Rate limited on trending gadget 2026. Backoff 18s (attempt 1)
2026-03-25 03:51:27,648 [INFO] [78/90] belt bag done
2026-03-25 03:51:37,575 [INFO] [79/90] jewelry organizer done
2026-03-25 03:51:39,658 [WARNING]   Rate limited on summer outdoor. Backoff 23s (attempt 1)
2026-03-25 03:51:45,127 [INFO] [80/90] scarf done
2026-03-25 03:51:47,317 [WARNING]   Rate limited on beach accessories. Backoff 24s (attempt 1)
2026-03-25 03:51:47,585 [WARNING]   Rate limited on trending gadget 2026. Backoff 39s (attempt 2)
2026-03-25 03:51:47,915 [WARNING]   Rate limited on stanley cup accessories. Backoff 35s (attempt 2)
2026-03-25 03:51:51,361 [WARNING]   Rate limited on viral tiktok product. Backoff 35s (attempt 2)
2026-03-25 03:52:04,834 [WARNING]   Rate limited on summer outdoor. Backoff 38s (attempt 2)
2026-03-25 03:52:13,328 [WARNING]   Rate limited on beach accessories. Backoff 33s (attempt 2)
2026-03-25 03:52:25,245 [WARNING]   Rate limited on stanley cup accessories. Backoff 61s (attempt 3)
2026-03-25 03:52:28,789 [WARNING]   Rate limited on viral tiktok product. Backoff 62s (attempt 3)
2026-03-25 03:52:28,833 [WARNING]   Rate limited on trending gadget 2026. Backoff 65s (attempt 3)
2026-03-25 03:52:45,297 [WARNING]   Rate limited on summer outdoor. Backoff 64s (attempt 3)
2026-03-25 03:52:48,078 [WARNING]   Rate limited on beach accessories. Backoff 67s (attempt 3)
2026-03-25 03:53:28,684 [WARNING]   Rate limited on stanley cup accessories. Backoff 127s (attempt 4)
2026-03-25 03:53:32,299 [WARNING]   Rate limited on viral tiktok product. Backoff 124s (attempt 4)
2026-03-25 03:53:35,521 [WARNING]   Rate limited on trending gadget 2026. Backoff 125s (attempt 4)
2026-03-25 03:53:51,763 [WARNING]   Rate limited on summer outdoor. Backoff 128s (attempt 4)
2026-03-25 03:53:57,298 [WARNING]   Rate limited on beach accessories. Backoff 126s (attempt 4)
2026-03-25 03:55:36,071 [INFO] [81/90] stanley cup accessories done
2026-03-25 03:55:38,231 [INFO] [82/90] viral tiktok product done
2026-03-25 03:55:38,404 [WARNING]   Rate limited on camping gear. Backoff 24s (attempt 1)
2026-03-25 03:55:39,144 [WARNING]   Rate limited on graduation gift. Backoff 21s (attempt 1)
2026-03-25 03:55:41,405 [INFO] [83/90] trending gadget 2026 done
2026-03-25 03:55:43,637 [WARNING]   Rate limited on back to school supplies. Backoff 16s (attempt 1)
2026-03-25 03:56:00,343 [INFO] [84/90] summer outdoor done
2026-03-25 03:56:01,931 [WARNING]   Rate limited on back to school supplies. Backoff 37s (attempt 2)
2026-03-25 03:56:02,741 [WARNING]   Rate limited on graduation gift. Backoff 31s (attempt 2)
2026-03-25 03:56:02,819 [WARNING]   Rate limited on halloween costume. Backoff 16s (attempt 1)
2026-03-25 03:56:03,545 [INFO] [85/90] beach accessories done
2026-03-25 03:56:04,296 [WARNING]   Rate limited on camping gear. Backoff 32s (attempt 2)
2026-03-25 03:56:05,764 [WARNING]   Rate limited on christmas gift ideas. Backoff 22s (attempt 1)
2026-03-25 03:56:21,515 [WARNING]   Rate limited on halloween costume. Backoff 34s (attempt 2)
2026-03-25 03:56:29,513 [WARNING]   Rate limited on christmas gift ideas. Backoff 37s (attempt 2)
2026-03-25 03:56:36,045 [WARNING]   Rate limited on graduation gift. Backoff 60s (attempt 3)
2026-03-25 03:56:38,008 [WARNING]   Rate limited on camping gear. Backoff 60s (attempt 3)
2026-03-25 03:56:41,098 [WARNING]   Rate limited on back to school supplies. Backoff 63s (attempt 3)
2026-03-25 03:56:58,052 [WARNING]   Rate limited on halloween costume. Backoff 68s (attempt 3)
2026-03-25 03:57:08,279 [WARNING]   Rate limited on christmas gift ideas. Backoff 67s (attempt 3)
2026-03-25 03:57:38,778 [WARNING]   Rate limited on graduation gift. Backoff 126s (attempt 4)
2026-03-25 03:57:40,382 [WARNING]   Rate limited on camping gear. Backoff 125s (attempt 4)
2026-03-25 03:57:46,282 [WARNING]   Rate limited on back to school supplies. Backoff 125s (attempt 4)
2026-03-25 03:58:08,107 [WARNING]   Rate limited on halloween costume. Backoff 127s (attempt 4)
2026-03-25 03:58:17,826 [WARNING]   Rate limited on christmas gift ideas. Backoff 120s (attempt 4)
2026-03-25 03:59:45,749 [INFO] [86/90] graduation gift done
2026-03-25 03:59:47,224 [INFO] [87/90] camping gear done
2026-03-25 03:59:52,287 [INFO] [88/90] back to school supplies done
2026-03-25 04:00:15,272 [INFO] [89/90] halloween costume done
2026-03-25 04:00:18,771 [INFO] [90/90] christmas gift ideas done
2026-03-25 04:00:20,908 [INFO] ==================================================
2026-03-25 04:00:20,909 [INFO] Done. 222 results collected.
2026-03-25 04:00:20,910 [INFO] CSV:  C:\Users\kalan/behique/output\trending_products_2026-03-25.csv
2026-03-25 04:00:20,911 [INFO] JSON: C:\Users\kalan/behique/output\trending_products_2026-03-25.json
2026-03-25 04:00:20,911 [INFO] Picks: C:\Users\kalan/behique/output\top_picks_2026-03-25.txt
2026-03-25 04:00:20,912 [INFO] 
TOP 10 PRODUCTS:
2026-03-25 04:00:20,912 [INFO] ------------------------------------------------------------
2026-03-25 04:00:20,913 [INFO]   throw pillow covers                    score:0.650 vel:2.30 [emerging]
2026-03-25 04:00:20,913 [INFO]   throw pillow cover                     score:0.650 vel:2.30 [emerging]
2026-03-25 04:00:20,914 [INFO]   throw pillow set                       score:0.650 vel:2.30 [emerging]
2026-03-25 04:00:20,914 [INFO]   green throw pillows                    score:0.625 vel:2.30 [emerging]
2026-03-25 04:00:20,915 [INFO]   blue throw pillows                     score:0.625 vel:2.30 [emerging]
2026-03-25 04:00:20,915 [INFO]   mactrem led ring light kit             score:0.617 vel:1.27 [emerging]
2026-03-25 04:00:20,916 [INFO]   boucle throw pillow                    score:0.613 vel:2.30 [emerging]
2026-03-25 04:00:20,917 [INFO]   lumbar throw pillow                    score:0.613 vel:2.30 [emerging]
2026-03-25 04:00:20,917 [INFO]   throw pillow inserts                   score:0.613 vel:2.30 [emerging]
2026-03-25 04:00:20,918 [INFO]   pillow covers                          score:0.606 vel:2.30 [emerging]
2026-03-25 04:00:20,918 [WARNING] 
70 keywords failed: desk lamp, candle holder, bookshelf decor, wall art, plant pots, cable management, LED mirror, drawer organizer, aromatherapy diffuser, floating shelf
2026-03-25 04:00:20,919 [INFO] 
Active proxies remaining: 0/0
