2026-03-15 18:17:21,481 [WARNING] Proxy file not found: C:\Users\kalan/Downloads/Webshare 10 proxies.txt
2026-03-15 18:17:21,481 [WARNING] Running without proxies (higher ban risk)
2026-03-15 18:17:21,482 [INFO] Google Trends Product Research v2
2026-03-15 18:17:21,482 [INFO] Date: 2026-03-15 18:17 | Market: US | Timeframes: ['now 7-d', 'today 1-m', 'today 3-m']
2026-03-15 18:17:21,482 [INFO] Scanning 5 keywords across 8 categories
2026-03-15 18:17:21,482 [INFO] Workers: 5 | Batch size: 5
2026-03-15 18:17:21,482 [INFO] Active proxies: 0/0
2026-03-15 18:17:21,482 [INFO] --------------------------------------------------
2026-03-15 18:17:22,486 [WARNING]   Error on phone case: Retry.__init__() got an unexpected keyword argument 'method_ — retry 1
2026-03-15 18:17:22,505 [WARNING]   Error on wireless earbuds: Retry.__init__() got an unexpected keyword argument 'method_ — retry 1
2026-03-15 18:17:22,552 [WARNING]   Error on dog harness: Retry.__init__() got an unexpected keyword argument 'method_ — retry 1
2026-03-15 18:17:22,558 [WARNING]   Error on resistance bands: Retry.__init__() got an unexpected keyword argument 'method_ — retry 1
2026-03-15 18:17:22,560 [WARNING]   Error on air fryer accessories: Retry.__init__() got an unexpected keyword argument 'method_ — retry 1
2026-03-15 18:17:32,487 [WARNING]   Error on phone case: Retry.__init__() got an unexpected keyword argument 'method_ — retry 2
2026-03-15 18:17:32,506 [WARNING]   Error on wireless earbuds: Retry.__init__() got an unexpected keyword argument 'method_ — retry 2
2026-03-15 18:17:32,553 [WARNING]   Error on dog harness: Retry.__init__() got an unexpected keyword argument 'method_ — retry 2
2026-03-15 18:17:32,559 [WARNING]   Error on resistance bands: Retry.__init__() got an unexpected keyword argument 'method_ — retry 2
2026-03-15 18:17:32,560 [WARNING]   Error on air fryer accessories: Retry.__init__() got an unexpected keyword argument 'method_ — retry 2
2026-03-15 18:17:42,488 [WARNING]   Error on phone case: Retry.__init__() got an unexpected keyword argument 'method_ — retry 3
2026-03-15 18:17:42,507 [WARNING]   Error on wireless earbuds: Retry.__init__() got an unexpected keyword argument 'method_ — retry 3
2026-03-15 18:17:42,553 [WARNING]   Error on dog harness: Retry.__init__() got an unexpected keyword argument 'method_ — retry 3
2026-03-15 18:17:42,561 [WARNING]   Error on resistance bands: Retry.__init__() got an unexpected keyword argument 'method_ — retry 3
2026-03-15 18:17:42,562 [WARNING]   Error on air fryer accessories: Retry.__init__() got an unexpected keyword argument 'method_ — retry 3
2026-03-15 18:17:52,489 [ERROR]   Failed phone case after 4 attempts: Retry.__init__() got an unexpected keyword argument 'method_whitelist'
2026-03-15 18:17:52,489 [INFO] [1/5] phone case done
2026-03-15 18:17:52,509 [ERROR]   Failed wireless earbuds after 4 attempts: Retry.__init__() got an unexpected keyword argument 'method_whitelist'
2026-03-15 18:17:52,554 [ERROR]   Failed dog harness after 4 attempts: Retry.__init__() got an unexpected keyword argument 'method_whitelist'
2026-03-15 18:17:52,561 [ERROR]   Failed resistance bands after 4 attempts: Retry.__init__() got an unexpected keyword argument 'method_whitelist'
2026-03-15 18:17:52,562 [ERROR]   Failed air fryer accessories after 4 attempts: Retry.__init__() got an unexpected keyword argument 'method_whitelist'
2026-03-15 18:17:53,961 [INFO] [2/5] wireless earbuds done
2026-03-15 18:17:55,823 [INFO] [3/5] dog harness done
2026-03-15 18:17:58,735 [INFO] [4/5] resistance bands done
2026-03-15 18:18:00,965 [INFO] [5/5] air fryer accessories done
2026-03-15 18:18:03,046 [WARNING] No results collected. Check proxies and rate limits.
2026-03-15 18:18:37,631 [WARNING] Proxy file not found: C:\Users\kalan/Downloads/Webshare 10 proxies.txt
2026-03-15 18:18:37,631 [WARNING] Running without proxies (higher ban risk)
2026-03-15 18:18:37,632 [INFO] Google Trends Product Research v2
2026-03-15 18:18:37,632 [INFO] Date: 2026-03-15 18:18 | Market: US | Timeframes: ['now 7-d', 'today 1-m', 'today 3-m']
2026-03-15 18:18:37,632 [INFO] Scanning 5 keywords across 8 categories
2026-03-15 18:18:37,633 [INFO] Workers: 5 | Batch size: 5
2026-03-15 18:18:37,633 [INFO] Active proxies: 0/0
2026-03-15 18:18:37,633 [INFO] --------------------------------------------------
2026-03-15 18:18:53,364 [INFO]   OK dog harness -- 13 queries, trend: stable
2026-03-15 18:18:53,364 [INFO] [1/5] dog harness done
2026-03-15 18:18:53,917 [INFO]   OK air fryer accessories -- 13 queries, trend: emerging
2026-03-15 18:18:54,510 [INFO]   OK phone case -- 12 queries, trend: stable
2026-03-15 18:18:54,717 [INFO]   OK wireless earbuds -- 13 queries, trend: emerging
2026-03-15 18:18:56,051 [INFO] [2/5] air fryer accessories done
2026-03-15 18:18:56,102 [INFO]   OK resistance bands -- 13 queries, trend: stable
2026-03-15 18:18:59,033 [INFO] [3/5] phone case done
2026-03-15 18:19:00,145 [INFO] [4/5] wireless earbuds done
2026-03-15 18:19:02,534 [INFO] [5/5] resistance bands done
2026-03-15 18:19:04,090 [INFO] ==================================================
2026-03-15 18:19:04,090 [INFO] Done. 64 results collected.
2026-03-15 18:19:04,090 [INFO] CSV:  C:\Users\kalan/behique/output\trending_products_2026-03-15.csv
2026-03-15 18:19:04,090 [INFO] JSON: C:\Users\kalan/behique/output\trending_products_2026-03-15.json
2026-03-15 18:19:04,091 [INFO] Picks: C:\Users\kalan/behique/output\top_picks_2026-03-15.txt
2026-03-15 18:19:04,091 [INFO] 
TOP 10 PRODUCTS:
2026-03-15 18:19:04,091 [INFO] ------------------------------------------------------------
2026-03-15 18:19:04,091 [INFO]   philips air fryer accessories          score:0.626 vel:2.21 [emerging]
2026-03-15 18:19:04,091 [INFO]   instant pot air fryer accessories      score:0.626 vel:2.21 [emerging]
2026-03-15 18:19:04,091 [INFO]   cuisinart air fryer accessories        score:0.626 vel:2.21 [emerging]
2026-03-15 18:19:04,091 [INFO]   nuwave air fryer accessories           score:0.626 vel:2.21 [emerging]
2026-03-15 18:19:04,091 [INFO]   ultrean air fryer accessories          score:0.626 vel:2.21 [emerging]
2026-03-15 18:19:04,091 [INFO]   sur la table air fryer accessories     score:0.626 vel:2.21 [emerging]
2026-03-15 18:19:04,091 [INFO]   accessories for air fryer              score:0.626 vel:2.21 [emerging]
2026-03-15 18:19:04,092 [INFO]   air fryer oven accessories             score:0.626 vel:2.21 [emerging]
2026-03-15 18:19:04,092 [INFO]   emeril lagasse air fryer               score:0.589 vel:2.21 [emerging]
2026-03-15 18:19:04,092 [INFO]   emeril lagasse air fryer               score:0.589 vel:2.21 [emerging]
2026-03-15 18:19:04,092 [INFO] 
Active proxies remaining: 0/0
