2026-03-24 03:00:05,273 [WARNING] Proxy file not found: C:\Users\kalan/Downloads/Webshare 10 proxies.txt
2026-03-24 03:00:05,274 [WARNING] Running without proxies (higher ban risk)
2026-03-24 03:00:05,288 [INFO] Google Trends Product Research v2
2026-03-24 03:00:05,288 [INFO] Date: 2026-03-24 03:00 | Market: US | Timeframes: ['now 7-d', 'today 1-m', 'today 3-m']
2026-03-24 03:00:05,288 [INFO] Scanning 90 keywords across 8 categories
2026-03-24 03:00:05,288 [INFO] Workers: 5 | Batch size: 5
2026-03-24 03:00:05,288 [INFO] Active proxies: 0/0
2026-03-24 03:00:05,288 [INFO] --------------------------------------------------
2026-03-24 03:00:19,752 [INFO]   OK portable charger -- 13 queries, trend: stable
2026-03-24 03:00:19,752 [INFO] [1/90] portable charger done
2026-03-24 03:00:22,753 [INFO]   OK wireless earbuds -- 13 queries, trend: seasonal
2026-03-24 03:00:22,755 [INFO] [2/90] wireless earbuds done
2026-03-24 03:00:23,539 [INFO]   OK ring light -- 8 queries, trend: emerging
2026-03-24 03:00:23,872 [INFO]   OK LED strip lights -- 7 queries, trend: stable
2026-03-24 03:00:24,270 [INFO] [3/90] ring light done
2026-03-24 03:00:25,046 [INFO]   OK phone stand -- 9 queries, trend: stable
2026-03-24 03:00:26,054 [INFO] [4/90] LED strip lights done
2026-03-24 03:00:28,333 [INFO] [5/90] phone stand done
2026-03-24 03:00:35,278 [INFO]   OK smart watch -- 13 queries, trend: stable
2026-03-24 03:00:35,278 [INFO] [6/90] smart watch done
2026-03-24 03:00:38,720 [WARNING]   Rate limited on USB hub. Backoff 20s (attempt 1)
2026-03-24 03:00:39,837 [INFO]   OK laptop stand -- 12 queries, trend: stable
2026-03-24 03:00:39,837 [INFO] [7/90] laptop stand done
2026-03-24 03:00:40,846 [INFO]   OK phone case -- 13 queries, trend: stable
2026-03-24 03:00:41,420 [INFO]   OK webcam -- 13 queries, trend: stable
2026-03-24 03:00:41,511 [INFO] [8/90] phone case done
2026-03-24 03:00:41,967 [WARNING]   Rate limited on wireless mouse. Backoff 25s (attempt 1)
2026-03-24 03:00:42,487 [INFO]   OK bluetooth speaker -- 13 queries, trend: stable
2026-03-24 03:00:43,113 [INFO] [9/90] webcam done
2026-03-24 03:00:43,863 [WARNING]   Rate limited on screen protector. Backoff 21s (attempt 1)
2026-03-24 03:00:44,904 [WARNING]   Rate limited on power bank. Backoff 23s (attempt 1)
2026-03-24 03:00:45,422 [INFO] [10/90] bluetooth speaker done
2026-03-24 03:00:55,014 [INFO]   OK cable organizer -- 7 queries, trend: stable
2026-03-24 03:00:55,014 [INFO] [11/90] cable organizer done
2026-03-24 03:00:58,122 [WARNING]   Rate limited on air purifier. Backoff 24s (attempt 1)
2026-03-24 03:01:16,802 [INFO]   OK USB hub -- 6 queries, trend: stable
2026-03-24 03:01:16,802 [INFO] [12/90] USB hub done
2026-03-24 03:01:21,426 [INFO]   OK screen protector -- 13 queries, trend: stable
2026-03-24 03:01:21,426 [INFO] [13/90] screen protector done
2026-03-24 03:01:22,819 [INFO]   OK wireless mouse -- 10 queries, trend: stable
2026-03-24 03:01:23,873 [INFO] [14/90] wireless mouse done
2026-03-24 03:01:26,900 [INFO]   OK power bank -- 13 queries, trend: stable
2026-03-24 03:01:26,902 [INFO] [15/90] power bank done
2026-03-24 03:01:34,918 [INFO]   OK humidifier -- 13 queries, trend: stable
2026-03-24 03:01:34,918 [INFO] [16/90] humidifier done
2026-03-24 03:01:38,453 [INFO]   OK air purifier -- 12 queries, trend: stable
2026-03-24 03:01:38,454 [INFO] [17/90] air purifier done
2026-03-24 03:01:40,202 [INFO]   OK storage organizer -- 13 queries, trend: emerging
2026-03-24 03:01:40,202 [INFO] [18/90] storage organizer done
2026-03-24 03:01:42,668 [INFO]   OK desk lamp -- 9 queries, trend: emerging
2026-03-24 03:01:42,668 [INFO] [19/90] desk lamp done
2026-03-24 03:01:42,849 [INFO]   OK shower curtain -- 13 queries, trend: emerging
2026-03-24 03:01:43,831 [INFO] [20/90] shower curtain done
2026-03-24 03:01:51,874 [INFO]   OK candle holder -- 13 queries, trend: stable
2026-03-24 03:01:51,874 [INFO] [21/90] candle holder done
2026-03-24 03:01:57,006 [INFO]   OK wall art -- 13 queries, trend: emerging
2026-03-24 03:01:57,006 [INFO] [22/90] wall art done
2026-03-24 03:01:57,254 [INFO]   OK throw pillow -- 13 queries, trend: emerging
2026-03-24 03:01:58,381 [INFO] [23/90] throw pillow done
2026-03-24 03:01:58,397 [INFO]   OK bookshelf decor -- 4 queries, trend: emerging
2026-03-24 03:01:59,651 [INFO]   OK plant pots -- 8 queries, trend: emerging
2026-03-24 03:02:00,852 [INFO] [24/90] bookshelf decor done
2026-03-24 03:02:03,155 [INFO] [25/90] plant pots done
2026-03-24 03:02:09,916 [INFO]   OK cable management -- 13 queries, trend: stable
2026-03-24 03:02:09,916 [INFO] [26/90] cable management done
2026-03-24 03:02:10,744 [INFO]   OK aromatherapy diffuser -- 8 queries, trend: emerging
2026-03-24 03:02:11,613 [INFO] [27/90] aromatherapy diffuser done
2026-03-24 03:02:12,603 [INFO]   OK drawer organizer -- 13 queries, trend: stable
2026-03-24 03:02:13,739 [INFO] [28/90] drawer organizer done
2026-03-24 03:02:17,357 [INFO]   OK LED mirror -- 1 queries, trend: emerging
2026-03-24 03:02:17,357 [INFO] [29/90] LED mirror done
2026-03-24 03:02:17,888 [INFO]   OK floating shelf -- 8 queries, trend: stable
2026-03-24 03:02:18,907 [INFO] [30/90] floating shelf done
2026-03-24 03:02:26,625 [INFO]   OK air fryer accessories -- 13 queries, trend: emerging
2026-03-24 03:02:26,625 [INFO] [31/90] air fryer accessories done
2026-03-24 03:02:27,551 [INFO]   OK coffee accessories -- 10 queries, trend: emerging
2026-03-24 03:02:27,688 [INFO] [32/90] coffee accessories done
2026-03-24 03:02:28,094 [INFO]   OK reusable bags -- 11 queries, trend: stable
2026-03-24 03:02:29,888 [INFO] [33/90] reusable bags done
2026-03-24 03:02:30,431 [WARNING]   Rate limited on silicone baking. Backoff 17s (attempt 1)
2026-03-24 03:02:32,416 [INFO]   OK food container -- 9 queries, trend: stable
2026-03-24 03:02:32,610 [INFO] [34/90] food container done
2026-03-24 03:02:34,126 [INFO]   OK water bottle -- 11 queries, trend: stable
2026-03-24 03:02:34,508 [INFO] [35/90] water bottle done
2026-03-24 03:02:34,862 [WARNING]   Rate limited on spice organizer. Backoff 19s (attempt 1)
2026-03-24 03:02:36,677 [WARNING]   Rate limited on knife set. Backoff 20s (attempt 1)
2026-03-24 03:02:37,692 [INFO]   OK lunch box -- 13 queries, trend: stable
2026-03-24 03:02:37,693 [INFO] [36/90] lunch box done
2026-03-24 03:02:39,207 [INFO]   OK kitchen gadgets -- 13 queries, trend: stable
2026-03-24 03:02:39,908 [WARNING]   Rate limited on face roller. Backoff 19s (attempt 1)
2026-03-24 03:02:40,227 [INFO] [37/90] kitchen gadgets done
2026-03-24 03:02:41,532 [WARNING]   Rate limited on hair accessories. Backoff 23s (attempt 1)
2026-03-24 03:02:49,301 [WARNING]   Rate limited on silicone baking. Backoff 40s (attempt 2)
2026-03-24 03:02:55,891 [WARNING]   Rate limited on spice organizer. Backoff 38s (attempt 2)
2026-03-24 03:02:58,351 [WARNING]   Rate limited on knife set. Backoff 37s (attempt 2)
2026-03-24 03:03:01,546 [WARNING]   Rate limited on face roller. Backoff 30s (attempt 2)
2026-03-24 03:03:06,376 [WARNING]   Rate limited on hair accessories. Backoff 32s (attempt 2)
2026-03-24 03:03:31,143 [WARNING]   Rate limited on silicone baking. Backoff 60s (attempt 3)
2026-03-24 03:03:34,111 [WARNING]   Rate limited on face roller. Backoff 62s (attempt 3)
2026-03-24 03:03:36,271 [WARNING]   Rate limited on spice organizer. Backoff 63s (attempt 3)
2026-03-24 03:03:38,032 [WARNING]   Rate limited on knife set. Backoff 67s (attempt 3)
2026-03-24 03:03:40,760 [WARNING]   Rate limited on hair accessories. Backoff 62s (attempt 3)
2026-03-24 03:04:33,519 [WARNING]   Rate limited on silicone baking. Backoff 128s (attempt 4)
2026-03-24 03:04:38,032 [WARNING]   Rate limited on face roller. Backoff 122s (attempt 4)
2026-03-24 03:04:41,599 [WARNING]   Rate limited on spice organizer. Backoff 129s (attempt 4)
2026-03-24 03:04:45,243 [WARNING]   Rate limited on hair accessories. Backoff 129s (attempt 4)
2026-03-24 03:04:47,043 [WARNING]   Rate limited on knife set. Backoff 121s (attempt 4)
2026-03-24 03:06:40,747 [INFO] [38/90] face roller done
2026-03-24 03:06:42,944 [WARNING]   Rate limited on skincare tools. Backoff 25s (attempt 1)
2026-03-24 03:06:42,978 [INFO] [39/90] silicone baking done
2026-03-24 03:06:44,239 [WARNING]   Rate limited on makeup organizer. Backoff 16s (attempt 1)
2026-03-24 03:06:48,705 [INFO] [40/90] knife set done
2026-03-24 03:06:50,967 [WARNING]   Rate limited on LED face mask. Backoff 17s (attempt 1)
2026-03-24 03:06:51,687 [INFO] [41/90] spice organizer done
2026-03-24 03:06:53,677 [WARNING]   Rate limited on hair dryer brush. Backoff 21s (attempt 1)
2026-03-24 03:06:54,573 [INFO] [42/90] hair accessories done
2026-03-24 03:06:56,695 [WARNING]   Rate limited on nail art kit. Backoff 15s (attempt 1)
2026-03-24 03:07:02,541 [WARNING]   Rate limited on makeup organizer. Backoff 35s (attempt 2)
2026-03-24 03:07:09,798 [WARNING]   Rate limited on skincare tools. Backoff 32s (attempt 2)
2026-03-24 03:07:10,074 [WARNING]   Rate limited on LED face mask. Backoff 38s (attempt 2)
2026-03-24 03:07:14,258 [WARNING]   Rate limited on nail art kit. Backoff 39s (attempt 2)
2026-03-24 03:07:17,162 [WARNING]   Rate limited on hair dryer brush. Backoff 37s (attempt 2)
2026-03-24 03:07:39,283 [WARNING]   Rate limited on makeup organizer. Backoff 67s (attempt 3)
2026-03-24 03:07:43,898 [WARNING]   Rate limited on skincare tools. Backoff 65s (attempt 3)
2026-03-24 03:07:50,762 [WARNING]   Rate limited on LED face mask. Backoff 61s (attempt 3)
2026-03-24 03:07:55,947 [WARNING]   Rate limited on nail art kit. Backoff 65s (attempt 3)
2026-03-24 03:07:56,204 [WARNING]   Rate limited on hair dryer brush. Backoff 61s (attempt 3)
2026-03-24 03:08:48,776 [WARNING]   Rate limited on makeup organizer. Backoff 121s (attempt 4)
2026-03-24 03:08:51,355 [WARNING]   Rate limited on skincare tools. Backoff 124s (attempt 4)
2026-03-24 03:08:53,658 [WARNING]   Rate limited on LED face mask. Backoff 129s (attempt 4)
2026-03-24 03:08:59,594 [WARNING]   Rate limited on hair dryer brush. Backoff 125s (attempt 4)
2026-03-24 03:09:03,584 [WARNING]   Rate limited on nail art kit. Backoff 124s (attempt 4)
2026-03-24 03:10:50,352 [INFO] [43/90] makeup organizer done
2026-03-24 03:10:52,623 [WARNING]   Rate limited on teeth whitening. Backoff 16s (attempt 1)
2026-03-24 03:10:56,332 [INFO] [44/90] skincare tools done
2026-03-24 03:10:58,383 [WARNING]   Rate limited on scalp massager. Backoff 21s (attempt 1)
2026-03-24 03:11:03,671 [INFO] [45/90] LED face mask done
2026-03-24 03:11:05,076 [INFO] [46/90] hair dryer brush done
2026-03-24 03:11:05,842 [WARNING]   Rate limited on gua sha. Backoff 23s (attempt 1)
2026-03-24 03:11:07,392 [WARNING]   Rate limited on resistance bands. Backoff 20s (attempt 1)
2026-03-24 03:11:08,681 [INFO] [47/90] nail art kit done
2026-03-24 03:11:11,003 [WARNING]   Rate limited on yoga mat. Backoff 24s (attempt 1)
2026-03-24 03:11:11,008 [WARNING]   Rate limited on teeth whitening. Backoff 35s (attempt 2)
2026-03-24 03:11:21,357 [WARNING]   Rate limited on scalp massager. Backoff 38s (attempt 2)
2026-03-24 03:11:30,185 [WARNING]   Rate limited on resistance bands. Backoff 34s (attempt 2)
2026-03-24 03:11:31,187 [WARNING]   Rate limited on gua sha. Backoff 30s (attempt 2)
2026-03-24 03:11:37,553 [WARNING]   Rate limited on yoga mat. Backoff 31s (attempt 2)
2026-03-24 03:11:48,194 [WARNING]   Rate limited on teeth whitening. Backoff 64s (attempt 3)
2026-03-24 03:12:01,557 [WARNING]   Rate limited on scalp massager. Backoff 66s (attempt 3)
2026-03-24 03:12:03,774 [WARNING]   Rate limited on gua sha. Backoff 61s (attempt 3)
2026-03-24 03:12:06,336 [WARNING]   Rate limited on resistance bands. Backoff 66s (attempt 3)
2026-03-24 03:12:10,992 [WARNING]   Rate limited on yoga mat. Backoff 69s (attempt 3)
2026-03-24 03:12:54,650 [WARNING]   Rate limited on teeth whitening. Backoff 124s (attempt 4)
2026-03-24 03:13:07,475 [WARNING]   Rate limited on gua sha. Backoff 126s (attempt 4)
2026-03-24 03:13:09,434 [WARNING]   Rate limited on scalp massager. Backoff 121s (attempt 4)
2026-03-24 03:13:15,132 [WARNING]   Rate limited on resistance bands. Backoff 123s (attempt 4)
2026-03-24 03:13:22,639 [WARNING]   Rate limited on yoga mat. Backoff 126s (attempt 4)
2026-03-24 03:14:59,376 [INFO] [48/90] teeth whitening done
2026-03-24 03:15:01,747 [WARNING]   Rate limited on jump rope. Backoff 17s (attempt 1)
2026-03-24 03:15:11,376 [INFO] [49/90] scalp massager done
2026-03-24 03:15:13,493 [WARNING]   Rate limited on foam roller. Backoff 21s (attempt 1)
2026-03-24 03:15:14,304 [INFO] [50/90] gua sha done
2026-03-24 03:15:16,649 [WARNING]   Rate limited on fitness tracker. Backoff 17s (attempt 1)
2026-03-24 03:15:18,690 [INFO] [51/90] resistance bands done
2026-03-24 03:15:21,024 [WARNING]   Rate limited on gym bag. Backoff 24s (attempt 1)
2026-03-24 03:15:21,479 [WARNING]   Rate limited on jump rope. Backoff 39s (attempt 2)
2026-03-24 03:15:29,536 [INFO] [52/90] yoga mat done
2026-03-24 03:15:31,628 [WARNING]   Rate limited on massage gun. Backoff 20s (attempt 1)
2026-03-24 03:15:35,395 [WARNING]   Rate limited on fitness tracker. Backoff 37s (attempt 2)
2026-03-24 03:15:36,544 [WARNING]   Rate limited on foam roller. Backoff 34s (attempt 2)
2026-03-24 03:15:47,426 [WARNING]   Rate limited on gym bag. Backoff 31s (attempt 2)
2026-03-24 03:15:53,639 [WARNING]   Rate limited on massage gun. Backoff 31s (attempt 2)
2026-03-24 03:16:02,894 [WARNING]   Rate limited on jump rope. Backoff 69s (attempt 3)
