[2026-03-25 00:34:56] Starting backup -> backup-2026-03-25-0034.tar.gz
[2026-03-25 00:34:56]   Added: READY-TO-SELL (214 files)
[2026-03-25 00:34:56]   Added: bios/storage (8 files)
[2026-03-25 00:34:56]   Added: bios/analytics (5 files)
[2026-03-25 00:34:56]   Added: storefront (17 files)
[2026-03-25 00:35:40]   Added: Ceiba (5515 files)
[2026-03-25 00:35:40]   Added: clients (23 files)
[2026-03-25 00:35:40] Backup complete: backup-2026-03-25-0034.tar.gz
[2026-03-25 00:35:40]   Files: 5782 | Size: 355.6 MB | Time: 44.8s
[2026-03-25 00:35:40] Done.
Traceback (most recent call last):
  File "/Users/kalani/behique/bios/fleet/backup.py", line 53, in <module>
    def should_exclude(tarinfo: tarfile.TarInfo) -> tarfile.TarInfo | None:
TypeError: unsupported operand type(s) for |: 'type' and 'NoneType'
Traceback (most recent call last):
  File "/Users/kalani/behique/bios/fleet/backup.py", line 53, in <module>
    def should_exclude(tarinfo: tarfile.TarInfo) -> tarfile.TarInfo | None:
TypeError: unsupported operand type(s) for |: 'type' and 'NoneType'
[2026-03-27 03:00:01] Starting backup -> backup-2026-03-27-0300.tar.gz
[2026-03-27 03:00:02]   Added: READY-TO-SELL (285 files)
[2026-03-27 03:00:02]   Added: bios/storage (8 files)
[2026-03-27 03:00:02]   Added: bios/analytics (12 files)
[2026-03-27 03:00:02]   Added: storefront (42 files)
[2026-03-27 03:01:38]   Added: Ceiba (7695 files)
[2026-03-27 03:01:38]   Added: clients (23 files)
[2026-03-27 03:01:38] Backup complete: backup-2026-03-27-0300.tar.gz
[2026-03-27 03:01:38]   Files: 8065 | Size: 361.8 MB | Time: 97.2s
[2026-03-27 03:01:38] Done.
[2026-03-27 03:00:01] Starting backup -> backup-2026-03-27-0300.tar.gz
[2026-03-27 03:00:02]   Added: READY-TO-SELL (285 files)
[2026-03-27 03:00:02]   Added: bios/storage (8 files)
[2026-03-27 03:00:02]   Added: bios/analytics (12 files)
[2026-03-27 03:00:02]   Added: storefront (42 files)
[2026-03-27 03:01:38]   Added: Ceiba (7695 files)
[2026-03-27 03:01:38]   Added: clients (23 files)
[2026-03-27 03:01:38] Backup complete: backup-2026-03-27-0300.tar.gz
[2026-03-27 03:01:38]   Files: 8065 | Size: 361.8 MB | Time: 97.2s
[2026-03-27 03:01:38] Done.
[2026-03-28 03:00:00] Starting backup -> backup-2026-03-28-0300.tar.gz
[2026-03-28 03:00:03]   Added: READY-TO-SELL (394 files)
[2026-03-28 03:00:04]   Added: bios/storage (8 files)
[2026-03-28 03:00:04]   Added: bios/analytics (12 files)
[2026-03-28 03:00:04]   Added: storefront (48 files)
[2026-03-28 03:01:33]   Added: Ceiba (7711 files)
[2026-03-28 03:01:34]   Added: clients (23 files)
[2026-03-28 03:01:34] Backup complete: backup-2026-03-28-0300.tar.gz
[2026-03-28 03:01:34]   Files: 8196 | Size: 393.8 MB | Time: 93.1s
[2026-03-28 03:01:34] Done.
[2026-03-28 03:00:00] Starting backup -> backup-2026-03-28-0300.tar.gz
[2026-03-28 03:00:03]   Added: READY-TO-SELL (394 files)
[2026-03-28 03:00:04]   Added: bios/storage (8 files)
[2026-03-28 03:00:04]   Added: bios/analytics (12 files)
[2026-03-28 03:00:04]   Added: storefront (48 files)
[2026-03-28 03:01:33]   Added: Ceiba (7711 files)
[2026-03-28 03:01:34]   Added: clients (23 files)
[2026-03-28 03:01:34] Backup complete: backup-2026-03-28-0300.tar.gz
[2026-03-28 03:01:34]   Files: 8196 | Size: 393.8 MB | Time: 93.1s
[2026-03-28 03:01:34] Done.
