[BIOS] Generating daily briefing...
  Loaded 11 convictions, 6 movers, 5 PR headlines, 10 signals
  Saved: /Users/kalani/behique/bios/reports/briefing-2026-03-25.html

============================================================
  BIOS DAILY BRIEFING — March 25, 2026 11:00 UTC
============================================================

  Fear & Greed Index: 14 (Extreme Fear)

  Top Crypto Movers:
    Siren (SIREN) +132.8% | $2.36
    Bittensor (TAO) +12.1% | $293.88
    Bittensor (TAO) +11.1% | $334.70
    Siren (SIREN) +9.9% | $2.43
    Bittensor (TAO) +8.0% | $287.78
    Stellar (XLM) +7.7% | $0.18

  Conviction Scores:
  TOPIC             SCORE  LEVEL     SIGNALS
  --------------------------------------------
  WAR               76.3  HIGH        127
  CRYPTO            75.0  HIGH        171
  ETH               61.4  MEDIUM       63
  BTC               58.3  MEDIUM       58
  STOCKS            56.8  MEDIUM       56
  OIL               56.6  MEDIUM       42
  GOLD              50.9  MEDIUM       21
  POLYMARKET        48.5  LOW          20
  PUERTO_RICO       46.2  LOW          28
  FED               31.2  LOW           7
  INFLATION         18.8  LOW           7

  PR Intelligence (5 headlines):
    - Sonic Print Custom Decal Guayama Puerto Rico Flag Novelty Sticker Deca
    - UCC GMP visits Puerto Rico to celebrate the retirement of one leader a
    - "La Brega" Season 3 Lets Puerto Rican History Breathe - LatinaMedia.Co
    - New York Public Library exhibit highlights Puerto Rican comic book his
    - How Bad Bunny and his label brought the world to Puerto Rico for his h

  Latest Signals (10):
    [~] Dios midoooooo....
    [~] La conspiración de Marcos Xiorro 1821
    [~] Liberty PR SUCKS
    [~] Anda pal
    [~] Game developer looking for the standard rules of P.R dominoes.
    ... and 5 more

  Sales Today: None recorded

============================================================
  11 topics | 600 signals processed
============================================================

[BIOS] Generating daily briefing...
  Loaded 11 convictions, 6 movers, 5 PR headlines, 10 signals
  Saved: /Users/kalani/behique/bios/reports/briefing-2026-03-26.html

============================================================
  BIOS DAILY BRIEFING — March 26, 2026 11:00 UTC
============================================================

  Fear & Greed Index: 10 (Extreme Fear)

  Top Crypto Movers:
    Siren (SIREN) +132.8% | $2.36
    Siren (SIREN) +96.7% | $2.35
    MemeCore (M) +41.9% | $2.45
    Bittensor (TAO) +12.1% | $293.88
    Bittensor (TAO) +11.1% | $334.70
    Siren (SIREN) +9.9% | $2.43

  Conviction Scores:
  TOPIC             SCORE  LEVEL     SIGNALS
  --------------------------------------------
  WAR               79.1  HIGH        134
  CRYPTO            74.9  MEDIUM      157
  BTC               62.5  MEDIUM       69
  ETH               59.8  MEDIUM       54
  OIL               59.6  MEDIUM       51
  STOCKS            55.2  MEDIUM       53
  GOLD              54.2  MEDIUM       27
  PUERTO_RICO       50.8  MEDIUM       33
  POLYMARKET        50.5  MEDIUM       23
  INFLATION         33.5  LOW          10
  FED               33.1  LOW           8

  PR Intelligence (5 headlines):
    - Sonic Print Custom Decal Guayama Puerto Rico Flag Novelty Sticker Deca
    - UCC GMP visits Puerto Rico to celebrate the retirement of one leader a
    - "La Brega" Season 3 Lets Puerto Rican History Breathe - LatinaMedia.Co
    - New York Public Library exhibit highlights Puerto Rican comic book his
    - How Bad Bunny and his label brought the world to Puerto Rico for his h

  Latest Signals (10):
    [~] My Beautiful Puerto Rico Flag!!
    [~] Alguien me puede aclarar que documentos se piden en PR para alqui
    [~] Estudiantes de PUCPR Ponce cuenten su experiencia
    [~] Vuelo 7am desde SJU
    [~] Ejercicios para hablar español
    ... and 5 more

  Sales Today: None recorded

============================================================
  11 topics | 619 signals processed
============================================================

