
  BIOS - Behike Intelligence Operating System
  =============================================

  BIOS Pipeline - 18:00:00
  ----------------------------------------
  [News] OK (10.4s)
  [Polymarket] OK (0.5s)
  [Reddit] OK (50.2s)
  [Intelligence] OK (0.1s)
  Total signals: 500
  Insights: 35 (27 actionable)
  Result: 4/4 steps passed

  BIOS - Behike Intelligence Operating System
  =============================================

  BIOS Pipeline - 00:00:01
  ----------------------------------------
  [News] OK (10.8s)
  [Polymarket] OK (0.5s)
  [Reddit] OK (70.6s)
  [Intelligence] OK (0.1s)
  Total signals: 500
  Insights: 40 (31 actionable)
  Result: 4/4 steps passed

  BIOS - Behike Intelligence Operating System
  =============================================

  BIOS Pipeline - 06:00:00
  ----------------------------------------
  [News] OK (11.0s)
  [Polymarket] OK (0.4s)
  [Reddit] OK (79.5s)
  [Intelligence] OK (0.1s)
  Total signals: 500
  Insights: 48 (39 actionable)
  Result: 4/4 steps passed

  BIOS - Behike Intelligence Operating System
  =============================================

  BIOS Pipeline - 12:00:00
  ----------------------------------------
  [News] OK (12.2s)
  [Polymarket] OK (0.5s)
  [Reddit] OK (51.4s)
  [Intelligence] OK (0.1s)
  Total signals: 500
  Insights: 53 (43 actionable)
  Result: 4/4 steps passed

  BIOS - Behike Intelligence Operating System
  =============================================

  BIOS Pipeline - 00:00:00
  ----------------------------------------
  [News] OK (10.6s)
  [Polymarket] OK (0.5s)
  [Reddit] OK (56.0s)
  [Intelligence] OK (0.1s)
  Total signals: 500
  Insights: 57 (46 actionable)
  Result: 4/4 steps passed

  BIOS - Behike Intelligence Operating System
  =============================================

  BIOS Pipeline - 06:00:00
  ----------------------------------------
  [News] OK (11.2s)
  [Polymarket] OK (0.4s)
  [Reddit] OK (57.0s)
  [Intelligence] OK (0.1s)
  Total signals: 500
  Insights: 65 (52 actionable)
  Result: 4/4 steps passed

  BIOS - Behike Intelligence Operating System
  =============================================

  BIOS Pipeline - 12:00:00
  ----------------------------------------
  [News] OK (11.2s)
  [Polymarket] OK (0.4s)
  [Reddit] OK (58.0s)
  [Intelligence] OK (0.1s)
  Total signals: 500
  Insights: 69 (56 actionable)
  Result: 4/4 steps passed

  BIOS - Behike Intelligence Operating System
  =============================================

  BIOS Pipeline - 18:00:00
  ----------------------------------------
  [News] OK (11.8s)
  [Polymarket] OK (0.5s)
  [Reddit] OK (56.9s)
  [Intelligence] OK (0.1s)
  Total signals: 500
  Insights: 74 (60 actionable)
  Result: 4/4 steps passed

  BIOS - Behike Intelligence Operating System
  =============================================

  BIOS Pipeline - 00:00:00
  ----------------------------------------
  [News] OK (11.0s)
  [Polymarket] OK (0.5s)
  [Reddit] OK (55.4s)
  [Intelligence] OK (0.1s)
  Total signals: 500
  Insights: 79 (64 actionable)
  Result: 4/4 steps passed

  BIOS - Behike Intelligence Operating System
  =============================================

  BIOS Pipeline - 06:00:00
  ----------------------------------------
  [News] OK (10.2s)
  [Polymarket] OK (0.4s)
  [Reddit] OK (61.9s)
  [Intelligence] OK (0.1s)
  Total signals: 500
  Insights: 87 (72 actionable)
  Result: 4/4 steps passed

  BIOS - Behike Intelligence Operating System
  =============================================

  BIOS Pipeline - 12:00:01
  ----------------------------------------
  [News] OK (12.2s)
  [Polymarket] OK (0.5s)
  [Reddit] OK (39.8s)
  [Intelligence] OK (0.1s)
  Total signals: 500
  Insights: 91 (76 actionable)
  Result: 4/4 steps passed
