[BIOS] Generating daily briefing...
  Loaded 11 convictions, 6 movers, 5 PR headlines, 10 signals
  Saved: /Users/kalani/behique/bios/reports/briefing-2026-03-27.html

============================================================
  BIOS DAILY BRIEFING — March 27, 2026 10:00 UTC
============================================================

  Fear & Greed Index: 13 (Extreme Fear)

  Top Crypto Movers:
    Siren (SIREN) +132.8% | $2.36
    Siren (SIREN) +96.7% | $2.35
    MemeCore (M) +41.9% | $2.45
    Bittensor (TAO) +12.1% | $293.88
    Bittensor (TAO) +11.1% | $334.70
    MemeCore (M) -10.7% | $2.18

  Conviction Scores:
  TOPIC             SCORE  LEVEL     SIGNALS
  --------------------------------------------
  WAR               62.7  MEDIUM      176
  CRYPTO            51.5  MEDIUM      153
  ETH               44.0  LOW          42
  OIL               39.1  LOW          69
  BTC               38.9  LOW          78
  STOCKS            33.6  LOW          56
  GOLD              30.3  LOW          34
  POLYMARKET        23.0  LOW          25
  PUERTO_RICO       21.6  LOW          26
  FED               20.7  LOW          12
  INFLATION         20.0  LOW          16

  PR Intelligence (5 headlines):
    - Stolen identities allegedly used to collect government benefits, obtai
    - Women’s History Month Spotlight: Fernanda Ramos-Garcés - AMS Headlines
    - Boy, 4, missing from North Olmsted found safe in Puerto Rico; mother c
    - Cyberattack disrupts Puerto Rico’s driver’s license issuing agency - S
    - Missing Ohio 4-year-old found safe in Puerto Rico - NewsNation

  Latest Signals (10):
    [~] Israel says it has killed Iran naval chief overseeing Strait of H
    [~] Bitcoin slips below $69,000 as oil rebounds on fading Middle East
    [~] Apple expands American manufacturing program with four new partne
    [~] An older relative wants to give my daughter $19,000 when she turn
    [~] Meta's court defeats add to Zuckerberg's recent woes, represent '
    ... and 5 more

  Sales Today: None recorded

============================================================
  11 topics | 687 signals processed
============================================================

[BIOS] Generating daily briefing...
  Loaded 11 convictions, 6 movers, 5 PR headlines, 10 signals
  Saved: /Users/kalani/behique/bios/reports/briefing-2026-03-28.html

============================================================
  BIOS DAILY BRIEFING — March 28, 2026 10:00 UTC
============================================================

  Fear & Greed Index: 12 (Extreme Fear)

  Top Crypto Movers:
    Siren (SIREN) +132.8% | $2.36
    Siren (SIREN) +96.7% | $2.35
    MemeCore (M) +41.9% | $2.45
    Bittensor (TAO) +12.1% | $293.88
    Bittensor (TAO) +11.1% | $334.70
    MemeCore (M) -10.7% | $2.18

  Conviction Scores:
  TOPIC             SCORE  LEVEL     SIGNALS
  --------------------------------------------
  WAR               52.7  MEDIUM      193
  CRYPTO            44.9  LOW         163
  BTC               38.6  LOW          91
  OIL               33.3  LOW          77
  ETH               30.4  LOW          48
  STOCKS            27.3  LOW          60
  GOLD              24.4  LOW          38
  PUERTO_RICO       22.8  LOW          27
  POLYMARKET        22.8  LOW          26
  FED               20.7  LOW          13
  INFLATION         19.9  LOW          17

  PR Intelligence (5 headlines):
    - Stolen identities allegedly used to collect government benefits, obtai
    - Women’s History Month Spotlight: Fernanda Ramos-Garcés - AMS Headlines
    - Boy, 4, missing from North Olmsted found safe in Puerto Rico; mother c
    - Cyberattack disrupts Puerto Rico’s driver’s license issuing agency - S
    - Missing Ohio 4-year-old found safe in Puerto Rico - NewsNation

  Latest Signals (10):
    [~] Israel says it has killed Iran naval chief overseeing Strait of H
    [~] Bitcoin slips below $69,000 as oil rebounds on fading Middle East
    [~] Apple expands American manufacturing program with four new partne
    [~] An older relative wants to give my daughter $19,000 when she turn
    [~] Meta's court defeats add to Zuckerberg's recent woes, represent '
    ... and 5 more

  Sales Today: None recorded

============================================================
  11 topics | 753 signals processed
============================================================

