[BIOS notify] ⚙️ *SYSTEM [ERROR]* — BIOS Health: 5/7 operational

  RED: Fleet Status — 1/2 nodes online
  RED: Web Servers — 2/3 servers responding

  WARN: Log Errors — 1 errors in 1 file(s): news.log
  WARN: Git Status — 140 uncommitted files — repo getting cluttered
[health_check] Telegram alert sent (2 RED)
[2026-03-24 12:00] health_check: FAIL — 5/7 operational
[BIOS notify] ⚙️ *SYSTEM [ERROR]* — BIOS Health: 5/7 operational

  RED: Fleet Status — 0/2 nodes online
  RED: Web Servers — 2/3 servers responding

  WARN: Data Freshness — 1 stale: pr_signals.json
  WARN: Disk Space — 14.4 GB free / 228 GB total (94% used)
  WARN: Log Errors — 8 errors in 4 file(s): health.log, news.log, pr.log, social.log
  WARN: Git Status — 738 uncommitted files — repo getting cluttered
[health_check] Telegram alert sent (2 RED)
[2026-03-24 16:00] health_check: FAIL — 5/7 operational
[BIOS notify] ⚙️ *SYSTEM [ERROR]* — BIOS Health: 3/7 operational

  RED: Data Freshness — 1 stale: pr_signals.json
  RED: Fleet Status — 1/2 nodes online
  RED: Web Servers — 2/3 servers responding
  RED: Log Errors — 12 errors in 3 file(s): health.log, news.log, pr.log
[health_check] Telegram alert sent (4 RED)
[2026-03-25 00:00] health_check: FAIL — 3/7 operational
[BIOS notify] ⚙️ *SYSTEM [ERROR]* — BIOS Health: 3/7 operational

  RED: Data Freshness — 1 stale: pr_signals.json
  RED: Fleet Status — 1/2 nodes online
  RED: Web Servers — 2/3 servers responding
  RED: Log Errors — 18 errors in 4 file(s): backup.log, health.log, news.log, pr.log

  WARN: Git Status — 2258 uncommitted files — repo getting cluttered
[health_check] Telegram alert sent (4 RED)
[2026-03-25 04:00] health_check: FAIL — 3/7 operational
[BIOS notify] ⚙️ *SYSTEM [ERROR]* — BIOS Health: 3/7 operational

  RED: Data Freshness — 1 stale: pr_signals.json
  RED: Fleet Status — 1/2 nodes online
  RED: Web Servers — 2/3 servers responding
  RED: Log Errors — 24 errors in 5 file(s): backup.log, health.log, market.log, news.log, pr.log

  WARN: Git Status — 2768 uncommitted files — repo getting cluttered
[health_check] Telegram alert sent (4 RED)
[2026-03-25 08:00] health_check: FAIL — 3/7 operational
[BIOS notify] ⚙️ *SYSTEM [ERROR]* — BIOS Health: 3/7 operational

  RED: Data Freshness — 1 stale: pr_signals.json
  RED: Fleet Status — 1/2 nodes online
  RED: Web Servers — 2/3 servers responding
  RED: Log Errors — 28 errors in 5 file(s): backup.log, health.log, market.log, news.log, pr.log

  WARN: Git Status — 2826 uncommitted files — repo getting cluttered
[health_check] Telegram alert sent (4 RED)
[2026-03-25 12:00] health_check: FAIL — 3/7 operational
[BIOS notify] ⚙️ *SYSTEM [ERROR]* — BIOS Health: 3/7 operational

  RED: Data Freshness — 1 stale: pr_signals.json
  RED: Fleet Status — 1/2 nodes online
  RED: Web Servers — 2/3 servers responding
  RED: Log Errors — 32 errors in 5 file(s): backup.log, health.log, market.log, news.log, pr.log

  WARN: Disk Space — 19.4 GB free / 228 GB total (91% used)
  WARN: Git Status — 2848 uncommitted files — repo getting cluttered
[health_check] Telegram alert sent (4 RED)
[2026-03-25 16:00] health_check: FAIL — 3/7 operational
[BIOS notify] ⚙️ *SYSTEM [ERROR]* — BIOS Health: 3/7 operational

  RED: Data Freshness — 1 stale: pr_signals.json
  RED: Fleet Status — 0/2 nodes online
  RED: Web Servers — 2/3 servers responding
  RED: Log Errors — 38 errors in 6 file(s): backup.log, health.log, market.log, news.log, pr.log, social.log

  WARN: Disk Space — 19.2 GB free / 228 GB total (92% used)
  WARN: Git Status — 2850 uncommitted files — repo getting cluttered
[health_check] Telegram alert sent (4 RED)
[2026-03-25 20:00] health_check: FAIL — 3/7 operational
[BIOS notify] ⚙️ *SYSTEM [ERROR]* — BIOS Health: 3/7 operational

  RED: Data Freshness — 1 stale: pr_signals.json
  RED: Fleet Status — 1/2 nodes online
  RED: Web Servers — 2/3 servers responding
  RED: Log Errors — 39 errors in 5 file(s): backup.log, health.log, market.log, news.log, pr.log

  WARN: Disk Space — 18.7 GB free / 228 GB total (92% used)
[health_check] Telegram alert sent (4 RED)
[2026-03-26 00:00] health_check: FAIL — 3/7 operational
[BIOS notify] ⚙️ *SYSTEM [ERROR]* — BIOS Health: 3/7 operational

  RED: Data Freshness — 1 stale: pr_signals.json
  RED: Fleet Status — 1/2 nodes online
  RED: Web Servers — 2/3 servers responding
  RED: Log Errors — 45 errors in 5 file(s): backup.log, health.log, market.log, news.log, pr.log

  WARN: Disk Space — 18.5 GB free / 228 GB total (92% used)
  WARN: Git Status — 14 uncommitted files — consider committing
[health_check] Telegram alert sent (4 RED)
[2026-03-26 04:00] health_check: FAIL — 3/7 operational
[BIOS notify] ⚙️ *SYSTEM [ERROR]* — BIOS Health: 3/7 operational

  RED: Data Freshness — 1 stale: pr_signals.json
  RED: Fleet Status — 1/2 nodes online
  RED: Web Servers — 2/3 servers responding
  RED: Log Errors — 49 errors in 5 file(s): backup.log, health.log, market.log, news.log, pr.log

  WARN: Disk Space — 19.4 GB free / 228 GB total (91% used)
  WARN: Git Status — 16 uncommitted files — consider committing
[health_check] Telegram alert sent (4 RED)
[2026-03-26 08:00] health_check: FAIL — 3/7 operational
[BIOS notify] ⚙️ *SYSTEM [ERROR]* — BIOS Health: 3/7 operational

  RED: Data Freshness — 1 stale: pr_signals.json
  RED: Fleet Status — 1/2 nodes online
  RED: Web Servers — 2/3 servers responding
  RED: Log Errors — 49 errors in 5 file(s): backup.log, health.log, market.log, news.log, pr.log

  WARN: Disk Space — 19.1 GB free / 228 GB total (92% used)
  WARN: Git Status — 19 uncommitted files — consider committing
[health_check] Telegram alert sent (4 RED)
[2026-03-26 12:00] health_check: FAIL — 3/7 operational
