
[1mBIOS Health Check — 2026-03-26 16:00:03[0m
=======================================================
  [93m[!!][0m Cron Jobs          Missing 2: Intelligence Pipeline, Daily Report
  [93m[!!][0m Data Freshness     1 stale: pr_signals.json
       [93m[!!][0m pr_signals.json: 3.4h old (limit: 3h) — stale
  [91m[XX][0m Fleet Status       1/2 nodes online
       [92m[OK][0m Cobo: 192.168.0.151:9876 reachable
       [91m[XX][0m Naboria: 192.168.0.152:9876 unreachable
  [93m[!!][0m Disk Space         16.1 GB free / 228 GB total (93% used)
  [91m[XX][0m Web Servers        2/3 servers responding
       [92m[OK][0m Faces: Port 8091 responding
       [92m[OK][0m Dashboard: Port 8093 responding
       [91m[XX][0m CallBuddy: Port 8094 not responding
  [91m[XX][0m Log Errors         49 errors in 5 file(s): backup.log, health.log, market.log, news.log, pr.log
       [2mbackup.log: 4 errors[0m
         [2mTraceback (most recent call last):[0m
         [2mTypeError: unsupported operand type(s) for |: 'type' and 'NoneType'[0m
       [2mhealth.log: 3 errors[0m
         [2mRED: Log Errors — 49 errors in 5 file(s): backup.log, health.log, market.log, news.log, pr.log[0m
         [2m[BIOS notify] ⚙️ *SYSTEM [ERROR]* — BIOS Health: 3/7 operational[0m
       [2mmarket.log: 2 errors[0m
         [2mTraceback (most recent call last):[0m
         [2mModuleNotFoundError: No module named 'requests'[0m
       [2mnews.log: 20 errors[0m
         [2mERROR: feedparser not installed. Run: pip install feedparser[0m
         [2mERROR: feedparser not installed. Run: pip install feedparser[0m
       [2mpr.log: 20 errors[0m
         [2mERROR: feedparser not installed. Run: pip install feedparser[0m
         [2mERROR: feedparser not installed. Run: pip install feedparser[0m
  [92m[OK][0m Git Status         7 uncommitted files
=======================================================
  [91mBIOS Health: 4/7 systems operational[0m


[1mBIOS Health Check — 2026-03-26 20:00:01[0m
=======================================================
  [93m[!!][0m Cron Jobs          Missing 2: Intelligence Pipeline, Daily Report
  [91m[XX][0m Data Freshness     1 stale: pr_signals.json
       [91m[XX][0m pr_signals.json: 7.4h old (limit: 3h) — critical
  [91m[XX][0m Fleet Status       1/2 nodes online
       [92m[OK][0m Cobo: 192.168.0.151:9876 reachable
       [91m[XX][0m Naboria: 192.168.0.152:9876 unreachable
  [92m[OK][0m Disk Space         31.4 GB free / 228 GB total (86% used)
  [91m[XX][0m Web Servers        2/3 servers responding
       [92m[OK][0m Faces: Port 8091 responding
       [92m[OK][0m Dashboard: Port 8093 responding
       [91m[XX][0m CallBuddy: Port 8094 not responding
  [91m[XX][0m Log Errors         65 errors in 6 file(s): backup.log, health.log, health_check.log, market.log, news.log, pr.log
       [2mbackup.log: 4 errors[0m
         [2mTraceback (most recent call last):[0m
         [2mTypeError: unsupported operand type(s) for |: 'type' and 'NoneType'[0m
       [2mhealth.log: 3 errors[0m
         [2mRED: Log Errors — 49 errors in 5 file(s): backup.log, health.log, market.log, news.log, pr.log[0m
         [2m[BIOS notify] ⚙️ *SYSTEM [ERROR]* — BIOS Health: 3/7 operational[0m
       [2mhealth_check.log: 16 errors[0m
         [2m[91m[XX][0m Log Errors         49 errors in 5 file(s): backup.log, health.log, market.log, news.lo[0m
         [2m[2mbackup.log: 4 errors[0m[0m
       [2mmarket.log: 2 errors[0m
         [2mTraceback (most recent call last):[0m
         [2mModuleNotFoundError: No module named 'requests'[0m
       [2mnews.log: 20 errors[0m
         [2mERROR: feedparser not installed. Run: pip install feedparser[0m
         [2mERROR: feedparser not installed. Run: pip install feedparser[0m
       [2mpr.log: 20 errors[0m
         [2mERROR: feedparser not installed. Run: pip install feedparser[0m
         [2mERROR: feedparser not installed. Run: pip install feedparser[0m
  [93m[!!][0m Git Status         77 uncommitted files — repo getting cluttered
=======================================================
  [91mBIOS Health: 3/7 systems operational[0m


[1mBIOS Health Check — 2026-03-27 00:00:01[0m
=======================================================
  [93m[!!][0m Cron Jobs          Missing 2: Intelligence Pipeline, Daily Report
  [91m[XX][0m Data Freshness     1 stale: pr_signals.json
       [91m[XX][0m pr_signals.json: 11.4h old (limit: 3h) — critical
  [91m[XX][0m Fleet Status       1/2 nodes online
       [92m[OK][0m Cobo: 192.168.0.151:9876 reachable
       [91m[XX][0m Naboria: 192.168.0.152:9876 unreachable
  [92m[OK][0m Disk Space         33.3 GB free / 228 GB total (85% used)
  [91m[XX][0m Web Servers        2/3 servers responding
       [92m[OK][0m Faces: Port 8091 responding
       [92m[OK][0m Dashboard: Port 8093 responding
       [91m[XX][0m CallBuddy: Port 8094 not responding
  [91m[XX][0m Log Errors         65 errors in 6 file(s): backup.log, health.log, health_check.log, market.log, news.log, pr.log
       [2mbackup.log: 4 errors[0m
         [2mTraceback (most recent call last):[0m
         [2mTypeError: unsupported operand type(s) for |: 'type' and 'NoneType'[0m
       [2mhealth.log: 3 errors[0m
         [2mRED: Log Errors — 49 errors in 5 file(s): backup.log, health.log, market.log, news.log, pr.log[0m
         [2m[BIOS notify] ⚙️ *SYSTEM [ERROR]* — BIOS Health: 3/7 operational[0m
       [2mhealth_check.log: 16 errors[0m
         [2m[2mTypeError: unsupported operand type(s) for |: 'type' and 'NoneType'[0m[0m
         [2m[2mhealth.log: 3 errors[0m[0m
       [2mmarket.log: 2 errors[0m
         [2mTraceback (most recent call last):[0m
         [2mModuleNotFoundError: No module named 'requests'[0m
       [2mnews.log: 20 errors[0m
         [2mERROR: feedparser not installed. Run: pip install feedparser[0m
         [2mERROR: feedparser not installed. Run: pip install feedparser[0m
       [2mpr.log: 20 errors[0m
         [2mERROR: feedparser not installed. Run: pip install feedparser[0m
         [2mERROR: feedparser not installed. Run: pip install feedparser[0m
  [93m[!!][0m Git Status         79 uncommitted files — repo getting cluttered
=======================================================
  [91mBIOS Health: 3/7 systems operational[0m


[1mBIOS Health Check — 2026-03-27 04:00:04[0m
=======================================================
  [93m[!!][0m Cron Jobs          Missing 2: Intelligence Pipeline, Daily Report
  [91m[XX][0m Data Freshness     1 stale: pr_signals.json
       [91m[XX][0m pr_signals.json: 15.4h old (limit: 3h) — critical
  [91m[XX][0m Fleet Status       1/2 nodes online
       [92m[OK][0m Cobo: 192.168.0.151:9876 reachable
       [91m[XX][0m Naboria: 192.168.0.152:9876 unreachable
  [92m[OK][0m Disk Space         32.7 GB free / 228 GB total (86% used)
  [91m[XX][0m Web Servers        2/3 servers responding
       [92m[OK][0m Faces: Port 8091 responding
       [92m[OK][0m Dashboard: Port 8093 responding
       [91m[XX][0m CallBuddy: Port 8094 not responding
  [91m[XX][0m Log Errors         61 errors in 5 file(s): health.log, health_check.log, market.log, news.log, pr.log
       [2mhealth.log: 3 errors[0m
         [2mRED: Log Errors — 49 errors in 5 file(s): backup.log, health.log, market.log, news.log, pr.log[0m
         [2m[BIOS notify] ⚙️ *SYSTEM [ERROR]* — BIOS Health: 3/7 operational[0m
       [2mhealth_check.log: 16 errors[0m
         [2m[2mTypeError: unsupported operand type(s) for |: 'type' and 'NoneType'[0m[0m
         [2m[2mhealth.log: 3 errors[0m[0m
       [2mmarket.log: 2 errors[0m
         [2mTraceback (most recent call last):[0m
         [2mModuleNotFoundError: No module named 'requests'[0m
       [2mnews.log: 20 errors[0m
         [2mERROR: feedparser not installed. Run: pip install feedparser[0m
         [2mERROR: feedparser not installed. Run: pip install feedparser[0m
       [2mpr.log: 20 errors[0m
         [2mERROR: feedparser not installed. Run: pip install feedparser[0m
         [2mERROR: feedparser not installed. Run: pip install feedparser[0m
  [93m[!!][0m Git Status         82 uncommitted files — repo getting cluttered
=======================================================
  [91mBIOS Health: 3/7 systems operational[0m


[1mBIOS Health Check — 2026-03-27 08:00:04[0m
=======================================================
  [93m[!!][0m Cron Jobs          Missing 2: Intelligence Pipeline, Daily Report
  [91m[XX][0m Data Freshness     1 stale: pr_signals.json
       [91m[XX][0m pr_signals.json: 19.4h old (limit: 3h) — critical
  [91m[XX][0m Fleet Status       1/2 nodes online
       [92m[OK][0m Cobo: 192.168.0.151:9876 reachable
       [91m[XX][0m Naboria: 192.168.0.152:9876 unreachable
  [92m[OK][0m Disk Space         32.4 GB free / 228 GB total (86% used)
  [91m[XX][0m Web Servers        2/3 servers responding
       [92m[OK][0m Faces: Port 8091 responding
       [92m[OK][0m Dashboard: Port 8093 responding
       [91m[XX][0m CallBuddy: Port 8094 not responding
  [91m[XX][0m Log Errors         61 errors in 5 file(s): health.log, health_check.log, market.log, news.log, pr.log
       [2mhealth.log: 3 errors[0m
         [2mRED: Log Errors — 49 errors in 5 file(s): backup.log, health.log, market.log, news.log, pr.log[0m
         [2m[BIOS notify] ⚙️ *SYSTEM [ERROR]* — BIOS Health: 3/7 operational[0m
       [2mhealth_check.log: 16 errors[0m
         [2m[91m[XX][0m Log Errors         61 errors in 5 file(s): health.log, health_check.log, market.log, n[0m
         [2m[2mhealth.log: 3 errors[0m[0m
       [2mmarket.log: 2 errors[0m
         [2mTraceback (most recent call last):[0m
         [2mModuleNotFoundError: No module named 'requests'[0m
       [2mnews.log: 20 errors[0m
         [2mERROR: feedparser not installed. Run: pip install feedparser[0m
         [2mERROR: feedparser not installed. Run: pip install feedparser[0m
       [2mpr.log: 20 errors[0m
         [2mERROR: feedparser not installed. Run: pip install feedparser[0m
         [2mERROR: feedparser not installed. Run: pip install feedparser[0m
  [93m[!!][0m Git Status         83 uncommitted files — repo getting cluttered
=======================================================
  [91mBIOS Health: 3/7 systems operational[0m


[1mBIOS Health Check — 2026-03-27 12:00:03[0m
=======================================================
  [93m[!!][0m Cron Jobs          Missing 2: Intelligence Pipeline, Daily Report
  [91m[XX][0m Data Freshness     1 stale: pr_signals.json
       [91m[XX][0m pr_signals.json: 23.4h old (limit: 3h) — critical
  [91m[XX][0m Fleet Status       1/2 nodes online
       [92m[OK][0m Cobo: 192.168.0.151:9876 reachable
       [91m[XX][0m Naboria: 192.168.0.152:9876 unreachable
  [92m[OK][0m Disk Space         32.8 GB free / 228 GB total (86% used)
  [91m[XX][0m Web Servers        2/3 servers responding
       [92m[OK][0m Faces: Port 8091 responding
       [92m[OK][0m Dashboard: Port 8093 responding
       [91m[XX][0m CallBuddy: Port 8094 not responding
  [91m[XX][0m Log Errors         61 errors in 5 file(s): health.log, health_check.log, market.log, news.log, pr.log
       [2mhealth.log: 3 errors[0m
         [2mRED: Log Errors — 49 errors in 5 file(s): backup.log, health.log, market.log, news.log, pr.log[0m
         [2m[BIOS notify] ⚙️ *SYSTEM [ERROR]* — BIOS Health: 3/7 operational[0m
       [2mhealth_check.log: 16 errors[0m
         [2m[91m[XX][0m Log Errors         61 errors in 5 file(s): health.log, health_check.log, market.log, n[0m
         [2m[2mhealth.log: 3 errors[0m[0m
       [2mmarket.log: 2 errors[0m
         [2mTraceback (most recent call last):[0m
         [2mModuleNotFoundError: No module named 'requests'[0m
       [2mnews.log: 20 errors[0m
         [2mERROR: feedparser not installed. Run: pip install feedparser[0m
         [2mERROR: feedparser not installed. Run: pip install feedparser[0m
       [2mpr.log: 20 errors[0m
         [2mERROR: feedparser not installed. Run: pip install feedparser[0m
         [2mERROR: feedparser not installed. Run: pip install feedparser[0m
  [93m[!!][0m Git Status         85 uncommitted files — repo getting cluttered
=======================================================
  [91mBIOS Health: 3/7 systems operational[0m


[1mBIOS Health Check — 2026-03-27 16:00:04[0m
=======================================================
  [93m[!!][0m Cron Jobs          Missing 2: Intelligence Pipeline, Daily Report
  [91m[XX][0m Data Freshness     1 stale: pr_signals.json
       [91m[XX][0m pr_signals.json: 27.4h old (limit: 3h) — critical
  [91m[XX][0m Fleet Status       1/2 nodes online
       [92m[OK][0m Cobo: 192.168.0.151:9876 reachable
       [91m[XX][0m Naboria: 192.168.0.152:9876 unreachable
  [92m[OK][0m Disk Space         27.1 GB free / 228 GB total (88% used)
  [91m[XX][0m Web Servers        2/3 servers responding
       [92m[OK][0m Faces: Port 8091 responding
       [92m[OK][0m Dashboard: Port 8093 responding
       [91m[XX][0m CallBuddy: Port 8094 not responding
  [91m[XX][0m Log Errors         61 errors in 5 file(s): health.log, health_check.log, market.log, news.log, pr.log
       [2mhealth.log: 3 errors[0m
         [2mRED: Log Errors — 49 errors in 5 file(s): backup.log, health.log, market.log, news.log, pr.log[0m
         [2m[BIOS notify] ⚙️ *SYSTEM [ERROR]* — BIOS Health: 3/7 operational[0m
       [2mhealth_check.log: 16 errors[0m
         [2m[91m[XX][0m Log Errors         61 errors in 5 file(s): health.log, health_check.log, market.log, n[0m
         [2m[2mhealth.log: 3 errors[0m[0m
       [2mmarket.log: 2 errors[0m
         [2mTraceback (most recent call last):[0m
         [2mModuleNotFoundError: No module named 'requests'[0m
       [2mnews.log: 20 errors[0m
         [2mERROR: feedparser not installed. Run: pip install feedparser[0m
         [2mERROR: feedparser not installed. Run: pip install feedparser[0m
       [2mpr.log: 20 errors[0m
         [2mERROR: feedparser not installed. Run: pip install feedparser[0m
         [2mERROR: feedparser not installed. Run: pip install feedparser[0m
  [93m[!!][0m Git Status         93 uncommitted files — repo getting cluttered
=======================================================
  [91mBIOS Health: 3/7 systems operational[0m


[1mBIOS Health Check — 2026-03-27 20:00:04[0m
=======================================================
  [93m[!!][0m Cron Jobs          Missing 2: Intelligence Pipeline, Daily Report
  [91m[XX][0m Data Freshness     1 stale: pr_signals.json
       [91m[XX][0m pr_signals.json: 31.4h old (limit: 3h) — critical
  [91m[XX][0m Fleet Status       1/2 nodes online
       [92m[OK][0m Cobo: 192.168.0.151:9876 reachable
       [91m[XX][0m Naboria: 192.168.0.152:9876 unreachable
  [92m[OK][0m Disk Space         26.2 GB free / 228 GB total (89% used)
  [91m[XX][0m Web Servers        2/3 servers responding
       [92m[OK][0m Faces: Port 8091 responding
       [92m[OK][0m Dashboard: Port 8093 responding
       [91m[XX][0m CallBuddy: Port 8094 not responding
  [91m[XX][0m Log Errors         61 errors in 5 file(s): health.log, health_check.log, market.log, news.log, pr.log
       [2mhealth.log: 3 errors[0m
         [2mRED: Log Errors — 49 errors in 5 file(s): backup.log, health.log, market.log, news.log, pr.log[0m
         [2m[BIOS notify] ⚙️ *SYSTEM [ERROR]* — BIOS Health: 3/7 operational[0m
       [2mhealth_check.log: 16 errors[0m
         [2m[91m[XX][0m Log Errors         61 errors in 5 file(s): health.log, health_check.log, market.log, n[0m
         [2m[2mhealth.log: 3 errors[0m[0m
       [2mmarket.log: 2 errors[0m
         [2mTraceback (most recent call last):[0m
         [2mModuleNotFoundError: No module named 'requests'[0m
       [2mnews.log: 20 errors[0m
         [2mERROR: feedparser not installed. Run: pip install feedparser[0m
         [2mERROR: feedparser not installed. Run: pip install feedparser[0m
       [2mpr.log: 20 errors[0m
         [2mERROR: feedparser not installed. Run: pip install feedparser[0m
         [2mERROR: feedparser not installed. Run: pip install feedparser[0m
  [93m[!!][0m Git Status         238 uncommitted files — repo getting cluttered
=======================================================
  [91mBIOS Health: 3/7 systems operational[0m


[1mBIOS Health Check — 2026-03-28 00:00:04[0m
=======================================================
  [93m[!!][0m Cron Jobs          Missing 2: Intelligence Pipeline, Daily Report
  [91m[XX][0m Data Freshness     1 stale: pr_signals.json
       [91m[XX][0m pr_signals.json: 35.4h old (limit: 3h) — critical
  [91m[XX][0m Fleet Status       1/2 nodes online
       [92m[OK][0m Cobo: 192.168.0.151:9876 reachable
       [91m[XX][0m Naboria: 192.168.0.152:9876 unreachable
  [92m[OK][0m Disk Space         26.2 GB free / 228 GB total (89% used)
  [91m[XX][0m Web Servers        2/3 servers responding
       [92m[OK][0m Faces: Port 8091 responding
       [92m[OK][0m Dashboard: Port 8093 responding
       [91m[XX][0m CallBuddy: Port 8094 not responding
  [91m[XX][0m Log Errors         61 errors in 5 file(s): health.log, health_check.log, market.log, news.log, pr.log
       [2mhealth.log: 3 errors[0m
         [2mRED: Log Errors — 49 errors in 5 file(s): backup.log, health.log, market.log, news.log, pr.log[0m
         [2m[BIOS notify] ⚙️ *SYSTEM [ERROR]* — BIOS Health: 3/7 operational[0m
       [2mhealth_check.log: 16 errors[0m
         [2m[91m[XX][0m Log Errors         61 errors in 5 file(s): health.log, health_check.log, market.log, n[0m
         [2m[2mhealth.log: 3 errors[0m[0m
       [2mmarket.log: 2 errors[0m
         [2mTraceback (most recent call last):[0m
         [2mModuleNotFoundError: No module named 'requests'[0m
       [2mnews.log: 20 errors[0m
         [2mERROR: feedparser not installed. Run: pip install feedparser[0m
         [2mERROR: feedparser not installed. Run: pip install feedparser[0m
       [2mpr.log: 20 errors[0m
         [2mERROR: feedparser not installed. Run: pip install feedparser[0m
         [2mERROR: feedparser not installed. Run: pip install feedparser[0m
  [93m[!!][0m Git Status         238 uncommitted files — repo getting cluttered
=======================================================
  [91mBIOS Health: 3/7 systems operational[0m


[1mBIOS Health Check — 2026-03-28 04:00:04[0m
=======================================================
  [93m[!!][0m Cron Jobs          Missing 2: Intelligence Pipeline, Daily Report
  [91m[XX][0m Data Freshness     1 stale: pr_signals.json
       [91m[XX][0m pr_signals.json: 39.4h old (limit: 3h) — critical
  [91m[XX][0m Fleet Status       1/2 nodes online
       [92m[OK][0m Cobo: 192.168.0.151:9876 reachable
       [91m[XX][0m Naboria: 192.168.0.152:9876 unreachable
  [92m[OK][0m Disk Space         25.7 GB free / 228 GB total (89% used)
  [91m[XX][0m Web Servers        2/3 servers responding
       [92m[OK][0m Faces: Port 8091 responding
       [92m[OK][0m Dashboard: Port 8093 responding
       [91m[XX][0m CallBuddy: Port 8094 not responding
  [91m[XX][0m Log Errors         61 errors in 5 file(s): health.log, health_check.log, market.log, news.log, pr.log
       [2mhealth.log: 3 errors[0m
         [2mRED: Log Errors — 49 errors in 5 file(s): backup.log, health.log, market.log, news.log, pr.log[0m
         [2m[BIOS notify] ⚙️ *SYSTEM [ERROR]* — BIOS Health: 3/7 operational[0m
       [2mhealth_check.log: 16 errors[0m
         [2m[91m[XX][0m Log Errors         61 errors in 5 file(s): health.log, health_check.log, market.log, n[0m
         [2m[2mhealth.log: 3 errors[0m[0m
       [2mmarket.log: 2 errors[0m
         [2mTraceback (most recent call last):[0m
         [2mModuleNotFoundError: No module named 'requests'[0m
       [2mnews.log: 20 errors[0m
         [2mERROR: feedparser not installed. Run: pip install feedparser[0m
         [2mERROR: feedparser not installed. Run: pip install feedparser[0m
       [2mpr.log: 20 errors[0m
         [2mERROR: feedparser not installed. Run: pip install feedparser[0m
         [2mERROR: feedparser not installed. Run: pip install feedparser[0m
  [93m[!!][0m Git Status         248 uncommitted files — repo getting cluttered
=======================================================
  [91mBIOS Health: 3/7 systems operational[0m


[1mBIOS Health Check — 2026-03-28 08:00:04[0m
=======================================================
  [93m[!!][0m Cron Jobs          Missing 2: Intelligence Pipeline, Daily Report
  [92m[OK][0m Data Freshness     All 4 files fresh
  [91m[XX][0m Fleet Status       1/2 nodes online
       [92m[OK][0m Cobo: 192.168.0.151:9876 reachable
       [91m[XX][0m Naboria: 192.168.0.152:9876 unreachable
  [92m[OK][0m Disk Space         23.4 GB free / 228 GB total (90% used)
  [91m[XX][0m Web Servers        2/3 servers responding
       [92m[OK][0m Faces: Port 8091 responding
       [92m[OK][0m Dashboard: Port 8093 responding
       [91m[XX][0m CallBuddy: Port 8094 not responding
  [91m[XX][0m Log Errors         61 errors in 5 file(s): health.log, health_check.log, market.log, news.log, pr.log
       [2mhealth.log: 3 errors[0m
         [2mRED: Log Errors — 49 errors in 5 file(s): backup.log, health.log, market.log, news.log, pr.log[0m
         [2m[BIOS notify] ⚙️ *SYSTEM [ERROR]* — BIOS Health: 3/7 operational[0m
       [2mhealth_check.log: 16 errors[0m
         [2m[91m[XX][0m Log Errors         61 errors in 5 file(s): health.log, health_check.log, market.log, n[0m
         [2m[2mhealth.log: 3 errors[0m[0m
       [2mmarket.log: 2 errors[0m
         [2mTraceback (most recent call last):[0m
         [2mModuleNotFoundError: No module named 'requests'[0m
       [2mnews.log: 20 errors[0m
         [2mERROR: feedparser not installed. Run: pip install feedparser[0m
         [2mERROR: feedparser not installed. Run: pip install feedparser[0m
       [2mpr.log: 20 errors[0m
         [2mERROR: feedparser not installed. Run: pip install feedparser[0m
         [2mERROR: feedparser not installed. Run: pip install feedparser[0m
  [93m[!!][0m Git Status         16 uncommitted files — consider committing
=======================================================
  [91mBIOS Health: 4/7 systems operational[0m


[1mBIOS Health Check — 2026-03-28 16:00:04[0m
=======================================================
  [93m[!!][0m Cron Jobs          Missing 2: Intelligence Pipeline, Daily Report
  [91m[XX][0m Data Freshness     1 stale: pr_signals.json
       [91m[XX][0m pr_signals.json: 8.3h old (limit: 3h) — critical
  [91m[XX][0m Fleet Status       1/2 nodes online
       [92m[OK][0m Cobo: 192.168.0.151:9876 reachable
       [91m[XX][0m Naboria: 192.168.0.152:9876 unreachable
  [92m[OK][0m Disk Space         73.7 GB free / 228 GB total (68% used)
  [91m[XX][0m Web Servers        0/3 servers responding
       [91m[XX][0m Faces: Port 8091 not responding
       [91m[XX][0m Dashboard: Port 8093 not responding
       [91m[XX][0m CallBuddy: Port 8094 not responding
  [91m[XX][0m Log Errors         61 errors in 5 file(s): health.log, health_check.log, market.log, news.log, pr.log
       [2mhealth.log: 3 errors[0m
         [2mRED: Log Errors — 49 errors in 5 file(s): backup.log, health.log, market.log, news.log, pr.log[0m
         [2m[BIOS notify] ⚙️ *SYSTEM [ERROR]* — BIOS Health: 3/7 operational[0m
       [2mhealth_check.log: 16 errors[0m
         [2m[91m[XX][0m Log Errors         61 errors in 5 file(s): health.log, health_check.log, market.log, n[0m
         [2m[2mhealth.log: 3 errors[0m[0m
       [2mmarket.log: 2 errors[0m
         [2mTraceback (most recent call last):[0m
         [2mModuleNotFoundError: No module named 'requests'[0m
       [2mnews.log: 20 errors[0m
         [2mERROR: feedparser not installed. Run: pip install feedparser[0m
         [2mERROR: feedparser not installed. Run: pip install feedparser[0m
       [2mpr.log: 20 errors[0m
         [2mERROR: feedparser not installed. Run: pip install feedparser[0m
         [2mERROR: feedparser not installed. Run: pip install feedparser[0m
  [93m[!!][0m Git Status         114 uncommitted files — repo getting cluttered
=======================================================
  [91mBIOS Health: 3/7 systems operational[0m


[1mBIOS Health Check — 2026-03-28 20:00:04[0m
=======================================================
  [93m[!!][0m Cron Jobs          Missing 2: Intelligence Pipeline, Daily Report
  [91m[XX][0m Data Freshness     1 stale: pr_signals.json
       [91m[XX][0m pr_signals.json: 12.3h old (limit: 3h) — critical
  [91m[XX][0m Fleet Status       1/2 nodes online
       [92m[OK][0m Cobo: 192.168.0.151:9876 reachable
       [91m[XX][0m Naboria: 192.168.0.152:9876 unreachable
  [92m[OK][0m Disk Space         73.0 GB free / 228 GB total (68% used)
  [91m[XX][0m Web Servers        0/3 servers responding
       [91m[XX][0m Faces: Port 8091 not responding
       [91m[XX][0m Dashboard: Port 8093 not responding
       [91m[XX][0m CallBuddy: Port 8094 not responding
  [91m[XX][0m Log Errors         61 errors in 5 file(s): health.log, health_check.log, market.log, news.log, pr.log
       [2mhealth.log: 3 errors[0m
         [2mRED: Log Errors — 49 errors in 5 file(s): backup.log, health.log, market.log, news.log, pr.log[0m
         [2m[BIOS notify] ⚙️ *SYSTEM [ERROR]* — BIOS Health: 3/7 operational[0m
       [2mhealth_check.log: 16 errors[0m
         [2m[91m[XX][0m Log Errors         61 errors in 5 file(s): health.log, health_check.log, market.log, n[0m
         [2m[2mhealth.log: 3 errors[0m[0m
       [2mmarket.log: 2 errors[0m
         [2mTraceback (most recent call last):[0m
         [2mModuleNotFoundError: No module named 'requests'[0m
       [2mnews.log: 20 errors[0m
         [2mERROR: feedparser not installed. Run: pip install feedparser[0m
         [2mERROR: feedparser not installed. Run: pip install feedparser[0m
       [2mpr.log: 20 errors[0m
         [2mERROR: feedparser not installed. Run: pip install feedparser[0m
         [2mERROR: feedparser not installed. Run: pip install feedparser[0m
  [92m[OK][0m Git Status         Working tree clean
=======================================================
  [91mBIOS Health: 3/7 systems operational[0m

