usage: news_scraper.py [-h] [--run]

BIOS News Scraper

options:
  -h, --help  show this help message and exit
  --run       Run the scraper
usage: news_scraper.py [-h] [--run]

BIOS News Scraper

options:
  -h, --help  show this help message and exit
  --run       Run the scraper
usage: news_scraper.py [-h] [--run]

BIOS News Scraper

options:
  -h, --help  show this help message and exit
  --run       Run the scraper
usage: news_scraper.py [-h] [--run]

BIOS News Scraper

options:
  -h, --help  show this help message and exit
  --run       Run the scraper
usage: news_scraper.py [-h] [--run]

BIOS News Scraper

options:
  -h, --help  show this help message and exit
  --run       Run the scraper
usage: news_scraper.py [-h] [--run]

BIOS News Scraper

options:
  -h, --help  show this help message and exit
  --run       Run the scraper
usage: news_scraper.py [-h] [--run]

BIOS News Scraper

options:
  -h, --help  show this help message and exit
  --run       Run the scraper
usage: news_scraper.py [-h] [--run]

BIOS News Scraper

options:
  -h, --help  show this help message and exit
  --run       Run the scraper
