usage: polymarket_research.py [-h] [--scan] [--report] [--history]
                              [--alerts-only] [--resolve MARKET_ID OUTCOME]

BIOS Polymarket Research Automation -- Alpha Scanner

options:
  -h, --help            show this help message and exit
  --scan                Full market scan, cross-reference BIOS, generate
                        report
  --report              Generate report from last scan data
  --history             Show prediction accuracy history
  --alerts-only         Only send Telegram alerts for disagreement > 20%
  --resolve MARKET_ID OUTCOME
                        Resolve a prediction: --resolve MARKET_ID yes|no
usage: polymarket_research.py [-h] [--scan] [--report] [--history]
                              [--alerts-only] [--resolve MARKET_ID OUTCOME]

BIOS Polymarket Research Automation -- Alpha Scanner

options:
  -h, --help            show this help message and exit
  --scan                Full market scan, cross-reference BIOS, generate
                        report
  --report              Generate report from last scan data
  --history             Show prediction accuracy history
  --alerts-only         Only send Telegram alerts for disagreement > 20%
  --resolve MARKET_ID OUTCOME
                        Resolve a prediction: --resolve MARKET_ID yes|no
usage: polymarket_research.py [-h] [--scan] [--report] [--history]
                              [--alerts-only] [--resolve MARKET_ID OUTCOME]

BIOS Polymarket Research Automation -- Alpha Scanner

options:
  -h, --help            show this help message and exit
  --scan                Full market scan, cross-reference BIOS, generate
                        report
  --report              Generate report from last scan data
  --history             Show prediction accuracy history
  --alerts-only         Only send Telegram alerts for disagreement > 20%
  --resolve MARKET_ID OUTCOME
                        Resolve a prediction: --resolve MARKET_ID yes|no
usage: polymarket_research.py [-h] [--scan] [--report] [--history]
                              [--alerts-only] [--resolve MARKET_ID OUTCOME]

BIOS Polymarket Research Automation -- Alpha Scanner

options:
  -h, --help            show this help message and exit
  --scan                Full market scan, cross-reference BIOS, generate
                        report
  --report              Generate report from last scan data
  --history             Show prediction accuracy history
  --alerts-only         Only send Telegram alerts for disagreement > 20%
  --resolve MARKET_ID OUTCOME
                        Resolve a prediction: --resolve MARKET_ID yes|no
usage: polymarket_research.py [-h] [--scan] [--report] [--history]
                              [--alerts-only] [--resolve MARKET_ID OUTCOME]

BIOS Polymarket Research Automation -- Alpha Scanner

options:
  -h, --help            show this help message and exit
  --scan                Full market scan, cross-reference BIOS, generate
                        report
  --report              Generate report from last scan data
  --history             Show prediction accuracy history
  --alerts-only         Only send Telegram alerts for disagreement > 20%
  --resolve MARKET_ID OUTCOME
                        Resolve a prediction: --resolve MARKET_ID yes|no
usage: polymarket_research.py [-h] [--scan] [--report] [--history]
                              [--alerts-only] [--resolve MARKET_ID OUTCOME]

BIOS Polymarket Research Automation -- Alpha Scanner

options:
  -h, --help            show this help message and exit
  --scan                Full market scan, cross-reference BIOS, generate
                        report
  --report              Generate report from last scan data
  --history             Show prediction accuracy history
  --alerts-only         Only send Telegram alerts for disagreement > 20%
  --resolve MARKET_ID OUTCOME
                        Resolve a prediction: --resolve MARKET_ID yes|no
usage: polymarket_research.py [-h] [--scan] [--report] [--history]
                              [--alerts-only] [--resolve MARKET_ID OUTCOME]

BIOS Polymarket Research Automation -- Alpha Scanner

options:
  -h, --help            show this help message and exit
  --scan                Full market scan, cross-reference BIOS, generate
                        report
  --report              Generate report from last scan data
  --history             Show prediction accuracy history
  --alerts-only         Only send Telegram alerts for disagreement > 20%
  --resolve MARKET_ID OUTCOME
                        Resolve a prediction: --resolve MARKET_ID yes|no
usage: polymarket_research.py [-h] [--scan] [--report] [--history]
                              [--alerts-only] [--resolve MARKET_ID OUTCOME]

BIOS Polymarket Research Automation -- Alpha Scanner

options:
  -h, --help            show this help message and exit
  --scan                Full market scan, cross-reference BIOS, generate
                        report
  --report              Generate report from last scan data
  --history             Show prediction accuracy history
  --alerts-only         Only send Telegram alerts for disagreement > 20%
  --resolve MARKET_ID OUTCOME
                        Resolve a prediction: --resolve MARKET_ID yes|no
