usage: pr_opportunities.py [-h] [--run] [--notify] [--stats]

PR Opportunities Scraper

options:
  -h, --help  show this help message and exit
  --run       Run the scraper
  --notify    Send Telegram alerts for urgent opportunities
  --stats     Show stats on stored opportunities
usage: pr_opportunities.py [-h] [--run] [--notify] [--stats]

PR Opportunities Scraper

options:
  -h, --help  show this help message and exit
  --run       Run the scraper
  --notify    Send Telegram alerts for urgent opportunities
  --stats     Show stats on stored opportunities
usage: pr_opportunities.py [-h] [--run] [--notify] [--stats]

PR Opportunities Scraper

options:
  -h, --help  show this help message and exit
  --run       Run the scraper
  --notify    Send Telegram alerts for urgent opportunities
  --stats     Show stats on stored opportunities
