usage: pr_scraper.py [-h] [--run]

BIOS PR Intelligence Scraper

options:
  -h, --help  show this help message and exit
  --run       Run the scraper
usage: pr_scraper.py [-h] [--run]

BIOS PR Intelligence Scraper

options:
  -h, --help  show this help message and exit
  --run       Run the scraper
usage: pr_scraper.py [-h] [--run]

BIOS PR Intelligence Scraper

options:
  -h, --help  show this help message and exit
  --run       Run the scraper
usage: pr_scraper.py [-h] [--run]

BIOS PR Intelligence Scraper

options:
  -h, --help  show this help message and exit
  --run       Run the scraper
usage: pr_scraper.py [-h] [--run]

BIOS PR Intelligence Scraper

options:
  -h, --help  show this help message and exit
  --run       Run the scraper
usage: pr_scraper.py [-h] [--run]

BIOS PR Intelligence Scraper

options:
  -h, --help  show this help message and exit
  --run       Run the scraper
usage: pr_scraper.py [-h] [--run]

BIOS PR Intelligence Scraper

options:
  -h, --help  show this help message and exit
  --run       Run the scraper
usage: pr_scraper.py [-h] [--run]

BIOS PR Intelligence Scraper

options:
  -h, --help  show this help message and exit
  --run       Run the scraper
usage: pr_scraper.py [-h] [--run]

BIOS PR Intelligence Scraper

options:
  -h, --help  show this help message and exit
  --run       Run the scraper
usage: pr_scraper.py [-h] [--run]

BIOS PR Intelligence Scraper

options:
  -h, --help  show this help message and exit
  --run       Run the scraper
usage: pr_scraper.py [-h] [--run]

BIOS PR Intelligence Scraper

options:
  -h, --help  show this help message and exit
  --run       Run the scraper
usage: pr_scraper.py [-h] [--run]

BIOS PR Intelligence Scraper

options:
  -h, --help  show this help message and exit
  --run       Run the scraper
usage: pr_scraper.py [-h] [--run]

BIOS PR Intelligence Scraper

options:
  -h, --help  show this help message and exit
  --run       Run the scraper
usage: pr_scraper.py [-h] [--run]

BIOS PR Intelligence Scraper

options:
  -h, --help  show this help message and exit
  --run       Run the scraper
usage: pr_scraper.py [-h] [--run]

BIOS PR Intelligence Scraper

options:
  -h, --help  show this help message and exit
  --run       Run the scraper
usage: pr_scraper.py [-h] [--run]

BIOS PR Intelligence Scraper

options:
  -h, --help  show this help message and exit
  --run       Run the scraper
usage: pr_scraper.py [-h] [--run]

BIOS PR Intelligence Scraper

options:
  -h, --help  show this help message and exit
  --run       Run the scraper
usage: pr_scraper.py [-h] [--run]

BIOS PR Intelligence Scraper

options:
  -h, --help  show this help message and exit
  --run       Run the scraper
usage: pr_scraper.py [-h] [--run]

BIOS PR Intelligence Scraper

options:
  -h, --help  show this help message and exit
  --run       Run the scraper
usage: pr_scraper.py [-h] [--run]

BIOS PR Intelligence Scraper

options:
  -h, --help  show this help message and exit
  --run       Run the scraper
usage: pr_scraper.py [-h] [--run]

BIOS PR Intelligence Scraper

options:
  -h, --help  show this help message and exit
  --run       Run the scraper
usage: pr_scraper.py [-h] [--run]

BIOS PR Intelligence Scraper

options:
  -h, --help  show this help message and exit
  --run       Run the scraper
