BIOS Social Scraper
========================================
  [r/wallstreetbets] 0 fetched, 0 new
  [r/cryptocurrency] 0 fetched, 0 new
  [r/economics] 0 fetched, 0 new
  [Hacker News] 15 fetched, 2 new
  [Polymarket] 20 fetched, 0 new
  [CoinGecko] 15 fetched, 0 new
  [Fear & Greed] 1 fetched, 0 new

Scraped 2 signals from 7 sources
Total in storage: 614
BIOS Social Scraper
========================================
  [r/wallstreetbets] 0 fetched, 0 new
  [r/cryptocurrency] 0 fetched, 0 new
  [r/economics] 0 fetched, 0 new
  [Hacker News] 15 fetched, 4 new
  [Polymarket] 20 fetched, 0 new
  [CoinGecko] 15 fetched, 0 new
  [Fear & Greed] 1 fetched, 0 new

Scraped 4 signals from 7 sources
Total in storage: 618
BIOS Social Scraper
========================================
  [r/wallstreetbets] 0 fetched, 0 new
  [r/cryptocurrency] 0 fetched, 0 new
  [r/economics] 0 fetched, 0 new
  [Hacker News] 15 fetched, 4 new
  [Polymarket] 20 fetched, 0 new
  [CoinGecko] 15 fetched, 0 new
  [Fear & Greed] 1 fetched, 0 new

Scraped 4 signals from 7 sources
Total in storage: 622
BIOS Social Scraper
========================================
  [r/wallstreetbets] 0 fetched, 0 new
  [r/cryptocurrency] 0 fetched, 0 new
  [r/economics] 0 fetched, 0 new
  [Hacker News] 15 fetched, 0 new
  [Polymarket] 20 fetched, 0 new
  [CoinGecko] 15 fetched, 0 new
  [Fear & Greed] 1 fetched, 0 new

Scraped 0 signals from 7 sources
Total in storage: 622
BIOS Social Scraper
========================================
  [r/wallstreetbets] 0 fetched, 0 new
  [r/cryptocurrency] 0 fetched, 0 new
  [r/economics] 0 fetched, 0 new
  [Hacker News] 15 fetched, 1 new
  [Polymarket] 20 fetched, 0 new
  [CoinGecko] 15 fetched, 0 new
  [Fear & Greed] 1 fetched, 0 new

Scraped 1 signals from 7 sources
Total in storage: 623
BIOS Social Scraper
========================================
  [r/wallstreetbets] 0 fetched, 0 new
  [r/cryptocurrency] 0 fetched, 0 new
  [r/economics] 0 fetched, 0 new
  [Hacker News] 15 fetched, 0 new
  [Polymarket] 20 fetched, 0 new
  [CoinGecko] 15 fetched, 0 new
  [Fear & Greed] 1 fetched, 0 new

Scraped 0 signals from 7 sources
Total in storage: 623
BIOS Social Scraper
========================================
  [r/wallstreetbets] 0 fetched, 0 new
  [r/cryptocurrency] 0 fetched, 0 new
  [r/economics] 0 fetched, 0 new
  [Hacker News] 15 fetched, 4 new
  [Polymarket] 20 fetched, 0 new
  [CoinGecko] 15 fetched, 0 new
  [Fear & Greed] 1 fetched, 0 new

Scraped 4 signals from 7 sources
Total in storage: 627
BIOS Social Scraper
========================================
  [r/wallstreetbets] 0 fetched, 0 new
  [r/cryptocurrency] 0 fetched, 0 new
  [r/economics] 0 fetched, 0 new
  [Hacker News] 15 fetched, 1 new
  [Polymarket] 20 fetched, 0 new
  [CoinGecko] 15 fetched, 0 new
  [Fear & Greed] 1 fetched, 0 new

Scraped 1 signals from 7 sources
Total in storage: 628
BIOS Social Scraper
========================================
  [r/wallstreetbets] 0 fetched, 0 new
  [r/cryptocurrency] 0 fetched, 0 new
  [r/economics] 0 fetched, 0 new
  [Hacker News] 15 fetched, 0 new
  [Polymarket] 20 fetched, 0 new
  [CoinGecko] 15 fetched, 0 new
  [Fear & Greed] 1 fetched, 0 new

Scraped 0 signals from 7 sources
Total in storage: 628
BIOS Social Scraper
========================================
  [r/wallstreetbets] 0 fetched, 0 new
  [r/cryptocurrency] 0 fetched, 0 new
  [r/economics] 0 fetched, 0 new
  [Hacker News] 15 fetched, 3 new
  [Polymarket] 20 fetched, 0 new
  [CoinGecko] 15 fetched, 0 new
  [Fear & Greed] 1 fetched, 0 new

Scraped 3 signals from 7 sources
Total in storage: 631
BIOS Social Scraper
========================================
  [r/wallstreetbets] 0 fetched, 0 new
  [r/cryptocurrency] 0 fetched, 0 new
  [r/economics] 0 fetched, 0 new
  [Hacker News] 15 fetched, 2 new
  [Polymarket] 20 fetched, 0 new
  [CoinGecko] 15 fetched, 0 new
  [Fear & Greed] 1 fetched, 0 new

Scraped 2 signals from 7 sources
Total in storage: 633
BIOS Social Scraper
========================================
  [r/wallstreetbets] 0 fetched, 0 new
  [r/cryptocurrency] 0 fetched, 0 new
  [r/economics] 0 fetched, 0 new
  [Hacker News] 15 fetched, 0 new
  [Polymarket] 20 fetched, 0 new
  [CoinGecko] 15 fetched, 0 new
  [Fear & Greed] 1 fetched, 0 new

Scraped 0 signals from 7 sources
Total in storage: 633
BIOS Social Scraper
========================================
  [r/wallstreetbets] 0 fetched, 0 new
  [r/cryptocurrency] 0 fetched, 0 new
  [r/economics] 0 fetched, 0 new
  [Hacker News] 15 fetched, 1 new
  [Polymarket] 20 fetched, 0 new
  [CoinGecko] 15 fetched, 0 new
  [Fear & Greed] 1 fetched, 0 new

Scraped 1 signals from 7 sources
Total in storage: 634
BIOS Social Scraper
========================================
  [r/wallstreetbets] 0 fetched, 0 new
  [r/cryptocurrency] 0 fetched, 0 new
  [r/economics] 0 fetched, 0 new
  [Hacker News] 15 fetched, 2 new
  [Polymarket] 20 fetched, 0 new
  [CoinGecko] 15 fetched, 0 new
  [Fear & Greed] 1 fetched, 0 new

Scraped 2 signals from 7 sources
Total in storage: 636
BIOS Social Scraper
========================================
  [r/wallstreetbets] 0 fetched, 0 new
  [r/cryptocurrency] 0 fetched, 0 new
  [r/economics] 0 fetched, 0 new
  [Hacker News] 15 fetched, 2 new
  [Polymarket] 20 fetched, 1 new
  [CoinGecko] 15 fetched, 15 new
  [Fear & Greed] 1 fetched, 1 new

Scraped 19 signals from 7 sources
Total in storage: 655
BIOS Social Scraper
========================================
  [r/wallstreetbets] 0 fetched, 0 new
  [r/cryptocurrency] 0 fetched, 0 new
  [r/economics] 0 fetched, 0 new
  [Hacker News] 15 fetched, 2 new
  [Polymarket] 20 fetched, 0 new
  [CoinGecko] 15 fetched, 1 new
  [Fear & Greed] 1 fetched, 0 new

Scraped 3 signals from 7 sources
Total in storage: 658
BIOS Social Scraper
========================================
  [r/wallstreetbets] 0 fetched, 0 new
  [r/cryptocurrency] 0 fetched, 0 new
  [r/economics] 0 fetched, 0 new
  [Hacker News] 15 fetched, 2 new
  [Polymarket] 20 fetched, 0 new
  [CoinGecko] 15 fetched, 1 new
  [Fear & Greed] 1 fetched, 0 new

Scraped 3 signals from 7 sources
Total in storage: 661
BIOS Social Scraper
========================================
  [r/wallstreetbets] 0 fetched, 0 new
  [r/cryptocurrency] 0 fetched, 0 new
  [r/economics] 0 fetched, 0 new
  [Hacker News] 15 fetched, 1 new
  [Polymarket] 20 fetched, 0 new
  [CoinGecko] 15 fetched, 0 new
  [Fear & Greed] 1 fetched, 0 new

Scraped 1 signals from 7 sources
Total in storage: 662
BIOS Social Scraper
========================================
  [r/wallstreetbets] 0 fetched, 0 new
  [r/cryptocurrency] 0 fetched, 0 new
  [r/economics] 0 fetched, 0 new
  [Hacker News] 15 fetched, 2 new
  [Polymarket] 20 fetched, 0 new
  [CoinGecko] 15 fetched, 1 new
  [Fear & Greed] 1 fetched, 0 new

Scraped 3 signals from 7 sources
Total in storage: 665
BIOS Social Scraper
========================================
  [r/wallstreetbets] 0 fetched, 0 new
  [r/cryptocurrency] 0 fetched, 0 new
  [r/economics] 0 fetched, 0 new
  [Hacker News] 15 fetched, 0 new
  [Polymarket] 20 fetched, 0 new
  [CoinGecko] 15 fetched, 1 new
  [Fear & Greed] 1 fetched, 0 new

Scraped 1 signals from 7 sources
Total in storage: 666
BIOS Social Scraper
========================================
  [r/wallstreetbets] 0 fetched, 0 new
  [r/cryptocurrency] 0 fetched, 0 new
  [r/economics] 0 fetched, 0 new
  [Hacker News] 15 fetched, 2 new
  [Polymarket] 20 fetched, 0 new
  [CoinGecko] 15 fetched, 1 new
  [Fear & Greed] 1 fetched, 0 new

Scraped 3 signals from 7 sources
Total in storage: 669
BIOS Social Scraper
========================================
  [r/wallstreetbets] 0 fetched, 0 new
  [r/cryptocurrency] 0 fetched, 0 new
  [r/economics] 0 fetched, 0 new
  [Hacker News] 15 fetched, 1 new
  [Polymarket] 20 fetched, 0 new
  [CoinGecko] 15 fetched, 0 new
  [Fear & Greed] 1 fetched, 0 new

Scraped 1 signals from 7 sources
Total in storage: 670
BIOS Social Scraper
========================================
  [r/wallstreetbets] 0 fetched, 0 new
  [r/cryptocurrency] 0 fetched, 0 new
  [r/economics] 0 fetched, 0 new
  [Hacker News] 15 fetched, 0 new
  [Polymarket] 20 fetched, 0 new
  [CoinGecko] 15 fetched, 1 new
  [Fear & Greed] 1 fetched, 0 new

Scraped 1 signals from 7 sources
Total in storage: 671
BIOS Social Scraper
========================================
  [r/wallstreetbets] 0 fetched, 0 new
  [r/cryptocurrency] 0 fetched, 0 new
  [r/economics] 0 fetched, 0 new
  [Hacker News] 15 fetched, 1 new
  [Polymarket] 20 fetched, 0 new
  [CoinGecko] 15 fetched, 0 new
  [Fear & Greed] 1 fetched, 0 new

Scraped 1 signals from 7 sources
Total in storage: 672
BIOS Social Scraper
========================================
  [r/wallstreetbets] 0 fetched, 0 new
  [r/cryptocurrency] 0 fetched, 0 new
  [r/economics] 0 fetched, 0 new
  [Hacker News] 15 fetched, 1 new
  [Polymarket] 20 fetched, 0 new
  [CoinGecko] 15 fetched, 1 new
  [Fear & Greed] 1 fetched, 0 new

Scraped 2 signals from 7 sources
Total in storage: 674
BIOS Social Scraper
========================================
  [r/wallstreetbets] 0 fetched, 0 new
  [r/cryptocurrency] 0 fetched, 0 new
  [r/economics] 0 fetched, 0 new
  [Hacker News] 15 fetched, 2 new
  [Polymarket] 20 fetched, 0 new
  [CoinGecko] 15 fetched, 0 new
  [Fear & Greed] 1 fetched, 0 new

Scraped 2 signals from 7 sources
Total in storage: 676
BIOS Social Scraper
========================================
  [r/wallstreetbets] 0 fetched, 0 new
  [r/cryptocurrency] 0 fetched, 0 new
  [r/economics] 0 fetched, 0 new
  [Hacker News] 15 fetched, 0 new
  [Polymarket] 20 fetched, 0 new
  [CoinGecko] 15 fetched, 0 new
  [Fear & Greed] 1 fetched, 0 new

Scraped 0 signals from 7 sources
Total in storage: 676
BIOS Social Scraper
========================================
  [r/wallstreetbets] 0 fetched, 0 new
  [r/cryptocurrency] 0 fetched, 0 new
  [r/economics] 0 fetched, 0 new
  [Hacker News] 15 fetched, 1 new
  [Polymarket] 20 fetched, 0 new
  [CoinGecko] 15 fetched, 0 new
  [Fear & Greed] 1 fetched, 0 new

Scraped 1 signals from 7 sources
Total in storage: 677
BIOS Social Scraper
========================================
  [r/wallstreetbets] 0 fetched, 0 new
  [r/cryptocurrency] 0 fetched, 0 new
  [r/economics] 0 fetched, 0 new
  [Hacker News] 15 fetched, 0 new
  [Polymarket] 20 fetched, 0 new
  [CoinGecko] 15 fetched, 0 new
  [Fear & Greed] 1 fetched, 0 new

Scraped 0 signals from 7 sources
Total in storage: 677
BIOS Social Scraper
========================================
  [r/wallstreetbets] 0 fetched, 0 new
  [r/cryptocurrency] 0 fetched, 0 new
  [r/economics] 0 fetched, 0 new
  [Hacker News] 15 fetched, 2 new
  [Polymarket] 20 fetched, 0 new
  [CoinGecko] 15 fetched, 0 new
  [Fear & Greed] 1 fetched, 0 new

Scraped 2 signals from 7 sources
Total in storage: 679
BIOS Social Scraper
========================================
  [r/wallstreetbets] 0 fetched, 0 new
  [r/cryptocurrency] 0 fetched, 0 new
  [r/economics] 0 fetched, 0 new
  [Hacker News] 15 fetched, 1 new
  [Polymarket] 20 fetched, 0 new
  [CoinGecko] 15 fetched, 0 new
  [Fear & Greed] 1 fetched, 0 new

Scraped 1 signals from 7 sources
Total in storage: 680
BIOS Social Scraper
========================================
  [r/wallstreetbets] 25 fetched, 23 new
  [r/cryptocurrency] 25 fetched, 17 new
  [r/economics] 25 fetched, 16 new
  [Hacker News] 15 fetched, 1 new
  [Polymarket] 20 fetched, 0 new
  [CoinGecko] 15 fetched, 0 new
  [Fear & Greed] 1 fetched, 0 new

Scraped 57 signals from 7 sources
Total in storage: 737
BIOS Social Scraper
========================================
  [r/wallstreetbets] 25 fetched, 0 new
  [r/cryptocurrency] 25 fetched, 0 new
  [r/economics] 25 fetched, 2 new
  [Hacker News] 15 fetched, 0 new
  [Polymarket] 20 fetched, 0 new
  [CoinGecko] 15 fetched, 0 new
  [Fear & Greed] 1 fetched, 0 new

Scraped 2 signals from 7 sources
Total in storage: 739
BIOS Social Scraper
========================================
  [r/wallstreetbets] 25 fetched, 0 new
  [r/cryptocurrency] 25 fetched, 2 new
  [r/economics] 25 fetched, 0 new
  [Hacker News] 15 fetched, 1 new
  [Polymarket] 20 fetched, 0 new
  [CoinGecko] 15 fetched, 0 new
  [Fear & Greed] 1 fetched, 0 new

Scraped 3 signals from 7 sources
Total in storage: 742
BIOS Social Scraper
========================================
  [r/wallstreetbets] 25 fetched, 0 new
  [r/cryptocurrency] 25 fetched, 1 new
  [r/economics] 25 fetched, 0 new
  [Hacker News] 15 fetched, 0 new
  [Polymarket] 20 fetched, 0 new
  [CoinGecko] 15 fetched, 0 new
  [Fear & Greed] 1 fetched, 0 new

Scraped 1 signals from 7 sources
Total in storage: 743
BIOS Social Scraper
========================================
  [r/wallstreetbets] 25 fetched, 1 new
  [r/cryptocurrency] 25 fetched, 1 new
  [r/economics] 20 fetched, 1 new
  [Hacker News] 15 fetched, 3 new
  [Polymarket] 20 fetched, 0 new
  [CoinGecko] 15 fetched, 2 new
  [Fear & Greed] 1 fetched, 0 new

Scraped 8 signals from 7 sources
Total in storage: 751
BIOS Social Scraper
========================================
  [r/wallstreetbets] 25 fetched, 0 new
  [r/cryptocurrency] 25 fetched, 0 new
  [r/economics] 21 fetched, 1 new
  [Hacker News] 15 fetched, 1 new
  [Polymarket] 20 fetched, 0 new
  [CoinGecko] 15 fetched, 0 new
  [Fear & Greed] 1 fetched, 0 new

Scraped 2 signals from 7 sources
Total in storage: 753
BIOS Social Scraper
========================================
  [r/wallstreetbets] 25 fetched, 1 new
  [r/cryptocurrency] 25 fetched, 1 new
  [r/economics] 24 fetched, 3 new
  [Hacker News] 15 fetched, 1 new
  [Polymarket] 20 fetched, 0 new
  [CoinGecko] 15 fetched, 0 new
  [Fear & Greed] 1 fetched, 0 new

Scraped 6 signals from 7 sources
Total in storage: 759
BIOS Social Scraper
========================================
  [r/wallstreetbets] 0 fetched, 0 new
  [r/cryptocurrency] 0 fetched, 0 new
  [r/economics] 0 fetched, 0 new
  [Hacker News] 15 fetched, 0 new
  [Polymarket] 20 fetched, 0 new
  [CoinGecko] 15 fetched, 0 new
  [Fear & Greed] 1 fetched, 0 new

Scraped 0 signals from 7 sources
Total in storage: 759
BIOS Social Scraper
========================================
  [r/wallstreetbets] 0 fetched, 0 new
  [r/cryptocurrency] 0 fetched, 0 new
  [r/economics] 0 fetched, 0 new
  [Hacker News] 15 fetched, 0 new
  [Polymarket] 20 fetched, 0 new
  [CoinGecko] 15 fetched, 1 new
  [Fear & Greed] 1 fetched, 0 new

Scraped 1 signals from 7 sources
Total in storage: 760
BIOS Social Scraper
========================================
  [r/wallstreetbets] 0 fetched, 0 new
  [r/cryptocurrency] 0 fetched, 0 new
  [r/economics] 0 fetched, 0 new
  [Hacker News] 15 fetched, 0 new
  [Polymarket] 20 fetched, 0 new
  [CoinGecko] 15 fetched, 0 new
  [Fear & Greed] 1 fetched, 0 new

Scraped 0 signals from 7 sources
Total in storage: 760
BIOS Social Scraper
========================================
  [r/wallstreetbets] 0 fetched, 0 new
  [r/cryptocurrency] 0 fetched, 0 new
  [r/economics] 0 fetched, 0 new
  [Hacker News] 15 fetched, 2 new
  [Polymarket] 20 fetched, 0 new
  [CoinGecko] 15 fetched, 0 new
  [Fear & Greed] 1 fetched, 0 new

Scraped 2 signals from 7 sources
Total in storage: 762
BIOS Social Scraper
========================================
  [r/wallstreetbets] 0 fetched, 0 new
  [r/cryptocurrency] 0 fetched, 0 new
  [r/economics] 0 fetched, 0 new
  [Hacker News] 15 fetched, 0 new
  [Polymarket] 20 fetched, 0 new
  [CoinGecko] 15 fetched, 1 new
  [Fear & Greed] 1 fetched, 0 new

Scraped 1 signals from 7 sources
Total in storage: 763
BIOS Social Scraper
========================================
  [r/wallstreetbets] 25 fetched, 4 new
  [r/cryptocurrency] 25 fetched, 4 new
  [r/economics] 21 fetched, 3 new
  [Hacker News] 15 fetched, 2 new
  [Polymarket] 20 fetched, 0 new
  [CoinGecko] 15 fetched, 0 new
  [Fear & Greed] 1 fetched, 0 new

Scraped 13 signals from 7 sources
Total in storage: 776
BIOS Social Scraper
========================================
  [r/wallstreetbets] 25 fetched, 0 new
  [r/cryptocurrency] 25 fetched, 0 new
  [r/economics] 20 fetched, 0 new
  [Hacker News] 15 fetched, 4 new
  [Polymarket] 20 fetched, 0 new
  [CoinGecko] 15 fetched, 0 new
  [Fear & Greed] 1 fetched, 0 new

Scraped 4 signals from 7 sources
Total in storage: 780
BIOS Social Scraper
========================================
  [r/wallstreetbets] 25 fetched, 0 new
  [r/cryptocurrency] 25 fetched, 1 new
  [r/economics] 22 fetched, 2 new
  [Hacker News] 15 fetched, 2 new
  [Polymarket] 20 fetched, 0 new
  [CoinGecko] 15 fetched, 0 new
  [Fear & Greed] 1 fetched, 0 new

Scraped 5 signals from 7 sources
Total in storage: 785
BIOS Social Scraper
========================================
  [r/wallstreetbets] 25 fetched, 1 new
  [r/cryptocurrency] 25 fetched, 2 new
  [r/economics] 21 fetched, 0 new
  [Hacker News] 15 fetched, 2 new
  [Polymarket] 20 fetched, 0 new
  [CoinGecko] 15 fetched, 1 new
  [Fear & Greed] 1 fetched, 0 new

Scraped 6 signals from 7 sources
Total in storage: 791
BIOS Social Scraper
========================================
  [r/wallstreetbets] 25 fetched, 1 new
  [r/cryptocurrency] 25 fetched, 0 new
  [r/economics] 20 fetched, 1 new
  [Hacker News] 15 fetched, 1 new
  [Polymarket] 20 fetched, 0 new
  [CoinGecko] 15 fetched, 0 new
  [Fear & Greed] 1 fetched, 0 new

Scraped 3 signals from 7 sources
Total in storage: 794
BIOS Social Scraper
========================================
  [r/wallstreetbets] 0 fetched, 0 new
  [r/cryptocurrency] 0 fetched, 0 new
  [r/economics] 0 fetched, 0 new
  [Hacker News] 15 fetched, 4 new
  [Polymarket] 20 fetched, 0 new
  [CoinGecko] 15 fetched, 0 new
  [Fear & Greed] 1 fetched, 0 new

Scraped 4 signals from 7 sources
Total in storage: 798
BIOS Social Scraper
========================================
  [r/wallstreetbets] 0 fetched, 0 new
  [r/cryptocurrency] 0 fetched, 0 new
  [r/economics] 0 fetched, 0 new
  [Hacker News] 15 fetched, 2 new
  [Polymarket] 20 fetched, 0 new
  [CoinGecko] 15 fetched, 0 new
  [Fear & Greed] 1 fetched, 0 new

Scraped 2 signals from 7 sources
Total in storage: 800
BIOS Social Scraper
========================================
  [r/wallstreetbets] 0 fetched, 0 new
  [r/cryptocurrency] 0 fetched, 0 new
  [r/economics] 0 fetched, 0 new
  [Hacker News] 15 fetched, 2 new
  [Polymarket] 20 fetched, 0 new
  [CoinGecko] 15 fetched, 0 new
  [Fear & Greed] 1 fetched, 0 new

Scraped 2 signals from 7 sources
Total in storage: 802
BIOS Social Scraper
========================================
  [r/wallstreetbets] 0 fetched, 0 new
  [r/cryptocurrency] 0 fetched, 0 new
  [r/economics] 0 fetched, 0 new
  [Hacker News] 15 fetched, 1 new
  [Polymarket] 20 fetched, 0 new
  [CoinGecko] 15 fetched, 0 new
  [Fear & Greed] 1 fetched, 0 new

Scraped 1 signals from 7 sources
Total in storage: 803
BIOS Social Scraper
========================================
  [r/wallstreetbets] 0 fetched, 0 new
  [r/cryptocurrency] 0 fetched, 0 new
  [r/economics] 0 fetched, 0 new
  [Hacker News] 15 fetched, 3 new
  [Polymarket] 20 fetched, 0 new
  [CoinGecko] 15 fetched, 1 new
  [Fear & Greed] 1 fetched, 0 new

Scraped 4 signals from 7 sources
Total in storage: 807
BIOS Social Scraper
========================================
  [r/wallstreetbets] 0 fetched, 0 new
  [r/cryptocurrency] 0 fetched, 0 new
  [r/economics] 0 fetched, 0 new
  [Hacker News] 15 fetched, 4 new
  [Polymarket] 20 fetched, 0 new
  [CoinGecko] 15 fetched, 2 new
  [Fear & Greed] 1 fetched, 0 new

Scraped 6 signals from 7 sources
Total in storage: 813
BIOS Social Scraper
========================================
  [r/wallstreetbets] 0 fetched, 0 new
  [r/cryptocurrency] 0 fetched, 0 new
  [r/economics] 0 fetched, 0 new
  [Hacker News] 14 fetched, 2 new
  [Polymarket] 20 fetched, 0 new
  [CoinGecko] 15 fetched, 0 new
  [Fear & Greed] 1 fetched, 0 new

Scraped 2 signals from 7 sources
Total in storage: 815
BIOS Social Scraper
========================================
  [r/wallstreetbets] 0 fetched, 0 new
  [r/cryptocurrency] 0 fetched, 0 new
  [r/economics] 0 fetched, 0 new
  [Hacker News] 15 fetched, 2 new
  [Polymarket] 20 fetched, 0 new
  [CoinGecko] 15 fetched, 0 new
  [Fear & Greed] 1 fetched, 0 new

Scraped 2 signals from 7 sources
Total in storage: 817
BIOS Social Scraper
========================================
  [r/wallstreetbets] 0 fetched, 0 new
  [r/cryptocurrency] 0 fetched, 0 new
  [r/economics] 0 fetched, 0 new
  [Hacker News] 15 fetched, 1 new
  [Polymarket] 20 fetched, 0 new
  [CoinGecko] 15 fetched, 0 new
  [Fear & Greed] 1 fetched, 0 new

Scraped 1 signals from 7 sources
Total in storage: 818
BIOS Social Scraper
========================================
  [r/wallstreetbets] 0 fetched, 0 new
  [r/cryptocurrency] 0 fetched, 0 new
  [r/economics] 0 fetched, 0 new
  [Hacker News] 15 fetched, 2 new
  [Polymarket] 20 fetched, 0 new
  [CoinGecko] 15 fetched, 0 new
  [Fear & Greed] 1 fetched, 0 new

Scraped 2 signals from 7 sources
Total in storage: 820
BIOS Social Scraper
========================================
  [r/wallstreetbets] 0 fetched, 0 new
  [r/cryptocurrency] 0 fetched, 0 new
  [r/economics] 0 fetched, 0 new
  [Hacker News] 15 fetched, 2 new
  [Polymarket] 20 fetched, 0 new
  [CoinGecko] 15 fetched, 0 new
  [Fear & Greed] 1 fetched, 0 new

Scraped 2 signals from 7 sources
Total in storage: 822
BIOS Social Scraper
========================================
  [r/wallstreetbets] 0 fetched, 0 new
  [r/cryptocurrency] 0 fetched, 0 new
  [r/economics] 0 fetched, 0 new
  [Hacker News] 15 fetched, 1 new
  [Polymarket] 20 fetched, 0 new
  [CoinGecko] 15 fetched, 0 new
  [Fear & Greed] 1 fetched, 0 new

Scraped 1 signals from 7 sources
Total in storage: 823
BIOS Social Scraper
========================================
  [r/wallstreetbets] 0 fetched, 0 new
  [r/cryptocurrency] 0 fetched, 0 new
  [r/economics] 0 fetched, 0 new
  [Hacker News] 15 fetched, 2 new
  [Polymarket] 20 fetched, 0 new
  [CoinGecko] 15 fetched, 0 new
  [Fear & Greed] 1 fetched, 0 new

Scraped 2 signals from 7 sources
Total in storage: 825
BIOS Social Scraper
========================================
  [r/wallstreetbets] 0 fetched, 0 new
  [r/cryptocurrency] 0 fetched, 0 new
  [r/economics] 0 fetched, 0 new
  [Hacker News] 15 fetched, 1 new
  [Polymarket] 20 fetched, 0 new
  [CoinGecko] 15 fetched, 0 new
  [Fear & Greed] 1 fetched, 0 new

Scraped 1 signals from 7 sources
Total in storage: 826
BIOS Social Scraper
========================================
  [r/wallstreetbets] 0 fetched, 0 new
  [r/cryptocurrency] 0 fetched, 0 new
  [r/economics] 0 fetched, 0 new
  [Hacker News] 15 fetched, 3 new
  [Polymarket] 20 fetched, 0 new
  [CoinGecko] 15 fetched, 15 new
  [Fear & Greed] 1 fetched, 1 new

Scraped 19 signals from 7 sources
Total in storage: 845
BIOS Social Scraper
========================================
  [r/wallstreetbets] 0 fetched, 0 new
  [r/cryptocurrency] 0 fetched, 0 new
  [r/economics] 0 fetched, 0 new
  [Hacker News] 15 fetched, 0 new
  [Polymarket] 20 fetched, 0 new
  [CoinGecko] 15 fetched, 2 new
  [Fear & Greed] 1 fetched, 0 new

Scraped 2 signals from 7 sources
Total in storage: 847
BIOS Social Scraper
========================================
  [r/wallstreetbets] 0 fetched, 0 new
  [r/cryptocurrency] 0 fetched, 0 new
  [r/economics] 0 fetched, 0 new
  [Hacker News] 15 fetched, 1 new
  [Polymarket] 20 fetched, 0 new
  [CoinGecko] 15 fetched, 0 new
  [Fear & Greed] 1 fetched, 0 new

Scraped 1 signals from 7 sources
Total in storage: 848
BIOS Social Scraper
========================================
  [r/wallstreetbets] 0 fetched, 0 new
  [r/cryptocurrency] 0 fetched, 0 new
  [r/economics] 0 fetched, 0 new
  [Hacker News] 15 fetched, 2 new
  [Polymarket] 20 fetched, 0 new
  [CoinGecko] 15 fetched, 1 new
  [Fear & Greed] 1 fetched, 0 new

Scraped 3 signals from 7 sources
Total in storage: 851
BIOS Social Scraper
========================================
  [r/wallstreetbets] 0 fetched, 0 new
  [r/cryptocurrency] 0 fetched, 0 new
  [r/economics] 0 fetched, 0 new
  [Hacker News] 15 fetched, 1 new
  [Polymarket] 20 fetched, 0 new
  [CoinGecko] 15 fetched, 1 new
  [Fear & Greed] 1 fetched, 0 new

Scraped 2 signals from 7 sources
Total in storage: 853
BIOS Social Scraper
========================================
  [r/wallstreetbets] 0 fetched, 0 new
  [r/cryptocurrency] 0 fetched, 0 new
  [r/economics] 0 fetched, 0 new
  [Hacker News] 15 fetched, 1 new
  [Polymarket] 20 fetched, 0 new
  [CoinGecko] 15 fetched, 0 new
  [Fear & Greed] 1 fetched, 0 new

Scraped 1 signals from 7 sources
Total in storage: 854
BIOS Social Scraper
========================================
  [r/wallstreetbets] 25 fetched, 17 new
  [r/cryptocurrency] 25 fetched, 14 new
  [r/economics] 25 fetched, 12 new
  [Hacker News] 15 fetched, 1 new
  [Polymarket] 20 fetched, 0 new
  [CoinGecko] 15 fetched, 1 new
  [Fear & Greed] 1 fetched, 0 new

Scraped 45 signals from 7 sources
Total in storage: 899
BIOS Social Scraper
========================================
  [r/wallstreetbets] 25 fetched, 1 new
  [r/cryptocurrency] 25 fetched, 0 new
  [r/economics] 25 fetched, 0 new
  [Hacker News] 15 fetched, 1 new
  [Polymarket] 20 fetched, 0 new
  [CoinGecko] 15 fetched, 0 new
  [Fear & Greed] 1 fetched, 0 new

Scraped 2 signals from 7 sources
Total in storage: 901
BIOS Social Scraper
========================================
  [r/wallstreetbets] 25 fetched, 0 new
  [r/cryptocurrency] 25 fetched, 2 new
  [r/economics] 25 fetched, 0 new
  [Hacker News] 15 fetched, 1 new
  [Polymarket] 20 fetched, 0 new
  [CoinGecko] 15 fetched, 0 new
  [Fear & Greed] 1 fetched, 0 new

Scraped 3 signals from 7 sources
Total in storage: 904
BIOS Social Scraper
========================================
  [r/wallstreetbets] 25 fetched, 1 new
  [r/cryptocurrency] 25 fetched, 0 new
  [r/economics] 24 fetched, 0 new
  [Hacker News] 15 fetched, 0 new
  [Polymarket] 20 fetched, 0 new
  [CoinGecko] 15 fetched, 1 new
  [Fear & Greed] 1 fetched, 0 new

Scraped 2 signals from 7 sources
Total in storage: 906
BIOS Social Scraper
========================================
  [r/wallstreetbets] 25 fetched, 2 new
  [r/cryptocurrency] 25 fetched, 0 new
  [r/economics] 24 fetched, 0 new
  [Hacker News] 15 fetched, 0 new
  [Polymarket] 20 fetched, 0 new
  [CoinGecko] 15 fetched, 1 new
  [Fear & Greed] 1 fetched, 0 new

Scraped 3 signals from 7 sources
Total in storage: 909
BIOS Social Scraper
========================================
  [r/wallstreetbets] 25 fetched, 1 new
  [r/cryptocurrency] 25 fetched, 1 new
  [r/economics] 24 fetched, 0 new
  [Hacker News] 15 fetched, 1 new
  [Polymarket] 20 fetched, 0 new
  [CoinGecko] 15 fetched, 0 new
  [Fear & Greed] 1 fetched, 0 new

Scraped 3 signals from 7 sources
Total in storage: 912
BIOS Social Scraper
========================================
  [r/wallstreetbets] 0 fetched, 0 new
  [r/cryptocurrency] 0 fetched, 0 new
  [r/economics] 0 fetched, 0 new
  [Hacker News] 15 fetched, 1 new
  [Polymarket] 20 fetched, 0 new
  [CoinGecko] 15 fetched, 0 new
  [Fear & Greed] 1 fetched, 0 new

Scraped 1 signals from 7 sources
Total in storage: 913
BIOS Social Scraper
========================================
  [r/wallstreetbets] 25 fetched, 0 new
  [r/cryptocurrency] 25 fetched, 0 new
  [r/economics] 25 fetched, 1 new
  [Hacker News] 15 fetched, 0 new
  [Polymarket] 20 fetched, 0 new
  [CoinGecko] 15 fetched, 1 new
  [Fear & Greed] 1 fetched, 0 new

Scraped 2 signals from 7 sources
Total in storage: 915
BIOS Social Scraper
========================================
  [r/wallstreetbets] 25 fetched, 0 new
  [r/cryptocurrency] 25 fetched, 2 new
  [r/economics] 25 fetched, 0 new
  [Hacker News] 15 fetched, 0 new
  [Polymarket] 20 fetched, 0 new
  [CoinGecko] 15 fetched, 0 new
  [Fear & Greed] 1 fetched, 0 new

Scraped 2 signals from 7 sources
Total in storage: 917
BIOS Social Scraper
========================================
  [r/wallstreetbets] 25 fetched, 2 new
  [r/cryptocurrency] 25 fetched, 0 new
  [r/economics] 25 fetched, 0 new
  [Hacker News] 15 fetched, 1 new
  [Polymarket] 20 fetched, 0 new
  [CoinGecko] 15 fetched, 0 new
  [Fear & Greed] 1 fetched, 0 new

Scraped 3 signals from 7 sources
Total in storage: 920
BIOS Social Scraper
========================================
  [r/wallstreetbets] 0 fetched, 0 new
  [r/cryptocurrency] 0 fetched, 0 new
  [r/economics] 0 fetched, 0 new
  [Hacker News] 15 fetched, 1 new
  [Polymarket] 20 fetched, 0 new
  [CoinGecko] 15 fetched, 1 new
  [Fear & Greed] 1 fetched, 0 new

Scraped 2 signals from 7 sources
Total in storage: 922
BIOS Social Scraper
========================================
  [r/wallstreetbets] 0 fetched, 0 new
  [r/cryptocurrency] 0 fetched, 0 new
  [r/economics] 0 fetched, 0 new
  [Hacker News] 15 fetched, 1 new
  [Polymarket] 20 fetched, 0 new
  [CoinGecko] 15 fetched, 0 new
  [Fear & Greed] 1 fetched, 0 new

Scraped 1 signals from 7 sources
Total in storage: 923
BIOS Social Scraper
========================================
  [r/wallstreetbets] 0 fetched, 0 new
  [r/cryptocurrency] 0 fetched, 0 new
  [r/economics] 0 fetched, 0 new
  [Hacker News] 15 fetched, 0 new
  [Polymarket] 20 fetched, 0 new
  [CoinGecko] 15 fetched, 1 new
  [Fear & Greed] 1 fetched, 0 new

Scraped 1 signals from 7 sources
Total in storage: 924
BIOS Social Scraper
========================================
  [r/wallstreetbets] 0 fetched, 0 new
  [r/cryptocurrency] 0 fetched, 0 new
  [r/economics] 0 fetched, 0 new
  [Hacker News] 15 fetched, 0 new
  [Polymarket] 20 fetched, 0 new
  [CoinGecko] 15 fetched, 1 new
  [Fear & Greed] 1 fetched, 0 new

Scraped 1 signals from 7 sources
Total in storage: 925
BIOS Social Scraper
========================================
  [r/wallstreetbets] 0 fetched, 0 new
  [r/cryptocurrency] 0 fetched, 0 new
  [r/economics] 0 fetched, 0 new
  [Hacker News] 15 fetched, 2 new
  [Polymarket] 20 fetched, 0 new
  [CoinGecko] 15 fetched, 0 new
  [Fear & Greed] 1 fetched, 0 new

Scraped 2 signals from 7 sources
Total in storage: 927
BIOS Social Scraper
========================================
  [r/wallstreetbets] 25 fetched, 2 new
  [r/cryptocurrency] 25 fetched, 2 new
  [r/economics] 25 fetched, 3 new
  [Hacker News] 15 fetched, 0 new
  [Polymarket] 20 fetched, 0 new
  [CoinGecko] 15 fetched, 1 new
  [Fear & Greed] 1 fetched, 0 new

Scraped 8 signals from 7 sources
Total in storage: 935
BIOS Social Scraper
========================================
  [r/wallstreetbets] 25 fetched, 0 new
  [r/cryptocurrency] 25 fetched, 2 new
  [r/economics] 23 fetched, 0 new
  [Hacker News] 15 fetched, 1 new
  [Polymarket] 20 fetched, 0 new
  [CoinGecko] 15 fetched, 3 new
  [Fear & Greed] 1 fetched, 0 new

Scraped 6 signals from 7 sources
Total in storage: 941
BIOS Social Scraper
========================================
  [r/wallstreetbets] 25 fetched, 1 new
  [r/cryptocurrency] 25 fetched, 0 new
  [r/economics] 22 fetched, 0 new
  [Hacker News] 15 fetched, 2 new
  [Polymarket] 20 fetched, 0 new
  [CoinGecko] 15 fetched, 0 new
  [Fear & Greed] 1 fetched, 0 new

Scraped 3 signals from 7 sources
Total in storage: 944
BIOS Social Scraper
========================================
  [r/wallstreetbets] 0 fetched, 0 new
  [r/cryptocurrency] 0 fetched, 0 new
  [r/economics] 0 fetched, 0 new
  [Hacker News] 15 fetched, 1 new
  [Polymarket] 20 fetched, 0 new
  [CoinGecko] 15 fetched, 0 new
  [Fear & Greed] 1 fetched, 0 new

Scraped 1 signals from 7 sources
Total in storage: 945
BIOS Social Scraper
========================================
  [r/wallstreetbets] 0 fetched, 0 new
  [r/cryptocurrency] 0 fetched, 0 new
  [r/economics] 0 fetched, 0 new
  [Hacker News] 15 fetched, 5 new
  [Polymarket] 20 fetched, 0 new
  [CoinGecko] 15 fetched, 3 new
  [Fear & Greed] 1 fetched, 0 new

Scraped 8 signals from 7 sources
Total in storage: 953
BIOS Social Scraper
========================================
  [r/wallstreetbets] 0 fetched, 0 new
  [r/cryptocurrency] 0 fetched, 0 new
  [r/economics] 0 fetched, 0 new
  [Hacker News] 15 fetched, 1 new
  [Polymarket] 20 fetched, 0 new
  [CoinGecko] 15 fetched, 0 new
  [Fear & Greed] 1 fetched, 0 new

Scraped 1 signals from 7 sources
Total in storage: 954
BIOS Social Scraper
========================================
  [r/wallstreetbets] 0 fetched, 0 new
  [r/cryptocurrency] 0 fetched, 0 new
  [r/economics] 0 fetched, 0 new
  [Hacker News] 15 fetched, 1 new
  [Polymarket] 20 fetched, 0 new
  [CoinGecko] 15 fetched, 2 new
  [Fear & Greed] 1 fetched, 0 new

Scraped 3 signals from 7 sources
Total in storage: 957
BIOS Social Scraper
========================================
  [r/wallstreetbets] 0 fetched, 0 new
  [r/cryptocurrency] 0 fetched, 0 new
  [r/economics] 0 fetched, 0 new
  [Hacker News] 15 fetched, 1 new
  [Polymarket] 20 fetched, 0 new
  [CoinGecko] 15 fetched, 0 new
  [Fear & Greed] 1 fetched, 0 new

Scraped 1 signals from 7 sources
Total in storage: 958
BIOS Social Scraper
========================================
  [r/wallstreetbets] 0 fetched, 0 new
  [r/cryptocurrency] 0 fetched, 0 new
  [r/economics] 0 fetched, 0 new
  [Hacker News] 15 fetched, 9 new
  [Polymarket] 20 fetched, 0 new
  [CoinGecko] 15 fetched, 0 new
  [Fear & Greed] 1 fetched, 0 new

Scraped 9 signals from 7 sources
Total in storage: 967
BIOS Social Scraper
========================================
  [r/wallstreetbets] 20 fetched, 10 new
  [r/cryptocurrency] 25 fetched, 10 new
  [r/economics] 9 fetched, 2 new
  [Hacker News] 15 fetched, 2 new
  [Polymarket] 20 fetched, 0 new
  [CoinGecko] 15 fetched, 0 new
  [Fear & Greed] 1 fetched, 0 new

Scraped 24 signals from 7 sources
Total in storage: 991
BIOS Social Scraper
========================================
  [r/wallstreetbets] 19 fetched, 0 new
  [r/cryptocurrency] 25 fetched, 0 new
  [r/economics] 9 fetched, 0 new
  [Hacker News] 15 fetched, 2 new
  [Polymarket] 20 fetched, 0 new
  [CoinGecko] 15 fetched, 0 new
  [Fear & Greed] 1 fetched, 0 new

Scraped 2 signals from 7 sources
Total in storage: 993
BIOS Social Scraper
========================================
  [r/wallstreetbets] 18 fetched, 2 new
  [r/cryptocurrency] 25 fetched, 1 new
  [r/economics] 9 fetched, 1 new
  [Hacker News] 15 fetched, 1 new
  [Polymarket] 20 fetched, 0 new
  [CoinGecko] 15 fetched, 0 new
  [Fear & Greed] 1 fetched, 0 new

Scraped 5 signals from 7 sources
Total in storage: 998
BIOS Social Scraper
========================================
  [r/wallstreetbets] 16 fetched, 0 new
  [r/cryptocurrency] 25 fetched, 0 new
  [r/economics] 9 fetched, 0 new
  [Hacker News] 15 fetched, 2 new
  [Polymarket] 20 fetched, 0 new
  [CoinGecko] 15 fetched, 0 new
  [Fear & Greed] 1 fetched, 0 new

Scraped 2 signals from 7 sources
Total in storage: 1000
BIOS Social Scraper
========================================
  [r/wallstreetbets] 16 fetched, 0 new
  [r/cryptocurrency] 24 fetched, 2 new
  [r/economics] 9 fetched, 0 new
  [Hacker News] 15 fetched, 1 new
  [Polymarket] 20 fetched, 0 new
  [CoinGecko] 15 fetched, 0 new
  [Fear & Greed] 1 fetched, 0 new

Scraped 3 signals from 7 sources
Total in storage: 1003
BIOS Social Scraper
========================================
  [r/wallstreetbets] 16 fetched, 1 new
  [r/cryptocurrency] 25 fetched, 2 new
  [r/economics] 10 fetched, 2 new
  [Hacker News] 15 fetched, 2 new
  [Polymarket] 20 fetched, 0 new
  [CoinGecko] 15 fetched, 0 new
  [Fear & Greed] 1 fetched, 0 new

Scraped 7 signals from 7 sources
Total in storage: 1007
BIOS Social Scraper
========================================
  [r/wallstreetbets] 15 fetched, 1 new
  [r/cryptocurrency] 25 fetched, 2 new
  [r/economics] 10 fetched, 0 new
  [Hacker News] 15 fetched, 4 new
  [Polymarket] 20 fetched, 0 new
  [CoinGecko] 15 fetched, 0 new
  [Fear & Greed] 1 fetched, 0 new

Scraped 7 signals from 7 sources
Total in storage: 1007
BIOS Social Scraper
========================================
  [r/wallstreetbets] 15 fetched, 1 new
  [r/cryptocurrency] 25 fetched, 3 new
  [r/economics] 9 fetched, 2 new
  [Hacker News] 15 fetched, 3 new
  [Polymarket] 20 fetched, 0 new
  [CoinGecko] 15 fetched, 0 new
  [Fear & Greed] 1 fetched, 0 new

Scraped 9 signals from 7 sources
Total in storage: 1009
BIOS Social Scraper
========================================
  [r/wallstreetbets] 15 fetched, 2 new
  [r/cryptocurrency] 24 fetched, 2 new
  [r/economics] 9 fetched, 1 new
  [Hacker News] 15 fetched, 4 new
  [Polymarket] 20 fetched, 0 new
  [CoinGecko] 15 fetched, 0 new
  [Fear & Greed] 1 fetched, 0 new

Scraped 9 signals from 7 sources
Total in storage: 1009
BIOS Social Scraper
========================================
  [r/wallstreetbets] 12 fetched, 1 new
  [r/cryptocurrency] 24 fetched, 3 new
  [r/economics] 8 fetched, 1 new
  [Hacker News] 15 fetched, 4 new
  [Polymarket] 20 fetched, 0 new
  [CoinGecko] 15 fetched, 15 new
  [Fear & Greed] 1 fetched, 1 new

Scraped 25 signals from 7 sources
Total in storage: 1025
BIOS Social Scraper
========================================
  [r/wallstreetbets] 11 fetched, 3 new
  [r/cryptocurrency] 23 fetched, 7 new
  [r/economics] 8 fetched, 2 new
  [Hacker News] 15 fetched, 4 new
  [Polymarket] 20 fetched, 0 new
  [CoinGecko] 15 fetched, 2 new
  [Fear & Greed] 1 fetched, 0 new

Scraped 18 signals from 7 sources
Total in storage: 1018
