BIOS Social Scraper
========================================
  [r/wallstreetbets] 0 fetched, 0 new
  [r/cryptocurrency] 0 fetched, 0 new
  [r/economics] 0 fetched, 0 new
  [Hacker News] 15 fetched, 2 new
  [Polymarket] 20 fetched, 0 new
  [CoinGecko] 15 fetched, 1 new
  [Fear & Greed] 1 fetched, 0 new

Scraped 3 signals from 7 sources
Total in storage: 54
BIOS Social Scraper
========================================
  [r/wallstreetbets] 0 fetched, 0 new
  [r/cryptocurrency] 0 fetched, 0 new
  [r/economics] 0 fetched, 0 new
  [Hacker News] 15 fetched, 2 new
  [Polymarket] 20 fetched, 0 new
  [CoinGecko] 15 fetched, 1 new
  [Fear & Greed] 1 fetched, 0 new

Scraped 3 signals from 7 sources
Total in storage: 57
BIOS Social Scraper
========================================
  [r/wallstreetbets] 0 fetched, 0 new
  [r/cryptocurrency] 0 fetched, 0 new
  [r/economics] 0 fetched, 0 new
  [Hacker News] 15 fetched, 0 new
  [Polymarket] 20 fetched, 0 new
  [CoinGecko] 15 fetched, 1 new
  [Fear & Greed] 1 fetched, 0 new

Scraped 1 signals from 7 sources
Total in storage: 58
BIOS Social Scraper
========================================
  [r/wallstreetbets] 0 fetched, 0 new
  [r/cryptocurrency] 0 fetched, 0 new
  [r/economics] 0 fetched, 0 new
  [Hacker News] 15 fetched, 1 new
  [Polymarket] 20 fetched, 0 new
  [CoinGecko] 15 fetched, 0 new
  [Fear & Greed] 1 fetched, 0 new

Scraped 1 signals from 7 sources
Total in storage: 59
BIOS Social Scraper
========================================
  [r/wallstreetbets] 0 fetched, 0 new
  [r/cryptocurrency] 0 fetched, 0 new
  [r/economics] 0 fetched, 0 new
  [Hacker News] 15 fetched, 3 new
  [Polymarket] 20 fetched, 0 new
  [CoinGecko] 15 fetched, 1 new
  [Fear & Greed] 1 fetched, 0 new

Scraped 4 signals from 7 sources
Total in storage: 63
BIOS Social Scraper
========================================
  [r/wallstreetbets] 0 fetched, 0 new
  [r/cryptocurrency] 0 fetched, 0 new
  [r/economics] 0 fetched, 0 new
  [Hacker News] 15 fetched, 2 new
  [Polymarket] 20 fetched, 0 new
  [CoinGecko] 15 fetched, 1 new
  [Fear & Greed] 1 fetched, 0 new

Scraped 3 signals from 7 sources
Total in storage: 66
BIOS Social Scraper
========================================
  [r/wallstreetbets] 0 fetched, 0 new
  [r/cryptocurrency] 0 fetched, 0 new
  [r/economics] 0 fetched, 0 new
  [Hacker News] 15 fetched, 1 new
  [Polymarket] 20 fetched, 0 new
  [CoinGecko] 15 fetched, 15 new
  [Fear & Greed] 1 fetched, 1 new

Scraped 17 signals from 7 sources
Total in storage: 83
BIOS Social Scraper
========================================
  [r/wallstreetbets] 0 fetched, 0 new
  [r/cryptocurrency] 0 fetched, 0 new
  [r/economics] 0 fetched, 0 new
  [Hacker News] 15 fetched, 1 new
  [Polymarket] 20 fetched, 0 new
  [CoinGecko] 15 fetched, 2 new
  [Fear & Greed] 1 fetched, 0 new

Scraped 3 signals from 7 sources
Total in storage: 86
BIOS Social Scraper
========================================
  [r/wallstreetbets] 0 fetched, 0 new
  [r/cryptocurrency] 0 fetched, 0 new
  [r/economics] 0 fetched, 0 new
  [Hacker News] 15 fetched, 1 new
  [Polymarket] 20 fetched, 0 new
  [CoinGecko] 15 fetched, 1 new
  [Fear & Greed] 1 fetched, 0 new

Scraped 2 signals from 7 sources
Total in storage: 88
BIOS Social Scraper
========================================
  [r/wallstreetbets] 21 fetched, 21 new
  [r/cryptocurrency] 25 fetched, 25 new
  [r/economics] 17 fetched, 17 new
  [Hacker News] 15 fetched, 1 new
  [Polymarket] 20 fetched, 0 new
  [CoinGecko] 15 fetched, 1 new
  [Fear & Greed] 1 fetched, 0 new

Scraped 65 signals from 7 sources
Total in storage: 153
BIOS Social Scraper
========================================
  [r/wallstreetbets] 22 fetched, 1 new
  [r/cryptocurrency] 25 fetched, 2 new
  [r/economics] 17 fetched, 0 new
  [Hacker News] 15 fetched, 2 new
  [Polymarket] 20 fetched, 0 new
  [CoinGecko] 15 fetched, 1 new
  [Fear & Greed] 1 fetched, 0 new

Scraped 6 signals from 7 sources
Total in storage: 159
BIOS Social Scraper
========================================
  [r/wallstreetbets] 22 fetched, 0 new
  [r/cryptocurrency] 25 fetched, 1 new
  [r/economics] 17 fetched, 0 new
  [Hacker News] 15 fetched, 0 new
  [Polymarket] 20 fetched, 0 new
  [CoinGecko] 15 fetched, 0 new
  [Fear & Greed] 1 fetched, 0 new

Scraped 1 signals from 7 sources
Total in storage: 160
BIOS Social Scraper
========================================
  [r/wallstreetbets] 22 fetched, 0 new
  [r/cryptocurrency] 25 fetched, 1 new
  [r/economics] 17 fetched, 0 new
  [Hacker News] 15 fetched, 1 new
  [Polymarket] 20 fetched, 0 new
  [CoinGecko] 15 fetched, 0 new
  [Fear & Greed] 1 fetched, 0 new

Scraped 2 signals from 7 sources
Total in storage: 162
BIOS Social Scraper
========================================
  [r/wallstreetbets] 22 fetched, 0 new
  [r/cryptocurrency] 25 fetched, 0 new
  [r/economics] 17 fetched, 0 new
  [Hacker News] 15 fetched, 1 new
  [Polymarket] 20 fetched, 0 new
  [CoinGecko] 15 fetched, 0 new
  [Fear & Greed] 1 fetched, 0 new

Scraped 1 signals from 7 sources
Total in storage: 163
BIOS Social Scraper
========================================
  [r/wallstreetbets] 22 fetched, 1 new
  [r/cryptocurrency] 25 fetched, 1 new
  [r/economics] 17 fetched, 0 new
  [Hacker News] 15 fetched, 1 new
  [Polymarket] 20 fetched, 0 new
  [CoinGecko] 15 fetched, 0 new
  [Fear & Greed] 1 fetched, 0 new

Scraped 3 signals from 7 sources
Total in storage: 166
BIOS Social Scraper
========================================
  [r/wallstreetbets] 22 fetched, 0 new
  [r/cryptocurrency] 25 fetched, 1 new
  [r/economics] 17 fetched, 0 new
  [Hacker News] 15 fetched, 1 new
  [Polymarket] 20 fetched, 0 new
  [CoinGecko] 15 fetched, 0 new
  [Fear & Greed] 1 fetched, 0 new

Scraped 2 signals from 7 sources
Total in storage: 168
BIOS Social Scraper
========================================
  [r/wallstreetbets] 21 fetched, 0 new
  [r/cryptocurrency] 25 fetched, 1 new
  [r/economics] 19 fetched, 2 new
  [Hacker News] 15 fetched, 2 new
  [Polymarket] 20 fetched, 0 new
  [CoinGecko] 15 fetched, 0 new
  [Fear & Greed] 1 fetched, 0 new

Scraped 5 signals from 7 sources
Total in storage: 173
BIOS Social Scraper
========================================
  [r/wallstreetbets] 25 fetched, 5 new
  [r/cryptocurrency] 25 fetched, 0 new
  [r/economics] 19 fetched, 0 new
  [Hacker News] 15 fetched, 0 new
  [Polymarket] 20 fetched, 0 new
  [CoinGecko] 15 fetched, 1 new
  [Fear & Greed] 1 fetched, 0 new

Scraped 6 signals from 7 sources
Total in storage: 179
BIOS Social Scraper
========================================
  [r/wallstreetbets] 25 fetched, 1 new
  [r/cryptocurrency] 25 fetched, 1 new
  [r/economics] 20 fetched, 2 new
  [Hacker News] 15 fetched, 3 new
  [Polymarket] 20 fetched, 0 new
  [CoinGecko] 15 fetched, 0 new
  [Fear & Greed] 1 fetched, 0 new

Scraped 7 signals from 7 sources
Total in storage: 186
BIOS Social Scraper
========================================
  [r/wallstreetbets] 21 fetched, 0 new
  [r/cryptocurrency] 25 fetched, 1 new
  [r/economics] 20 fetched, 0 new
  [Hacker News] 15 fetched, 1 new
  [Polymarket] 20 fetched, 0 new
  [CoinGecko] 15 fetched, 1 new
  [Fear & Greed] 1 fetched, 0 new

Scraped 3 signals from 7 sources
Total in storage: 189
BIOS Social Scraper
========================================
  [r/wallstreetbets] 20 fetched, 0 new
  [r/cryptocurrency] 25 fetched, 0 new
  [r/economics] 20 fetched, 0 new
  [Hacker News] 15 fetched, 0 new
  [Polymarket] 20 fetched, 0 new
  [CoinGecko] 15 fetched, 0 new
  [Fear & Greed] 1 fetched, 0 new

Scraped 0 signals from 7 sources
Total in storage: 189
BIOS Social Scraper
========================================
  [r/wallstreetbets] 20 fetched, 0 new
  [r/cryptocurrency] 25 fetched, 0 new
  [r/economics] 20 fetched, 0 new
  [Hacker News] 15 fetched, 0 new
  [Polymarket] 20 fetched, 0 new
  [CoinGecko] 15 fetched, 0 new
  [Fear & Greed] 1 fetched, 0 new

Scraped 0 signals from 7 sources
Total in storage: 192
BIOS Social Scraper
========================================
  [r/wallstreetbets] 19 fetched, 0 new
  [r/cryptocurrency] 25 fetched, 0 new
  [r/economics] 20 fetched, 0 new
  [Hacker News] 15 fetched, 1 new
  [Polymarket] 20 fetched, 0 new
  [CoinGecko] 15 fetched, 0 new
  [Fear & Greed] 1 fetched, 0 new

Scraped 1 signals from 7 sources
Total in storage: 193
BIOS Social Scraper
========================================
  [r/wallstreetbets] 20 fetched, 1 new
  [r/cryptocurrency] 25 fetched, 0 new
  [r/economics] 20 fetched, 0 new
  [Hacker News] 15 fetched, 2 new
  [Polymarket] 20 fetched, 0 new
  [CoinGecko] 15 fetched, 0 new
  [Fear & Greed] 1 fetched, 0 new

Scraped 3 signals from 7 sources
Total in storage: 196
BIOS Social Scraper
========================================
  [r/wallstreetbets] 20 fetched, 0 new
  [r/cryptocurrency] 25 fetched, 0 new
  [r/economics] 20 fetched, 2 new
  [Hacker News] 15 fetched, 2 new
  [Polymarket] 20 fetched, 0 new
  [CoinGecko] 15 fetched, 0 new
  [Fear & Greed] 1 fetched, 0 new

Scraped 4 signals from 7 sources
Total in storage: 200
BIOS Social Scraper
========================================
  [r/wallstreetbets] 20 fetched, 0 new
  [r/cryptocurrency] 25 fetched, 3 new
  [r/economics] 19 fetched, 0 new
  [Hacker News] 15 fetched, 1 new
  [Polymarket] 20 fetched, 0 new
  [CoinGecko] 15 fetched, 0 new
  [Fear & Greed] 1 fetched, 0 new

Scraped 4 signals from 7 sources
Total in storage: 204
BIOS Social Scraper
========================================
  [r/wallstreetbets] 19 fetched, 0 new
  [r/cryptocurrency] 25 fetched, 0 new
  [r/economics] 20 fetched, 1 new
  [Hacker News] 15 fetched, 1 new
  [Polymarket] 20 fetched, 0 new
  [CoinGecko] 15 fetched, 1 new
  [Fear & Greed] 1 fetched, 0 new

Scraped 3 signals from 7 sources
Total in storage: 207
BIOS Social Scraper
========================================
  [r/wallstreetbets] 20 fetched, 1 new
  [r/cryptocurrency] 25 fetched, 0 new
  [r/economics] 20 fetched, 1 new
  [Hacker News] 15 fetched, 2 new
  [Polymarket] 20 fetched, 0 new
  [CoinGecko] 15 fetched, 1 new
  [Fear & Greed] 1 fetched, 0 new

Scraped 5 signals from 7 sources
Total in storage: 212
BIOS Social Scraper
========================================
  [r/wallstreetbets] 0 fetched, 0 new
  [r/cryptocurrency] 0 fetched, 0 new
  [r/economics] 0 fetched, 0 new
  [Hacker News] 15 fetched, 1 new
  [Polymarket] 20 fetched, 0 new
  [CoinGecko] 15 fetched, 2 new
  [Fear & Greed] 1 fetched, 0 new

Scraped 3 signals from 7 sources
Total in storage: 215
BIOS Social Scraper
========================================
  [r/wallstreetbets] 0 fetched, 0 new
  [r/cryptocurrency] 0 fetched, 0 new
  [r/economics] 0 fetched, 0 new
  [Hacker News] 15 fetched, 0 new
  [Polymarket] 20 fetched, 0 new
  [CoinGecko] 15 fetched, 5 new
  [Fear & Greed] 1 fetched, 0 new

Scraped 5 signals from 7 sources
Total in storage: 220
BIOS Social Scraper
========================================
  [r/wallstreetbets] 0 fetched, 0 new
  [r/cryptocurrency] 0 fetched, 0 new
  [r/economics] 0 fetched, 0 new
  [Hacker News] 15 fetched, 3 new
  [Polymarket] 20 fetched, 0 new
  [CoinGecko] 15 fetched, 1 new
  [Fear & Greed] 1 fetched, 0 new

Scraped 4 signals from 7 sources
Total in storage: 224
BIOS Social Scraper
========================================
  [r/wallstreetbets] 0 fetched, 0 new
  [r/cryptocurrency] 0 fetched, 0 new
  [r/economics] 0 fetched, 0 new
  [Hacker News] 15 fetched, 0 new
  [Polymarket] 20 fetched, 0 new
  [CoinGecko] 15 fetched, 0 new
  [Fear & Greed] 1 fetched, 0 new

Scraped 0 signals from 7 sources
Total in storage: 224
BIOS Social Scraper
========================================
  [r/wallstreetbets] 0 fetched, 0 new
  [r/cryptocurrency] 0 fetched, 0 new
  [r/economics] 0 fetched, 0 new
  [Hacker News] 15 fetched, 2 new
  [Polymarket] 20 fetched, 0 new
  [CoinGecko] 15 fetched, 0 new
  [Fear & Greed] 1 fetched, 0 new

Scraped 2 signals from 7 sources
Total in storage: 226
BIOS Social Scraper
========================================
  [r/wallstreetbets] 0 fetched, 0 new
  [r/cryptocurrency] 0 fetched, 0 new
  [r/economics] 0 fetched, 0 new
  [Hacker News] 15 fetched, 2 new
  [Polymarket] 20 fetched, 0 new
  [CoinGecko] 15 fetched, 1 new
  [Fear & Greed] 1 fetched, 0 new

Scraped 3 signals from 7 sources
Total in storage: 229
BIOS Social Scraper
========================================
  [r/wallstreetbets] 0 fetched, 0 new
  [r/cryptocurrency] 0 fetched, 0 new
  [r/economics] 0 fetched, 0 new
  [Hacker News] 15 fetched, 2 new
  [Polymarket] 20 fetched, 0 new
  [CoinGecko] 15 fetched, 1 new
  [Fear & Greed] 1 fetched, 0 new

Scraped 3 signals from 7 sources
Total in storage: 232
BIOS Social Scraper
========================================
  [r/wallstreetbets] 0 fetched, 0 new
  [r/cryptocurrency] 0 fetched, 0 new
  [r/economics] 0 fetched, 0 new
  [Hacker News] 15 fetched, 1 new
  [Polymarket] 20 fetched, 0 new
  [CoinGecko] 15 fetched, 1 new
  [Fear & Greed] 1 fetched, 0 new

Scraped 2 signals from 7 sources
Total in storage: 234
BIOS Social Scraper
========================================
  [r/wallstreetbets] 0 fetched, 0 new
  [r/cryptocurrency] 0 fetched, 0 new
  [r/economics] 0 fetched, 0 new
  [Hacker News] 15 fetched, 1 new
  [Polymarket] 20 fetched, 0 new
  [CoinGecko] 15 fetched, 0 new
  [Fear & Greed] 1 fetched, 0 new

Scraped 1 signals from 7 sources
Total in storage: 235
BIOS Social Scraper
========================================
  [r/wallstreetbets] 0 fetched, 0 new
  [r/cryptocurrency] 0 fetched, 0 new
  [r/economics] 0 fetched, 0 new
  [Hacker News] 15 fetched, 0 new
  [Polymarket] 20 fetched, 0 new
  [CoinGecko] 15 fetched, 1 new
  [Fear & Greed] 1 fetched, 0 new

Scraped 1 signals from 7 sources
Total in storage: 239
BIOS Social Scraper
========================================
  [r/wallstreetbets] 0 fetched, 0 new
  [r/cryptocurrency] 0 fetched, 0 new
  [r/economics] 0 fetched, 0 new
  [Hacker News] 15 fetched, 4 new
  [Polymarket] 20 fetched, 0 new
  [CoinGecko] 15 fetched, 0 new
  [Fear & Greed] 1 fetched, 0 new

Scraped 4 signals from 7 sources
Total in storage: 243
BIOS Social Scraper
========================================
  [r/wallstreetbets] 0 fetched, 0 new
  [r/cryptocurrency] 0 fetched, 0 new
  [r/economics] 0 fetched, 0 new
  [Hacker News] 15 fetched, 8 new
  [Polymarket] 20 fetched, 0 new
  [CoinGecko] 15 fetched, 0 new
  [Fear & Greed] 1 fetched, 0 new

Scraped 8 signals from 7 sources
Total in storage: 251
BIOS Social Scraper
========================================
  [r/wallstreetbets] 0 fetched, 0 new
  [r/cryptocurrency] 0 fetched, 0 new
  [r/economics] 0 fetched, 0 new
  [Hacker News] 15 fetched, 2 new
  [Polymarket] 20 fetched, 0 new
  [CoinGecko] 15 fetched, 0 new
  [Fear & Greed] 1 fetched, 0 new

Scraped 2 signals from 7 sources
Total in storage: 253
BIOS Social Scraper
========================================
  [r/wallstreetbets] 0 fetched, 0 new
  [r/cryptocurrency] 0 fetched, 0 new
  [r/economics] 0 fetched, 0 new
  [Hacker News] 15 fetched, 5 new
  [Polymarket] 20 fetched, 0 new
  [CoinGecko] 15 fetched, 0 new
  [Fear & Greed] 1 fetched, 0 new

Scraped 5 signals from 7 sources
Total in storage: 256
BIOS Social Scraper
========================================
  [r/wallstreetbets] 0 fetched, 0 new
  [r/cryptocurrency] 0 fetched, 0 new
  [r/economics] 0 fetched, 0 new
  [Hacker News] 15 fetched, 2 new
  [Polymarket] 0 fetched, 0 new
  [CoinGecko] FAILED: <urlopen error [SSL: CERTIFICATE_VERIFY_FAILED] certificate verify failed: unable to get local issuer certificate (_ssl.c:1129)>
  [Fear & Greed] 1 fetched, 0 new

Scraped 2 signals from 6 sources
Total in storage: 258
BIOS Social Scraper
========================================
  [r/wallstreetbets] 0 fetched, 0 new
  [r/cryptocurrency] 0 fetched, 0 new
  [r/economics] 0 fetched, 0 new
  [Hacker News] 15 fetched, 2 new
  [Polymarket] 0 fetched, 0 new
  [CoinGecko] FAILED: <urlopen error [SSL: CERTIFICATE_VERIFY_FAILED] certificate verify failed: unable to get local issuer certificate (_ssl.c:1129)>
  [Fear & Greed] 1 fetched, 0 new

Scraped 2 signals from 6 sources
Total in storage: 258
BIOS Social Scraper
========================================
  [r/wallstreetbets] 0 fetched, 0 new
  [r/cryptocurrency] 0 fetched, 0 new
  [r/economics] 0 fetched, 0 new
  [Hacker News] FAILED: <urlopen error [Errno 8] nodename nor servname provided, or not known>
  [Polymarket] 0 fetched, 0 new
  [CoinGecko] FAILED: <urlopen error [Errno 8] nodename nor servname provided, or not known>
  [Fear & Greed] FAILED: <urlopen error [Errno 8] nodename nor servname provided, or not known>

Scraped 0 signals from 4 sources
Total in storage: 258
BIOS Social Scraper
========================================
  [r/wallstreetbets] 0 fetched, 0 new
  [r/cryptocurrency] 0 fetched, 0 new
  [r/economics] 0 fetched, 0 new
  [Hacker News] 15 fetched, 3 new
  [Polymarket] 0 fetched, 0 new
  [CoinGecko] FAILED: <urlopen error [SSL: CERTIFICATE_VERIFY_FAILED] certificate verify failed: unable to get local issuer certificate (_ssl.c:1129)>
  [Fear & Greed] 1 fetched, 0 new

Scraped 3 signals from 6 sources
Total in storage: 261
BIOS Social Scraper
========================================
  [r/wallstreetbets] 0 fetched, 0 new
  [r/cryptocurrency] 0 fetched, 0 new
  [r/economics] 0 fetched, 0 new
  [Hacker News] FAILED: <urlopen error [Errno 8] nodename nor servname provided, or not known>
  [Polymarket] 0 fetched, 0 new
  [CoinGecko] FAILED: <urlopen error [Errno 8] nodename nor servname provided, or not known>
  [Fear & Greed] FAILED: <urlopen error [Errno 8] nodename nor servname provided, or not known>

Scraped 0 signals from 4 sources
Total in storage: 261
BIOS Social Scraper
========================================
  [r/wallstreetbets] 0 fetched, 0 new
  [r/cryptocurrency] 0 fetched, 0 new
  [r/economics] 0 fetched, 0 new
  [Hacker News] 15 fetched, 11 new
  [Polymarket] 20 fetched, 0 new
  [CoinGecko] 15 fetched, 15 new
  [Fear & Greed] 1 fetched, 1 new

Scraped 27 signals from 7 sources
Total in storage: 288
BIOS Social Scraper
========================================
  [r/wallstreetbets] 0 fetched, 0 new
  [r/cryptocurrency] 0 fetched, 0 new
  [r/economics] 0 fetched, 0 new
  [Hacker News] 15 fetched, 0 new
  [Polymarket] 20 fetched, 0 new
  [CoinGecko] 15 fetched, 2 new
  [Fear & Greed] 1 fetched, 0 new

Scraped 2 signals from 7 sources
Total in storage: 290
BIOS Social Scraper
========================================
  [r/wallstreetbets] 0 fetched, 0 new
  [r/cryptocurrency] 0 fetched, 0 new
  [r/economics] 0 fetched, 0 new
  [Hacker News] 15 fetched, 0 new
  [Polymarket] 20 fetched, 0 new
  [CoinGecko] 15 fetched, 1 new
  [Fear & Greed] 1 fetched, 0 new

Scraped 1 signals from 7 sources
Total in storage: 291
BIOS Social Scraper
========================================
  [r/wallstreetbets] 0 fetched, 0 new
  [r/cryptocurrency] 0 fetched, 0 new
  [r/economics] 0 fetched, 0 new
  [Hacker News] 15 fetched, 2 new
  [Polymarket] 20 fetched, 0 new
  [CoinGecko] 15 fetched, 1 new
  [Fear & Greed] 1 fetched, 0 new

Scraped 3 signals from 7 sources
Total in storage: 294
BIOS Social Scraper
========================================
  [r/wallstreetbets] 0 fetched, 0 new
  [r/cryptocurrency] 0 fetched, 0 new
  [r/economics] 0 fetched, 0 new
  [Hacker News] 15 fetched, 2 new
  [Polymarket] 20 fetched, 0 new
  [CoinGecko] 15 fetched, 1 new
  [Fear & Greed] 1 fetched, 0 new

Scraped 3 signals from 7 sources
Total in storage: 297
BIOS Social Scraper
========================================
  [r/wallstreetbets] 0 fetched, 0 new
  [r/cryptocurrency] 0 fetched, 0 new
  [r/economics] 0 fetched, 0 new
  [Hacker News] 15 fetched, 0 new
  [Polymarket] 20 fetched, 0 new
  [CoinGecko] 15 fetched, 0 new
  [Fear & Greed] 1 fetched, 0 new

Scraped 0 signals from 7 sources
Total in storage: 297
BIOS Social Scraper
========================================
  [r/wallstreetbets] 0 fetched, 0 new
  [r/cryptocurrency] 0 fetched, 0 new
  [r/economics] 0 fetched, 0 new
  [Hacker News] 15 fetched, 2 new
  [Polymarket] 20 fetched, 0 new
  [CoinGecko] 15 fetched, 1 new
  [Fear & Greed] 1 fetched, 0 new

Scraped 3 signals from 7 sources
Total in storage: 300
BIOS Social Scraper
========================================
  [r/wallstreetbets] 0 fetched, 0 new
  [r/cryptocurrency] 0 fetched, 0 new
  [r/economics] 0 fetched, 0 new
  [Hacker News] 15 fetched, 4 new
  [Polymarket] 20 fetched, 0 new
  [CoinGecko] 15 fetched, 1 new
  [Fear & Greed] 1 fetched, 0 new

Scraped 5 signals from 7 sources
Total in storage: 305
BIOS Social Scraper
========================================
  [r/wallstreetbets] 0 fetched, 0 new
  [r/cryptocurrency] 0 fetched, 0 new
  [r/economics] 0 fetched, 0 new
  [Hacker News] 14 fetched, 1 new
  [Polymarket] 20 fetched, 0 new
  [CoinGecko] 15 fetched, 0 new
  [Fear & Greed] 1 fetched, 0 new

Scraped 1 signals from 7 sources
Total in storage: 306
BIOS Social Scraper
========================================
  [r/wallstreetbets] 0 fetched, 0 new
  [r/cryptocurrency] 0 fetched, 0 new
  [r/economics] 0 fetched, 0 new
  [Hacker News] 15 fetched, 1 new
  [Polymarket] 20 fetched, 0 new
  [CoinGecko] 15 fetched, 0 new
  [Fear & Greed] 1 fetched, 0 new

Scraped 1 signals from 7 sources
Total in storage: 307
BIOS Social Scraper
========================================
  [r/wallstreetbets] 25 fetched, 24 new
  [r/cryptocurrency] 25 fetched, 23 new
  [r/economics] 25 fetched, 22 new
  [Hacker News] 15 fetched, 0 new
  [Polymarket] 20 fetched, 0 new
  [CoinGecko] 15 fetched, 2 new
  [Fear & Greed] 1 fetched, 0 new

Scraped 71 signals from 7 sources
Total in storage: 378
BIOS Social Scraper
========================================
  [r/wallstreetbets] 25 fetched, 2 new
  [r/cryptocurrency] 25 fetched, 2 new
  [r/economics] 25 fetched, 2 new
  [Hacker News] 15 fetched, 2 new
  [Polymarket] 20 fetched, 0 new
  [CoinGecko] 15 fetched, 2 new
  [Fear & Greed] 1 fetched, 0 new

Scraped 10 signals from 7 sources
Total in storage: 388
BIOS Social Scraper
========================================
  [r/wallstreetbets] 0 fetched, 0 new
  [r/cryptocurrency] 0 fetched, 0 new
  [r/economics] 0 fetched, 0 new
  [Hacker News] 15 fetched, 0 new
  [Polymarket] 20 fetched, 0 new
  [CoinGecko] 15 fetched, 1 new
  [Fear & Greed] 1 fetched, 0 new

Scraped 1 signals from 7 sources
Total in storage: 389
BIOS Social Scraper
========================================
  [r/wallstreetbets] 0 fetched, 0 new
  [r/cryptocurrency] 0 fetched, 0 new
  [r/economics] 0 fetched, 0 new
  [Hacker News] 15 fetched, 0 new
  [Polymarket] 20 fetched, 0 new
  [CoinGecko] 15 fetched, 0 new
  [Fear & Greed] 1 fetched, 0 new

Scraped 0 signals from 7 sources
Total in storage: 389
BIOS Social Scraper
========================================
  [r/wallstreetbets] 0 fetched, 0 new
  [r/cryptocurrency] 0 fetched, 0 new
  [r/economics] 0 fetched, 0 new
  [Hacker News] 15 fetched, 0 new
  [Polymarket] 20 fetched, 0 new
  [CoinGecko] 15 fetched, 0 new
  [Fear & Greed] 1 fetched, 0 new

Scraped 0 signals from 7 sources
Total in storage: 389
BIOS Social Scraper
========================================
  [r/wallstreetbets] 0 fetched, 0 new
  [r/cryptocurrency] 0 fetched, 0 new
  [r/economics] 0 fetched, 0 new
  [Hacker News] 15 fetched, 2 new
  [Polymarket] 20 fetched, 0 new
  [CoinGecko] 15 fetched, 0 new
  [Fear & Greed] 1 fetched, 0 new

Scraped 2 signals from 7 sources
Total in storage: 391
BIOS Social Scraper
========================================
  [r/wallstreetbets] 0 fetched, 0 new
  [r/cryptocurrency] 0 fetched, 0 new
  [r/economics] 0 fetched, 0 new
  [Hacker News] 15 fetched, 1 new
  [Polymarket] 20 fetched, 0 new
  [CoinGecko] 15 fetched, 0 new
  [Fear & Greed] 1 fetched, 0 new

Scraped 1 signals from 7 sources
Total in storage: 392
BIOS Social Scraper
========================================
  [r/wallstreetbets] 0 fetched, 0 new
  [r/cryptocurrency] 0 fetched, 0 new
  [r/economics] 0 fetched, 0 new
  [Hacker News] 15 fetched, 0 new
  [Polymarket] 20 fetched, 0 new
  [CoinGecko] 15 fetched, 0 new
  [Fear & Greed] 1 fetched, 0 new

Scraped 0 signals from 7 sources
Total in storage: 392
BIOS Social Scraper
========================================
  [r/wallstreetbets] 0 fetched, 0 new
  [r/cryptocurrency] 0 fetched, 0 new
  [r/economics] 0 fetched, 0 new
  [Hacker News] 15 fetched, 0 new
  [Polymarket] 20 fetched, 0 new
  [CoinGecko] 15 fetched, 0 new
  [Fear & Greed] 1 fetched, 0 new

Scraped 0 signals from 7 sources
Total in storage: 392
BIOS Social Scraper
========================================
  [r/wallstreetbets] 0 fetched, 0 new
  [r/cryptocurrency] 0 fetched, 0 new
  [r/economics] 0 fetched, 0 new
  [Hacker News] 15 fetched, 0 new
  [Polymarket] 20 fetched, 0 new
  [CoinGecko] 15 fetched, 1 new
  [Fear & Greed] 1 fetched, 0 new

Scraped 1 signals from 7 sources
Total in storage: 393
BIOS Social Scraper
========================================
  [r/wallstreetbets] 0 fetched, 0 new
  [r/cryptocurrency] 0 fetched, 0 new
  [r/economics] 0 fetched, 0 new
  [Hacker News] 15 fetched, 0 new
  [Polymarket] 20 fetched, 0 new
  [CoinGecko] 15 fetched, 0 new
  [Fear & Greed] 1 fetched, 0 new

Scraped 0 signals from 7 sources
Total in storage: 393
BIOS Social Scraper
========================================
  [r/wallstreetbets] 0 fetched, 0 new
  [r/cryptocurrency] 0 fetched, 0 new
  [r/economics] 0 fetched, 0 new
  [Hacker News] 15 fetched, 2 new
  [Polymarket] 20 fetched, 0 new
  [CoinGecko] 15 fetched, 0 new
  [Fear & Greed] 1 fetched, 0 new

Scraped 2 signals from 7 sources
Total in storage: 395
BIOS Social Scraper
========================================
  [r/wallstreetbets] 0 fetched, 0 new
  [r/cryptocurrency] 0 fetched, 0 new
  [r/economics] 0 fetched, 0 new
  [Hacker News] 15 fetched, 1 new
  [Polymarket] 20 fetched, 0 new
  [CoinGecko] 15 fetched, 0 new
  [Fear & Greed] 1 fetched, 0 new

Scraped 1 signals from 7 sources
Total in storage: 396
BIOS Social Scraper
========================================
  [r/wallstreetbets] 0 fetched, 0 new
  [r/cryptocurrency] 0 fetched, 0 new
  [r/economics] 0 fetched, 0 new
  [Hacker News] 15 fetched, 0 new
  [Polymarket] 20 fetched, 0 new
  [CoinGecko] 15 fetched, 0 new
  [Fear & Greed] 1 fetched, 0 new

Scraped 0 signals from 7 sources
Total in storage: 396
BIOS Social Scraper
========================================
  [r/wallstreetbets] 25 fetched, 6 new
  [r/cryptocurrency] 25 fetched, 11 new
  [r/economics] 23 fetched, 9 new
  [Hacker News] 15 fetched, 2 new
  [Polymarket] 20 fetched, 0 new
  [CoinGecko] 15 fetched, 0 new
  [Fear & Greed] 1 fetched, 0 new

Scraped 28 signals from 7 sources
Total in storage: 424
BIOS Social Scraper
========================================
  [r/wallstreetbets] 25 fetched, 2 new
  [r/cryptocurrency] 25 fetched, 1 new
  [r/economics] 25 fetched, 4 new
  [Hacker News] 15 fetched, 2 new
  [Polymarket] 20 fetched, 0 new
  [CoinGecko] 15 fetched, 0 new
  [Fear & Greed] 1 fetched, 0 new

Scraped 9 signals from 7 sources
Total in storage: 433
BIOS Social Scraper
========================================
  [r/wallstreetbets] 25 fetched, 1 new
  [r/cryptocurrency] 25 fetched, 1 new
  [r/economics] 25 fetched, 0 new
  [Hacker News] 15 fetched, 1 new
  [Polymarket] 20 fetched, 0 new
  [CoinGecko] 15 fetched, 0 new
  [Fear & Greed] 1 fetched, 0 new

Scraped 3 signals from 7 sources
Total in storage: 436
BIOS Social Scraper
========================================
  [r/wallstreetbets] 0 fetched, 0 new
  [r/cryptocurrency] 0 fetched, 0 new
  [r/economics] 0 fetched, 0 new
  [Hacker News] 15 fetched, 3 new
  [Polymarket] 20 fetched, 0 new
  [CoinGecko] 15 fetched, 0 new
  [Fear & Greed] 1 fetched, 0 new

Scraped 3 signals from 7 sources
Total in storage: 439
BIOS Social Scraper
========================================
  [r/wallstreetbets] 0 fetched, 0 new
  [r/cryptocurrency] 0 fetched, 0 new
  [r/economics] 0 fetched, 0 new
  [Hacker News] 15 fetched, 4 new
  [Polymarket] 20 fetched, 0 new
  [CoinGecko] 15 fetched, 0 new
  [Fear & Greed] 1 fetched, 0 new

Scraped 4 signals from 7 sources
Total in storage: 443
BIOS Social Scraper
========================================
  [r/wallstreetbets] 0 fetched, 0 new
  [r/cryptocurrency] 0 fetched, 0 new
  [r/economics] 0 fetched, 0 new
  [Hacker News] 15 fetched, 0 new
  [Polymarket] 20 fetched, 0 new
  [CoinGecko] 15 fetched, 0 new
  [Fear & Greed] 1 fetched, 0 new

Scraped 0 signals from 7 sources
Total in storage: 443
BIOS Social Scraper
========================================
  [r/wallstreetbets] 0 fetched, 0 new
  [r/cryptocurrency] 0 fetched, 0 new
  [r/economics] 0 fetched, 0 new
  [Hacker News] 15 fetched, 1 new
  [Polymarket] 20 fetched, 0 new
  [CoinGecko] 15 fetched, 0 new
  [Fear & Greed] 1 fetched, 0 new

Scraped 1 signals from 7 sources
Total in storage: 444
BIOS Social Scraper
========================================
  [r/wallstreetbets] 0 fetched, 0 new
  [r/cryptocurrency] 0 fetched, 0 new
  [r/economics] 0 fetched, 0 new
  [Hacker News] 15 fetched, 1 new
  [Polymarket] 20 fetched, 0 new
  [CoinGecko] 15 fetched, 1 new
  [Fear & Greed] 1 fetched, 0 new

Scraped 2 signals from 7 sources
Total in storage: 446
BIOS Social Scraper
========================================
  [r/wallstreetbets] 0 fetched, 0 new
  [r/cryptocurrency] 0 fetched, 0 new
  [r/economics] 0 fetched, 0 new
  [Hacker News] 15 fetched, 1 new
  [Polymarket] 20 fetched, 0 new
  [CoinGecko] 15 fetched, 0 new
  [Fear & Greed] 1 fetched, 0 new

Scraped 1 signals from 7 sources
Total in storage: 447
BIOS Social Scraper
========================================
  [r/wallstreetbets] 0 fetched, 0 new
  [r/cryptocurrency] 0 fetched, 0 new
  [r/economics] 0 fetched, 0 new
  [Hacker News] 15 fetched, 0 new
  [Polymarket] 20 fetched, 0 new
  [CoinGecko] 15 fetched, 0 new
  [Fear & Greed] 1 fetched, 0 new

Scraped 0 signals from 7 sources
Total in storage: 447
BIOS Social Scraper
========================================
  [r/wallstreetbets] 0 fetched, 0 new
  [r/cryptocurrency] 0 fetched, 0 new
  [r/economics] 0 fetched, 0 new
  [Hacker News] 15 fetched, 3 new
  [Polymarket] 20 fetched, 0 new
  [CoinGecko] 15 fetched, 0 new
  [Fear & Greed] 1 fetched, 0 new

Scraped 3 signals from 7 sources
Total in storage: 450
BIOS Social Scraper
========================================
  [r/wallstreetbets] 25 fetched, 8 new
  [r/cryptocurrency] 25 fetched, 5 new
  [r/economics] 25 fetched, 5 new
  [Hacker News] 15 fetched, 3 new
  [Polymarket] 20 fetched, 0 new
  [CoinGecko] 15 fetched, 1 new
  [Fear & Greed] 1 fetched, 0 new

Scraped 22 signals from 7 sources
Total in storage: 472
BIOS Social Scraper
========================================
  [r/wallstreetbets] 25 fetched, 0 new
  [r/cryptocurrency] 25 fetched, 1 new
  [r/economics] 25 fetched, 3 new
  [Hacker News] 15 fetched, 2 new
  [Polymarket] 20 fetched, 0 new
  [CoinGecko] 15 fetched, 0 new
  [Fear & Greed] 1 fetched, 0 new

Scraped 6 signals from 7 sources
Total in storage: 478
BIOS Social Scraper
========================================
  [r/wallstreetbets] 25 fetched, 1 new
  [r/cryptocurrency] 24 fetched, 1 new
  [r/economics] 25 fetched, 0 new
  [Hacker News] 15 fetched, 3 new
  [Polymarket] 20 fetched, 0 new
  [CoinGecko] 15 fetched, 0 new
  [Fear & Greed] 1 fetched, 0 new

Scraped 5 signals from 7 sources
Total in storage: 483
BIOS Social Scraper
========================================
  [r/wallstreetbets] 25 fetched, 1 new
  [r/cryptocurrency] 24 fetched, 0 new
  [r/economics] 25 fetched, 2 new
  [Hacker News] 15 fetched, 1 new
  [Polymarket] 20 fetched, 0 new
  [CoinGecko] 15 fetched, 1 new
  [Fear & Greed] 1 fetched, 0 new

Scraped 5 signals from 7 sources
Total in storage: 488
BIOS Social Scraper
========================================
  [r/wallstreetbets] 0 fetched, 0 new
  [r/cryptocurrency] 0 fetched, 0 new
  [r/economics] 0 fetched, 0 new
  [Hacker News] 15 fetched, 1 new
  [Polymarket] 20 fetched, 0 new
  [CoinGecko] 15 fetched, 0 new
  [Fear & Greed] 1 fetched, 0 new

Scraped 1 signals from 7 sources
Total in storage: 489
BIOS Social Scraper
========================================
  [r/wallstreetbets] 0 fetched, 0 new
  [r/cryptocurrency] 0 fetched, 0 new
  [r/economics] 0 fetched, 0 new
  [Hacker News] 15 fetched, 1 new
  [Polymarket] 20 fetched, 0 new
  [CoinGecko] 15 fetched, 0 new
  [Fear & Greed] 1 fetched, 0 new

Scraped 1 signals from 7 sources
Total in storage: 490
BIOS Social Scraper
========================================
  [r/wallstreetbets] 0 fetched, 0 new
  [r/cryptocurrency] 0 fetched, 0 new
  [r/economics] 0 fetched, 0 new
  [Hacker News] FAILED: <urlopen error [Errno 8] nodename nor servname provided, or not known>
  [Polymarket] 0 fetched, 0 new
  [CoinGecko] FAILED: <urlopen error [Errno 8] nodename nor servname provided, or not known>
  [Fear & Greed] FAILED: <urlopen error [Errno 8] nodename nor servname provided, or not known>

Scraped 0 signals from 4 sources
Total in storage: 490
BIOS Social Scraper
========================================
  [r/wallstreetbets] 0 fetched, 0 new
  [r/cryptocurrency] 0 fetched, 0 new
  [r/economics] 0 fetched, 0 new
  [Hacker News] FAILED: <urlopen error [Errno 8] nodename nor servname provided, or not known>
  [Polymarket] 0 fetched, 0 new
  [CoinGecko] FAILED: <urlopen error [Errno 8] nodename nor servname provided, or not known>
  [Fear & Greed] FAILED: <urlopen error [Errno 8] nodename nor servname provided, or not known>

Scraped 0 signals from 4 sources
Total in storage: 490
BIOS Social Scraper
========================================
  [r/wallstreetbets] 0 fetched, 0 new
  [r/cryptocurrency] 0 fetched, 0 new
  [r/economics] 0 fetched, 0 new
  [Hacker News] FAILED: <urlopen error [Errno 8] nodename nor servname provided, or not known>
  [Polymarket] 0 fetched, 0 new
  [CoinGecko] FAILED: <urlopen error [Errno 8] nodename nor servname provided, or not known>
  [Fear & Greed] FAILED: <urlopen error [Errno 8] nodename nor servname provided, or not known>

Scraped 0 signals from 4 sources
Total in storage: 490
BIOS Social Scraper
========================================
  [r/wallstreetbets] 0 fetched, 0 new
  [r/cryptocurrency] 0 fetched, 0 new
  [r/economics] 0 fetched, 0 new
  [Hacker News] 15 fetched, 3 new
  [Polymarket] 20 fetched, 0 new
  [CoinGecko] 15 fetched, 15 new
  [Fear & Greed] 1 fetched, 1 new

Scraped 19 signals from 7 sources
Total in storage: 509
BIOS Social Scraper
========================================
  [r/wallstreetbets] 0 fetched, 0 new
  [r/cryptocurrency] 0 fetched, 0 new
  [r/economics] 0 fetched, 0 new
  [Hacker News] 15 fetched, 1 new
  [Polymarket] 20 fetched, 0 new
  [CoinGecko] 15 fetched, 4 new
  [Fear & Greed] 1 fetched, 0 new

Scraped 5 signals from 7 sources
Total in storage: 514
BIOS Social Scraper
========================================
  [r/wallstreetbets] 0 fetched, 0 new
  [r/cryptocurrency] 0 fetched, 0 new
  [r/economics] 0 fetched, 0 new
  [Hacker News] 15 fetched, 1 new
  [Polymarket] 20 fetched, 0 new
  [CoinGecko] 15 fetched, 2 new
  [Fear & Greed] 1 fetched, 0 new

Scraped 3 signals from 7 sources
Total in storage: 517
BIOS Social Scraper
========================================
  [r/wallstreetbets] 0 fetched, 0 new
  [r/cryptocurrency] 0 fetched, 0 new
  [r/economics] 0 fetched, 0 new
  [Hacker News] 15 fetched, 0 new
  [Polymarket] 20 fetched, 0 new
  [CoinGecko] 15 fetched, 0 new
  [Fear & Greed] 1 fetched, 0 new

Scraped 0 signals from 7 sources
Total in storage: 517
BIOS Social Scraper
========================================
  [r/wallstreetbets] 0 fetched, 0 new
  [r/cryptocurrency] 0 fetched, 0 new
  [r/economics] 0 fetched, 0 new
  [Hacker News] 15 fetched, 0 new
  [Polymarket] 20 fetched, 0 new
  [CoinGecko] 15 fetched, 1 new
  [Fear & Greed] 1 fetched, 0 new

Scraped 1 signals from 7 sources
Total in storage: 518
BIOS Social Scraper
========================================
  [r/wallstreetbets] 0 fetched, 0 new
  [r/cryptocurrency] 0 fetched, 0 new
  [r/economics] 0 fetched, 0 new
  [Hacker News] 15 fetched, 1 new
  [Polymarket] 20 fetched, 0 new
  [CoinGecko] 15 fetched, 0 new
  [Fear & Greed] 1 fetched, 0 new

Scraped 1 signals from 7 sources
Total in storage: 519
BIOS Social Scraper
========================================
  [r/wallstreetbets] 0 fetched, 0 new
  [r/cryptocurrency] 0 fetched, 0 new
  [r/economics] 0 fetched, 0 new
  [Hacker News] 15 fetched, 1 new
  [Polymarket] 20 fetched, 0 new
  [CoinGecko] 15 fetched, 1 new
  [Fear & Greed] 1 fetched, 0 new

Scraped 2 signals from 7 sources
Total in storage: 521
BIOS Social Scraper
========================================
  [r/wallstreetbets] 0 fetched, 0 new
  [r/cryptocurrency] 0 fetched, 0 new
  [r/economics] 0 fetched, 0 new
  [Hacker News] 15 fetched, 1 new
  [Polymarket] 20 fetched, 0 new
  [CoinGecko] 15 fetched, 2 new
  [Fear & Greed] 1 fetched, 0 new

Scraped 3 signals from 7 sources
Total in storage: 524
BIOS Social Scraper
========================================
  [r/wallstreetbets] 0 fetched, 0 new
  [r/cryptocurrency] 0 fetched, 0 new
  [r/economics] 0 fetched, 0 new
  [Hacker News] 15 fetched, 1 new
  [Polymarket] 20 fetched, 0 new
  [CoinGecko] 15 fetched, 0 new
  [Fear & Greed] 1 fetched, 0 new

Scraped 1 signals from 7 sources
Total in storage: 525
BIOS Social Scraper
========================================
  [r/wallstreetbets] 0 fetched, 0 new
  [r/cryptocurrency] 0 fetched, 0 new
  [r/economics] 0 fetched, 0 new
  [Hacker News] 15 fetched, 1 new
  [Polymarket] 20 fetched, 0 new
  [CoinGecko] 15 fetched, 4 new
  [Fear & Greed] 1 fetched, 0 new

Scraped 5 signals from 7 sources
Total in storage: 530
BIOS Social Scraper
========================================
  [r/wallstreetbets] 0 fetched, 0 new
  [r/cryptocurrency] 0 fetched, 0 new
  [r/economics] 0 fetched, 0 new
  [Hacker News] 15 fetched, 0 new
  [Polymarket] 20 fetched, 0 new
  [CoinGecko] 15 fetched, 1 new
  [Fear & Greed] 1 fetched, 0 new

Scraped 1 signals from 7 sources
Total in storage: 531
BIOS Social Scraper
========================================
  [r/wallstreetbets] 0 fetched, 0 new
  [r/cryptocurrency] 0 fetched, 0 new
  [r/economics] 0 fetched, 0 new
  [Hacker News] 15 fetched, 0 new
  [Polymarket] 20 fetched, 0 new
  [CoinGecko] 15 fetched, 1 new
  [Fear & Greed] 1 fetched, 0 new

Scraped 1 signals from 7 sources
Total in storage: 532
BIOS Social Scraper
========================================
  [r/wallstreetbets] 0 fetched, 0 new
  [r/cryptocurrency] 0 fetched, 0 new
  [r/economics] 0 fetched, 0 new
  [Hacker News] 15 fetched, 1 new
  [Polymarket] 20 fetched, 0 new
  [CoinGecko] 15 fetched, 1 new
  [Fear & Greed] 1 fetched, 0 new

Scraped 2 signals from 7 sources
Total in storage: 534
BIOS Social Scraper
========================================
  [r/wallstreetbets] 0 fetched, 0 new
  [r/cryptocurrency] 0 fetched, 0 new
  [r/economics] 0 fetched, 0 new
  [Hacker News] 15 fetched, 2 new
  [Polymarket] 20 fetched, 0 new
  [CoinGecko] 15 fetched, 0 new
  [Fear & Greed] 1 fetched, 0 new

Scraped 2 signals from 7 sources
Total in storage: 536
BIOS Social Scraper
========================================
  [r/wallstreetbets] 0 fetched, 0 new
  [r/cryptocurrency] 0 fetched, 0 new
  [r/economics] 0 fetched, 0 new
  [Hacker News] 15 fetched, 1 new
  [Polymarket] 20 fetched, 0 new
  [CoinGecko] 15 fetched, 0 new
  [Fear & Greed] 1 fetched, 0 new

Scraped 1 signals from 7 sources
Total in storage: 537
BIOS Social Scraper
========================================
  [r/wallstreetbets] 0 fetched, 0 new
  [r/cryptocurrency] 0 fetched, 0 new
  [r/economics] 0 fetched, 0 new
  [Hacker News] 15 fetched, 0 new
  [Polymarket] 20 fetched, 0 new
  [CoinGecko] 15 fetched, 1 new
  [Fear & Greed] 1 fetched, 0 new

Scraped 1 signals from 7 sources
Total in storage: 538
BIOS Social Scraper
========================================
  [r/wallstreetbets] 0 fetched, 0 new
  [r/cryptocurrency] 0 fetched, 0 new
  [r/economics] 0 fetched, 0 new
  [Hacker News] 15 fetched, 1 new
  [Polymarket] 20 fetched, 0 new
  [CoinGecko] 15 fetched, 0 new
  [Fear & Greed] 1 fetched, 0 new

Scraped 1 signals from 7 sources
Total in storage: 539
BIOS Social Scraper
========================================
  [r/wallstreetbets] 0 fetched, 0 new
  [r/cryptocurrency] 0 fetched, 0 new
  [r/economics] 0 fetched, 0 new
  [Hacker News] 15 fetched, 0 new
  [Polymarket] 20 fetched, 0 new
  [CoinGecko] 15 fetched, 0 new
  [Fear & Greed] 1 fetched, 0 new

Scraped 0 signals from 7 sources
Total in storage: 539
BIOS Social Scraper
========================================
  [r/wallstreetbets] 0 fetched, 0 new
  [r/cryptocurrency] 0 fetched, 0 new
  [r/economics] 0 fetched, 0 new
  [Hacker News] 15 fetched, 6 new
  [Polymarket] 20 fetched, 0 new
  [CoinGecko] 15 fetched, 0 new
  [Fear & Greed] 1 fetched, 0 new

Scraped 6 signals from 7 sources
Total in storage: 545
BIOS Social Scraper
========================================
  [r/wallstreetbets] 0 fetched, 0 new
  [r/cryptocurrency] 0 fetched, 0 new
  [r/economics] 0 fetched, 0 new
  [Hacker News] 15 fetched, 1 new
  [Polymarket] 20 fetched, 0 new
  [CoinGecko] 15 fetched, 0 new
  [Fear & Greed] 1 fetched, 0 new

Scraped 1 signals from 7 sources
Total in storage: 546
BIOS Social Scraper
========================================
  [r/wallstreetbets] 0 fetched, 0 new
  [r/cryptocurrency] 0 fetched, 0 new
  [r/economics] 0 fetched, 0 new
  [Hacker News] 15 fetched, 1 new
  [Polymarket] 20 fetched, 0 new
  [CoinGecko] 15 fetched, 0 new
  [Fear & Greed] 1 fetched, 0 new

Scraped 1 signals from 7 sources
Total in storage: 547
BIOS Social Scraper
========================================
  [r/wallstreetbets] 0 fetched, 0 new
  [r/cryptocurrency] 0 fetched, 0 new
  [r/economics] 0 fetched, 0 new
  [Hacker News] 15 fetched, 2 new
  [Polymarket] 20 fetched, 0 new
  [CoinGecko] 15 fetched, 0 new
  [Fear & Greed] 1 fetched, 0 new

Scraped 2 signals from 7 sources
Total in storage: 549
BIOS Social Scraper
========================================
  [r/wallstreetbets] 0 fetched, 0 new
  [r/cryptocurrency] 0 fetched, 0 new
  [r/economics] 0 fetched, 0 new
  [Hacker News] 15 fetched, 0 new
  [Polymarket] 20 fetched, 0 new
  [CoinGecko] 15 fetched, 0 new
  [Fear & Greed] 1 fetched, 0 new

Scraped 0 signals from 7 sources
Total in storage: 549
BIOS Social Scraper
========================================
  [r/wallstreetbets] 0 fetched, 0 new
  [r/cryptocurrency] 0 fetched, 0 new
  [r/economics] 0 fetched, 0 new
  [Hacker News] 15 fetched, 0 new
  [Polymarket] 20 fetched, 0 new
  [CoinGecko] 15 fetched, 0 new
  [Fear & Greed] 1 fetched, 0 new

Scraped 0 signals from 7 sources
Total in storage: 549
BIOS Social Scraper
========================================
  [r/wallstreetbets] 0 fetched, 0 new
  [r/cryptocurrency] 0 fetched, 0 new
  [r/economics] 0 fetched, 0 new
  [Hacker News] 15 fetched, 3 new
  [Polymarket] 20 fetched, 0 new
  [CoinGecko] 15 fetched, 0 new
  [Fear & Greed] 1 fetched, 0 new

Scraped 3 signals from 7 sources
Total in storage: 552
BIOS Social Scraper
========================================
  [r/wallstreetbets] 0 fetched, 0 new
  [r/cryptocurrency] 0 fetched, 0 new
  [r/economics] 0 fetched, 0 new
  [Hacker News] 15 fetched, 0 new
  [Polymarket] 20 fetched, 0 new
  [CoinGecko] 15 fetched, 0 new
  [Fear & Greed] 1 fetched, 0 new

Scraped 0 signals from 7 sources
Total in storage: 552
BIOS Social Scraper
========================================
  [r/wallstreetbets] 23 fetched, 9 new
  [r/cryptocurrency] 25 fetched, 20 new
  [r/economics] 25 fetched, 13 new
  [Hacker News] 15 fetched, 2 new
  [Polymarket] 20 fetched, 0 new
  [CoinGecko] 15 fetched, 0 new
  [Fear & Greed] 1 fetched, 0 new

Scraped 44 signals from 7 sources
Total in storage: 596
BIOS Social Scraper
========================================
  [r/wallstreetbets] 21 fetched, 1 new
  [r/cryptocurrency] 25 fetched, 0 new
  [r/economics] 25 fetched, 1 new
  [Hacker News] 15 fetched, 1 new
  [Polymarket] 20 fetched, 0 new
  [CoinGecko] 15 fetched, 0 new
  [Fear & Greed] 1 fetched, 0 new

Scraped 3 signals from 7 sources
Total in storage: 599
BIOS Social Scraper
========================================
  [r/wallstreetbets] 20 fetched, 0 new
  [r/cryptocurrency] 25 fetched, 2 new
  [r/economics] 25 fetched, 1 new
  [Hacker News] 15 fetched, 3 new
  [Polymarket] 20 fetched, 0 new
  [CoinGecko] 15 fetched, 0 new
  [Fear & Greed] 1 fetched, 0 new

Scraped 6 signals from 7 sources
Total in storage: 605
BIOS Social Scraper
========================================
  [r/wallstreetbets] 0 fetched, 0 new
  [r/cryptocurrency] 0 fetched, 0 new
  [r/economics] 0 fetched, 0 new
  [Hacker News] 15 fetched, 2 new
  [Polymarket] 20 fetched, 0 new
  [CoinGecko] 15 fetched, 1 new
  [Fear & Greed] 1 fetched, 0 new

Scraped 3 signals from 7 sources
Total in storage: 608
BIOS Social Scraper
========================================
  [r/wallstreetbets] 0 fetched, 0 new
  [r/cryptocurrency] 0 fetched, 0 new
  [r/economics] 0 fetched, 0 new
  [Hacker News] 15 fetched, 1 new
  [Polymarket] 20 fetched, 0 new
  [CoinGecko] 15 fetched, 0 new
  [Fear & Greed] 1 fetched, 0 new

Scraped 1 signals from 7 sources
Total in storage: 609
BIOS Social Scraper
========================================
  [r/wallstreetbets] 0 fetched, 0 new
  [r/cryptocurrency] 0 fetched, 0 new
  [r/economics] 0 fetched, 0 new
  [Hacker News] 15 fetched, 2 new
  [Polymarket] 20 fetched, 0 new
  [CoinGecko] 15 fetched, 0 new
  [Fear & Greed] 1 fetched, 0 new

Scraped 2 signals from 7 sources
Total in storage: 611
BIOS Social Scraper
========================================
  [r/wallstreetbets] 0 fetched, 0 new
  [r/cryptocurrency] 0 fetched, 0 new
  [r/economics] 0 fetched, 0 new
  [Hacker News] 15 fetched, 2 new
  [Polymarket] 20 fetched, 0 new
  [CoinGecko] 15 fetched, 0 new
  [Fear & Greed] 1 fetched, 0 new

Scraped 2 signals from 7 sources
Total in storage: 614
