usage: trends_detector.py [-h] [--scan] [--report] [--history] [--keywords]

Google Trends Opportunity Detector

options:
  -h, --help  show this help message and exit
  --scan      Fetch + score + alert
  --report    Show latest report
  --history   List past reports
  --keywords  Show tracked keywords
usage: trends_detector.py [-h] [--scan] [--report] [--history] [--keywords]

Google Trends Opportunity Detector

options:
  -h, --help  show this help message and exit
  --scan      Fetch + score + alert
  --report    Show latest report
  --history   List past reports
  --keywords  Show tracked keywords
usage: trends_detector.py [-h] [--scan] [--report] [--history] [--keywords]

Google Trends Opportunity Detector

options:
  -h, --help  show this help message and exit
  --scan      Fetch + score + alert
  --report    Show latest report
  --history   List past reports
  --keywords  Show tracked keywords
usage: trends_detector.py [-h] [--scan] [--report] [--history] [--keywords]

Google Trends Opportunity Detector

options:
  -h, --help  show this help message and exit
  --scan      Fetch + score + alert
  --report    Show latest report
  --history   List past reports
  --keywords  Show tracked keywords
usage: trends_detector.py [-h] [--scan] [--report] [--history] [--keywords]

Google Trends Opportunity Detector

options:
  -h, --help  show this help message and exit
  --scan      Fetch + score + alert
  --report    Show latest report
  --history   List past reports
  --keywords  Show tracked keywords
usage: trends_detector.py [-h] [--scan] [--report] [--history] [--keywords]

Google Trends Opportunity Detector

options:
  -h, --help  show this help message and exit
  --scan      Fetch + score + alert
  --report    Show latest report
  --history   List past reports
  --keywords  Show tracked keywords
usage: trends_detector.py [-h] [--scan] [--report] [--history] [--keywords]

Google Trends Opportunity Detector

options:
  -h, --help  show this help message and exit
  --scan      Fetch + score + alert
  --report    Show latest report
  --history   List past reports
  --keywords  Show tracked keywords
